[2.128s] Invoking command in '/home/mbasharoush/turtlebot3_ws/build/turtlebot3_teleop': PYTHONPATH=/home/mbasharoush/turtlebot3_ws/build/turtlebot3_teleop/prefix_override:/usr/lib/python3/dist-packages/colcon_core/task/python/colcon_distutils_commands:/home/mbasharoush/turtlebot3_ws/install/turtlebot3_teleop/lib/python3.8/site-packages:${PYTHONPATH} /usr/bin/python3 -W ignore:setup.py install is deprecated -W ignore:easy_install command is deprecated setup.py develop --editable --build-directory /home/mbasharoush/turtlebot3_ws/build/turtlebot3_teleop/build --no-deps symlink_data
[3.048s] running develop
[3.526s] running egg_info
[3.527s] creating turtlebot3_teleop.egg-info
[3.570s] writing turtlebot3_teleop.egg-info/PKG-INFO
[3.571s] writing dependency_links to turtlebot3_teleop.egg-info/dependency_links.txt
[3.573s] writing entry points to turtlebot3_teleop.egg-info/entry_points.txt
[3.573s] writing requirements to turtlebot3_teleop.egg-info/requires.txt
[3.573s] writing top-level names to turtlebot3_teleop.egg-info/top_level.txt
[3.590s] writing manifest file 'turtlebot3_teleop.egg-info/SOURCES.txt'
[3.641s] reading manifest file 'turtlebot3_teleop.egg-info/SOURCES.txt'
[3.643s] writing manifest file 'turtlebot3_teleop.egg-info/SOURCES.txt'
[3.760s] running build_ext
[3.761s] Creating /home/mbasharoush/turtlebot3_ws/install/turtlebot3_teleop/lib/python3.8/site-packages/turtlebot3-teleop.egg-link (link to .)
[3.761s] Installing teleop_keyboard script to /home/mbasharoush/turtlebot3_ws/install/turtlebot3_teleop/lib/turtlebot3_teleop
[3.762s] 
[3.762s] Installed /home/mbasharoush/turtlebot3_ws/build/turtlebot3_teleop
[3.762s] running symlink_data
[3.763s] creating /home/mbasharoush/turtlebot3_ws/install/turtlebot3_teleop/share/ament_index
[3.763s] creating /home/mbasharoush/turtlebot3_ws/install/turtlebot3_teleop/share/ament_index/resource_index
[3.763s] creating /home/mbasharoush/turtlebot3_ws/install/turtlebot3_teleop/share/ament_index/resource_index/packages
[3.764s] symbolically linking /home/mbasharoush/turtlebot3_ws/build/turtlebot3_teleop/resource/turtlebot3_teleop -> /home/mbasharoush/turtlebot3_ws/install/turtlebot3_teleop/share/ament_index/resource_index/packages
[3.764s] symbolically linking /home/mbasharoush/turtlebot3_ws/build/turtlebot3_teleop/package.xml -> /home/mbasharoush/turtlebot3_ws/install/turtlebot3_teleop/share/turtlebot3_teleop
[4.176s] Invoked command in '/home/mbasharoush/turtlebot3_ws/build/turtlebot3_teleop' returned '0': PYTHONPATH=/home/mbasharoush/turtlebot3_ws/build/turtlebot3_teleop/prefix_override:/usr/lib/python3/dist-packages/colcon_core/task/python/colcon_distutils_commands:/home/mbasharoush/turtlebot3_ws/install/turtlebot3_teleop/lib/python3.8/site-packages:${PYTHONPATH} /usr/bin/python3 -W ignore:setup.py install is deprecated -W ignore:easy_install command is deprecated setup.py develop --editable --build-directory /home/mbasharoush/turtlebot3_ws/build/turtlebot3_teleop/build --no-deps symlink_data
