[0.072s] Invoking command in '/home/mbasharoush/turtlebot3_ws/build/dynamixel_sdk_custom_interfaces': CMAKE_PREFIX_PATH=${CMAKE_PREFIX_PATH}:/home/mbasharoush/bookros2_ws/install/ros2controlcli:/home/mbasharoush/bookros2_ws/install/launch_pal:/home/mbasharoush/bookros2_ws/install/br2_fsm_bumpgo_py:/home/mbasharoush/install/ros2controlcli:/home/mbasharoush/install/launch_pal:/home/mbasharoush/install/br2_fsm_bumpgo_py:/opt/ros/foxy /usr/bin/cmake /home/mbasharoush/turtlebot3_ws/src/TurtleBot3/DynamixelSDK/dynamixel_sdk_custom_interfaces -DAMENT_CMAKE_SYMLINK_INSTALL=1 -DCMAKE_INSTALL_PREFIX=/home/mbasharoush/turtlebot3_ws/install/dynamixel_sdk_custom_interfaces
[0.429s] -- The C compiler identification is GNU 9.4.0
[0.784s] -- The CXX compiler identification is GNU 9.4.0
[0.791s] -- Check for working C compiler: /usr/bin/cc
[0.920s] -- Check for working C compiler: /usr/bin/cc -- works
[0.920s] -- Detecting C compiler ABI info
[1.018s] -- Detecting C compiler ABI info - done
[1.028s] -- Detecting C compile features
[1.029s] -- Detecting C compile features - done
[1.036s] -- Check for working CXX compiler: /usr/bin/c++
[1.170s] -- Check for working CXX compiler: /usr/bin/c++ -- works
[1.170s] -- Detecting CXX compiler ABI info
[1.276s] -- Detecting CXX compiler ABI info - done
[1.284s] -- Detecting CXX compile features
[1.286s] -- Detecting CXX compile features - done
[1.332s] -- Found ament_cmake: 0.9.12 (/opt/ros/foxy/share/ament_cmake/cmake)
[1.390s] -- Found PythonInterp: /usr/bin/python3 (found suitable version "3.8.10", minimum required is "3") 
[1.390s] -- Using PYTHON_EXECUTABLE: /usr/bin/python3
[1.657s] -- Override CMake install command with custom implementation using symlinks instead of copying resources
[1.923s] -- Found builtin_interfaces: 1.0.0 (/opt/ros/foxy/share/builtin_interfaces/cmake)
[2.102s] -- Using all available rosidl_typesupport_c: rosidl_typesupport_fastrtps_c;rosidl_typesupport_introspection_c
[2.147s] -- Found rosidl_adapter: 1.3.1 (/opt/ros/foxy/share/rosidl_adapter/cmake)
[2.729s] -- Found OpenSSL: /usr/lib/x86_64-linux-gnu/libcrypto.so (found version "1.1.1f")  
[2.874s] -- Found FastRTPS: /opt/ros/foxy/include  
[3.431s] -- Using all available rosidl_typesupport_cpp: rosidl_typesupport_fastrtps_cpp;rosidl_typesupport_introspection_cpp
[3.519s] -- Found rosidl_default_generators: 1.0.1 (/opt/ros/foxy/share/rosidl_default_generators/cmake)
[3.625s] -- Found PythonInterp: /usr/bin/python3 (found version "3.8.10") 
[3.835s] -- Found ament_cmake_ros: 0.9.2 (/opt/ros/foxy/share/ament_cmake_ros/cmake)
[4.096s] -- Using all available rosidl_typesupport_c: rosidl_typesupport_fastrtps_c;rosidl_typesupport_introspection_c
[4.151s] -- Using all available rosidl_typesupport_cpp: rosidl_typesupport_fastrtps_cpp;rosidl_typesupport_introspection_cpp
[4.200s] -- Found PythonInterp: /usr/bin/python3 (found suitable version "3.8.10", minimum required is "3.5") 
[4.213s] -- Found python_cmake_module: 0.8.1 (/opt/ros/foxy/share/python_cmake_module/cmake)
[4.258s] -- Found PythonLibs: /usr/lib/x86_64-linux-gnu/libpython3.8.so (found suitable version "3.8.10", minimum required is "3.5") 
[4.259s] -- Using PYTHON_EXECUTABLE: /usr/bin/python3
[4.259s] -- Using PYTHON_INCLUDE_DIRS: /usr/include/python3.8
[4.259s] -- Using PYTHON_LIBRARIES: /usr/lib/x86_64-linux-gnu/libpython3.8.so
[4.288s] -- Found PythonExtra: .so  
[4.738s] -- Configuring done
[4.785s] -- Generating done
[4.797s] -- Build files have been written to: /home/mbasharoush/turtlebot3_ws/build/dynamixel_sdk_custom_interfaces
[4.805s] Invoked command in '/home/mbasharoush/turtlebot3_ws/build/dynamixel_sdk_custom_interfaces' returned '0': CMAKE_PREFIX_PATH=${CMAKE_PREFIX_PATH}:/home/mbasharoush/bookros2_ws/install/ros2controlcli:/home/mbasharoush/bookros2_ws/install/launch_pal:/home/mbasharoush/bookros2_ws/install/br2_fsm_bumpgo_py:/home/mbasharoush/install/ros2controlcli:/home/mbasharoush/install/launch_pal:/home/mbasharoush/install/br2_fsm_bumpgo_py:/opt/ros/foxy /usr/bin/cmake /home/mbasharoush/turtlebot3_ws/src/TurtleBot3/DynamixelSDK/dynamixel_sdk_custom_interfaces -DAMENT_CMAKE_SYMLINK_INSTALL=1 -DCMAKE_INSTALL_PREFIX=/home/mbasharoush/turtlebot3_ws/install/dynamixel_sdk_custom_interfaces
[4.809s] Invoking command in '/home/mbasharoush/turtlebot3_ws/build/dynamixel_sdk_custom_interfaces': CMAKE_PREFIX_PATH=${CMAKE_PREFIX_PATH}:/home/mbasharoush/bookros2_ws/install/ros2controlcli:/home/mbasharoush/bookros2_ws/install/launch_pal:/home/mbasharoush/bookros2_ws/install/br2_fsm_bumpgo_py:/home/mbasharoush/install/ros2controlcli:/home/mbasharoush/install/launch_pal:/home/mbasharoush/install/br2_fsm_bumpgo_py:/opt/ros/foxy /usr/bin/cmake --build /home/mbasharoush/turtlebot3_ws/build/dynamixel_sdk_custom_interfaces -- -j4 -l4
[4.878s] [  2%] [34m[1mGenerating C code for ROS interfaces[0m
[4.891s] [35m[1mScanning dependencies of target dynamixel_sdk_custom_interfaces__cpp[0m
[4.916s] [  5%] [34m[1mGenerating C++ code for ROS interfaces[0m
[5.355s] [  5%] Built target dynamixel_sdk_custom_interfaces__cpp
[5.414s] [  7%] [34m[1mGenerating C++ introspection for ROS interfaces[0m
[5.414s] [ 10%] [34m[1mGenerating C++ type support dispatch for ROS interfaces[0m
[5.428s] [35m[1mScanning dependencies of target dynamixel_sdk_custom_interfaces__rosidl_generator_c[0m
[5.441s] [ 12%] [34m[1mGenerating C++ type support for eProsima Fast-RTPS[0m
[5.579s] [ 15%] [32mBuilding C object CMakeFiles/dynamixel_sdk_custom_interfaces__rosidl_generator_c.dir/rosidl_generator_c/dynamixel_sdk_custom_interfaces/msg/detail/set_position__functions.c.o[0m
[5.759s] [35m[1mScanning dependencies of target dynamixel_sdk_custom_interfaces__rosidl_typesupport_cpp[0m
[5.797s] [ 17%] [32mBuilding C object CMakeFiles/dynamixel_sdk_custom_interfaces__rosidl_generator_c.dir/rosidl_generator_c/dynamixel_sdk_custom_interfaces/srv/detail/get_position__functions.c.o[0m
[5.862s] [ 20%] [32mBuilding CXX object CMakeFiles/dynamixel_sdk_custom_interfaces__rosidl_typesupport_cpp.dir/rosidl_typesupport_cpp/dynamixel_sdk_custom_interfaces/msg/set_position__type_support.cpp.o[0m
[6.008s] [35m[1mScanning dependencies of target dynamixel_sdk_custom_interfaces__rosidl_typesupport_introspection_cpp[0m
[6.063s] [ 23%] [32mBuilding CXX object CMakeFiles/dynamixel_sdk_custom_interfaces__rosidl_typesupport_introspection_cpp.dir/rosidl_typesupport_introspection_cpp/dynamixel_sdk_custom_interfaces/msg/detail/set_position__type_support.cpp.o[0m
[6.066s] [ 25%] [32m[1mLinking C shared library libdynamixel_sdk_custom_interfaces__rosidl_generator_c.so[0m
[6.292s] [35m[1mScanning dependencies of target dynamixel_sdk_custom_interfaces__rosidl_typesupport_fastrtps_cpp[0m
[6.338s] [ 25%] Built target dynamixel_sdk_custom_interfaces__rosidl_generator_c
[6.382s] [ 28%] [32mBuilding CXX object CMakeFiles/dynamixel_sdk_custom_interfaces__rosidl_typesupport_fastrtps_cpp.dir/rosidl_typesupport_fastrtps_cpp/dynamixel_sdk_custom_interfaces/msg/detail/dds_fastrtps/set_position__type_support.cpp.o[0m
[6.412s] [ 30%] [34m[1mGenerating C type support dispatch for ROS interfaces[0m
[6.462s] [ 33%] [32mBuilding CXX object CMakeFiles/dynamixel_sdk_custom_interfaces__rosidl_typesupport_cpp.dir/rosidl_typesupport_cpp/dynamixel_sdk_custom_interfaces/srv/get_position__type_support.cpp.o[0m
[6.640s] [ 35%] [32mBuilding CXX object CMakeFiles/dynamixel_sdk_custom_interfaces__rosidl_typesupport_introspection_cpp.dir/rosidl_typesupport_introspection_cpp/dynamixel_sdk_custom_interfaces/srv/detail/get_position__type_support.cpp.o[0m
[6.993s] [35m[1mScanning dependencies of target dynamixel_sdk_custom_interfaces__rosidl_typesupport_c[0m
[7.027s] [ 38%] [32mBuilding CXX object CMakeFiles/dynamixel_sdk_custom_interfaces__rosidl_typesupport_c.dir/rosidl_typesupport_c/dynamixel_sdk_custom_interfaces/msg/set_position__type_support.cpp.o[0m
[7.082s] [ 41%] [32m[1mLinking CXX shared library libdynamixel_sdk_custom_interfaces__rosidl_typesupport_cpp.so[0m
[7.147s] [ 43%] [32m[1mLinking CXX shared library libdynamixel_sdk_custom_interfaces__rosidl_typesupport_introspection_cpp.so[0m
[7.177s] [ 46%] [32mBuilding CXX object CMakeFiles/dynamixel_sdk_custom_interfaces__rosidl_typesupport_c.dir/rosidl_typesupport_c/dynamixel_sdk_custom_interfaces/srv/get_position__type_support.cpp.o[0m
[7.239s] [ 46%] Built target dynamixel_sdk_custom_interfaces__rosidl_typesupport_cpp
[7.267s] [ 48%] [32mBuilding CXX object CMakeFiles/dynamixel_sdk_custom_interfaces__rosidl_typesupport_fastrtps_cpp.dir/rosidl_typesupport_fastrtps_cpp/dynamixel_sdk_custom_interfaces/srv/detail/dds_fastrtps/get_position__type_support.cpp.o[0m
[7.279s] [ 51%] [34m[1mGenerating C introspection for ROS interfaces[0m
[7.317s] [ 51%] Built target dynamixel_sdk_custom_interfaces__rosidl_typesupport_introspection_cpp
[7.329s] [ 53%] [32m[1mLinking CXX shared library libdynamixel_sdk_custom_interfaces__rosidl_typesupport_c.so[0m
[7.508s] [ 53%] Built target dynamixel_sdk_custom_interfaces__rosidl_typesupport_c
[8.022s] [35m[1mScanning dependencies of target dynamixel_sdk_custom_interfaces__rosidl_typesupport_introspection_c[0m
[8.069s] [ 56%] [32m[1mLinking CXX shared library libdynamixel_sdk_custom_interfaces__rosidl_typesupport_fastrtps_cpp.so[0m
[8.088s] [ 58%] [32mBuilding C object CMakeFiles/dynamixel_sdk_custom_interfaces__rosidl_typesupport_introspection_c.dir/rosidl_typesupport_introspection_c/dynamixel_sdk_custom_interfaces/msg/detail/set_position__type_support.c.o[0m
[8.176s] [ 61%] [32mBuilding C object CMakeFiles/dynamixel_sdk_custom_interfaces__rosidl_typesupport_introspection_c.dir/rosidl_typesupport_introspection_c/dynamixel_sdk_custom_interfaces/srv/detail/get_position__type_support.c.o[0m
[8.439s] [ 61%] Built target dynamixel_sdk_custom_interfaces__rosidl_typesupport_fastrtps_cpp
[8.465s] [ 64%] [34m[1mGenerating C type support for eProsima Fast-RTPS[0m
[8.649s] [ 66%] [32m[1mLinking C shared library libdynamixel_sdk_custom_interfaces__rosidl_typesupport_introspection_c.so[0m
[8.829s] [ 66%] Built target dynamixel_sdk_custom_interfaces__rosidl_typesupport_introspection_c
[9.412s] [35m[1mScanning dependencies of target dynamixel_sdk_custom_interfaces__rosidl_typesupport_fastrtps_c[0m
[9.484s] [ 69%] [32mBuilding CXX object CMakeFiles/dynamixel_sdk_custom_interfaces__rosidl_typesupport_fastrtps_c.dir/rosidl_typesupport_fastrtps_c/dynamixel_sdk_custom_interfaces/msg/detail/set_position__type_support_c.cpp.o[0m
[9.501s] [ 71%] [32mBuilding CXX object CMakeFiles/dynamixel_sdk_custom_interfaces__rosidl_typesupport_fastrtps_c.dir/rosidl_typesupport_fastrtps_c/dynamixel_sdk_custom_interfaces/srv/detail/get_position__type_support_c.cpp.o[0m
[10.359s] [ 74%] [32m[1mLinking CXX shared library libdynamixel_sdk_custom_interfaces__rosidl_typesupport_fastrtps_c.so[0m
[10.578s] [ 74%] Built target dynamixel_sdk_custom_interfaces__rosidl_typesupport_fastrtps_c
[10.613s] [35m[1mScanning dependencies of target dynamixel_sdk_custom_interfaces[0m
[10.662s] [ 74%] Built target dynamixel_sdk_custom_interfaces
[10.712s] [35m[1mScanning dependencies of target dynamixel_sdk_custom_interfaces__py[0m
[10.731s] [ 76%] [34m[1mGenerating Python code for ROS interfaces[0m
[11.812s] [ 76%] Built target dynamixel_sdk_custom_interfaces__py
[11.829s] [35m[1mScanning dependencies of target dynamixel_sdk_custom_interfaces__python[0m
[11.929s] [ 79%] [32mBuilding C object CMakeFiles/dynamixel_sdk_custom_interfaces__python.dir/rosidl_generator_py/dynamixel_sdk_custom_interfaces/srv/_get_position_s.c.o[0m
[11.946s] [ 82%] [32mBuilding C object CMakeFiles/dynamixel_sdk_custom_interfaces__python.dir/rosidl_generator_py/dynamixel_sdk_custom_interfaces/msg/_set_position_s.c.o[0m
[12.096s] [ 84%] [32m[1mLinking C shared library rosidl_generator_py/dynamixel_sdk_custom_interfaces/libdynamixel_sdk_custom_interfaces__python.so[0m
[12.182s] [ 84%] Built target dynamixel_sdk_custom_interfaces__python
[12.206s] [35m[1mScanning dependencies of target dynamixel_sdk_custom_interfaces__rosidl_typesupport_c__pyext[0m
[12.218s] [35m[1mScanning dependencies of target dynamixel_sdk_custom_interfaces__rosidl_typesupport_introspection_c__pyext[0m
[12.226s] [35m[1mScanning dependencies of target dynamixel_sdk_custom_interfaces__rosidl_typesupport_fastrtps_c__pyext[0m
[12.247s] [ 87%] [32mBuilding C object CMakeFiles/dynamixel_sdk_custom_interfaces__rosidl_typesupport_c__pyext.dir/rosidl_generator_py/dynamixel_sdk_custom_interfaces/_dynamixel_sdk_custom_interfaces_s.ep.rosidl_typesupport_c.c.o[0m
[12.277s] [ 89%] [32mBuilding C object CMakeFiles/dynamixel_sdk_custom_interfaces__rosidl_typesupport_introspection_c__pyext.dir/rosidl_generator_py/dynamixel_sdk_custom_interfaces/_dynamixel_sdk_custom_interfaces_s.ep.rosidl_typesupport_introspection_c.c.o[0m
[12.279s] [ 92%] [32mBuilding C object CMakeFiles/dynamixel_sdk_custom_interfaces__rosidl_typesupport_fastrtps_c__pyext.dir/rosidl_generator_py/dynamixel_sdk_custom_interfaces/_dynamixel_sdk_custom_interfaces_s.ep.rosidl_typesupport_fastrtps_c.c.o[0m
[12.406s] [ 94%] [32m[1mLinking C shared library rosidl_generator_py/dynamixel_sdk_custom_interfaces/dynamixel_sdk_custom_interfaces_s__rosidl_typesupport_c.cpython-38-x86_64-linux-gnu.so[0m
[12.468s] [ 97%] [32m[1mLinking CXX shared library rosidl_generator_py/dynamixel_sdk_custom_interfaces/dynamixel_sdk_custom_interfaces_s__rosidl_typesupport_fastrtps_c.cpython-38-x86_64-linux-gnu.so[0m
[12.469s] [100%] [32m[1mLinking C shared library rosidl_generator_py/dynamixel_sdk_custom_interfaces/dynamixel_sdk_custom_interfaces_s__rosidl_typesupport_introspection_c.cpython-38-x86_64-linux-gnu.so[0m
[12.543s] [100%] Built target dynamixel_sdk_custom_interfaces__rosidl_typesupport_c__pyext
[12.547s] [100%] Built target dynamixel_sdk_custom_interfaces__rosidl_typesupport_introspection_c__pyext
[12.592s] [100%] Built target dynamixel_sdk_custom_interfaces__rosidl_typesupport_fastrtps_c__pyext
[12.620s] Invoked command in '/home/mbasharoush/turtlebot3_ws/build/dynamixel_sdk_custom_interfaces' returned '0': CMAKE_PREFIX_PATH=${CMAKE_PREFIX_PATH}:/home/mbasharoush/bookros2_ws/install/ros2controlcli:/home/mbasharoush/bookros2_ws/install/launch_pal:/home/mbasharoush/bookros2_ws/install/br2_fsm_bumpgo_py:/home/mbasharoush/install/ros2controlcli:/home/mbasharoush/install/launch_pal:/home/mbasharoush/install/br2_fsm_bumpgo_py:/opt/ros/foxy /usr/bin/cmake --build /home/mbasharoush/turtlebot3_ws/build/dynamixel_sdk_custom_interfaces -- -j4 -l4
[12.625s] Invoking command in '/home/mbasharoush/turtlebot3_ws/build/dynamixel_sdk_custom_interfaces': CMAKE_PREFIX_PATH=${CMAKE_PREFIX_PATH}:/home/mbasharoush/bookros2_ws/install/ros2controlcli:/home/mbasharoush/bookros2_ws/install/launch_pal:/home/mbasharoush/bookros2_ws/install/br2_fsm_bumpgo_py:/home/mbasharoush/install/ros2controlcli:/home/mbasharoush/install/launch_pal:/home/mbasharoush/install/br2_fsm_bumpgo_py:/opt/ros/foxy /usr/bin/cmake --install /home/mbasharoush/turtlebot3_ws/build/dynamixel_sdk_custom_interfaces
[12.641s] -- Install configuration: ""
[12.642s] -- Execute custom install script
[12.643s] -- Symlinking: /home/mbasharoush/turtlebot3_ws/install/dynamixel_sdk_custom_interfaces/share/ament_index/resource_index/rosidl_interfaces/dynamixel_sdk_custom_interfaces
[12.658s] -- Symlinking: /home/mbasharoush/turtlebot3_ws/install/dynamixel_sdk_custom_interfaces/include/dynamixel_sdk_custom_interfaces/msg/detail/set_position__functions.h
[12.673s] -- Symlinking: /home/mbasharoush/turtlebot3_ws/install/dynamixel_sdk_custom_interfaces/include/dynamixel_sdk_custom_interfaces/msg/detail/set_position__struct.h
[12.698s] -- Symlinking: /home/mbasharoush/turtlebot3_ws/install/dynamixel_sdk_custom_interfaces/include/dynamixel_sdk_custom_interfaces/msg/detail/set_position__type_support.h
[12.712s] -- Symlinking: /home/mbasharoush/turtlebot3_ws/install/dynamixel_sdk_custom_interfaces/include/dynamixel_sdk_custom_interfaces/msg/rosidl_generator_c__visibility_control.h
[12.725s] -- Symlinking: /home/mbasharoush/turtlebot3_ws/install/dynamixel_sdk_custom_interfaces/include/dynamixel_sdk_custom_interfaces/msg/set_position.h
[12.740s] -- Symlinking: /home/mbasharoush/turtlebot3_ws/install/dynamixel_sdk_custom_interfaces/include/dynamixel_sdk_custom_interfaces/srv/detail/get_position__functions.h
[12.754s] -- Symlinking: /home/mbasharoush/turtlebot3_ws/install/dynamixel_sdk_custom_interfaces/include/dynamixel_sdk_custom_interfaces/srv/detail/get_position__struct.h
[12.769s] -- Symlinking: /home/mbasharoush/turtlebot3_ws/install/dynamixel_sdk_custom_interfaces/include/dynamixel_sdk_custom_interfaces/srv/detail/get_position__type_support.h
[12.782s] -- Symlinking: /home/mbasharoush/turtlebot3_ws/install/dynamixel_sdk_custom_interfaces/include/dynamixel_sdk_custom_interfaces/srv/get_position.h
[12.804s] -- Symlinking: /home/mbasharoush/turtlebot3_ws/install/dynamixel_sdk_custom_interfaces/share/dynamixel_sdk_custom_interfaces/environment/library_path.sh
[12.819s] -- Symlinking: /home/mbasharoush/turtlebot3_ws/install/dynamixel_sdk_custom_interfaces/share/dynamixel_sdk_custom_interfaces/environment/library_path.dsv
[12.833s] -- Symlinking: /home/mbasharoush/turtlebot3_ws/install/dynamixel_sdk_custom_interfaces/include/dynamixel_sdk_custom_interfaces/msg/detail/set_position__rosidl_typesupport_fastrtps_c.h
[12.847s] -- Symlinking: /home/mbasharoush/turtlebot3_ws/install/dynamixel_sdk_custom_interfaces/include/dynamixel_sdk_custom_interfaces/msg/rosidl_typesupport_fastrtps_c__visibility_control.h
[12.861s] -- Symlinking: /home/mbasharoush/turtlebot3_ws/install/dynamixel_sdk_custom_interfaces/include/dynamixel_sdk_custom_interfaces/srv/detail/get_position__rosidl_typesupport_fastrtps_c.h
[12.874s] -- Symlinking: /home/mbasharoush/turtlebot3_ws/install/dynamixel_sdk_custom_interfaces/lib/libdynamixel_sdk_custom_interfaces__rosidl_typesupport_fastrtps_c.so
[12.887s] -- Symlinking: /home/mbasharoush/turtlebot3_ws/install/dynamixel_sdk_custom_interfaces/include/dynamixel_sdk_custom_interfaces/msg/detail/set_position__rosidl_typesupport_fastrtps_cpp.hpp
[12.912s] -- Symlinking: /home/mbasharoush/turtlebot3_ws/install/dynamixel_sdk_custom_interfaces/include/dynamixel_sdk_custom_interfaces/msg/rosidl_typesupport_fastrtps_cpp__visibility_control.h
[12.925s] -- Symlinking: /home/mbasharoush/turtlebot3_ws/install/dynamixel_sdk_custom_interfaces/include/dynamixel_sdk_custom_interfaces/srv/detail/get_position__rosidl_typesupport_fastrtps_cpp.hpp
[12.939s] -- Symlinking: /home/mbasharoush/turtlebot3_ws/install/dynamixel_sdk_custom_interfaces/lib/libdynamixel_sdk_custom_interfaces__rosidl_typesupport_fastrtps_cpp.so
[12.952s] -- Symlinking: /home/mbasharoush/turtlebot3_ws/install/dynamixel_sdk_custom_interfaces/include/dynamixel_sdk_custom_interfaces/msg/detail/set_position__rosidl_typesupport_introspection_c.h
[12.965s] -- Symlinking: /home/mbasharoush/turtlebot3_ws/install/dynamixel_sdk_custom_interfaces/include/dynamixel_sdk_custom_interfaces/msg/rosidl_typesupport_introspection_c__visibility_control.h
[12.980s] -- Symlinking: /home/mbasharoush/turtlebot3_ws/install/dynamixel_sdk_custom_interfaces/include/dynamixel_sdk_custom_interfaces/srv/detail/get_position__rosidl_typesupport_introspection_c.h
[13.004s] -- Symlinking: /home/mbasharoush/turtlebot3_ws/install/dynamixel_sdk_custom_interfaces/include/dynamixel_sdk_custom_interfaces/msg/detail/set_position__builder.hpp
[13.017s] -- Symlinking: /home/mbasharoush/turtlebot3_ws/install/dynamixel_sdk_custom_interfaces/include/dynamixel_sdk_custom_interfaces/msg/detail/set_position__struct.hpp
[13.030s] -- Symlinking: /home/mbasharoush/turtlebot3_ws/install/dynamixel_sdk_custom_interfaces/include/dynamixel_sdk_custom_interfaces/msg/detail/set_position__traits.hpp
[13.043s] -- Symlinking: /home/mbasharoush/turtlebot3_ws/install/dynamixel_sdk_custom_interfaces/include/dynamixel_sdk_custom_interfaces/msg/detail/set_position__type_support.hpp
[13.056s] -- Symlinking: /home/mbasharoush/turtlebot3_ws/install/dynamixel_sdk_custom_interfaces/include/dynamixel_sdk_custom_interfaces/msg/rosidl_generator_cpp__visibility_control.hpp
[13.069s] -- Symlinking: /home/mbasharoush/turtlebot3_ws/install/dynamixel_sdk_custom_interfaces/include/dynamixel_sdk_custom_interfaces/msg/set_position.hpp
[13.094s] -- Symlinking: /home/mbasharoush/turtlebot3_ws/install/dynamixel_sdk_custom_interfaces/include/dynamixel_sdk_custom_interfaces/srv/detail/get_position__builder.hpp
[13.107s] -- Symlinking: /home/mbasharoush/turtlebot3_ws/install/dynamixel_sdk_custom_interfaces/include/dynamixel_sdk_custom_interfaces/srv/detail/get_position__struct.hpp
[13.120s] -- Symlinking: /home/mbasharoush/turtlebot3_ws/install/dynamixel_sdk_custom_interfaces/include/dynamixel_sdk_custom_interfaces/srv/detail/get_position__traits.hpp
[13.134s] -- Symlinking: /home/mbasharoush/turtlebot3_ws/install/dynamixel_sdk_custom_interfaces/include/dynamixel_sdk_custom_interfaces/srv/detail/get_position__type_support.hpp
[13.146s] -- Symlinking: /home/mbasharoush/turtlebot3_ws/install/dynamixel_sdk_custom_interfaces/include/dynamixel_sdk_custom_interfaces/srv/get_position.hpp
[13.163s] -- Symlinking: /home/mbasharoush/turtlebot3_ws/install/dynamixel_sdk_custom_interfaces/include/dynamixel_sdk_custom_interfaces/msg/detail/set_position__rosidl_typesupport_introspection_cpp.hpp
[13.194s] -- Symlinking: /home/mbasharoush/turtlebot3_ws/install/dynamixel_sdk_custom_interfaces/include/dynamixel_sdk_custom_interfaces/srv/detail/get_position__rosidl_typesupport_introspection_cpp.hpp
[13.210s] -- Symlinking: /home/mbasharoush/turtlebot3_ws/install/dynamixel_sdk_custom_interfaces/share/dynamixel_sdk_custom_interfaces/environment/pythonpath.sh
[13.230s] -- Symlinking: /home/mbasharoush/turtlebot3_ws/install/dynamixel_sdk_custom_interfaces/share/dynamixel_sdk_custom_interfaces/environment/pythonpath.dsv
[13.246s] -- Symlinking: /home/mbasharoush/turtlebot3_ws/install/dynamixel_sdk_custom_interfaces/lib/python3.8/site-packages/dynamixel_sdk_custom_interfaces/__init__.py
[13.259s] -- Symlinking: /home/mbasharoush/turtlebot3_ws/install/dynamixel_sdk_custom_interfaces/lib/python3.8/site-packages/dynamixel_sdk_custom_interfaces/msg/__init__.py
[13.276s] -- Symlinking: /home/mbasharoush/turtlebot3_ws/install/dynamixel_sdk_custom_interfaces/lib/python3.8/site-packages/dynamixel_sdk_custom_interfaces/msg/_set_position.py
[13.292s] -- Symlinking: /home/mbasharoush/turtlebot3_ws/install/dynamixel_sdk_custom_interfaces/lib/python3.8/site-packages/dynamixel_sdk_custom_interfaces/srv/__init__.py
[13.306s] -- Symlinking: /home/mbasharoush/turtlebot3_ws/install/dynamixel_sdk_custom_interfaces/lib/python3.8/site-packages/dynamixel_sdk_custom_interfaces/srv/_get_position.py
[13.325s] -- Symlinking: /home/mbasharoush/turtlebot3_ws/install/dynamixel_sdk_custom_interfaces/lib/python3.8/site-packages/dynamixel_sdk_custom_interfaces/dynamixel_sdk_custom_interfaces_s__rosidl_typesupport_fastrtps_c.cpython-38-x86_64-linux-gnu.so
[13.349s] -- Symlinking: /home/mbasharoush/turtlebot3_ws/install/dynamixel_sdk_custom_interfaces/lib/python3.8/site-packages/dynamixel_sdk_custom_interfaces/dynamixel_sdk_custom_interfaces_s__rosidl_typesupport_introspection_c.cpython-38-x86_64-linux-gnu.so
[13.366s] -- Symlinking: /home/mbasharoush/turtlebot3_ws/install/dynamixel_sdk_custom_interfaces/lib/python3.8/site-packages/dynamixel_sdk_custom_interfaces/dynamixel_sdk_custom_interfaces_s__rosidl_typesupport_c.cpython-38-x86_64-linux-gnu.so
[13.612s] -- Symlinking: /home/mbasharoush/turtlebot3_ws/install/dynamixel_sdk_custom_interfaces/lib/libdynamixel_sdk_custom_interfaces__python.so
[13.668s] -- Symlinking: /home/mbasharoush/turtlebot3_ws/install/dynamixel_sdk_custom_interfaces/share/dynamixel_sdk_custom_interfaces/msg/SetPosition.idl
[13.699s] -- Symlinking: /home/mbasharoush/turtlebot3_ws/install/dynamixel_sdk_custom_interfaces/share/dynamixel_sdk_custom_interfaces/srv/GetPosition.idl
[13.727s] -- Symlinking: /home/mbasharoush/turtlebot3_ws/install/dynamixel_sdk_custom_interfaces/share/dynamixel_sdk_custom_interfaces/msg/SetPosition.msg
[13.761s] -- Symlinking: /home/mbasharoush/turtlebot3_ws/install/dynamixel_sdk_custom_interfaces/share/dynamixel_sdk_custom_interfaces/srv/GetPosition.srv
[13.785s] -- Symlinking: /home/mbasharoush/turtlebot3_ws/install/dynamixel_sdk_custom_interfaces/share/dynamixel_sdk_custom_interfaces/srv/GetPosition_Request.msg
[13.800s] -- Symlinking: /home/mbasharoush/turtlebot3_ws/install/dynamixel_sdk_custom_interfaces/share/dynamixel_sdk_custom_interfaces/srv/GetPosition_Response.msg
[13.813s] -- Symlinking: /home/mbasharoush/turtlebot3_ws/install/dynamixel_sdk_custom_interfaces/share/ament_index/resource_index/package_run_dependencies/dynamixel_sdk_custom_interfaces
[13.826s] -- Symlinking: /home/mbasharoush/turtlebot3_ws/install/dynamixel_sdk_custom_interfaces/share/ament_index/resource_index/parent_prefix_path/dynamixel_sdk_custom_interfaces
[13.841s] -- Symlinking: /home/mbasharoush/turtlebot3_ws/install/dynamixel_sdk_custom_interfaces/share/dynamixel_sdk_custom_interfaces/environment/ament_prefix_path.sh
[13.854s] -- Symlinking: /home/mbasharoush/turtlebot3_ws/install/dynamixel_sdk_custom_interfaces/share/dynamixel_sdk_custom_interfaces/environment/ament_prefix_path.dsv
[13.868s] -- Symlinking: /home/mbasharoush/turtlebot3_ws/install/dynamixel_sdk_custom_interfaces/share/dynamixel_sdk_custom_interfaces/environment/path.sh
[13.880s] -- Symlinking: /home/mbasharoush/turtlebot3_ws/install/dynamixel_sdk_custom_interfaces/share/dynamixel_sdk_custom_interfaces/environment/path.dsv
[13.894s] -- Symlinking: /home/mbasharoush/turtlebot3_ws/install/dynamixel_sdk_custom_interfaces/share/dynamixel_sdk_custom_interfaces/local_setup.bash
[13.908s] -- Symlinking: /home/mbasharoush/turtlebot3_ws/install/dynamixel_sdk_custom_interfaces/share/dynamixel_sdk_custom_interfaces/local_setup.sh
[13.921s] -- Symlinking: /home/mbasharoush/turtlebot3_ws/install/dynamixel_sdk_custom_interfaces/share/dynamixel_sdk_custom_interfaces/local_setup.zsh
[14.061s] -- Symlinking: /home/mbasharoush/turtlebot3_ws/install/dynamixel_sdk_custom_interfaces/share/dynamixel_sdk_custom_interfaces/local_setup.dsv
[14.073s] -- Symlinking: /home/mbasharoush/turtlebot3_ws/install/dynamixel_sdk_custom_interfaces/share/dynamixel_sdk_custom_interfaces/package.dsv
[14.086s] -- Symlinking: /home/mbasharoush/turtlebot3_ws/install/dynamixel_sdk_custom_interfaces/share/ament_index/resource_index/packages/dynamixel_sdk_custom_interfaces
[14.100s] -- Symlinking: /home/mbasharoush/turtlebot3_ws/install/dynamixel_sdk_custom_interfaces/share/dynamixel_sdk_custom_interfaces/cmake/rosidl_cmake-extras.cmake
[14.115s] -- Symlinking: /home/mbasharoush/turtlebot3_ws/install/dynamixel_sdk_custom_interfaces/share/dynamixel_sdk_custom_interfaces/cmake/ament_cmake_export_dependencies-extras.cmake
[14.129s] -- Symlinking: /home/mbasharoush/turtlebot3_ws/install/dynamixel_sdk_custom_interfaces/share/dynamixel_sdk_custom_interfaces/cmake/ament_cmake_export_libraries-extras.cmake
[14.145s] -- Symlinking: /home/mbasharoush/turtlebot3_ws/install/dynamixel_sdk_custom_interfaces/share/dynamixel_sdk_custom_interfaces/cmake/ament_cmake_export_targets-extras.cmake
[14.157s] -- Symlinking: /home/mbasharoush/turtlebot3_ws/install/dynamixel_sdk_custom_interfaces/share/dynamixel_sdk_custom_interfaces/cmake/ament_cmake_export_include_directories-extras.cmake
[14.172s] -- Symlinking: /home/mbasharoush/turtlebot3_ws/install/dynamixel_sdk_custom_interfaces/share/dynamixel_sdk_custom_interfaces/cmake/rosidl_cmake_export_typesupport_libraries-extras.cmake
[14.189s] -- Symlinking: /home/mbasharoush/turtlebot3_ws/install/dynamixel_sdk_custom_interfaces/share/dynamixel_sdk_custom_interfaces/cmake/rosidl_cmake_export_typesupport_targets-extras.cmake
[14.201s] -- Symlinking: /home/mbasharoush/turtlebot3_ws/install/dynamixel_sdk_custom_interfaces/share/dynamixel_sdk_custom_interfaces/cmake/dynamixel_sdk_custom_interfacesConfig.cmake
[14.219s] -- Symlinking: /home/mbasharoush/turtlebot3_ws/install/dynamixel_sdk_custom_interfaces/share/dynamixel_sdk_custom_interfaces/cmake/dynamixel_sdk_custom_interfacesConfig-version.cmake
[14.234s] -- Symlinking: /home/mbasharoush/turtlebot3_ws/install/dynamixel_sdk_custom_interfaces/share/dynamixel_sdk_custom_interfaces/package.xml
[14.248s] -- Installing: /home/mbasharoush/turtlebot3_ws/install/dynamixel_sdk_custom_interfaces/lib/libdynamixel_sdk_custom_interfaces__rosidl_generator_c.so
[14.248s] -- Set runtime path of "/home/mbasharoush/turtlebot3_ws/install/dynamixel_sdk_custom_interfaces/lib/libdynamixel_sdk_custom_interfaces__rosidl_generator_c.so" to ""
[14.248s] -- Installing: /home/mbasharoush/turtlebot3_ws/install/dynamixel_sdk_custom_interfaces/lib/libdynamixel_sdk_custom_interfaces__rosidl_typesupport_introspection_c.so
[14.250s] -- Set runtime path of "/home/mbasharoush/turtlebot3_ws/install/dynamixel_sdk_custom_interfaces/lib/libdynamixel_sdk_custom_interfaces__rosidl_typesupport_introspection_c.so" to ""
[14.250s] -- Installing: /home/mbasharoush/turtlebot3_ws/install/dynamixel_sdk_custom_interfaces/lib/libdynamixel_sdk_custom_interfaces__rosidl_typesupport_c.so
[14.250s] -- Set runtime path of "/home/mbasharoush/turtlebot3_ws/install/dynamixel_sdk_custom_interfaces/lib/libdynamixel_sdk_custom_interfaces__rosidl_typesupport_c.so" to ""
[14.251s] -- Installing: /home/mbasharoush/turtlebot3_ws/install/dynamixel_sdk_custom_interfaces/lib/libdynamixel_sdk_custom_interfaces__rosidl_typesupport_introspection_cpp.so
[14.251s] -- Set runtime path of "/home/mbasharoush/turtlebot3_ws/install/dynamixel_sdk_custom_interfaces/lib/libdynamixel_sdk_custom_interfaces__rosidl_typesupport_introspection_cpp.so" to ""
[14.251s] -- Installing: /home/mbasharoush/turtlebot3_ws/install/dynamixel_sdk_custom_interfaces/lib/libdynamixel_sdk_custom_interfaces__rosidl_typesupport_cpp.so
[14.251s] -- Set runtime path of "/home/mbasharoush/turtlebot3_ws/install/dynamixel_sdk_custom_interfaces/lib/libdynamixel_sdk_custom_interfaces__rosidl_typesupport_cpp.so" to ""
[14.293s] Compiling '/home/mbasharoush/turtlebot3_ws/install/dynamixel_sdk_custom_interfaces/lib/python3.8/site-packages/dynamixel_sdk_custom_interfaces/__init__.py'...
[14.297s] -- Installing: /home/mbasharoush/turtlebot3_ws/install/dynamixel_sdk_custom_interfaces/share/dynamixel_sdk_custom_interfaces/cmake/dynamixel_sdk_custom_interfaces__rosidl_generator_cExport.cmake
[14.297s] -- Installing: /home/mbasharoush/turtlebot3_ws/install/dynamixel_sdk_custom_interfaces/share/dynamixel_sdk_custom_interfaces/cmake/dynamixel_sdk_custom_interfaces__rosidl_generator_cExport-noconfig.cmake
[14.297s] -- Installing: /home/mbasharoush/turtlebot3_ws/install/dynamixel_sdk_custom_interfaces/share/dynamixel_sdk_custom_interfaces/cmake/dynamixel_sdk_custom_interfaces__rosidl_typesupport_introspection_cExport.cmake
[14.298s] -- Installing: /home/mbasharoush/turtlebot3_ws/install/dynamixel_sdk_custom_interfaces/share/dynamixel_sdk_custom_interfaces/cmake/dynamixel_sdk_custom_interfaces__rosidl_typesupport_introspection_cExport-noconfig.cmake
[14.298s] -- Installing: /home/mbasharoush/turtlebot3_ws/install/dynamixel_sdk_custom_interfaces/share/dynamixel_sdk_custom_interfaces/cmake/dynamixel_sdk_custom_interfaces__rosidl_typesupport_cExport.cmake
[14.299s] -- Installing: /home/mbasharoush/turtlebot3_ws/install/dynamixel_sdk_custom_interfaces/share/dynamixel_sdk_custom_interfaces/cmake/dynamixel_sdk_custom_interfaces__rosidl_typesupport_cExport-noconfig.cmake
[14.300s] -- Installing: /home/mbasharoush/turtlebot3_ws/install/dynamixel_sdk_custom_interfaces/share/dynamixel_sdk_custom_interfaces/cmake/dynamixel_sdk_custom_interfaces__rosidl_generator_cppExport.cmake
[14.300s] -- Installing: /home/mbasharoush/turtlebot3_ws/install/dynamixel_sdk_custom_interfaces/share/dynamixel_sdk_custom_interfaces/cmake/dynamixel_sdk_custom_interfaces__rosidl_typesupport_introspection_cppExport.cmake
[14.300s] -- Installing: /home/mbasharoush/turtlebot3_ws/install/dynamixel_sdk_custom_interfaces/share/dynamixel_sdk_custom_interfaces/cmake/dynamixel_sdk_custom_interfaces__rosidl_typesupport_introspection_cppExport-noconfig.cmake
[14.301s] -- Installing: /home/mbasharoush/turtlebot3_ws/install/dynamixel_sdk_custom_interfaces/share/dynamixel_sdk_custom_interfaces/cmake/dynamixel_sdk_custom_interfaces__rosidl_typesupport_cppExport.cmake
[14.301s] -- Installing: /home/mbasharoush/turtlebot3_ws/install/dynamixel_sdk_custom_interfaces/share/dynamixel_sdk_custom_interfaces/cmake/dynamixel_sdk_custom_interfaces__rosidl_typesupport_cppExport-noconfig.cmake
[14.304s] Invoked command in '/home/mbasharoush/turtlebot3_ws/build/dynamixel_sdk_custom_interfaces' returned '0': CMAKE_PREFIX_PATH=${CMAKE_PREFIX_PATH}:/home/mbasharoush/bookros2_ws/install/ros2controlcli:/home/mbasharoush/bookros2_ws/install/launch_pal:/home/mbasharoush/bookros2_ws/install/br2_fsm_bumpgo_py:/home/mbasharoush/install/ros2controlcli:/home/mbasharoush/install/launch_pal:/home/mbasharoush/install/br2_fsm_bumpgo_py:/opt/ros/foxy /usr/bin/cmake --install /home/mbasharoush/turtlebot3_ws/build/dynamixel_sdk_custom_interfaces
