[0.170s] Invoking command in '/home/mbasharoush/turtlebot3_ws/build/robotics_slam': CMAKE_PREFIX_PATH=${CMAKE_PREFIX_PATH}:/home/mbasharoush/turtlebot3_ws/install/turtlebot3_teleop:/home/mbasharoush/turtlebot3_ws/install/turtlebot3_example:/home/mbasharoush/bookros2_ws/install/ros2controlcli:/home/mbasharoush/bookros2_ws/install/launch_pal:/home/mbasharoush/bookros2_ws/install/br2_fsm_bumpgo_py:/home/mbasharoush/install/ros2controlcli:/home/mbasharoush/install/launch_pal:/home/mbasharoush/install/br2_fsm_bumpgo_py:/opt/ros/foxy /usr/bin/cmake --build /home/mbasharoush/turtlebot3_ws/build/robotics_slam -- -j4 -l4
[0.740s] Invoked command in '/home/mbasharoush/turtlebot3_ws/build/robotics_slam' returned '0': CMAKE_PREFIX_PATH=${CMAKE_PREFIX_PATH}:/home/mbasharoush/turtlebot3_ws/install/turtlebot3_teleop:/home/mbasharoush/turtlebot3_ws/install/turtlebot3_example:/home/mbasharoush/bookros2_ws/install/ros2controlcli:/home/mbasharoush/bookros2_ws/install/launch_pal:/home/mbasharoush/bookros2_ws/install/br2_fsm_bumpgo_py:/home/mbasharoush/install/ros2controlcli:/home/mbasharoush/install/launch_pal:/home/mbasharoush/install/br2_fsm_bumpgo_py:/opt/ros/foxy /usr/bin/cmake --build /home/mbasharoush/turtlebot3_ws/build/robotics_slam -- -j4 -l4
[0.795s] Invoking command in '/home/mbasharoush/turtlebot3_ws/build/robotics_slam': CMAKE_PREFIX_PATH=${CMAKE_PREFIX_PATH}:/home/mbasharoush/turtlebot3_ws/install/turtlebot3_teleop:/home/mbasharoush/turtlebot3_ws/install/turtlebot3_example:/home/mbasharoush/bookros2_ws/install/ros2controlcli:/home/mbasharoush/bookros2_ws/install/launch_pal:/home/mbasharoush/bookros2_ws/install/br2_fsm_bumpgo_py:/home/mbasharoush/install/ros2controlcli:/home/mbasharoush/install/launch_pal:/home/mbasharoush/install/br2_fsm_bumpgo_py:/opt/ros/foxy /usr/bin/cmake --install /home/mbasharoush/turtlebot3_ws/build/robotics_slam
[0.981s] -- Install configuration: ""
[0.981s] -- Execute custom install script
[0.982s] -- Up-to-date symlink: /home/mbasharoush/turtlebot3_ws/install/robotics_slam/share/robotics_slam/launch/async_slam.launch.py
[0.982s] -- Up-to-date symlink: /home/mbasharoush/turtlebot3_ws/install/robotics_slam/share/robotics_slam/config/mapper_params_online_async.yaml
[0.985s] -- Up-to-date symlink: /home/mbasharoush/turtlebot3_ws/install/robotics_slam/share/robotics_slam/rviz/async_slam_config.rviz
[0.986s] -- Up-to-date symlink: /home/mbasharoush/turtlebot3_ws/install/robotics_slam/share/ament_index/resource_index/package_run_dependencies/robotics_slam
[0.987s] -- Up-to-date symlink: /home/mbasharoush/turtlebot3_ws/install/robotics_slam/share/ament_index/resource_index/parent_prefix_path/robotics_slam
[0.987s] -- Up-to-date symlink: /home/mbasharoush/turtlebot3_ws/install/robotics_slam/share/robotics_slam/environment/ament_prefix_path.sh
[0.987s] -- Up-to-date symlink: /home/mbasharoush/turtlebot3_ws/install/robotics_slam/share/robotics_slam/environment/ament_prefix_path.dsv
[0.988s] -- Up-to-date symlink: /home/mbasharoush/turtlebot3_ws/install/robotics_slam/share/robotics_slam/environment/path.sh
[0.988s] -- Up-to-date symlink: /home/mbasharoush/turtlebot3_ws/install/robotics_slam/share/robotics_slam/environment/path.dsv
[0.988s] -- Up-to-date symlink: /home/mbasharoush/turtlebot3_ws/install/robotics_slam/share/robotics_slam/local_setup.bash
[0.988s] -- Up-to-date symlink: /home/mbasharoush/turtlebot3_ws/install/robotics_slam/share/robotics_slam/local_setup.sh
[0.991s] -- Up-to-date symlink: /home/mbasharoush/turtlebot3_ws/install/robotics_slam/share/robotics_slam/local_setup.zsh
[0.991s] -- Up-to-date symlink: /home/mbasharoush/turtlebot3_ws/install/robotics_slam/share/robotics_slam/local_setup.dsv
[0.991s] -- Symlinking: /home/mbasharoush/turtlebot3_ws/install/robotics_slam/share/robotics_slam/package.dsv
[1.092s] -- Up-to-date symlink: /home/mbasharoush/turtlebot3_ws/install/robotics_slam/share/ament_index/resource_index/packages/robotics_slam
[1.092s] -- Up-to-date symlink: /home/mbasharoush/turtlebot3_ws/install/robotics_slam/share/robotics_slam/cmake/robotics_slamConfig.cmake
[1.092s] -- Up-to-date symlink: /home/mbasharoush/turtlebot3_ws/install/robotics_slam/share/robotics_slam/cmake/robotics_slamConfig-version.cmake
[1.092s] -- Up-to-date symlink: /home/mbasharoush/turtlebot3_ws/install/robotics_slam/share/robotics_slam/package.xml
[1.509s] Invoked command in '/home/mbasharoush/turtlebot3_ws/build/robotics_slam' returned '0': CMAKE_PREFIX_PATH=${CMAKE_PREFIX_PATH}:/home/mbasharoush/turtlebot3_ws/install/turtlebot3_teleop:/home/mbasharoush/turtlebot3_ws/install/turtlebot3_example:/home/mbasharoush/bookros2_ws/install/ros2controlcli:/home/mbasharoush/bookros2_ws/install/launch_pal:/home/mbasharoush/bookros2_ws/install/br2_fsm_bumpgo_py:/home/mbasharoush/install/ros2controlcli:/home/mbasharoush/install/launch_pal:/home/mbasharoush/install/br2_fsm_bumpgo_py:/opt/ros/foxy /usr/bin/cmake --install /home/mbasharoush/turtlebot3_ws/build/robotics_slam
