[0.072s] Invoking command in '/home/mbasharoush/turtlebot3_ws/build/robotics_slam': /usr/bin/cmake /home/mbasharoush/turtlebot3_ws/src/robotics_slam -DCMAKE_INSTALL_PREFIX=/home/mbasharoush/turtlebot3_ws/install/robotics_slam
[0.302s] -- The C compiler identification is GNU 9.4.0
[0.413s] -- The CXX compiler identification is GNU 9.4.0
[0.421s] -- Check for working C compiler: /usr/bin/cc
[0.553s] -- Check for working C compiler: /usr/bin/cc -- works
[0.553s] -- Detecting C compiler ABI info
[0.667s] -- Detecting C compiler ABI info - done
[0.678s] -- Detecting C compile features
[0.678s] -- Detecting C compile features - done
[0.681s] -- Check for working CXX compiler: /usr/bin/c++
[0.882s] -- Check for working CXX compiler: /usr/bin/c++ -- works
[0.883s] -- Detecting CXX compiler ABI info
[1.051s] -- Detecting CXX compiler ABI info - done
[1.061s] -- Detecting CXX compile features
[1.062s] -- Detecting CXX compile features - done
[1.112s] -- Found ament_cmake: 0.9.12 (/opt/ros/foxy/share/ament_cmake/cmake)
[1.171s] -- Found PythonInterp: /usr/bin/python3 (found suitable version "3.8.10", minimum required is "3") 
[1.171s] -- Using PYTHON_EXECUTABLE: /usr/bin/python3
[1.583s] -- Found slam_toolbox: 2.4.1 (/opt/ros/foxy/share/slam_toolbox/cmake)
[1.704s] -- Using all available rosidl_typesupport_c: rosidl_typesupport_fastrtps_c;rosidl_typesupport_introspection_c
[1.752s] -- Found rosidl_adapter: 1.3.1 (/opt/ros/foxy/share/rosidl_adapter/cmake)
[1.995s] -- Found OpenSSL: /usr/lib/x86_64-linux-gnu/libcrypto.so (found version "1.1.1f")  
[2.074s] -- Found FastRTPS: /opt/ros/foxy/include  
[2.245s] -- Using all available rosidl_typesupport_cpp: rosidl_typesupport_fastrtps_cpp;rosidl_typesupport_introspection_cpp
[2.832s] -- Found rmw_implementation_cmake: 1.0.4 (/opt/ros/foxy/share/rmw_implementation_cmake/cmake)
[2.843s] -- Using RMW implementation 'rmw_fastrtps_cpp' as default
[2.844s] -- Looking for pthread.h
[2.954s] -- Looking for pthread.h - found
[2.954s] -- Performing Test CMAKE_HAVE_LIBC_PTHREAD
[3.062s] -- Performing Test CMAKE_HAVE_LIBC_PTHREAD - Failed
[3.062s] -- Looking for pthread_create in pthreads
[3.153s] -- Looking for pthread_create in pthreads - not found
[3.153s] -- Looking for pthread_create in pthread
[3.249s] -- Looking for pthread_create in pthread - found
[3.250s] -- Found Threads: TRUE  
[4.106s] -- Found eigen3_cmake_module: 0.1.1 (/opt/ros/foxy/share/eigen3_cmake_module/cmake)
[4.120s] -- Found Eigen3: TRUE (found version "3.3.7") 
[4.328s] -- Setting OGRE_DIR to: '/opt/ros/foxy/share/rviz_ogre_vendor/cmake/../../../opt/rviz_ogre_vendor/lib/OGRE/cmake'
[4.334s] -- Found OGRE
[4.334s] --   static     : OFF
[4.334s] --   components : HLMS;MeshLodGenerator;Overlay;Paging;Property;RTShaderSystem;Terrain;Volume
[4.334s] --   plugins    : Plugin_BSPSceneManager;Plugin_OctreeSceneManager;Plugin_PCZSceneManager;Plugin_ParticleFX;RenderSystem_GL;RenderSystem_GL3Plus;Codec_STBI
[4.334s] --   media      : /opt/ros/foxy/opt/rviz_ogre_vendor/share/OGRE/Media
[4.335s] -- OGRE_LIBRARIES: OgreHLMS;OgreMeshLodGenerator;OgreOverlay;OgrePaging;OgreProperty;OgreRTShaderSystem;OgreTerrain;OgreVolume;OgreMain
[4.335s] -- OGRE_LIBRARY_DIRS: /opt/ros/foxy/opt/rviz_ogre_vendor/lib
[4.335s] -- OGRE_PLUGINS: Plugin_BSPSceneManager;Plugin_OctreeSceneManager;Plugin_PCZSceneManager;Plugin_ParticleFX;RenderSystem_GL;RenderSystem_GL3Plus;Codec_STBI
[4.335s] -- OGRE_PLUGIN_DIR: /opt/ros/foxy/opt/rviz_ogre_vendor/lib/OGRE
[4.335s] -- rviz_ogre_vendor::OgreOverlay for IMPORTED_LOCATION_RELEASE: /opt/ros/foxy/opt/rviz_ogre_vendor/lib/libOgreOverlay.so
[4.336s] -- rviz_ogre_vendor::OgreOverlay for IMPORTED_LOCATION_DEBUG: /opt/ros/foxy/opt/rviz_ogre_vendor/lib/libOgreOverlay.so
[4.337s] -- rviz_ogre_vendor::OgreMain for IMPORTED_LOCATION_RELEASE: /opt/ros/foxy/opt/rviz_ogre_vendor/lib/libOgreMain.so
[4.337s] -- rviz_ogre_vendor::OgreMain for IMPORTED_LOCATION_DEBUG: /opt/ros/foxy/opt/rviz_ogre_vendor/lib/libOgreMain.so
[4.385s] -- Found ZLIB: /usr/lib/x86_64-linux-gnu/libz.so (found version "1.2.11") 
[4.405s] -- Found OpenGL: /usr/lib/x86_64-linux-gnu/libOpenGL.so   
[4.606s] -- Found X11: /usr/include   
[4.607s] -- Looking for XOpenDisplay in /usr/lib/x86_64-linux-gnu/libX11.so;/usr/lib/x86_64-linux-gnu/libXext.so
[4.719s] -- Looking for XOpenDisplay in /usr/lib/x86_64-linux-gnu/libX11.so;/usr/lib/x86_64-linux-gnu/libXext.so - found
[4.719s] -- Looking for gethostbyname
[4.819s] -- Looking for gethostbyname - found
[4.819s] -- Looking for connect
[4.917s] -- Looking for connect - found
[4.919s] -- Looking for remove
[5.020s] -- Looking for remove - found
[5.020s] -- Looking for shmat
[5.123s] -- Looking for shmat - found
[5.123s] -- Looking for IceConnectionNumber in ICE
[5.229s] -- Looking for IceConnectionNumber in ICE - found
[5.234s] -- rviz_ogre_vendor::RenderSystem_GL for IMPORTED_LOCATION_RELEASE: _render_system_gl_static_library_abs-NOTFOUND
[5.234s] -- rviz_ogre_vendor::RenderSystem_GL for IMPORTED_LOCATION_DEBUG: _render_system_gl_static_library_abs-NOTFOUND
[5.263s] -- library: libassimp.so.5
[5.423s] -- library: /usr/lib/x86_64-linux-gnu/libcurl.so
[5.566s] -- Setting yaml-cpp_DIR to: '/opt/ros/foxy/share/yaml_cpp_vendor/cmake/../../../opt/yaml_cpp_vendor/lib/cmake/yaml-cpp'
[5.992s] -- Found nav2_lifecycle_manager: 0.4.7 (/opt/ros/foxy/share/nav2_lifecycle_manager/cmake)
[6.653s] -- Found ament_lint_auto: 0.9.8 (/opt/ros/foxy/share/ament_lint_auto/cmake)
[6.725s] Error parsing '/home/mbasharoush/turtlebot3_ws/src/robotics_slam/package.xml':
[6.842s] Traceback (most recent call last):
[6.843s]   File "/opt/ros/foxy/share/ament_cmake_core/cmake/core/package_xml_2_cmake.py", line 143, in <module>
[6.843s]     main()
[6.843s]   File "/opt/ros/foxy/share/ament_cmake_core/cmake/core/package_xml_2_cmake.py", line 52, in main
[6.843s]     raise e
[6.843s]   File "/opt/ros/foxy/share/ament_cmake_core/cmake/core/package_xml_2_cmake.py", line 48, in main
[6.843s]     package = parse_package_string(
[6.843s]   File "/usr/local/lib/python3.8/dist-packages/catkin_pkg/package.py", line 786, in parse_package_string
[6.843s]     raise InvalidPackage('Error(s):%s' % (''.join(['\n- %s' % e for e in errors])), filename)
[6.843s] catkin_pkg.package.InvalidPackage: Error(s) in package '/home/mbasharoush/turtlebot3_ws/src/robotics_slam/package.xml':
[6.843s] Error(s):
[6.843s] - The generic dependency on 'slam_toolbox' is redundant with: exec_depend
[6.843s] - The generic dependency on 'nav2_map_server' is redundant with: exec_depend
[6.843s] - The generic dependency on 'nav2_lifecycle_manager' is redundant with: exec_depend
[6.866s] CMake Error at /opt/ros/foxy/share/ament_cmake_core/cmake/core/ament_package_xml.cmake:94 (message):
[6.867s]   execute_process(/usr/bin/python3
[6.867s]   /opt/ros/foxy/share/ament_cmake_core/cmake/core/package_xml_2_cmake.py
[6.867s]   /home/mbasharoush/turtlebot3_ws/src/robotics_slam/package.xml
[6.867s]   /home/mbasharoush/turtlebot3_ws/build/robotics_slam/ament_cmake_core/package.cmake)
[6.867s]   returned error code 1
[6.867s] Call Stack (most recent call first):
[6.867s]   /opt/ros/foxy/share/ament_cmake_core/cmake/core/ament_package_xml.cmake:49 (_ament_package_xml)
[6.867s]   /opt/ros/foxy/share/ament_lint_auto/cmake/ament_lint_auto_find_test_dependencies.cmake:31 (ament_package_xml)
[6.867s]   CMakeLists.txt:39 (ament_lint_auto_find_test_dependencies)
[6.867s] 
[6.867s] 
[6.869s] -- Configuring incomplete, errors occurred!
[6.869s] See also "/home/mbasharoush/turtlebot3_ws/build/robotics_slam/CMakeFiles/CMakeOutput.log".
[6.869s] See also "/home/mbasharoush/turtlebot3_ws/build/robotics_slam/CMakeFiles/CMakeError.log".
[6.880s] Invoked command in '/home/mbasharoush/turtlebot3_ws/build/robotics_slam' returned '1': /usr/bin/cmake /home/mbasharoush/turtlebot3_ws/src/robotics_slam -DCMAKE_INSTALL_PREFIX=/home/mbasharoush/turtlebot3_ws/install/robotics_slam
