[0.099s] Invoking command in '/home/mbasharoush/turtlebot3_ws/build/robotics_slam': CMAKE_PREFIX_PATH=${CMAKE_PREFIX_PATH}:/home/mbasharoush/turtlebot3_ws/install/turtlebot3_teleop:/home/mbasharoush/turtlebot3_ws/install/turtlebot3_example:/home/mbasharoush/bookros2_ws/install/ros2controlcli:/home/mbasharoush/bookros2_ws/install/launch_pal:/home/mbasharoush/bookros2_ws/install/br2_fsm_bumpgo_py:/home/mbasharoush/install/ros2controlcli:/home/mbasharoush/install/launch_pal:/home/mbasharoush/install/br2_fsm_bumpgo_py:/opt/ros/foxy /usr/bin/cmake /home/mbasharoush/turtlebot3_ws/src/robotics_slam -DCMAKE_INSTALL_PREFIX=/home/mbasharoush/turtlebot3_ws/install/robotics_slam
[0.245s] -- Found ament_cmake: 0.9.12 (/opt/ros/foxy/share/ament_cmake/cmake)
[0.367s] -- Using PYTHON_EXECUTABLE: /usr/bin/python3
[0.682s] -- Override CMake install command with custom implementation using symlinks instead of copying resources
[0.762s] -- Found slam_toolbox: 2.4.1 (/opt/ros/foxy/share/slam_toolbox/cmake)
[0.901s] -- Using all available rosidl_typesupport_c: rosidl_typesupport_fastrtps_c;rosidl_typesupport_introspection_c
[0.916s] -- Found rosidl_adapter: 1.3.1 (/opt/ros/foxy/share/rosidl_adapter/cmake)
[1.383s] -- Using all available rosidl_typesupport_cpp: rosidl_typesupport_fastrtps_cpp;rosidl_typesupport_introspection_cpp
[2.257s] -- Found rmw_implementation_cmake: 1.0.4 (/opt/ros/foxy/share/rmw_implementation_cmake/cmake)
[2.277s] -- Using RMW implementation 'rmw_fastrtps_cpp' as default
[3.384s] -- Found eigen3_cmake_module: 0.1.1 (/opt/ros/foxy/share/eigen3_cmake_module/cmake)
[3.614s] -- Setting OGRE_DIR to: '/opt/ros/foxy/share/rviz_ogre_vendor/cmake/../../../opt/rviz_ogre_vendor/lib/OGRE/cmake'
[3.621s] -- Found OGRE
[3.621s] --   static     : OFF
[3.621s] --   components : HLMS;MeshLodGenerator;Overlay;Paging;Property;RTShaderSystem;Terrain;Volume
[3.621s] --   plugins    : Plugin_BSPSceneManager;Plugin_OctreeSceneManager;Plugin_PCZSceneManager;Plugin_ParticleFX;RenderSystem_GL;RenderSystem_GL3Plus;Codec_STBI
[3.621s] --   media      : /opt/ros/foxy/opt/rviz_ogre_vendor/share/OGRE/Media
[3.621s] -- OGRE_LIBRARIES: OgreHLMS;OgreMeshLodGenerator;OgreOverlay;OgrePaging;OgreProperty;OgreRTShaderSystem;OgreTerrain;OgreVolume;OgreMain
[3.621s] -- OGRE_LIBRARY_DIRS: /opt/ros/foxy/opt/rviz_ogre_vendor/lib
[3.622s] -- OGRE_PLUGINS: Plugin_BSPSceneManager;Plugin_OctreeSceneManager;Plugin_PCZSceneManager;Plugin_ParticleFX;RenderSystem_GL;RenderSystem_GL3Plus;Codec_STBI
[3.622s] -- OGRE_PLUGIN_DIR: /opt/ros/foxy/opt/rviz_ogre_vendor/lib/OGRE
[3.622s] -- rviz_ogre_vendor::OgreOverlay for IMPORTED_LOCATION_RELEASE: /opt/ros/foxy/opt/rviz_ogre_vendor/lib/libOgreOverlay.so
[3.622s] -- rviz_ogre_vendor::OgreOverlay for IMPORTED_LOCATION_DEBUG: /opt/ros/foxy/opt/rviz_ogre_vendor/lib/libOgreOverlay.so
[3.622s] -- rviz_ogre_vendor::OgreMain for IMPORTED_LOCATION_RELEASE: /opt/ros/foxy/opt/rviz_ogre_vendor/lib/libOgreMain.so
[3.622s] -- rviz_ogre_vendor::OgreMain for IMPORTED_LOCATION_DEBUG: /opt/ros/foxy/opt/rviz_ogre_vendor/lib/libOgreMain.so
[3.777s] -- rviz_ogre_vendor::RenderSystem_GL for IMPORTED_LOCATION_RELEASE: _render_system_gl_static_library_abs-NOTFOUND
[3.777s] -- rviz_ogre_vendor::RenderSystem_GL for IMPORTED_LOCATION_DEBUG: _render_system_gl_static_library_abs-NOTFOUND
[3.786s] -- library: libassimp.so.5
[3.873s] -- library: /usr/lib/x86_64-linux-gnu/libcurl.so
[4.006s] -- Setting yaml-cpp_DIR to: '/opt/ros/foxy/share/yaml_cpp_vendor/cmake/../../../opt/yaml_cpp_vendor/lib/cmake/yaml-cpp'
[4.571s] -- Found nav2_lifecycle_manager: 0.4.7 (/opt/ros/foxy/share/nav2_lifecycle_manager/cmake)
[5.561s] -- Found ament_lint_auto: 0.9.8 (/opt/ros/foxy/share/ament_lint_auto/cmake)
[5.749s] -- Added test 'copyright' to check source files copyright and LICENSE
[5.757s] -- Added test 'flake8' to check Python code syntax and style conventions
[5.758s] -- Added test 'lint_cmake' to check CMake code style
[5.760s] -- Added test 'pep257' to check Python code against some of the style conventions in PEP 257
[5.764s] -- Added test 'xmllint' to check XML markup files
[5.773s] -- Configuring done
[5.792s] -- Generating done
[5.804s] -- Build files have been written to: /home/mbasharoush/turtlebot3_ws/build/robotics_slam
[5.822s] Invoked command in '/home/mbasharoush/turtlebot3_ws/build/robotics_slam' returned '0': CMAKE_PREFIX_PATH=${CMAKE_PREFIX_PATH}:/home/mbasharoush/turtlebot3_ws/install/turtlebot3_teleop:/home/mbasharoush/turtlebot3_ws/install/turtlebot3_example:/home/mbasharoush/bookros2_ws/install/ros2controlcli:/home/mbasharoush/bookros2_ws/install/launch_pal:/home/mbasharoush/bookros2_ws/install/br2_fsm_bumpgo_py:/home/mbasharoush/install/ros2controlcli:/home/mbasharoush/install/launch_pal:/home/mbasharoush/install/br2_fsm_bumpgo_py:/opt/ros/foxy /usr/bin/cmake /home/mbasharoush/turtlebot3_ws/src/robotics_slam -DCMAKE_INSTALL_PREFIX=/home/mbasharoush/turtlebot3_ws/install/robotics_slam
[5.823s] Invoking command in '/home/mbasharoush/turtlebot3_ws/build/robotics_slam': CMAKE_PREFIX_PATH=${CMAKE_PREFIX_PATH}:/home/mbasharoush/turtlebot3_ws/install/turtlebot3_teleop:/home/mbasharoush/turtlebot3_ws/install/turtlebot3_example:/home/mbasharoush/bookros2_ws/install/ros2controlcli:/home/mbasharoush/bookros2_ws/install/launch_pal:/home/mbasharoush/bookros2_ws/install/br2_fsm_bumpgo_py:/home/mbasharoush/install/ros2controlcli:/home/mbasharoush/install/launch_pal:/home/mbasharoush/install/br2_fsm_bumpgo_py:/opt/ros/foxy /usr/bin/cmake --build /home/mbasharoush/turtlebot3_ws/build/robotics_slam -- -j4 -l4
[5.920s] Invoked command in '/home/mbasharoush/turtlebot3_ws/build/robotics_slam' returned '0': CMAKE_PREFIX_PATH=${CMAKE_PREFIX_PATH}:/home/mbasharoush/turtlebot3_ws/install/turtlebot3_teleop:/home/mbasharoush/turtlebot3_ws/install/turtlebot3_example:/home/mbasharoush/bookros2_ws/install/ros2controlcli:/home/mbasharoush/bookros2_ws/install/launch_pal:/home/mbasharoush/bookros2_ws/install/br2_fsm_bumpgo_py:/home/mbasharoush/install/ros2controlcli:/home/mbasharoush/install/launch_pal:/home/mbasharoush/install/br2_fsm_bumpgo_py:/opt/ros/foxy /usr/bin/cmake --build /home/mbasharoush/turtlebot3_ws/build/robotics_slam -- -j4 -l4
[5.921s] Invoking command in '/home/mbasharoush/turtlebot3_ws/build/robotics_slam': CMAKE_PREFIX_PATH=${CMAKE_PREFIX_PATH}:/home/mbasharoush/turtlebot3_ws/install/turtlebot3_teleop:/home/mbasharoush/turtlebot3_ws/install/turtlebot3_example:/home/mbasharoush/bookros2_ws/install/ros2controlcli:/home/mbasharoush/bookros2_ws/install/launch_pal:/home/mbasharoush/bookros2_ws/install/br2_fsm_bumpgo_py:/home/mbasharoush/install/ros2controlcli:/home/mbasharoush/install/launch_pal:/home/mbasharoush/install/br2_fsm_bumpgo_py:/opt/ros/foxy /usr/bin/cmake --install /home/mbasharoush/turtlebot3_ws/build/robotics_slam
[5.935s] -- Install configuration: ""
[5.936s] -- Execute custom install script
[5.937s] -- Up-to-date symlink: /home/mbasharoush/turtlebot3_ws/install/robotics_slam/share/robotics_slam/launch/async_slam.launch.py
[5.938s] -- Up-to-date symlink: /home/mbasharoush/turtlebot3_ws/install/robotics_slam/share/robotics_slam/launch/multi_tb3_slam.launch.py
[5.938s] -- Up-to-date symlink: /home/mbasharoush/turtlebot3_ws/install/robotics_slam/share/robotics_slam/config/laser_filter_params.yaml
[5.939s] -- Up-to-date symlink: /home/mbasharoush/turtlebot3_ws/install/robotics_slam/share/robotics_slam/config/mapper_params.yaml
[5.940s] -- Up-to-date symlink: /home/mbasharoush/turtlebot3_ws/install/robotics_slam/share/robotics_slam/config/mapper_params_online_async.yaml
[5.941s] -- Up-to-date symlink: /home/mbasharoush/turtlebot3_ws/install/robotics_slam/share/robotics_slam/rviz/async_slam_config.rviz
[5.941s] -- Up-to-date symlink: /home/mbasharoush/turtlebot3_ws/install/robotics_slam/share/robotics_slam/rviz/multi_tb3.rviz
[5.942s] -- Up-to-date symlink: /home/mbasharoush/turtlebot3_ws/install/robotics_slam/share/ament_index/resource_index/package_run_dependencies/robotics_slam
[5.942s] -- Up-to-date symlink: /home/mbasharoush/turtlebot3_ws/install/robotics_slam/share/ament_index/resource_index/parent_prefix_path/robotics_slam
[5.943s] -- Up-to-date symlink: /home/mbasharoush/turtlebot3_ws/install/robotics_slam/share/robotics_slam/environment/ament_prefix_path.sh
[5.945s] -- Up-to-date symlink: /home/mbasharoush/turtlebot3_ws/install/robotics_slam/share/robotics_slam/environment/ament_prefix_path.dsv
[5.946s] -- Up-to-date symlink: /home/mbasharoush/turtlebot3_ws/install/robotics_slam/share/robotics_slam/environment/path.sh
[5.947s] -- Up-to-date symlink: /home/mbasharoush/turtlebot3_ws/install/robotics_slam/share/robotics_slam/environment/path.dsv
[5.947s] -- Up-to-date symlink: /home/mbasharoush/turtlebot3_ws/install/robotics_slam/share/robotics_slam/local_setup.bash
[5.947s] -- Up-to-date symlink: /home/mbasharoush/turtlebot3_ws/install/robotics_slam/share/robotics_slam/local_setup.sh
[5.948s] -- Up-to-date symlink: /home/mbasharoush/turtlebot3_ws/install/robotics_slam/share/robotics_slam/local_setup.zsh
[5.948s] -- Up-to-date symlink: /home/mbasharoush/turtlebot3_ws/install/robotics_slam/share/robotics_slam/local_setup.dsv
[5.948s] -- Symlinking: /home/mbasharoush/turtlebot3_ws/install/robotics_slam/share/robotics_slam/package.dsv
[5.970s] -- Up-to-date symlink: /home/mbasharoush/turtlebot3_ws/install/robotics_slam/share/ament_index/resource_index/packages/robotics_slam
[5.970s] -- Up-to-date symlink: /home/mbasharoush/turtlebot3_ws/install/robotics_slam/share/robotics_slam/cmake/robotics_slamConfig.cmake
[5.970s] -- Up-to-date symlink: /home/mbasharoush/turtlebot3_ws/install/robotics_slam/share/robotics_slam/cmake/robotics_slamConfig-version.cmake
[5.970s] -- Up-to-date symlink: /home/mbasharoush/turtlebot3_ws/install/robotics_slam/share/robotics_slam/package.xml
[5.989s] Invoked command in '/home/mbasharoush/turtlebot3_ws/build/robotics_slam' returned '0': CMAKE_PREFIX_PATH=${CMAKE_PREFIX_PATH}:/home/mbasharoush/turtlebot3_ws/install/turtlebot3_teleop:/home/mbasharoush/turtlebot3_ws/install/turtlebot3_example:/home/mbasharoush/bookros2_ws/install/ros2controlcli:/home/mbasharoush/bookros2_ws/install/launch_pal:/home/mbasharoush/bookros2_ws/install/br2_fsm_bumpgo_py:/home/mbasharoush/install/ros2controlcli:/home/mbasharoush/install/launch_pal:/home/mbasharoush/install/br2_fsm_bumpgo_py:/opt/ros/foxy /usr/bin/cmake --install /home/mbasharoush/turtlebot3_ws/build/robotics_slam
