[0.280s] DEBUG:colcon:Command line arguments: ['/usr/bin/colcon', 'build', '--packages-select', 'multi_tb3', '--symlink-install']
[0.280s] DEBUG:colcon:Parsed command line arguments: Namespace(allow_overriding=[], ament_cmake_args=None, base_paths=['.'], build_base='build', catkin_cmake_args=None, catkin_skip_building_tests=False, cmake_args=None, cmake_clean_cache=False, cmake_clean_first=False, cmake_force_configure=False, cmake_target=None, cmake_target_skip_unavailable=False, continue_on_error=False, event_handlers=None, executor='parallel', ignore_user_meta=False, install_base='install', log_base=None, log_level=None, main=<bound method BuildVerb.main of <colcon_core.verb.build.BuildVerb object at 0x7f69a16457f0>>, merge_install=False, metas=['./colcon.meta'], packages_above=None, packages_above_and_dependencies=None, packages_above_depth=None, packages_end=None, packages_ignore=None, packages_ignore_regex=None, packages_select=['multi_tb3'], packages_select_build_failed=False, packages_select_by_dep=None, packages_select_regex=None, packages_select_test_failures=False, packages_skip=None, packages_skip_build_finished=False, packages_skip_by_dep=None, packages_skip_regex=None, packages_skip_test_passed=False, packages_skip_up_to=None, packages_start=None, packages_up_to=None, packages_up_to_regex=None, parallel_workers=4, paths=None, symlink_install=True, test_result_base=None, verb_extension=<colcon_core.verb.build.BuildVerb object at 0x7f69a16457f0>, verb_name='build', verb_parser=<colcon_defaults.argument_parser.defaults.DefaultArgumentsDecorator object at 0x7f69a1579d90>)
[0.618s] Level 1:colcon.colcon_core.package_discovery:discover_packages(colcon_meta) check parameters
[0.619s] Level 1:colcon.colcon_core.package_discovery:discover_packages(recursive) check parameters
[0.619s] Level 1:colcon.colcon_core.package_discovery:discover_packages(ignore) check parameters
[0.619s] Level 1:colcon.colcon_core.package_discovery:discover_packages(path) check parameters
[0.619s] Level 1:colcon.colcon_core.package_discovery:discover_packages(colcon_meta) discover
[0.619s] Level 1:colcon.colcon_core.package_discovery:discover_packages(recursive) discover
[0.623s] INFO:colcon.colcon_core.package_discovery:Crawling recursively for packages in '/home/mbasharoush/turtlebot3_ws'
[0.623s] Level 1:colcon.colcon_core.package_identification:_identify(.) by extensions ['ignore', 'ignore_ament_install']
[0.624s] Level 1:colcon.colcon_core.package_identification:_identify(.) by extension 'ignore'
[0.624s] Level 1:colcon.colcon_core.package_identification:_identify(.) by extension 'ignore_ament_install'
[0.624s] Level 1:colcon.colcon_core.package_identification:_identify(.) by extensions ['colcon_pkg']
[0.625s] Level 1:colcon.colcon_core.package_identification:_identify(.) by extension 'colcon_pkg'
[0.625s] Level 1:colcon.colcon_core.package_identification:_identify(.) by extensions ['colcon_meta']
[0.625s] Level 1:colcon.colcon_core.package_identification:_identify(.) by extension 'colcon_meta'
[0.625s] Level 1:colcon.colcon_core.package_identification:_identify(.) by extensions ['ros']
[0.625s] Level 1:colcon.colcon_core.package_identification:_identify(.) by extension 'ros'
[0.656s] Level 1:colcon.colcon_core.package_identification:_identify(.) by extensions ['cmake', 'python']
[0.658s] Level 1:colcon.colcon_core.package_identification:_identify(.) by extension 'cmake'
[0.660s] Level 1:colcon.colcon_core.package_identification:_identify(.) by extension 'python'
[0.660s] Level 1:colcon.colcon_core.package_identification:_identify(.) by extensions ['python_setup_py']
[0.660s] Level 1:colcon.colcon_core.package_identification:_identify(.) by extension 'python_setup_py'
[0.661s] Level 1:colcon.colcon_core.package_identification:_identify(build) by extensions ['ignore', 'ignore_ament_install']
[0.663s] Level 1:colcon.colcon_core.package_identification:_identify(build) by extension 'ignore'
[0.663s] Level 1:colcon.colcon_core.package_identification:_identify(build) ignored
[0.663s] Level 1:colcon.colcon_core.package_identification:_identify(install) by extensions ['ignore', 'ignore_ament_install']
[0.663s] Level 1:colcon.colcon_core.package_identification:_identify(install) by extension 'ignore'
[0.663s] Level 1:colcon.colcon_core.package_identification:_identify(install) ignored
[0.664s] Level 1:colcon.colcon_core.package_identification:_identify(log) by extensions ['ignore', 'ignore_ament_install']
[0.664s] Level 1:colcon.colcon_core.package_identification:_identify(log) by extension 'ignore'
[0.664s] Level 1:colcon.colcon_core.package_identification:_identify(log) ignored
[0.664s] Level 1:colcon.colcon_core.package_identification:_identify(src) by extensions ['ignore', 'ignore_ament_install']
[0.664s] Level 1:colcon.colcon_core.package_identification:_identify(src) by extension 'ignore'
[0.664s] Level 1:colcon.colcon_core.package_identification:_identify(src) by extension 'ignore_ament_install'
[0.664s] Level 1:colcon.colcon_core.package_identification:_identify(src) by extensions ['colcon_pkg']
[0.664s] Level 1:colcon.colcon_core.package_identification:_identify(src) by extension 'colcon_pkg'
[0.664s] Level 1:colcon.colcon_core.package_identification:_identify(src) by extensions ['colcon_meta']
[0.664s] Level 1:colcon.colcon_core.package_identification:_identify(src) by extension 'colcon_meta'
[0.664s] Level 1:colcon.colcon_core.package_identification:_identify(src) by extensions ['ros']
[0.664s] Level 1:colcon.colcon_core.package_identification:_identify(src) by extension 'ros'
[0.665s] Level 1:colcon.colcon_core.package_identification:_identify(src) by extensions ['cmake', 'python']
[0.665s] Level 1:colcon.colcon_core.package_identification:_identify(src) by extension 'cmake'
[0.665s] Level 1:colcon.colcon_core.package_identification:_identify(src) by extension 'python'
[0.665s] Level 1:colcon.colcon_core.package_identification:_identify(src) by extensions ['python_setup_py']
[0.665s] Level 1:colcon.colcon_core.package_identification:_identify(src) by extension 'python_setup_py'
[0.665s] Level 1:colcon.colcon_core.package_identification:_identify(src/TurtleBot3) by extensions ['ignore', 'ignore_ament_install']
[0.665s] Level 1:colcon.colcon_core.package_identification:_identify(src/TurtleBot3) by extension 'ignore'
[0.665s] Level 1:colcon.colcon_core.package_identification:_identify(src/TurtleBot3) by extension 'ignore_ament_install'
[0.665s] Level 1:colcon.colcon_core.package_identification:_identify(src/TurtleBot3) by extensions ['colcon_pkg']
[0.665s] Level 1:colcon.colcon_core.package_identification:_identify(src/TurtleBot3) by extension 'colcon_pkg'
[0.665s] Level 1:colcon.colcon_core.package_identification:_identify(src/TurtleBot3) by extensions ['colcon_meta']
[0.665s] Level 1:colcon.colcon_core.package_identification:_identify(src/TurtleBot3) by extension 'colcon_meta'
[0.665s] Level 1:colcon.colcon_core.package_identification:_identify(src/TurtleBot3) by extensions ['ros']
[0.665s] Level 1:colcon.colcon_core.package_identification:_identify(src/TurtleBot3) by extension 'ros'
[0.665s] Level 1:colcon.colcon_core.package_identification:_identify(src/TurtleBot3) by extensions ['cmake', 'python']
[0.665s] Level 1:colcon.colcon_core.package_identification:_identify(src/TurtleBot3) by extension 'cmake'
[0.666s] Level 1:colcon.colcon_core.package_identification:_identify(src/TurtleBot3) by extension 'python'
[0.666s] Level 1:colcon.colcon_core.package_identification:_identify(src/TurtleBot3) by extensions ['python_setup_py']
[0.666s] Level 1:colcon.colcon_core.package_identification:_identify(src/TurtleBot3) by extension 'python_setup_py'
[0.666s] Level 1:colcon.colcon_core.package_identification:_identify(src/TurtleBot3/DynamixelSDK) by extensions ['ignore', 'ignore_ament_install']
[0.666s] Level 1:colcon.colcon_core.package_identification:_identify(src/TurtleBot3/DynamixelSDK) by extension 'ignore'
[0.666s] Level 1:colcon.colcon_core.package_identification:_identify(src/TurtleBot3/DynamixelSDK) by extension 'ignore_ament_install'
[0.666s] Level 1:colcon.colcon_core.package_identification:_identify(src/TurtleBot3/DynamixelSDK) by extensions ['colcon_pkg']
[0.666s] Level 1:colcon.colcon_core.package_identification:_identify(src/TurtleBot3/DynamixelSDK) by extension 'colcon_pkg'
[0.667s] Level 1:colcon.colcon_core.package_identification:_identify(src/TurtleBot3/DynamixelSDK) by extensions ['colcon_meta']
[0.667s] Level 1:colcon.colcon_core.package_identification:_identify(src/TurtleBot3/DynamixelSDK) by extension 'colcon_meta'
[0.667s] Level 1:colcon.colcon_core.package_identification:_identify(src/TurtleBot3/DynamixelSDK) by extensions ['ros']
[0.667s] Level 1:colcon.colcon_core.package_identification:_identify(src/TurtleBot3/DynamixelSDK) by extension 'ros'
[0.667s] Level 1:colcon.colcon_core.package_identification:_identify(src/TurtleBot3/DynamixelSDK) by extensions ['cmake', 'python']
[0.667s] Level 1:colcon.colcon_core.package_identification:_identify(src/TurtleBot3/DynamixelSDK) by extension 'cmake'
[0.667s] Level 1:colcon.colcon_core.package_identification:_identify(src/TurtleBot3/DynamixelSDK) by extension 'python'
[0.667s] Level 1:colcon.colcon_core.package_identification:_identify(src/TurtleBot3/DynamixelSDK) by extensions ['python_setup_py']
[0.667s] Level 1:colcon.colcon_core.package_identification:_identify(src/TurtleBot3/DynamixelSDK) by extension 'python_setup_py'
[0.668s] Level 1:colcon.colcon_core.package_identification:_identify(src/TurtleBot3/DynamixelSDK/dynamixel_sdk) by extensions ['ignore', 'ignore_ament_install']
[0.668s] Level 1:colcon.colcon_core.package_identification:_identify(src/TurtleBot3/DynamixelSDK/dynamixel_sdk) by extension 'ignore'
[0.668s] Level 1:colcon.colcon_core.package_identification:_identify(src/TurtleBot3/DynamixelSDK/dynamixel_sdk) by extension 'ignore_ament_install'
[0.669s] Level 1:colcon.colcon_core.package_identification:_identify(src/TurtleBot3/DynamixelSDK/dynamixel_sdk) by extensions ['colcon_pkg']
[0.669s] Level 1:colcon.colcon_core.package_identification:_identify(src/TurtleBot3/DynamixelSDK/dynamixel_sdk) by extension 'colcon_pkg'
[0.669s] Level 1:colcon.colcon_core.package_identification:_identify(src/TurtleBot3/DynamixelSDK/dynamixel_sdk) by extensions ['colcon_meta']
[0.669s] Level 1:colcon.colcon_core.package_identification:_identify(src/TurtleBot3/DynamixelSDK/dynamixel_sdk) by extension 'colcon_meta'
[0.669s] Level 1:colcon.colcon_core.package_identification:_identify(src/TurtleBot3/DynamixelSDK/dynamixel_sdk) by extensions ['ros']
[0.669s] Level 1:colcon.colcon_core.package_identification:_identify(src/TurtleBot3/DynamixelSDK/dynamixel_sdk) by extension 'ros'
[0.673s] DEBUG:colcon.colcon_core.package_identification:Package 'src/TurtleBot3/DynamixelSDK/dynamixel_sdk' with type 'ros.ament_cmake' and name 'dynamixel_sdk'
[0.674s] Level 1:colcon.colcon_core.package_identification:_identify(src/TurtleBot3/DynamixelSDK/dynamixel_sdk_custom_interfaces) by extensions ['ignore', 'ignore_ament_install']
[0.674s] Level 1:colcon.colcon_core.package_identification:_identify(src/TurtleBot3/DynamixelSDK/dynamixel_sdk_custom_interfaces) by extension 'ignore'
[0.674s] Level 1:colcon.colcon_core.package_identification:_identify(src/TurtleBot3/DynamixelSDK/dynamixel_sdk_custom_interfaces) by extension 'ignore_ament_install'
[0.674s] Level 1:colcon.colcon_core.package_identification:_identify(src/TurtleBot3/DynamixelSDK/dynamixel_sdk_custom_interfaces) by extensions ['colcon_pkg']
[0.674s] Level 1:colcon.colcon_core.package_identification:_identify(src/TurtleBot3/DynamixelSDK/dynamixel_sdk_custom_interfaces) by extension 'colcon_pkg'
[0.674s] Level 1:colcon.colcon_core.package_identification:_identify(src/TurtleBot3/DynamixelSDK/dynamixel_sdk_custom_interfaces) by extensions ['colcon_meta']
[0.674s] Level 1:colcon.colcon_core.package_identification:_identify(src/TurtleBot3/DynamixelSDK/dynamixel_sdk_custom_interfaces) by extension 'colcon_meta'
[0.675s] Level 1:colcon.colcon_core.package_identification:_identify(src/TurtleBot3/DynamixelSDK/dynamixel_sdk_custom_interfaces) by extensions ['ros']
[0.675s] Level 1:colcon.colcon_core.package_identification:_identify(src/TurtleBot3/DynamixelSDK/dynamixel_sdk_custom_interfaces) by extension 'ros'
[0.676s] DEBUG:colcon.colcon_core.package_identification:Package 'src/TurtleBot3/DynamixelSDK/dynamixel_sdk_custom_interfaces' with type 'ros.ament_cmake' and name 'dynamixel_sdk_custom_interfaces'
[0.677s] Level 1:colcon.colcon_core.package_identification:_identify(src/TurtleBot3/DynamixelSDK/dynamixel_sdk_examples) by extensions ['ignore', 'ignore_ament_install']
[0.677s] Level 1:colcon.colcon_core.package_identification:_identify(src/TurtleBot3/DynamixelSDK/dynamixel_sdk_examples) by extension 'ignore'
[0.677s] Level 1:colcon.colcon_core.package_identification:_identify(src/TurtleBot3/DynamixelSDK/dynamixel_sdk_examples) by extension 'ignore_ament_install'
[0.677s] Level 1:colcon.colcon_core.package_identification:_identify(src/TurtleBot3/DynamixelSDK/dynamixel_sdk_examples) by extensions ['colcon_pkg']
[0.677s] Level 1:colcon.colcon_core.package_identification:_identify(src/TurtleBot3/DynamixelSDK/dynamixel_sdk_examples) by extension 'colcon_pkg'
[0.678s] Level 1:colcon.colcon_core.package_identification:_identify(src/TurtleBot3/DynamixelSDK/dynamixel_sdk_examples) by extensions ['colcon_meta']
[0.678s] Level 1:colcon.colcon_core.package_identification:_identify(src/TurtleBot3/DynamixelSDK/dynamixel_sdk_examples) by extension 'colcon_meta'
[0.678s] Level 1:colcon.colcon_core.package_identification:_identify(src/TurtleBot3/DynamixelSDK/dynamixel_sdk_examples) by extensions ['ros']
[0.678s] Level 1:colcon.colcon_core.package_identification:_identify(src/TurtleBot3/DynamixelSDK/dynamixel_sdk_examples) by extension 'ros'
[0.679s] DEBUG:colcon.colcon_core.package_identification:Package 'src/TurtleBot3/DynamixelSDK/dynamixel_sdk_examples' with type 'ros.ament_cmake' and name 'dynamixel_sdk_examples'
[0.679s] Level 1:colcon.colcon_core.package_identification:_identify(src/TurtleBot3/turtlebot3) by extensions ['ignore', 'ignore_ament_install']
[0.679s] Level 1:colcon.colcon_core.package_identification:_identify(src/TurtleBot3/turtlebot3) by extension 'ignore'
[0.680s] Level 1:colcon.colcon_core.package_identification:_identify(src/TurtleBot3/turtlebot3) by extension 'ignore_ament_install'
[0.680s] Level 1:colcon.colcon_core.package_identification:_identify(src/TurtleBot3/turtlebot3) by extensions ['colcon_pkg']
[0.680s] Level 1:colcon.colcon_core.package_identification:_identify(src/TurtleBot3/turtlebot3) by extension 'colcon_pkg'
[0.680s] Level 1:colcon.colcon_core.package_identification:_identify(src/TurtleBot3/turtlebot3) by extensions ['colcon_meta']
[0.680s] Level 1:colcon.colcon_core.package_identification:_identify(src/TurtleBot3/turtlebot3) by extension 'colcon_meta'
[0.680s] Level 1:colcon.colcon_core.package_identification:_identify(src/TurtleBot3/turtlebot3) by extensions ['ros']
[0.680s] Level 1:colcon.colcon_core.package_identification:_identify(src/TurtleBot3/turtlebot3) by extension 'ros'
[0.680s] Level 1:colcon.colcon_core.package_identification:_identify(src/TurtleBot3/turtlebot3) by extensions ['cmake', 'python']
[0.680s] Level 1:colcon.colcon_core.package_identification:_identify(src/TurtleBot3/turtlebot3) by extension 'cmake'
[0.680s] Level 1:colcon.colcon_core.package_identification:_identify(src/TurtleBot3/turtlebot3) by extension 'python'
[0.680s] Level 1:colcon.colcon_core.package_identification:_identify(src/TurtleBot3/turtlebot3) by extensions ['python_setup_py']
[0.680s] Level 1:colcon.colcon_core.package_identification:_identify(src/TurtleBot3/turtlebot3) by extension 'python_setup_py'
[0.681s] Level 1:colcon.colcon_core.package_identification:_identify(src/TurtleBot3/turtlebot3/turtlebot3) by extensions ['ignore', 'ignore_ament_install']
[0.681s] Level 1:colcon.colcon_core.package_identification:_identify(src/TurtleBot3/turtlebot3/turtlebot3) by extension 'ignore'
[0.681s] Level 1:colcon.colcon_core.package_identification:_identify(src/TurtleBot3/turtlebot3/turtlebot3) by extension 'ignore_ament_install'
[0.681s] Level 1:colcon.colcon_core.package_identification:_identify(src/TurtleBot3/turtlebot3/turtlebot3) by extensions ['colcon_pkg']
[0.681s] Level 1:colcon.colcon_core.package_identification:_identify(src/TurtleBot3/turtlebot3/turtlebot3) by extension 'colcon_pkg'
[0.681s] Level 1:colcon.colcon_core.package_identification:_identify(src/TurtleBot3/turtlebot3/turtlebot3) by extensions ['colcon_meta']
[0.681s] Level 1:colcon.colcon_core.package_identification:_identify(src/TurtleBot3/turtlebot3/turtlebot3) by extension 'colcon_meta'
[0.681s] Level 1:colcon.colcon_core.package_identification:_identify(src/TurtleBot3/turtlebot3/turtlebot3) by extensions ['ros']
[0.681s] Level 1:colcon.colcon_core.package_identification:_identify(src/TurtleBot3/turtlebot3/turtlebot3) by extension 'ros'
[0.683s] DEBUG:colcon.colcon_core.package_identification:Package 'src/TurtleBot3/turtlebot3/turtlebot3' with type 'ros.ament_cmake' and name 'turtlebot3'
[0.683s] Level 1:colcon.colcon_core.package_identification:_identify(src/TurtleBot3/turtlebot3/turtlebot3_bringup) by extensions ['ignore', 'ignore_ament_install']
[0.683s] Level 1:colcon.colcon_core.package_identification:_identify(src/TurtleBot3/turtlebot3/turtlebot3_bringup) by extension 'ignore'
[0.684s] Level 1:colcon.colcon_core.package_identification:_identify(src/TurtleBot3/turtlebot3/turtlebot3_bringup) by extension 'ignore_ament_install'
[0.684s] Level 1:colcon.colcon_core.package_identification:_identify(src/TurtleBot3/turtlebot3/turtlebot3_bringup) by extensions ['colcon_pkg']
[0.684s] Level 1:colcon.colcon_core.package_identification:_identify(src/TurtleBot3/turtlebot3/turtlebot3_bringup) by extension 'colcon_pkg'
[0.684s] Level 1:colcon.colcon_core.package_identification:_identify(src/TurtleBot3/turtlebot3/turtlebot3_bringup) by extensions ['colcon_meta']
[0.684s] Level 1:colcon.colcon_core.package_identification:_identify(src/TurtleBot3/turtlebot3/turtlebot3_bringup) by extension 'colcon_meta'
[0.684s] Level 1:colcon.colcon_core.package_identification:_identify(src/TurtleBot3/turtlebot3/turtlebot3_bringup) by extensions ['ros']
[0.684s] Level 1:colcon.colcon_core.package_identification:_identify(src/TurtleBot3/turtlebot3/turtlebot3_bringup) by extension 'ros'
[0.685s] DEBUG:colcon.colcon_core.package_identification:Package 'src/TurtleBot3/turtlebot3/turtlebot3_bringup' with type 'ros.ament_cmake' and name 'turtlebot3_bringup'
[0.686s] Level 1:colcon.colcon_core.package_identification:_identify(src/TurtleBot3/turtlebot3/turtlebot3_cartographer) by extensions ['ignore', 'ignore_ament_install']
[0.686s] Level 1:colcon.colcon_core.package_identification:_identify(src/TurtleBot3/turtlebot3/turtlebot3_cartographer) by extension 'ignore'
[0.686s] Level 1:colcon.colcon_core.package_identification:_identify(src/TurtleBot3/turtlebot3/turtlebot3_cartographer) by extension 'ignore_ament_install'
[0.686s] Level 1:colcon.colcon_core.package_identification:_identify(src/TurtleBot3/turtlebot3/turtlebot3_cartographer) by extensions ['colcon_pkg']
[0.686s] Level 1:colcon.colcon_core.package_identification:_identify(src/TurtleBot3/turtlebot3/turtlebot3_cartographer) by extension 'colcon_pkg'
[0.686s] Level 1:colcon.colcon_core.package_identification:_identify(src/TurtleBot3/turtlebot3/turtlebot3_cartographer) by extensions ['colcon_meta']
[0.686s] Level 1:colcon.colcon_core.package_identification:_identify(src/TurtleBot3/turtlebot3/turtlebot3_cartographer) by extension 'colcon_meta'
[0.686s] Level 1:colcon.colcon_core.package_identification:_identify(src/TurtleBot3/turtlebot3/turtlebot3_cartographer) by extensions ['ros']
[0.687s] Level 1:colcon.colcon_core.package_identification:_identify(src/TurtleBot3/turtlebot3/turtlebot3_cartographer) by extension 'ros'
[0.688s] DEBUG:colcon.colcon_core.package_identification:Package 'src/TurtleBot3/turtlebot3/turtlebot3_cartographer' with type 'ros.ament_cmake' and name 'turtlebot3_cartographer'
[0.689s] Level 1:colcon.colcon_core.package_identification:_identify(src/TurtleBot3/turtlebot3/turtlebot3_description) by extensions ['ignore', 'ignore_ament_install']
[0.689s] Level 1:colcon.colcon_core.package_identification:_identify(src/TurtleBot3/turtlebot3/turtlebot3_description) by extension 'ignore'
[0.689s] Level 1:colcon.colcon_core.package_identification:_identify(src/TurtleBot3/turtlebot3/turtlebot3_description) by extension 'ignore_ament_install'
[0.689s] Level 1:colcon.colcon_core.package_identification:_identify(src/TurtleBot3/turtlebot3/turtlebot3_description) by extensions ['colcon_pkg']
[0.689s] Level 1:colcon.colcon_core.package_identification:_identify(src/TurtleBot3/turtlebot3/turtlebot3_description) by extension 'colcon_pkg'
[0.689s] Level 1:colcon.colcon_core.package_identification:_identify(src/TurtleBot3/turtlebot3/turtlebot3_description) by extensions ['colcon_meta']
[0.689s] Level 1:colcon.colcon_core.package_identification:_identify(src/TurtleBot3/turtlebot3/turtlebot3_description) by extension 'colcon_meta'
[0.690s] Level 1:colcon.colcon_core.package_identification:_identify(src/TurtleBot3/turtlebot3/turtlebot3_description) by extensions ['ros']
[0.690s] Level 1:colcon.colcon_core.package_identification:_identify(src/TurtleBot3/turtlebot3/turtlebot3_description) by extension 'ros'
[0.691s] DEBUG:colcon.colcon_core.package_identification:Package 'src/TurtleBot3/turtlebot3/turtlebot3_description' with type 'ros.ament_cmake' and name 'turtlebot3_description'
[0.691s] Level 1:colcon.colcon_core.package_identification:_identify(src/TurtleBot3/turtlebot3/turtlebot3_example) by extensions ['ignore', 'ignore_ament_install']
[0.692s] Level 1:colcon.colcon_core.package_identification:_identify(src/TurtleBot3/turtlebot3/turtlebot3_example) by extension 'ignore'
[0.692s] Level 1:colcon.colcon_core.package_identification:_identify(src/TurtleBot3/turtlebot3/turtlebot3_example) by extension 'ignore_ament_install'
[0.692s] Level 1:colcon.colcon_core.package_identification:_identify(src/TurtleBot3/turtlebot3/turtlebot3_example) by extensions ['colcon_pkg']
[0.692s] Level 1:colcon.colcon_core.package_identification:_identify(src/TurtleBot3/turtlebot3/turtlebot3_example) by extension 'colcon_pkg'
[0.693s] Level 1:colcon.colcon_core.package_identification:_identify(src/TurtleBot3/turtlebot3/turtlebot3_example) by extensions ['colcon_meta']
[0.693s] Level 1:colcon.colcon_core.package_identification:_identify(src/TurtleBot3/turtlebot3/turtlebot3_example) by extension 'colcon_meta'
[0.693s] Level 1:colcon.colcon_core.package_identification:_identify(src/TurtleBot3/turtlebot3/turtlebot3_example) by extensions ['ros']
[0.693s] Level 1:colcon.colcon_core.package_identification:_identify(src/TurtleBot3/turtlebot3/turtlebot3_example) by extension 'ros'
[0.694s] DEBUG:colcon.colcon_core.package_identification:Package 'src/TurtleBot3/turtlebot3/turtlebot3_example' with type 'ros.ament_python' and name 'turtlebot3_example'
[0.695s] Level 1:colcon.colcon_core.package_identification:_identify(src/TurtleBot3/turtlebot3/turtlebot3_navigation2) by extensions ['ignore', 'ignore_ament_install']
[0.695s] Level 1:colcon.colcon_core.package_identification:_identify(src/TurtleBot3/turtlebot3/turtlebot3_navigation2) by extension 'ignore'
[0.695s] Level 1:colcon.colcon_core.package_identification:_identify(src/TurtleBot3/turtlebot3/turtlebot3_navigation2) by extension 'ignore_ament_install'
[0.695s] Level 1:colcon.colcon_core.package_identification:_identify(src/TurtleBot3/turtlebot3/turtlebot3_navigation2) by extensions ['colcon_pkg']
[0.695s] Level 1:colcon.colcon_core.package_identification:_identify(src/TurtleBot3/turtlebot3/turtlebot3_navigation2) by extension 'colcon_pkg'
[0.695s] Level 1:colcon.colcon_core.package_identification:_identify(src/TurtleBot3/turtlebot3/turtlebot3_navigation2) by extensions ['colcon_meta']
[0.695s] Level 1:colcon.colcon_core.package_identification:_identify(src/TurtleBot3/turtlebot3/turtlebot3_navigation2) by extension 'colcon_meta'
[0.695s] Level 1:colcon.colcon_core.package_identification:_identify(src/TurtleBot3/turtlebot3/turtlebot3_navigation2) by extensions ['ros']
[0.695s] Level 1:colcon.colcon_core.package_identification:_identify(src/TurtleBot3/turtlebot3/turtlebot3_navigation2) by extension 'ros'
[0.696s] DEBUG:colcon.colcon_core.package_identification:Package 'src/TurtleBot3/turtlebot3/turtlebot3_navigation2' with type 'ros.ament_cmake' and name 'turtlebot3_navigation2'
[0.697s] Level 1:colcon.colcon_core.package_identification:_identify(src/TurtleBot3/turtlebot3/turtlebot3_node) by extensions ['ignore', 'ignore_ament_install']
[0.697s] Level 1:colcon.colcon_core.package_identification:_identify(src/TurtleBot3/turtlebot3/turtlebot3_node) by extension 'ignore'
[0.697s] Level 1:colcon.colcon_core.package_identification:_identify(src/TurtleBot3/turtlebot3/turtlebot3_node) by extension 'ignore_ament_install'
[0.697s] Level 1:colcon.colcon_core.package_identification:_identify(src/TurtleBot3/turtlebot3/turtlebot3_node) by extensions ['colcon_pkg']
[0.697s] Level 1:colcon.colcon_core.package_identification:_identify(src/TurtleBot3/turtlebot3/turtlebot3_node) by extension 'colcon_pkg'
[0.697s] Level 1:colcon.colcon_core.package_identification:_identify(src/TurtleBot3/turtlebot3/turtlebot3_node) by extensions ['colcon_meta']
[0.697s] Level 1:colcon.colcon_core.package_identification:_identify(src/TurtleBot3/turtlebot3/turtlebot3_node) by extension 'colcon_meta'
[0.697s] Level 1:colcon.colcon_core.package_identification:_identify(src/TurtleBot3/turtlebot3/turtlebot3_node) by extensions ['ros']
[0.697s] Level 1:colcon.colcon_core.package_identification:_identify(src/TurtleBot3/turtlebot3/turtlebot3_node) by extension 'ros'
[0.699s] DEBUG:colcon.colcon_core.package_identification:Package 'src/TurtleBot3/turtlebot3/turtlebot3_node' with type 'ros.ament_cmake' and name 'turtlebot3_node'
[0.700s] Level 1:colcon.colcon_core.package_identification:_identify(src/TurtleBot3/turtlebot3/turtlebot3_teleop) by extensions ['ignore', 'ignore_ament_install']
[0.700s] Level 1:colcon.colcon_core.package_identification:_identify(src/TurtleBot3/turtlebot3/turtlebot3_teleop) by extension 'ignore'
[0.700s] Level 1:colcon.colcon_core.package_identification:_identify(src/TurtleBot3/turtlebot3/turtlebot3_teleop) by extension 'ignore_ament_install'
[0.700s] Level 1:colcon.colcon_core.package_identification:_identify(src/TurtleBot3/turtlebot3/turtlebot3_teleop) by extensions ['colcon_pkg']
[0.700s] Level 1:colcon.colcon_core.package_identification:_identify(src/TurtleBot3/turtlebot3/turtlebot3_teleop) by extension 'colcon_pkg'
[0.700s] Level 1:colcon.colcon_core.package_identification:_identify(src/TurtleBot3/turtlebot3/turtlebot3_teleop) by extensions ['colcon_meta']
[0.700s] Level 1:colcon.colcon_core.package_identification:_identify(src/TurtleBot3/turtlebot3/turtlebot3_teleop) by extension 'colcon_meta'
[0.700s] Level 1:colcon.colcon_core.package_identification:_identify(src/TurtleBot3/turtlebot3/turtlebot3_teleop) by extensions ['ros']
[0.700s] Level 1:colcon.colcon_core.package_identification:_identify(src/TurtleBot3/turtlebot3/turtlebot3_teleop) by extension 'ros'
[0.701s] DEBUG:colcon.colcon_core.package_identification:Package 'src/TurtleBot3/turtlebot3/turtlebot3_teleop' with type 'ros.ament_python' and name 'turtlebot3_teleop'
[0.702s] Level 1:colcon.colcon_core.package_identification:_identify(src/TurtleBot3/turtlebot3_msgs) by extensions ['ignore', 'ignore_ament_install']
[0.702s] Level 1:colcon.colcon_core.package_identification:_identify(src/TurtleBot3/turtlebot3_msgs) by extension 'ignore'
[0.702s] Level 1:colcon.colcon_core.package_identification:_identify(src/TurtleBot3/turtlebot3_msgs) by extension 'ignore_ament_install'
[0.702s] Level 1:colcon.colcon_core.package_identification:_identify(src/TurtleBot3/turtlebot3_msgs) by extensions ['colcon_pkg']
[0.702s] Level 1:colcon.colcon_core.package_identification:_identify(src/TurtleBot3/turtlebot3_msgs) by extension 'colcon_pkg'
[0.702s] Level 1:colcon.colcon_core.package_identification:_identify(src/TurtleBot3/turtlebot3_msgs) by extensions ['colcon_meta']
[0.702s] Level 1:colcon.colcon_core.package_identification:_identify(src/TurtleBot3/turtlebot3_msgs) by extension 'colcon_meta'
[0.702s] Level 1:colcon.colcon_core.package_identification:_identify(src/TurtleBot3/turtlebot3_msgs) by extensions ['ros']
[0.702s] Level 1:colcon.colcon_core.package_identification:_identify(src/TurtleBot3/turtlebot3_msgs) by extension 'ros'
[0.704s] DEBUG:colcon.colcon_core.package_identification:Package 'src/TurtleBot3/turtlebot3_msgs' with type 'ros.ament_cmake' and name 'turtlebot3_msgs'
[0.704s] Level 1:colcon.colcon_core.package_identification:_identify(src/TurtleBot3/turtlebot3_simulations) by extensions ['ignore', 'ignore_ament_install']
[0.704s] Level 1:colcon.colcon_core.package_identification:_identify(src/TurtleBot3/turtlebot3_simulations) by extension 'ignore'
[0.704s] Level 1:colcon.colcon_core.package_identification:_identify(src/TurtleBot3/turtlebot3_simulations) by extension 'ignore_ament_install'
[0.704s] Level 1:colcon.colcon_core.package_identification:_identify(src/TurtleBot3/turtlebot3_simulations) by extensions ['colcon_pkg']
[0.704s] Level 1:colcon.colcon_core.package_identification:_identify(src/TurtleBot3/turtlebot3_simulations) by extension 'colcon_pkg'
[0.704s] Level 1:colcon.colcon_core.package_identification:_identify(src/TurtleBot3/turtlebot3_simulations) by extensions ['colcon_meta']
[0.704s] Level 1:colcon.colcon_core.package_identification:_identify(src/TurtleBot3/turtlebot3_simulations) by extension 'colcon_meta'
[0.705s] Level 1:colcon.colcon_core.package_identification:_identify(src/TurtleBot3/turtlebot3_simulations) by extensions ['ros']
[0.705s] Level 1:colcon.colcon_core.package_identification:_identify(src/TurtleBot3/turtlebot3_simulations) by extension 'ros'
[0.705s] Level 1:colcon.colcon_core.package_identification:_identify(src/TurtleBot3/turtlebot3_simulations) by extensions ['cmake', 'python']
[0.705s] Level 1:colcon.colcon_core.package_identification:_identify(src/TurtleBot3/turtlebot3_simulations) by extension 'cmake'
[0.705s] Level 1:colcon.colcon_core.package_identification:_identify(src/TurtleBot3/turtlebot3_simulations) by extension 'python'
[0.705s] Level 1:colcon.colcon_core.package_identification:_identify(src/TurtleBot3/turtlebot3_simulations) by extensions ['python_setup_py']
[0.705s] Level 1:colcon.colcon_core.package_identification:_identify(src/TurtleBot3/turtlebot3_simulations) by extension 'python_setup_py'
[0.705s] Level 1:colcon.colcon_core.package_identification:_identify(src/TurtleBot3/turtlebot3_simulations/turtlebot3_fake_node) by extensions ['ignore', 'ignore_ament_install']
[0.705s] Level 1:colcon.colcon_core.package_identification:_identify(src/TurtleBot3/turtlebot3_simulations/turtlebot3_fake_node) by extension 'ignore'
[0.706s] Level 1:colcon.colcon_core.package_identification:_identify(src/TurtleBot3/turtlebot3_simulations/turtlebot3_fake_node) by extension 'ignore_ament_install'
[0.706s] Level 1:colcon.colcon_core.package_identification:_identify(src/TurtleBot3/turtlebot3_simulations/turtlebot3_fake_node) by extensions ['colcon_pkg']
[0.706s] Level 1:colcon.colcon_core.package_identification:_identify(src/TurtleBot3/turtlebot3_simulations/turtlebot3_fake_node) by extension 'colcon_pkg'
[0.706s] Level 1:colcon.colcon_core.package_identification:_identify(src/TurtleBot3/turtlebot3_simulations/turtlebot3_fake_node) by extensions ['colcon_meta']
[0.706s] Level 1:colcon.colcon_core.package_identification:_identify(src/TurtleBot3/turtlebot3_simulations/turtlebot3_fake_node) by extension 'colcon_meta'
[0.706s] Level 1:colcon.colcon_core.package_identification:_identify(src/TurtleBot3/turtlebot3_simulations/turtlebot3_fake_node) by extensions ['ros']
[0.706s] Level 1:colcon.colcon_core.package_identification:_identify(src/TurtleBot3/turtlebot3_simulations/turtlebot3_fake_node) by extension 'ros'
[0.708s] DEBUG:colcon.colcon_core.package_identification:Package 'src/TurtleBot3/turtlebot3_simulations/turtlebot3_fake_node' with type 'ros.ament_cmake' and name 'turtlebot3_fake_node'
[0.708s] Level 1:colcon.colcon_core.package_identification:_identify(src/TurtleBot3/turtlebot3_simulations/turtlebot3_gazebo) by extensions ['ignore', 'ignore_ament_install']
[0.708s] Level 1:colcon.colcon_core.package_identification:_identify(src/TurtleBot3/turtlebot3_simulations/turtlebot3_gazebo) by extension 'ignore'
[0.708s] Level 1:colcon.colcon_core.package_identification:_identify(src/TurtleBot3/turtlebot3_simulations/turtlebot3_gazebo) by extension 'ignore_ament_install'
[0.708s] Level 1:colcon.colcon_core.package_identification:_identify(src/TurtleBot3/turtlebot3_simulations/turtlebot3_gazebo) by extensions ['colcon_pkg']
[0.709s] Level 1:colcon.colcon_core.package_identification:_identify(src/TurtleBot3/turtlebot3_simulations/turtlebot3_gazebo) by extension 'colcon_pkg'
[0.709s] Level 1:colcon.colcon_core.package_identification:_identify(src/TurtleBot3/turtlebot3_simulations/turtlebot3_gazebo) by extensions ['colcon_meta']
[0.709s] Level 1:colcon.colcon_core.package_identification:_identify(src/TurtleBot3/turtlebot3_simulations/turtlebot3_gazebo) by extension 'colcon_meta'
[0.709s] Level 1:colcon.colcon_core.package_identification:_identify(src/TurtleBot3/turtlebot3_simulations/turtlebot3_gazebo) by extensions ['ros']
[0.709s] Level 1:colcon.colcon_core.package_identification:_identify(src/TurtleBot3/turtlebot3_simulations/turtlebot3_gazebo) by extension 'ros'
[0.711s] DEBUG:colcon.colcon_core.package_identification:Package 'src/TurtleBot3/turtlebot3_simulations/turtlebot3_gazebo' with type 'ros.ament_cmake' and name 'turtlebot3_gazebo'
[0.711s] Level 1:colcon.colcon_core.package_identification:_identify(src/TurtleBot3/turtlebot3_simulations/turtlebot3_simulations) by extensions ['ignore', 'ignore_ament_install']
[0.711s] Level 1:colcon.colcon_core.package_identification:_identify(src/TurtleBot3/turtlebot3_simulations/turtlebot3_simulations) by extension 'ignore'
[0.711s] Level 1:colcon.colcon_core.package_identification:_identify(src/TurtleBot3/turtlebot3_simulations/turtlebot3_simulations) by extension 'ignore_ament_install'
[0.711s] Level 1:colcon.colcon_core.package_identification:_identify(src/TurtleBot3/turtlebot3_simulations/turtlebot3_simulations) by extensions ['colcon_pkg']
[0.711s] Level 1:colcon.colcon_core.package_identification:_identify(src/TurtleBot3/turtlebot3_simulations/turtlebot3_simulations) by extension 'colcon_pkg'
[0.712s] Level 1:colcon.colcon_core.package_identification:_identify(src/TurtleBot3/turtlebot3_simulations/turtlebot3_simulations) by extensions ['colcon_meta']
[0.712s] Level 1:colcon.colcon_core.package_identification:_identify(src/TurtleBot3/turtlebot3_simulations/turtlebot3_simulations) by extension 'colcon_meta'
[0.712s] Level 1:colcon.colcon_core.package_identification:_identify(src/TurtleBot3/turtlebot3_simulations/turtlebot3_simulations) by extensions ['ros']
[0.713s] Level 1:colcon.colcon_core.package_identification:_identify(src/TurtleBot3/turtlebot3_simulations/turtlebot3_simulations) by extension 'ros'
[0.714s] DEBUG:colcon.colcon_core.package_identification:Package 'src/TurtleBot3/turtlebot3_simulations/turtlebot3_simulations' with type 'ros.ament_cmake' and name 'turtlebot3_simulations'
[0.714s] Level 1:colcon.colcon_core.package_identification:_identify(src/bump_go_cpp) by extensions ['ignore', 'ignore_ament_install']
[0.714s] Level 1:colcon.colcon_core.package_identification:_identify(src/bump_go_cpp) by extension 'ignore'
[0.714s] Level 1:colcon.colcon_core.package_identification:_identify(src/bump_go_cpp) by extension 'ignore_ament_install'
[0.714s] Level 1:colcon.colcon_core.package_identification:_identify(src/bump_go_cpp) by extensions ['colcon_pkg']
[0.715s] Level 1:colcon.colcon_core.package_identification:_identify(src/bump_go_cpp) by extension 'colcon_pkg'
[0.715s] Level 1:colcon.colcon_core.package_identification:_identify(src/bump_go_cpp) by extensions ['colcon_meta']
[0.715s] Level 1:colcon.colcon_core.package_identification:_identify(src/bump_go_cpp) by extension 'colcon_meta'
[0.715s] Level 1:colcon.colcon_core.package_identification:_identify(src/bump_go_cpp) by extensions ['ros']
[0.715s] Level 1:colcon.colcon_core.package_identification:_identify(src/bump_go_cpp) by extension 'ros'
[0.717s] DEBUG:colcon.colcon_core.package_identification:Package 'src/bump_go_cpp' with type 'ros.ament_cmake' and name 'bump_go_cpp'
[0.717s] Level 1:colcon.colcon_core.package_identification:_identify(src/multi_tb3) by extensions ['ignore', 'ignore_ament_install']
[0.718s] Level 1:colcon.colcon_core.package_identification:_identify(src/multi_tb3) by extension 'ignore'
[0.718s] Level 1:colcon.colcon_core.package_identification:_identify(src/multi_tb3) by extension 'ignore_ament_install'
[0.718s] Level 1:colcon.colcon_core.package_identification:_identify(src/multi_tb3) by extensions ['colcon_pkg']
[0.718s] Level 1:colcon.colcon_core.package_identification:_identify(src/multi_tb3) by extension 'colcon_pkg'
[0.718s] Level 1:colcon.colcon_core.package_identification:_identify(src/multi_tb3) by extensions ['colcon_meta']
[0.718s] Level 1:colcon.colcon_core.package_identification:_identify(src/multi_tb3) by extension 'colcon_meta'
[0.718s] Level 1:colcon.colcon_core.package_identification:_identify(src/multi_tb3) by extensions ['ros']
[0.718s] Level 1:colcon.colcon_core.package_identification:_identify(src/multi_tb3) by extension 'ros'
[0.719s] DEBUG:colcon.colcon_core.package_identification:Package 'src/multi_tb3' with type 'ros.ament_cmake' and name 'multi_tb3'
[0.720s] Level 1:colcon.colcon_core.package_identification:_identify(src/robotics_slam) by extensions ['ignore', 'ignore_ament_install']
[0.720s] Level 1:colcon.colcon_core.package_identification:_identify(src/robotics_slam) by extension 'ignore'
[0.720s] Level 1:colcon.colcon_core.package_identification:_identify(src/robotics_slam) by extension 'ignore_ament_install'
[0.721s] Level 1:colcon.colcon_core.package_identification:_identify(src/robotics_slam) by extensions ['colcon_pkg']
[0.721s] Level 1:colcon.colcon_core.package_identification:_identify(src/robotics_slam) by extension 'colcon_pkg'
[0.721s] Level 1:colcon.colcon_core.package_identification:_identify(src/robotics_slam) by extensions ['colcon_meta']
[0.721s] Level 1:colcon.colcon_core.package_identification:_identify(src/robotics_slam) by extension 'colcon_meta'
[0.721s] Level 1:colcon.colcon_core.package_identification:_identify(src/robotics_slam) by extensions ['ros']
[0.721s] Level 1:colcon.colcon_core.package_identification:_identify(src/robotics_slam) by extension 'ros'
[0.722s] DEBUG:colcon.colcon_core.package_identification:Package 'src/robotics_slam' with type 'ros.ament_cmake' and name 'robotics_slam'
[0.723s] Level 1:colcon.colcon_core.package_discovery:discover_packages(recursive) using defaults
[0.723s] Level 1:colcon.colcon_core.package_discovery:discover_packages(ignore) discover
[0.723s] Level 1:colcon.colcon_core.package_discovery:discover_packages(ignore) using defaults
[0.723s] Level 1:colcon.colcon_core.package_discovery:discover_packages(path) discover
[0.723s] Level 1:colcon.colcon_core.package_discovery:discover_packages(path) using defaults
[0.756s] INFO:colcon.colcon_core.package_selection:Skipping not selected package 'bump_go_cpp' in 'src/bump_go_cpp'
[0.756s] INFO:colcon.colcon_core.package_selection:Skipping not selected package 'dynamixel_sdk' in 'src/TurtleBot3/DynamixelSDK/dynamixel_sdk'
[0.756s] INFO:colcon.colcon_core.package_selection:Skipping not selected package 'dynamixel_sdk_custom_interfaces' in 'src/TurtleBot3/DynamixelSDK/dynamixel_sdk_custom_interfaces'
[0.756s] INFO:colcon.colcon_core.package_selection:Skipping not selected package 'robotics_slam' in 'src/robotics_slam'
[0.756s] INFO:colcon.colcon_core.package_selection:Skipping not selected package 'turtlebot3_cartographer' in 'src/TurtleBot3/turtlebot3/turtlebot3_cartographer'
[0.757s] INFO:colcon.colcon_core.package_selection:Skipping not selected package 'turtlebot3_description' in 'src/TurtleBot3/turtlebot3/turtlebot3_description'
[0.757s] INFO:colcon.colcon_core.package_selection:Skipping not selected package 'turtlebot3_msgs' in 'src/TurtleBot3/turtlebot3_msgs'
[0.757s] INFO:colcon.colcon_core.package_selection:Skipping not selected package 'turtlebot3_navigation2' in 'src/TurtleBot3/turtlebot3/turtlebot3_navigation2'
[0.757s] INFO:colcon.colcon_core.package_selection:Skipping not selected package 'turtlebot3_teleop' in 'src/TurtleBot3/turtlebot3/turtlebot3_teleop'
[0.757s] INFO:colcon.colcon_core.package_selection:Skipping not selected package 'dynamixel_sdk_examples' in 'src/TurtleBot3/DynamixelSDK/dynamixel_sdk_examples'
[0.757s] INFO:colcon.colcon_core.package_selection:Skipping not selected package 'turtlebot3_example' in 'src/TurtleBot3/turtlebot3/turtlebot3_example'
[0.757s] INFO:colcon.colcon_core.package_selection:Skipping not selected package 'turtlebot3_fake_node' in 'src/TurtleBot3/turtlebot3_simulations/turtlebot3_fake_node'
[0.757s] INFO:colcon.colcon_core.package_selection:Skipping not selected package 'turtlebot3_gazebo' in 'src/TurtleBot3/turtlebot3_simulations/turtlebot3_gazebo'
[0.757s] INFO:colcon.colcon_core.package_selection:Skipping not selected package 'turtlebot3_node' in 'src/TurtleBot3/turtlebot3/turtlebot3_node'
[0.757s] INFO:colcon.colcon_core.package_selection:Skipping not selected package 'turtlebot3_bringup' in 'src/TurtleBot3/turtlebot3/turtlebot3_bringup'
[0.757s] INFO:colcon.colcon_core.package_selection:Skipping not selected package 'turtlebot3_simulations' in 'src/TurtleBot3/turtlebot3_simulations/turtlebot3_simulations'
[0.757s] INFO:colcon.colcon_core.package_selection:Skipping not selected package 'turtlebot3' in 'src/TurtleBot3/turtlebot3/turtlebot3'
[0.759s] Level 1:colcon.colcon_core.package_discovery:discover_packages(prefix_path) check parameters
[0.759s] Level 1:colcon.colcon_core.package_discovery:discover_packages(prefix_path) discover
[0.767s] DEBUG:colcon.colcon_installed_package_information.package_discovery:Found 18 installed packages in /home/mbasharoush/turtlebot3_ws/install
[0.769s] DEBUG:colcon.colcon_installed_package_information.package_discovery:Found 57 installed packages in /home/mbasharoush/bookros2_ws/install
[0.772s] DEBUG:colcon.colcon_installed_package_information.package_discovery:Found 59 installed packages in /home/mbasharoush/install
[0.778s] DEBUG:colcon.colcon_installed_package_information.package_discovery:Found 381 installed packages in /opt/ros/foxy
[0.784s] Level 1:colcon.colcon_core.package_discovery:discover_packages(prefix_path) using defaults
[0.863s] Level 5:colcon.colcon_core.verb:set package 'multi_tb3' build argument 'cmake_args' from command line to 'None'
[0.863s] Level 5:colcon.colcon_core.verb:set package 'multi_tb3' build argument 'cmake_target' from command line to 'None'
[0.863s] Level 5:colcon.colcon_core.verb:set package 'multi_tb3' build argument 'cmake_target_skip_unavailable' from command line to 'False'
[0.863s] Level 5:colcon.colcon_core.verb:set package 'multi_tb3' build argument 'cmake_clean_cache' from command line to 'False'
[0.863s] Level 5:colcon.colcon_core.verb:set package 'multi_tb3' build argument 'cmake_clean_first' from command line to 'False'
[0.863s] Level 5:colcon.colcon_core.verb:set package 'multi_tb3' build argument 'cmake_force_configure' from command line to 'False'
[0.863s] Level 5:colcon.colcon_core.verb:set package 'multi_tb3' build argument 'ament_cmake_args' from command line to 'None'
[0.863s] Level 5:colcon.colcon_core.verb:set package 'multi_tb3' build argument 'catkin_cmake_args' from command line to 'None'
[0.863s] Level 5:colcon.colcon_core.verb:set package 'multi_tb3' build argument 'catkin_skip_building_tests' from command line to 'False'
[0.863s] DEBUG:colcon.colcon_core.verb:Building package 'multi_tb3' with the following arguments: {'ament_cmake_args': None, 'build_base': '/home/mbasharoush/turtlebot3_ws/build/multi_tb3', 'catkin_cmake_args': None, 'catkin_skip_building_tests': False, 'cmake_args': None, 'cmake_clean_cache': False, 'cmake_clean_first': False, 'cmake_force_configure': False, 'cmake_target': None, 'cmake_target_skip_unavailable': False, 'install_base': '/home/mbasharoush/turtlebot3_ws/install/multi_tb3', 'merge_install': False, 'path': '/home/mbasharoush/turtlebot3_ws/src/multi_tb3', 'symlink_install': True, 'test_result_base': None}
[0.864s] INFO:colcon.colcon_core.executor:Executing jobs using 'parallel' executor
[0.877s] DEBUG:colcon.colcon_parallel_executor.executor.parallel:run_until_complete
[0.877s] INFO:colcon.colcon_ros.task.ament_cmake.build:Building ROS package in '/home/mbasharoush/turtlebot3_ws/src/multi_tb3' with build type 'ament_cmake'
[0.878s] INFO:colcon.colcon_cmake.task.cmake.build:Building CMake package in '/home/mbasharoush/turtlebot3_ws/src/multi_tb3'
[0.887s] INFO:colcon.colcon_core.plugin_system:Skipping extension 'colcon_core.shell.bat': Not used on non-Windows systems
[0.887s] INFO:colcon.colcon_core.shell:Skip shell extension 'powershell' for command environment: Not usable outside of PowerShell
[0.887s] DEBUG:colcon.colcon_core.shell:Skip shell extension 'dsv' for command environment
[0.967s] DEBUG:colcon.colcon_core.event_handler.log_command:Invoking command in '/home/mbasharoush/turtlebot3_ws/build/multi_tb3': CMAKE_PREFIX_PATH=/home/mbasharoush/turtlebot3_ws/install/turtlebot3_gazebo:/home/mbasharoush/turtlebot3_ws/install/turtlebot3_description:/home/mbasharoush/turtlebot3_ws/install/multi_tb3:/home/mbasharoush/turtlebot3_ws/install/turtlebot3:/home/mbasharoush/turtlebot3_ws/install/turtlebot3_simulations:/home/mbasharoush/turtlebot3_ws/install/turtlebot3_bringup:/home/mbasharoush/turtlebot3_ws/install/turtlebot3_node:/home/mbasharoush/turtlebot3_ws/install/turtlebot3_navigation2:/home/mbasharoush/turtlebot3_ws/install/turtlebot3_fake_node:/home/mbasharoush/turtlebot3_ws/install/turtlebot3_msgs:/home/mbasharoush/turtlebot3_ws/install/turtlebot3_cartographer:/home/mbasharoush/turtlebot3_ws/install/robotics_slam:/home/mbasharoush/turtlebot3_ws/install/dynamixel_sdk_examples:/home/mbasharoush/turtlebot3_ws/install/dynamixel_sdk_custom_interfaces:/home/mbasharoush/turtlebot3_ws/install/dynamixel_sdk:/home/mbasharoush/turtlebot3_ws/install/bump_go_cpp:/home/mbasharoush/bookros2_ws/install/gazebo_ros2_control_demos:/home/mbasharoush/bookros2_ws/install/ros2_controllers:/home/mbasharoush/bookros2_ws/install/velocity_controllers:/home/mbasharoush/bookros2_ws/install/urdf_test:/home/mbasharoush/bookros2_ws/install/tiago_simulation:/home/mbasharoush/bookros2_ws/install/tiago_robot:/home/mbasharoush/bookros2_ws/install/tiago_2dnav_gazebo:/home/mbasharoush/bookros2_ws/install/tiago_gazebo:/home/mbasharoush/bookros2_ws/install/tiago_bringup:/home/mbasharoush/bookros2_ws/install/pmb2_robot:/home/mbasharoush/bookros2_ws/install/pmb2_bringup:/home/mbasharoush/bookros2_ws/install/twist_mux:/home/mbasharoush/bookros2_ws/install/transmission_interface:/home/mbasharoush/bookros2_ws/install/tiago_description:/home/mbasharoush/bookros2_ws/install/tiago_description_calibration:/home/mbasharoush/bookros2_ws/install/tiago_controller_configuration:/home/mbasharoush/bookros2_ws/install/ros2_control:/home/mbasharoush/bookros2_ws/install/ros2_control_test_assets:/home/mbasharoush/bookros2_ws/install/pal_gripper:/home/mbasharoush/bookros2_ws/install/pal_gripper_controller_configuration:/home/mbasharoush/bookros2_ws/install/position_controllers:/home/mbasharoush/bookros2_ws/install/pmb2_navigation:/home/mbasharoush/bookros2_ws/install/pmb2_2dnav:/home/mbasharoush/bookros2_ws/install/pmb2_maps:/home/mbasharoush/bookros2_ws/install/pmb2_description:/home/mbasharoush/bookros2_ws/install/pmb2_controller_configuration:/home/mbasharoush/bookros2_ws/install/pal_gripper_description:/home/mbasharoush/bookros2_ws/install/pal_gazebo_worlds:/home/mbasharoush/bookros2_ws/install/joint_trajectory_controller:/home/mbasharoush/bookros2_ws/install/joint_state_controller:/home/mbasharoush/bookros2_ws/install/joint_state_broadcaster:/home/mbasharoush/bookros2_ws/install/imu_sensor_broadcaster:/home/mbasharoush/bookros2_ws/install/hey5_description:/home/mbasharoush/bookros2_ws/install/gripper_controllers:/home/mbasharoush/bookros2_ws/install/gazebo_ros2_control:/home/mbasharoush/bookros2_ws/install/effort_controllers:/home/mbasharoush/bookros2_ws/install/forward_command_controller:/home/mbasharoush/bookros2_ws/install/force_torque_sensor_broadcaster:/home/mbasharoush/bookros2_ws/install/diff_drive_controller:/home/mbasharoush/bookros2_ws/install/controller_manager:/home/mbasharoush/bookros2_ws/install/controller_interface:/home/mbasharoush/bookros2_ws/install/hardware_interface:/home/mbasharoush/bookros2_ws/install/groot:/home/mbasharoush/bookros2_ws/install/controller_manager_msgs:/home/mbasharoush/bookros2_ws/install/br2_vff_avoidance:/home/mbasharoush/bookros2_ws/install/br2_tracking:/home/mbasharoush/bookros2_ws/install/br2_tracking_msgs:/home/mbasharoush/bookros2_ws/install/br2_tiago:/home/mbasharoush/bookros2_ws/install/br2_tf2_detector:/home/mbasharoush/bookros2_ws/install/br2_navigation:/home/mbasharoush/bookros2_ws/install/br2_fsm_bumpgo_cpp:/home/mbasharoush/bookros2_ws/install/br2_bt_patrolling:/home/mbasharoush/bookros2_ws/install/br2_bt_bumpgo:/home/mbasharoush/bookros2_ws/install/br2_basics:/home/mbasharoush/install/gazebo_ros2_control_demos:/home/mbasharoush/install/ros2_controllers:/home/mbasharoush/install/velocity_controllers:/home/mbasharoush/install/urdf_test:/home/mbasharoush/install/tiago_simulation:/home/mbasharoush/install/tiago_robot:/home/mbasharoush/install/tiago_2dnav_gazebo:/home/mbasharoush/install/tiago_gazebo:/home/mbasharoush/install/tiago_bringup:/home/mbasharoush/install/pmb2_robot:/home/mbasharoush/install/pmb2_bringup:/home/mbasharoush/install/twist_mux:/home/mbasharoush/install/transmission_interface:/home/mbasharoush/install/tiago_description:/home/mbasharoush/install/tiago_description_calibration:/home/mbasharoush/install/tiago_controller_configuration:/home/mbasharoush/install/ros2_control:/home/mbasharoush/install/ros2_control_test_assets:/home/mbasharoush/install/pal_gripper:/home/mbasharoush/install/pal_gripper_controller_configuration:/home/mbasharoush/install/position_controllers:/home/mbasharoush/install/pmb2_navigation:/home/mbasharoush/install/pmb2_2dnav:/home/mbasharoush/install/pmb2_maps:/home/mbasharoush/install/pmb2_description:/home/mbasharoush/install/pmb2_controller_configuration:/home/mbasharoush/install/pal_gripper_description:/home/mbasharoush/install/pal_gazebo_worlds:/home/mbasharoush/install/my_package:/home/mbasharoush/install/joint_trajectory_controller:/home/mbasharoush/install/joint_state_controller:/home/mbasharoush/install/joint_state_broadcaster:/home/mbasharoush/install/imu_sensor_broadcaster:/home/mbasharoush/install/hey5_description:/home/mbasharoush/install/gripper_controllers:/home/mbasharoush/install/gazebo_ros2_control:/home/mbasharoush/install/effort_controllers:/home/mbasharoush/install/forward_command_controller:/home/mbasharoush/install/force_torque_sensor_broadcaster:/home/mbasharoush/install/diff_drive_controller:/home/mbasharoush/install/controller_manager:/home/mbasharoush/install/controller_interface:/home/mbasharoush/install/hardware_interface:/home/mbasharoush/install/groot:/home/mbasharoush/install/controller_manager_msgs:/home/mbasharoush/install/br2_vff_avoidance:/home/mbasharoush/install/br2_tracking:/home/mbasharoush/install/br2_tracking_msgs:/home/mbasharoush/install/br2_tiago:/home/mbasharoush/install/br2_tf2_detector:/home/mbasharoush/install/br2_navigation:/home/mbasharoush/install/br2_fsm_bumpgo_cpp:/home/mbasharoush/install/br2_bt_patrolling:/home/mbasharoush/install/br2_bt_bumpgo:/home/mbasharoush/install/br2_basics:/home/mbasharoush/turtlebot3_ws/install/turtlebot3_teleop:/home/mbasharoush/turtlebot3_ws/install/turtlebot3_example:/home/mbasharoush/bookros2_ws/install/ros2controlcli:/home/mbasharoush/bookros2_ws/install/launch_pal:/home/mbasharoush/bookros2_ws/install/br2_fsm_bumpgo_py:/home/mbasharoush/install/ros2controlcli:/home/mbasharoush/install/launch_pal:/home/mbasharoush/install/br2_fsm_bumpgo_py:/opt/ros/foxy /usr/bin/cmake --build /home/mbasharoush/turtlebot3_ws/build/multi_tb3 -- -j4 -l4
[1.067s] DEBUG:colcon.colcon_core.event_handler.log_command:Invoked command in '/home/mbasharoush/turtlebot3_ws/build/multi_tb3' returned '0': CMAKE_PREFIX_PATH=/home/mbasharoush/turtlebot3_ws/install/turtlebot3_gazebo:/home/mbasharoush/turtlebot3_ws/install/turtlebot3_description:/home/mbasharoush/turtlebot3_ws/install/multi_tb3:/home/mbasharoush/turtlebot3_ws/install/turtlebot3:/home/mbasharoush/turtlebot3_ws/install/turtlebot3_simulations:/home/mbasharoush/turtlebot3_ws/install/turtlebot3_bringup:/home/mbasharoush/turtlebot3_ws/install/turtlebot3_node:/home/mbasharoush/turtlebot3_ws/install/turtlebot3_navigation2:/home/mbasharoush/turtlebot3_ws/install/turtlebot3_fake_node:/home/mbasharoush/turtlebot3_ws/install/turtlebot3_msgs:/home/mbasharoush/turtlebot3_ws/install/turtlebot3_cartographer:/home/mbasharoush/turtlebot3_ws/install/robotics_slam:/home/mbasharoush/turtlebot3_ws/install/dynamixel_sdk_examples:/home/mbasharoush/turtlebot3_ws/install/dynamixel_sdk_custom_interfaces:/home/mbasharoush/turtlebot3_ws/install/dynamixel_sdk:/home/mbasharoush/turtlebot3_ws/install/bump_go_cpp:/home/mbasharoush/bookros2_ws/install/gazebo_ros2_control_demos:/home/mbasharoush/bookros2_ws/install/ros2_controllers:/home/mbasharoush/bookros2_ws/install/velocity_controllers:/home/mbasharoush/bookros2_ws/install/urdf_test:/home/mbasharoush/bookros2_ws/install/tiago_simulation:/home/mbasharoush/bookros2_ws/install/tiago_robot:/home/mbasharoush/bookros2_ws/install/tiago_2dnav_gazebo:/home/mbasharoush/bookros2_ws/install/tiago_gazebo:/home/mbasharoush/bookros2_ws/install/tiago_bringup:/home/mbasharoush/bookros2_ws/install/pmb2_robot:/home/mbasharoush/bookros2_ws/install/pmb2_bringup:/home/mbasharoush/bookros2_ws/install/twist_mux:/home/mbasharoush/bookros2_ws/install/transmission_interface:/home/mbasharoush/bookros2_ws/install/tiago_description:/home/mbasharoush/bookros2_ws/install/tiago_description_calibration:/home/mbasharoush/bookros2_ws/install/tiago_controller_configuration:/home/mbasharoush/bookros2_ws/install/ros2_control:/home/mbasharoush/bookros2_ws/install/ros2_control_test_assets:/home/mbasharoush/bookros2_ws/install/pal_gripper:/home/mbasharoush/bookros2_ws/install/pal_gripper_controller_configuration:/home/mbasharoush/bookros2_ws/install/position_controllers:/home/mbasharoush/bookros2_ws/install/pmb2_navigation:/home/mbasharoush/bookros2_ws/install/pmb2_2dnav:/home/mbasharoush/bookros2_ws/install/pmb2_maps:/home/mbasharoush/bookros2_ws/install/pmb2_description:/home/mbasharoush/bookros2_ws/install/pmb2_controller_configuration:/home/mbasharoush/bookros2_ws/install/pal_gripper_description:/home/mbasharoush/bookros2_ws/install/pal_gazebo_worlds:/home/mbasharoush/bookros2_ws/install/joint_trajectory_controller:/home/mbasharoush/bookros2_ws/install/joint_state_controller:/home/mbasharoush/bookros2_ws/install/joint_state_broadcaster:/home/mbasharoush/bookros2_ws/install/imu_sensor_broadcaster:/home/mbasharoush/bookros2_ws/install/hey5_description:/home/mbasharoush/bookros2_ws/install/gripper_controllers:/home/mbasharoush/bookros2_ws/install/gazebo_ros2_control:/home/mbasharoush/bookros2_ws/install/effort_controllers:/home/mbasharoush/bookros2_ws/install/forward_command_controller:/home/mbasharoush/bookros2_ws/install/force_torque_sensor_broadcaster:/home/mbasharoush/bookros2_ws/install/diff_drive_controller:/home/mbasharoush/bookros2_ws/install/controller_manager:/home/mbasharoush/bookros2_ws/install/controller_interface:/home/mbasharoush/bookros2_ws/install/hardware_interface:/home/mbasharoush/bookros2_ws/install/groot:/home/mbasharoush/bookros2_ws/install/controller_manager_msgs:/home/mbasharoush/bookros2_ws/install/br2_vff_avoidance:/home/mbasharoush/bookros2_ws/install/br2_tracking:/home/mbasharoush/bookros2_ws/install/br2_tracking_msgs:/home/mbasharoush/bookros2_ws/install/br2_tiago:/home/mbasharoush/bookros2_ws/install/br2_tf2_detector:/home/mbasharoush/bookros2_ws/install/br2_navigation:/home/mbasharoush/bookros2_ws/install/br2_fsm_bumpgo_cpp:/home/mbasharoush/bookros2_ws/install/br2_bt_patrolling:/home/mbasharoush/bookros2_ws/install/br2_bt_bumpgo:/home/mbasharoush/bookros2_ws/install/br2_basics:/home/mbasharoush/install/gazebo_ros2_control_demos:/home/mbasharoush/install/ros2_controllers:/home/mbasharoush/install/velocity_controllers:/home/mbasharoush/install/urdf_test:/home/mbasharoush/install/tiago_simulation:/home/mbasharoush/install/tiago_robot:/home/mbasharoush/install/tiago_2dnav_gazebo:/home/mbasharoush/install/tiago_gazebo:/home/mbasharoush/install/tiago_bringup:/home/mbasharoush/install/pmb2_robot:/home/mbasharoush/install/pmb2_bringup:/home/mbasharoush/install/twist_mux:/home/mbasharoush/install/transmission_interface:/home/mbasharoush/install/tiago_description:/home/mbasharoush/install/tiago_description_calibration:/home/mbasharoush/install/tiago_controller_configuration:/home/mbasharoush/install/ros2_control:/home/mbasharoush/install/ros2_control_test_assets:/home/mbasharoush/install/pal_gripper:/home/mbasharoush/install/pal_gripper_controller_configuration:/home/mbasharoush/install/position_controllers:/home/mbasharoush/install/pmb2_navigation:/home/mbasharoush/install/pmb2_2dnav:/home/mbasharoush/install/pmb2_maps:/home/mbasharoush/install/pmb2_description:/home/mbasharoush/install/pmb2_controller_configuration:/home/mbasharoush/install/pal_gripper_description:/home/mbasharoush/install/pal_gazebo_worlds:/home/mbasharoush/install/my_package:/home/mbasharoush/install/joint_trajectory_controller:/home/mbasharoush/install/joint_state_controller:/home/mbasharoush/install/joint_state_broadcaster:/home/mbasharoush/install/imu_sensor_broadcaster:/home/mbasharoush/install/hey5_description:/home/mbasharoush/install/gripper_controllers:/home/mbasharoush/install/gazebo_ros2_control:/home/mbasharoush/install/effort_controllers:/home/mbasharoush/install/forward_command_controller:/home/mbasharoush/install/force_torque_sensor_broadcaster:/home/mbasharoush/install/diff_drive_controller:/home/mbasharoush/install/controller_manager:/home/mbasharoush/install/controller_interface:/home/mbasharoush/install/hardware_interface:/home/mbasharoush/install/groot:/home/mbasharoush/install/controller_manager_msgs:/home/mbasharoush/install/br2_vff_avoidance:/home/mbasharoush/install/br2_tracking:/home/mbasharoush/install/br2_tracking_msgs:/home/mbasharoush/install/br2_tiago:/home/mbasharoush/install/br2_tf2_detector:/home/mbasharoush/install/br2_navigation:/home/mbasharoush/install/br2_fsm_bumpgo_cpp:/home/mbasharoush/install/br2_bt_patrolling:/home/mbasharoush/install/br2_bt_bumpgo:/home/mbasharoush/install/br2_basics:/home/mbasharoush/turtlebot3_ws/install/turtlebot3_teleop:/home/mbasharoush/turtlebot3_ws/install/turtlebot3_example:/home/mbasharoush/bookros2_ws/install/ros2controlcli:/home/mbasharoush/bookros2_ws/install/launch_pal:/home/mbasharoush/bookros2_ws/install/br2_fsm_bumpgo_py:/home/mbasharoush/install/ros2controlcli:/home/mbasharoush/install/launch_pal:/home/mbasharoush/install/br2_fsm_bumpgo_py:/opt/ros/foxy /usr/bin/cmake --build /home/mbasharoush/turtlebot3_ws/build/multi_tb3 -- -j4 -l4
[1.106s] DEBUG:colcon.colcon_core.event_handler.log_command:Invoking command in '/home/mbasharoush/turtlebot3_ws/build/multi_tb3': CMAKE_PREFIX_PATH=/home/mbasharoush/turtlebot3_ws/install/turtlebot3_gazebo:/home/mbasharoush/turtlebot3_ws/install/turtlebot3_description:/home/mbasharoush/turtlebot3_ws/install/multi_tb3:/home/mbasharoush/turtlebot3_ws/install/turtlebot3:/home/mbasharoush/turtlebot3_ws/install/turtlebot3_simulations:/home/mbasharoush/turtlebot3_ws/install/turtlebot3_bringup:/home/mbasharoush/turtlebot3_ws/install/turtlebot3_node:/home/mbasharoush/turtlebot3_ws/install/turtlebot3_navigation2:/home/mbasharoush/turtlebot3_ws/install/turtlebot3_fake_node:/home/mbasharoush/turtlebot3_ws/install/turtlebot3_msgs:/home/mbasharoush/turtlebot3_ws/install/turtlebot3_cartographer:/home/mbasharoush/turtlebot3_ws/install/robotics_slam:/home/mbasharoush/turtlebot3_ws/install/dynamixel_sdk_examples:/home/mbasharoush/turtlebot3_ws/install/dynamixel_sdk_custom_interfaces:/home/mbasharoush/turtlebot3_ws/install/dynamixel_sdk:/home/mbasharoush/turtlebot3_ws/install/bump_go_cpp:/home/mbasharoush/bookros2_ws/install/gazebo_ros2_control_demos:/home/mbasharoush/bookros2_ws/install/ros2_controllers:/home/mbasharoush/bookros2_ws/install/velocity_controllers:/home/mbasharoush/bookros2_ws/install/urdf_test:/home/mbasharoush/bookros2_ws/install/tiago_simulation:/home/mbasharoush/bookros2_ws/install/tiago_robot:/home/mbasharoush/bookros2_ws/install/tiago_2dnav_gazebo:/home/mbasharoush/bookros2_ws/install/tiago_gazebo:/home/mbasharoush/bookros2_ws/install/tiago_bringup:/home/mbasharoush/bookros2_ws/install/pmb2_robot:/home/mbasharoush/bookros2_ws/install/pmb2_bringup:/home/mbasharoush/bookros2_ws/install/twist_mux:/home/mbasharoush/bookros2_ws/install/transmission_interface:/home/mbasharoush/bookros2_ws/install/tiago_description:/home/mbasharoush/bookros2_ws/install/tiago_description_calibration:/home/mbasharoush/bookros2_ws/install/tiago_controller_configuration:/home/mbasharoush/bookros2_ws/install/ros2_control:/home/mbasharoush/bookros2_ws/install/ros2_control_test_assets:/home/mbasharoush/bookros2_ws/install/pal_gripper:/home/mbasharoush/bookros2_ws/install/pal_gripper_controller_configuration:/home/mbasharoush/bookros2_ws/install/position_controllers:/home/mbasharoush/bookros2_ws/install/pmb2_navigation:/home/mbasharoush/bookros2_ws/install/pmb2_2dnav:/home/mbasharoush/bookros2_ws/install/pmb2_maps:/home/mbasharoush/bookros2_ws/install/pmb2_description:/home/mbasharoush/bookros2_ws/install/pmb2_controller_configuration:/home/mbasharoush/bookros2_ws/install/pal_gripper_description:/home/mbasharoush/bookros2_ws/install/pal_gazebo_worlds:/home/mbasharoush/bookros2_ws/install/joint_trajectory_controller:/home/mbasharoush/bookros2_ws/install/joint_state_controller:/home/mbasharoush/bookros2_ws/install/joint_state_broadcaster:/home/mbasharoush/bookros2_ws/install/imu_sensor_broadcaster:/home/mbasharoush/bookros2_ws/install/hey5_description:/home/mbasharoush/bookros2_ws/install/gripper_controllers:/home/mbasharoush/bookros2_ws/install/gazebo_ros2_control:/home/mbasharoush/bookros2_ws/install/effort_controllers:/home/mbasharoush/bookros2_ws/install/forward_command_controller:/home/mbasharoush/bookros2_ws/install/force_torque_sensor_broadcaster:/home/mbasharoush/bookros2_ws/install/diff_drive_controller:/home/mbasharoush/bookros2_ws/install/controller_manager:/home/mbasharoush/bookros2_ws/install/controller_interface:/home/mbasharoush/bookros2_ws/install/hardware_interface:/home/mbasharoush/bookros2_ws/install/groot:/home/mbasharoush/bookros2_ws/install/controller_manager_msgs:/home/mbasharoush/bookros2_ws/install/br2_vff_avoidance:/home/mbasharoush/bookros2_ws/install/br2_tracking:/home/mbasharoush/bookros2_ws/install/br2_tracking_msgs:/home/mbasharoush/bookros2_ws/install/br2_tiago:/home/mbasharoush/bookros2_ws/install/br2_tf2_detector:/home/mbasharoush/bookros2_ws/install/br2_navigation:/home/mbasharoush/bookros2_ws/install/br2_fsm_bumpgo_cpp:/home/mbasharoush/bookros2_ws/install/br2_bt_patrolling:/home/mbasharoush/bookros2_ws/install/br2_bt_bumpgo:/home/mbasharoush/bookros2_ws/install/br2_basics:/home/mbasharoush/install/gazebo_ros2_control_demos:/home/mbasharoush/install/ros2_controllers:/home/mbasharoush/install/velocity_controllers:/home/mbasharoush/install/urdf_test:/home/mbasharoush/install/tiago_simulation:/home/mbasharoush/install/tiago_robot:/home/mbasharoush/install/tiago_2dnav_gazebo:/home/mbasharoush/install/tiago_gazebo:/home/mbasharoush/install/tiago_bringup:/home/mbasharoush/install/pmb2_robot:/home/mbasharoush/install/pmb2_bringup:/home/mbasharoush/install/twist_mux:/home/mbasharoush/install/transmission_interface:/home/mbasharoush/install/tiago_description:/home/mbasharoush/install/tiago_description_calibration:/home/mbasharoush/install/tiago_controller_configuration:/home/mbasharoush/install/ros2_control:/home/mbasharoush/install/ros2_control_test_assets:/home/mbasharoush/install/pal_gripper:/home/mbasharoush/install/pal_gripper_controller_configuration:/home/mbasharoush/install/position_controllers:/home/mbasharoush/install/pmb2_navigation:/home/mbasharoush/install/pmb2_2dnav:/home/mbasharoush/install/pmb2_maps:/home/mbasharoush/install/pmb2_description:/home/mbasharoush/install/pmb2_controller_configuration:/home/mbasharoush/install/pal_gripper_description:/home/mbasharoush/install/pal_gazebo_worlds:/home/mbasharoush/install/my_package:/home/mbasharoush/install/joint_trajectory_controller:/home/mbasharoush/install/joint_state_controller:/home/mbasharoush/install/joint_state_broadcaster:/home/mbasharoush/install/imu_sensor_broadcaster:/home/mbasharoush/install/hey5_description:/home/mbasharoush/install/gripper_controllers:/home/mbasharoush/install/gazebo_ros2_control:/home/mbasharoush/install/effort_controllers:/home/mbasharoush/install/forward_command_controller:/home/mbasharoush/install/force_torque_sensor_broadcaster:/home/mbasharoush/install/diff_drive_controller:/home/mbasharoush/install/controller_manager:/home/mbasharoush/install/controller_interface:/home/mbasharoush/install/hardware_interface:/home/mbasharoush/install/groot:/home/mbasharoush/install/controller_manager_msgs:/home/mbasharoush/install/br2_vff_avoidance:/home/mbasharoush/install/br2_tracking:/home/mbasharoush/install/br2_tracking_msgs:/home/mbasharoush/install/br2_tiago:/home/mbasharoush/install/br2_tf2_detector:/home/mbasharoush/install/br2_navigation:/home/mbasharoush/install/br2_fsm_bumpgo_cpp:/home/mbasharoush/install/br2_bt_patrolling:/home/mbasharoush/install/br2_bt_bumpgo:/home/mbasharoush/install/br2_basics:/home/mbasharoush/turtlebot3_ws/install/turtlebot3_teleop:/home/mbasharoush/turtlebot3_ws/install/turtlebot3_example:/home/mbasharoush/bookros2_ws/install/ros2controlcli:/home/mbasharoush/bookros2_ws/install/launch_pal:/home/mbasharoush/bookros2_ws/install/br2_fsm_bumpgo_py:/home/mbasharoush/install/ros2controlcli:/home/mbasharoush/install/launch_pal:/home/mbasharoush/install/br2_fsm_bumpgo_py:/opt/ros/foxy /usr/bin/cmake --install /home/mbasharoush/turtlebot3_ws/build/multi_tb3
[1.165s] Level 1:colcon.colcon_core.environment:create_environment_scripts_only(multi_tb3)
[1.172s] DEBUG:colcon.colcon_core.event_handler.log_command:Invoked command in '/home/mbasharoush/turtlebot3_ws/build/multi_tb3' returned '0': CMAKE_PREFIX_PATH=/home/mbasharoush/turtlebot3_ws/install/turtlebot3_gazebo:/home/mbasharoush/turtlebot3_ws/install/turtlebot3_description:/home/mbasharoush/turtlebot3_ws/install/multi_tb3:/home/mbasharoush/turtlebot3_ws/install/turtlebot3:/home/mbasharoush/turtlebot3_ws/install/turtlebot3_simulations:/home/mbasharoush/turtlebot3_ws/install/turtlebot3_bringup:/home/mbasharoush/turtlebot3_ws/install/turtlebot3_node:/home/mbasharoush/turtlebot3_ws/install/turtlebot3_navigation2:/home/mbasharoush/turtlebot3_ws/install/turtlebot3_fake_node:/home/mbasharoush/turtlebot3_ws/install/turtlebot3_msgs:/home/mbasharoush/turtlebot3_ws/install/turtlebot3_cartographer:/home/mbasharoush/turtlebot3_ws/install/robotics_slam:/home/mbasharoush/turtlebot3_ws/install/dynamixel_sdk_examples:/home/mbasharoush/turtlebot3_ws/install/dynamixel_sdk_custom_interfaces:/home/mbasharoush/turtlebot3_ws/install/dynamixel_sdk:/home/mbasharoush/turtlebot3_ws/install/bump_go_cpp:/home/mbasharoush/bookros2_ws/install/gazebo_ros2_control_demos:/home/mbasharoush/bookros2_ws/install/ros2_controllers:/home/mbasharoush/bookros2_ws/install/velocity_controllers:/home/mbasharoush/bookros2_ws/install/urdf_test:/home/mbasharoush/bookros2_ws/install/tiago_simulation:/home/mbasharoush/bookros2_ws/install/tiago_robot:/home/mbasharoush/bookros2_ws/install/tiago_2dnav_gazebo:/home/mbasharoush/bookros2_ws/install/tiago_gazebo:/home/mbasharoush/bookros2_ws/install/tiago_bringup:/home/mbasharoush/bookros2_ws/install/pmb2_robot:/home/mbasharoush/bookros2_ws/install/pmb2_bringup:/home/mbasharoush/bookros2_ws/install/twist_mux:/home/mbasharoush/bookros2_ws/install/transmission_interface:/home/mbasharoush/bookros2_ws/install/tiago_description:/home/mbasharoush/bookros2_ws/install/tiago_description_calibration:/home/mbasharoush/bookros2_ws/install/tiago_controller_configuration:/home/mbasharoush/bookros2_ws/install/ros2_control:/home/mbasharoush/bookros2_ws/install/ros2_control_test_assets:/home/mbasharoush/bookros2_ws/install/pal_gripper:/home/mbasharoush/bookros2_ws/install/pal_gripper_controller_configuration:/home/mbasharoush/bookros2_ws/install/position_controllers:/home/mbasharoush/bookros2_ws/install/pmb2_navigation:/home/mbasharoush/bookros2_ws/install/pmb2_2dnav:/home/mbasharoush/bookros2_ws/install/pmb2_maps:/home/mbasharoush/bookros2_ws/install/pmb2_description:/home/mbasharoush/bookros2_ws/install/pmb2_controller_configuration:/home/mbasharoush/bookros2_ws/install/pal_gripper_description:/home/mbasharoush/bookros2_ws/install/pal_gazebo_worlds:/home/mbasharoush/bookros2_ws/install/joint_trajectory_controller:/home/mbasharoush/bookros2_ws/install/joint_state_controller:/home/mbasharoush/bookros2_ws/install/joint_state_broadcaster:/home/mbasharoush/bookros2_ws/install/imu_sensor_broadcaster:/home/mbasharoush/bookros2_ws/install/hey5_description:/home/mbasharoush/bookros2_ws/install/gripper_controllers:/home/mbasharoush/bookros2_ws/install/gazebo_ros2_control:/home/mbasharoush/bookros2_ws/install/effort_controllers:/home/mbasharoush/bookros2_ws/install/forward_command_controller:/home/mbasharoush/bookros2_ws/install/force_torque_sensor_broadcaster:/home/mbasharoush/bookros2_ws/install/diff_drive_controller:/home/mbasharoush/bookros2_ws/install/controller_manager:/home/mbasharoush/bookros2_ws/install/controller_interface:/home/mbasharoush/bookros2_ws/install/hardware_interface:/home/mbasharoush/bookros2_ws/install/groot:/home/mbasharoush/bookros2_ws/install/controller_manager_msgs:/home/mbasharoush/bookros2_ws/install/br2_vff_avoidance:/home/mbasharoush/bookros2_ws/install/br2_tracking:/home/mbasharoush/bookros2_ws/install/br2_tracking_msgs:/home/mbasharoush/bookros2_ws/install/br2_tiago:/home/mbasharoush/bookros2_ws/install/br2_tf2_detector:/home/mbasharoush/bookros2_ws/install/br2_navigation:/home/mbasharoush/bookros2_ws/install/br2_fsm_bumpgo_cpp:/home/mbasharoush/bookros2_ws/install/br2_bt_patrolling:/home/mbasharoush/bookros2_ws/install/br2_bt_bumpgo:/home/mbasharoush/bookros2_ws/install/br2_basics:/home/mbasharoush/install/gazebo_ros2_control_demos:/home/mbasharoush/install/ros2_controllers:/home/mbasharoush/install/velocity_controllers:/home/mbasharoush/install/urdf_test:/home/mbasharoush/install/tiago_simulation:/home/mbasharoush/install/tiago_robot:/home/mbasharoush/install/tiago_2dnav_gazebo:/home/mbasharoush/install/tiago_gazebo:/home/mbasharoush/install/tiago_bringup:/home/mbasharoush/install/pmb2_robot:/home/mbasharoush/install/pmb2_bringup:/home/mbasharoush/install/twist_mux:/home/mbasharoush/install/transmission_interface:/home/mbasharoush/install/tiago_description:/home/mbasharoush/install/tiago_description_calibration:/home/mbasharoush/install/tiago_controller_configuration:/home/mbasharoush/install/ros2_control:/home/mbasharoush/install/ros2_control_test_assets:/home/mbasharoush/install/pal_gripper:/home/mbasharoush/install/pal_gripper_controller_configuration:/home/mbasharoush/install/position_controllers:/home/mbasharoush/install/pmb2_navigation:/home/mbasharoush/install/pmb2_2dnav:/home/mbasharoush/install/pmb2_maps:/home/mbasharoush/install/pmb2_description:/home/mbasharoush/install/pmb2_controller_configuration:/home/mbasharoush/install/pal_gripper_description:/home/mbasharoush/install/pal_gazebo_worlds:/home/mbasharoush/install/my_package:/home/mbasharoush/install/joint_trajectory_controller:/home/mbasharoush/install/joint_state_controller:/home/mbasharoush/install/joint_state_broadcaster:/home/mbasharoush/install/imu_sensor_broadcaster:/home/mbasharoush/install/hey5_description:/home/mbasharoush/install/gripper_controllers:/home/mbasharoush/install/gazebo_ros2_control:/home/mbasharoush/install/effort_controllers:/home/mbasharoush/install/forward_command_controller:/home/mbasharoush/install/force_torque_sensor_broadcaster:/home/mbasharoush/install/diff_drive_controller:/home/mbasharoush/install/controller_manager:/home/mbasharoush/install/controller_interface:/home/mbasharoush/install/hardware_interface:/home/mbasharoush/install/groot:/home/mbasharoush/install/controller_manager_msgs:/home/mbasharoush/install/br2_vff_avoidance:/home/mbasharoush/install/br2_tracking:/home/mbasharoush/install/br2_tracking_msgs:/home/mbasharoush/install/br2_tiago:/home/mbasharoush/install/br2_tf2_detector:/home/mbasharoush/install/br2_navigation:/home/mbasharoush/install/br2_fsm_bumpgo_cpp:/home/mbasharoush/install/br2_bt_patrolling:/home/mbasharoush/install/br2_bt_bumpgo:/home/mbasharoush/install/br2_basics:/home/mbasharoush/turtlebot3_ws/install/turtlebot3_teleop:/home/mbasharoush/turtlebot3_ws/install/turtlebot3_example:/home/mbasharoush/bookros2_ws/install/ros2controlcli:/home/mbasharoush/bookros2_ws/install/launch_pal:/home/mbasharoush/bookros2_ws/install/br2_fsm_bumpgo_py:/home/mbasharoush/install/ros2controlcli:/home/mbasharoush/install/launch_pal:/home/mbasharoush/install/br2_fsm_bumpgo_py:/opt/ros/foxy /usr/bin/cmake --install /home/mbasharoush/turtlebot3_ws/build/multi_tb3
[1.174s] Level 1:colcon.colcon_core.environment:checking '/home/mbasharoush/turtlebot3_ws/install/multi_tb3' for CMake module files
[1.175s] Level 1:colcon.colcon_core.environment:checking '/home/mbasharoush/turtlebot3_ws/install/multi_tb3' for CMake config files
[1.175s] Level 1:colcon.colcon_core.shell:create_environment_hook('multi_tb3', 'cmake_prefix_path')
[1.176s] INFO:colcon.colcon_core.shell:Creating environment hook '/home/mbasharoush/turtlebot3_ws/install/multi_tb3/share/multi_tb3/hook/cmake_prefix_path.ps1'
[1.178s] INFO:colcon.colcon_core.shell:Creating environment descriptor '/home/mbasharoush/turtlebot3_ws/install/multi_tb3/share/multi_tb3/hook/cmake_prefix_path.dsv'
[1.179s] INFO:colcon.colcon_core.shell:Creating environment hook '/home/mbasharoush/turtlebot3_ws/install/multi_tb3/share/multi_tb3/hook/cmake_prefix_path.sh'
[1.181s] Level 1:colcon.colcon_core.environment:checking '/home/mbasharoush/turtlebot3_ws/install/multi_tb3/bin'
[1.181s] Level 1:colcon.colcon_core.environment:checking '/home/mbasharoush/turtlebot3_ws/install/multi_tb3/lib/pkgconfig/multi_tb3.pc'
[1.181s] Level 1:colcon.colcon_core.environment:checking '/home/mbasharoush/turtlebot3_ws/install/multi_tb3/lib/python3.8/site-packages'
[1.182s] Level 1:colcon.colcon_core.environment:checking '/home/mbasharoush/turtlebot3_ws/install/multi_tb3/bin'
[1.182s] INFO:colcon.colcon_core.shell:Creating package script '/home/mbasharoush/turtlebot3_ws/install/multi_tb3/share/multi_tb3/package.ps1'
[1.183s] INFO:colcon.colcon_core.shell:Creating package descriptor '/home/mbasharoush/turtlebot3_ws/install/multi_tb3/share/multi_tb3/package.dsv'
[1.188s] INFO:colcon.colcon_core.shell:Creating package script '/home/mbasharoush/turtlebot3_ws/install/multi_tb3/share/multi_tb3/package.sh'
[1.190s] INFO:colcon.colcon_core.shell:Creating package script '/home/mbasharoush/turtlebot3_ws/install/multi_tb3/share/multi_tb3/package.bash'
[1.191s] INFO:colcon.colcon_core.shell:Creating package script '/home/mbasharoush/turtlebot3_ws/install/multi_tb3/share/multi_tb3/package.zsh'
[1.194s] Level 1:colcon.colcon_core.environment:create_file_with_runtime_dependencies(/home/mbasharoush/turtlebot3_ws/install/multi_tb3/share/colcon-core/packages/multi_tb3)
[1.197s] Level 1:colcon.colcon_core.environment:create_environment_scripts_only(multi_tb3)
[1.198s] Level 1:colcon.colcon_core.environment:checking '/home/mbasharoush/turtlebot3_ws/install/multi_tb3' for CMake module files
[1.199s] Level 1:colcon.colcon_core.environment:checking '/home/mbasharoush/turtlebot3_ws/install/multi_tb3' for CMake config files
[1.200s] Level 1:colcon.colcon_core.shell:create_environment_hook('multi_tb3', 'cmake_prefix_path')
[1.201s] INFO:colcon.colcon_core.shell:Creating environment hook '/home/mbasharoush/turtlebot3_ws/install/multi_tb3/share/multi_tb3/hook/cmake_prefix_path.ps1'
[1.202s] INFO:colcon.colcon_core.shell:Creating environment descriptor '/home/mbasharoush/turtlebot3_ws/install/multi_tb3/share/multi_tb3/hook/cmake_prefix_path.dsv'
[1.204s] INFO:colcon.colcon_core.shell:Creating environment hook '/home/mbasharoush/turtlebot3_ws/install/multi_tb3/share/multi_tb3/hook/cmake_prefix_path.sh'
[1.205s] Level 1:colcon.colcon_core.environment:checking '/home/mbasharoush/turtlebot3_ws/install/multi_tb3/bin'
[1.206s] Level 1:colcon.colcon_core.environment:checking '/home/mbasharoush/turtlebot3_ws/install/multi_tb3/lib/pkgconfig/multi_tb3.pc'
[1.206s] Level 1:colcon.colcon_core.environment:checking '/home/mbasharoush/turtlebot3_ws/install/multi_tb3/lib/python3.8/site-packages'
[1.206s] Level 1:colcon.colcon_core.environment:checking '/home/mbasharoush/turtlebot3_ws/install/multi_tb3/bin'
[1.206s] INFO:colcon.colcon_core.shell:Creating package script '/home/mbasharoush/turtlebot3_ws/install/multi_tb3/share/multi_tb3/package.ps1'
[1.207s] INFO:colcon.colcon_core.shell:Creating package descriptor '/home/mbasharoush/turtlebot3_ws/install/multi_tb3/share/multi_tb3/package.dsv'
[1.209s] INFO:colcon.colcon_core.shell:Creating package script '/home/mbasharoush/turtlebot3_ws/install/multi_tb3/share/multi_tb3/package.sh'
[1.210s] INFO:colcon.colcon_core.shell:Creating package script '/home/mbasharoush/turtlebot3_ws/install/multi_tb3/share/multi_tb3/package.bash'
[1.211s] INFO:colcon.colcon_core.shell:Creating package script '/home/mbasharoush/turtlebot3_ws/install/multi_tb3/share/multi_tb3/package.zsh'
[1.212s] Level 1:colcon.colcon_core.environment:create_file_with_runtime_dependencies(/home/mbasharoush/turtlebot3_ws/install/multi_tb3/share/colcon-core/packages/multi_tb3)
[1.213s] DEBUG:colcon.colcon_parallel_executor.executor.parallel:closing loop
[1.213s] DEBUG:colcon.colcon_parallel_executor.executor.parallel:loop closed
[1.213s] DEBUG:colcon.colcon_parallel_executor.executor.parallel:run_until_complete finished with '0'
[1.214s] DEBUG:colcon.colcon_core.event_reactor:joining thread
[1.228s] INFO:colcon.colcon_core.plugin_system:Skipping extension 'colcon_notification.desktop_notification.terminal_notifier': Not used on non-Darwin systems
[1.228s] INFO:colcon.colcon_core.plugin_system:Skipping extension 'colcon_notification.desktop_notification.win32': Not used on non-Windows systems
[1.229s] INFO:colcon.colcon_notification.desktop_notification:Sending desktop notification using 'notify2'
[1.259s] DEBUG:colcon.colcon_core.event_reactor:joined thread
[1.260s] INFO:colcon.colcon_core.shell:Creating prefix script '/home/mbasharoush/turtlebot3_ws/install/local_setup.ps1'
[1.261s] INFO:colcon.colcon_core.shell:Creating prefix util module '/home/mbasharoush/turtlebot3_ws/install/_local_setup_util_ps1.py'
[1.265s] INFO:colcon.colcon_core.shell:Creating prefix chain script '/home/mbasharoush/turtlebot3_ws/install/setup.ps1'
[1.286s] INFO:colcon.colcon_core.shell:Creating prefix script '/home/mbasharoush/turtlebot3_ws/install/local_setup.sh'
[1.287s] INFO:colcon.colcon_core.shell:Creating prefix util module '/home/mbasharoush/turtlebot3_ws/install/_local_setup_util_sh.py'
[1.292s] INFO:colcon.colcon_core.shell:Creating prefix chain script '/home/mbasharoush/turtlebot3_ws/install/setup.sh'
[1.319s] INFO:colcon.colcon_core.shell:Creating prefix script '/home/mbasharoush/turtlebot3_ws/install/local_setup.bash'
[1.326s] INFO:colcon.colcon_core.shell:Creating prefix chain script '/home/mbasharoush/turtlebot3_ws/install/setup.bash'
[1.345s] INFO:colcon.colcon_core.shell:Creating prefix script '/home/mbasharoush/turtlebot3_ws/install/local_setup.zsh'
[1.348s] INFO:colcon.colcon_core.shell:Creating prefix chain script '/home/mbasharoush/turtlebot3_ws/install/setup.zsh'
