[0.142s] Invoking command in '/home/mbasharoush/turtlebot3_ws/build/robotics_slam': CMAKE_PREFIX_PATH=${CMAKE_PREFIX_PATH}:/home/mbasharoush/turtlebot3_ws/install/turtlebot3_teleop:/home/mbasharoush/turtlebot3_ws/install/turtlebot3_example:/home/mbasharoush/bookros2_ws/install/ros2controlcli:/home/mbasharoush/bookros2_ws/install/launch_pal:/home/mbasharoush/bookros2_ws/install/br2_fsm_bumpgo_py:/home/mbasharoush/install/ros2controlcli:/home/mbasharoush/install/launch_pal:/home/mbasharoush/install/br2_fsm_bumpgo_py:/opt/ros/foxy /usr/bin/cmake /home/mbasharoush/turtlebot3_ws/src/robotics_slam -DAMENT_CMAKE_SYMLINK_INSTALL=1 -DCMAKE_INSTALL_PREFIX=/home/mbasharoush/turtlebot3_ws/install/robotics_slam
[0.223s] -- Found ament_cmake: 0.9.12 (/opt/ros/foxy/share/ament_cmake/cmake)
[0.281s] -- Using PYTHON_EXECUTABLE: /usr/bin/python3
[0.771s] -- Override CMake install command with custom implementation using symlinks instead of copying resources
[0.795s] -- Found slam_toolbox: 2.4.1 (/opt/ros/foxy/share/slam_toolbox/cmake)
[0.912s] -- Using all available rosidl_typesupport_c: rosidl_typesupport_fastrtps_c;rosidl_typesupport_introspection_c
[0.921s] -- Found rosidl_adapter: 1.3.1 (/opt/ros/foxy/share/rosidl_adapter/cmake)
[1.543s] -- Using all available rosidl_typesupport_cpp: rosidl_typesupport_fastrtps_cpp;rosidl_typesupport_introspection_cpp
[3.624s] -- Found rmw_implementation_cmake: 1.0.4 (/opt/ros/foxy/share/rmw_implementation_cmake/cmake)
[3.667s] -- Using RMW implementation 'rmw_fastrtps_cpp' as default
[5.631s] -- Found eigen3_cmake_module: 0.1.1 (/opt/ros/foxy/share/eigen3_cmake_module/cmake)
[5.954s] -- Setting OGRE_DIR to: '/opt/ros/foxy/share/rviz_ogre_vendor/cmake/../../../opt/rviz_ogre_vendor/lib/OGRE/cmake'
[5.959s] -- Found OGRE
[5.961s] --   static     : OFF
[5.962s] --   components : HLMS;MeshLodGenerator;Overlay;Paging;Property;RTShaderSystem;Terrain;Volume
[5.962s] --   plugins    : Plugin_BSPSceneManager;Plugin_OctreeSceneManager;Plugin_PCZSceneManager;Plugin_ParticleFX;RenderSystem_GL;RenderSystem_GL3Plus;Codec_STBI
[5.962s] --   media      : /opt/ros/foxy/opt/rviz_ogre_vendor/share/OGRE/Media
[5.962s] -- OGRE_LIBRARIES: OgreHLMS;OgreMeshLodGenerator;OgreOverlay;OgrePaging;OgreProperty;OgreRTShaderSystem;OgreTerrain;OgreVolume;OgreMain
[5.962s] -- OGRE_LIBRARY_DIRS: /opt/ros/foxy/opt/rviz_ogre_vendor/lib
[5.962s] -- OGRE_PLUGINS: Plugin_BSPSceneManager;Plugin_OctreeSceneManager;Plugin_PCZSceneManager;Plugin_ParticleFX;RenderSystem_GL;RenderSystem_GL3Plus;Codec_STBI
[5.962s] -- OGRE_PLUGIN_DIR: /opt/ros/foxy/opt/rviz_ogre_vendor/lib/OGRE
[5.962s] -- rviz_ogre_vendor::OgreOverlay for IMPORTED_LOCATION_RELEASE: /opt/ros/foxy/opt/rviz_ogre_vendor/lib/libOgreOverlay.so
[5.963s] -- rviz_ogre_vendor::OgreOverlay for IMPORTED_LOCATION_DEBUG: /opt/ros/foxy/opt/rviz_ogre_vendor/lib/libOgreOverlay.so
[5.963s] -- rviz_ogre_vendor::OgreMain for IMPORTED_LOCATION_RELEASE: /opt/ros/foxy/opt/rviz_ogre_vendor/lib/libOgreMain.so
[5.963s] -- rviz_ogre_vendor::OgreMain for IMPORTED_LOCATION_DEBUG: /opt/ros/foxy/opt/rviz_ogre_vendor/lib/libOgreMain.so
[6.140s] -- rviz_ogre_vendor::RenderSystem_GL for IMPORTED_LOCATION_RELEASE: _render_system_gl_static_library_abs-NOTFOUND
[6.141s] -- rviz_ogre_vendor::RenderSystem_GL for IMPORTED_LOCATION_DEBUG: _render_system_gl_static_library_abs-NOTFOUND
[6.164s] -- library: libassimp.so.5
[6.288s] -- library: /usr/lib/x86_64-linux-gnu/libcurl.so
[6.697s] -- Setting yaml-cpp_DIR to: '/opt/ros/foxy/share/yaml_cpp_vendor/cmake/../../../opt/yaml_cpp_vendor/lib/cmake/yaml-cpp'
[7.664s] -- Found nav2_lifecycle_manager: 0.4.7 (/opt/ros/foxy/share/nav2_lifecycle_manager/cmake)
[8.740s] -- Found ament_lint_auto: 0.9.8 (/opt/ros/foxy/share/ament_lint_auto/cmake)
[8.898s] -- Added test 'copyright' to check source files copyright and LICENSE
[8.902s] -- Added test 'flake8' to check Python code syntax and style conventions
[8.903s] -- Added test 'lint_cmake' to check CMake code style
[8.904s] -- Added test 'pep257' to check Python code against some of the style conventions in PEP 257
[8.906s] -- Added test 'xmllint' to check XML markup files
[8.911s] -- Configuring done
[8.918s] -- Generating done
[8.926s] -- Build files have been written to: /home/mbasharoush/turtlebot3_ws/build/robotics_slam
[8.947s] Invoked command in '/home/mbasharoush/turtlebot3_ws/build/robotics_slam' returned '0': CMAKE_PREFIX_PATH=${CMAKE_PREFIX_PATH}:/home/mbasharoush/turtlebot3_ws/install/turtlebot3_teleop:/home/mbasharoush/turtlebot3_ws/install/turtlebot3_example:/home/mbasharoush/bookros2_ws/install/ros2controlcli:/home/mbasharoush/bookros2_ws/install/launch_pal:/home/mbasharoush/bookros2_ws/install/br2_fsm_bumpgo_py:/home/mbasharoush/install/ros2controlcli:/home/mbasharoush/install/launch_pal:/home/mbasharoush/install/br2_fsm_bumpgo_py:/opt/ros/foxy /usr/bin/cmake /home/mbasharoush/turtlebot3_ws/src/robotics_slam -DAMENT_CMAKE_SYMLINK_INSTALL=1 -DCMAKE_INSTALL_PREFIX=/home/mbasharoush/turtlebot3_ws/install/robotics_slam
[8.949s] Invoking command in '/home/mbasharoush/turtlebot3_ws/build/robotics_slam': CMAKE_PREFIX_PATH=${CMAKE_PREFIX_PATH}:/home/mbasharoush/turtlebot3_ws/install/turtlebot3_teleop:/home/mbasharoush/turtlebot3_ws/install/turtlebot3_example:/home/mbasharoush/bookros2_ws/install/ros2controlcli:/home/mbasharoush/bookros2_ws/install/launch_pal:/home/mbasharoush/bookros2_ws/install/br2_fsm_bumpgo_py:/home/mbasharoush/install/ros2controlcli:/home/mbasharoush/install/launch_pal:/home/mbasharoush/install/br2_fsm_bumpgo_py:/opt/ros/foxy /usr/bin/cmake --build /home/mbasharoush/turtlebot3_ws/build/robotics_slam -- -j4 -l4
[9.111s] Invoked command in '/home/mbasharoush/turtlebot3_ws/build/robotics_slam' returned '0': CMAKE_PREFIX_PATH=${CMAKE_PREFIX_PATH}:/home/mbasharoush/turtlebot3_ws/install/turtlebot3_teleop:/home/mbasharoush/turtlebot3_ws/install/turtlebot3_example:/home/mbasharoush/bookros2_ws/install/ros2controlcli:/home/mbasharoush/bookros2_ws/install/launch_pal:/home/mbasharoush/bookros2_ws/install/br2_fsm_bumpgo_py:/home/mbasharoush/install/ros2controlcli:/home/mbasharoush/install/launch_pal:/home/mbasharoush/install/br2_fsm_bumpgo_py:/opt/ros/foxy /usr/bin/cmake --build /home/mbasharoush/turtlebot3_ws/build/robotics_slam -- -j4 -l4
[9.120s] Invoking command in '/home/mbasharoush/turtlebot3_ws/build/robotics_slam': CMAKE_PREFIX_PATH=${CMAKE_PREFIX_PATH}:/home/mbasharoush/turtlebot3_ws/install/turtlebot3_teleop:/home/mbasharoush/turtlebot3_ws/install/turtlebot3_example:/home/mbasharoush/bookros2_ws/install/ros2controlcli:/home/mbasharoush/bookros2_ws/install/launch_pal:/home/mbasharoush/bookros2_ws/install/br2_fsm_bumpgo_py:/home/mbasharoush/install/ros2controlcli:/home/mbasharoush/install/launch_pal:/home/mbasharoush/install/br2_fsm_bumpgo_py:/opt/ros/foxy /usr/bin/cmake --install /home/mbasharoush/turtlebot3_ws/build/robotics_slam
[9.165s] -- Install configuration: ""
[9.167s] -- Execute custom install script
[9.168s] -- Up-to-date symlink: /home/mbasharoush/turtlebot3_ws/install/robotics_slam/share/robotics_slam/launch/async_slam.launch.py
[9.169s] -- Up-to-date symlink: /home/mbasharoush/turtlebot3_ws/install/robotics_slam/share/robotics_slam/launch/multi_tb3_slam.launch.py
[9.172s] -- Up-to-date symlink: /home/mbasharoush/turtlebot3_ws/install/robotics_slam/share/robotics_slam/config/laser_filter_params.yaml
[9.181s] -- Up-to-date symlink: /home/mbasharoush/turtlebot3_ws/install/robotics_slam/share/robotics_slam/config/mapper_params.yaml
[9.182s] -- Up-to-date symlink: /home/mbasharoush/turtlebot3_ws/install/robotics_slam/share/robotics_slam/config/mapper_params_online_async.yaml
[9.186s] -- Up-to-date symlink: /home/mbasharoush/turtlebot3_ws/install/robotics_slam/share/robotics_slam/rviz/async_slam_config.rviz
[9.186s] -- Up-to-date symlink: /home/mbasharoush/turtlebot3_ws/install/robotics_slam/share/robotics_slam/rviz/multi_tb3.rviz
[9.187s] -- Up-to-date symlink: /home/mbasharoush/turtlebot3_ws/install/robotics_slam/share/ament_index/resource_index/package_run_dependencies/robotics_slam
[9.187s] -- Up-to-date symlink: /home/mbasharoush/turtlebot3_ws/install/robotics_slam/share/ament_index/resource_index/parent_prefix_path/robotics_slam
[9.188s] -- Up-to-date symlink: /home/mbasharoush/turtlebot3_ws/install/robotics_slam/share/robotics_slam/environment/ament_prefix_path.sh
[9.188s] -- Up-to-date symlink: /home/mbasharoush/turtlebot3_ws/install/robotics_slam/share/robotics_slam/environment/ament_prefix_path.dsv
[9.188s] -- Up-to-date symlink: /home/mbasharoush/turtlebot3_ws/install/robotics_slam/share/robotics_slam/environment/path.sh
[9.188s] -- Up-to-date symlink: /home/mbasharoush/turtlebot3_ws/install/robotics_slam/share/robotics_slam/environment/path.dsv
[9.188s] -- Up-to-date symlink: /home/mbasharoush/turtlebot3_ws/install/robotics_slam/share/robotics_slam/local_setup.bash
[9.188s] -- Up-to-date symlink: /home/mbasharoush/turtlebot3_ws/install/robotics_slam/share/robotics_slam/local_setup.sh
[9.188s] -- Up-to-date symlink: /home/mbasharoush/turtlebot3_ws/install/robotics_slam/share/robotics_slam/local_setup.zsh
[9.188s] -- Up-to-date symlink: /home/mbasharoush/turtlebot3_ws/install/robotics_slam/share/robotics_slam/local_setup.dsv
[9.188s] -- Symlinking: /home/mbasharoush/turtlebot3_ws/install/robotics_slam/share/robotics_slam/package.dsv
[9.251s] -- Up-to-date symlink: /home/mbasharoush/turtlebot3_ws/install/robotics_slam/share/ament_index/resource_index/packages/robotics_slam
[9.251s] -- Up-to-date symlink: /home/mbasharoush/turtlebot3_ws/install/robotics_slam/share/robotics_slam/cmake/robotics_slamConfig.cmake
[9.251s] -- Up-to-date symlink: /home/mbasharoush/turtlebot3_ws/install/robotics_slam/share/robotics_slam/cmake/robotics_slamConfig-version.cmake
[9.251s] -- Up-to-date symlink: /home/mbasharoush/turtlebot3_ws/install/robotics_slam/share/robotics_slam/package.xml
[9.259s] Invoked command in '/home/mbasharoush/turtlebot3_ws/build/robotics_slam' returned '0': CMAKE_PREFIX_PATH=${CMAKE_PREFIX_PATH}:/home/mbasharoush/turtlebot3_ws/install/turtlebot3_teleop:/home/mbasharoush/turtlebot3_ws/install/turtlebot3_example:/home/mbasharoush/bookros2_ws/install/ros2controlcli:/home/mbasharoush/bookros2_ws/install/launch_pal:/home/mbasharoush/bookros2_ws/install/br2_fsm_bumpgo_py:/home/mbasharoush/install/ros2controlcli:/home/mbasharoush/install/launch_pal:/home/mbasharoush/install/br2_fsm_bumpgo_py:/opt/ros/foxy /usr/bin/cmake --install /home/mbasharoush/turtlebot3_ws/build/robotics_slam
