[0.099s] Invoking command in '/home/mbasharoush/turtlebot3_ws/build/turtlebot3_msgs': CMAKE_PREFIX_PATH=${CMAKE_PREFIX_PATH}:/home/mbasharoush/turtlebot3_ws/install/turtlebot3_teleop:/home/mbasharoush/turtlebot3_ws/install/turtlebot3_example:/home/mbasharoush/bookros2_ws/install/ros2controlcli:/home/mbasharoush/bookros2_ws/install/launch_pal:/home/mbasharoush/bookros2_ws/install/br2_fsm_bumpgo_py:/home/mbasharoush/install/ros2controlcli:/home/mbasharoush/install/launch_pal:/home/mbasharoush/install/br2_fsm_bumpgo_py:/opt/ros/foxy /usr/bin/cmake --build /home/mbasharoush/turtlebot3_ws/build/turtlebot3_msgs -- -j4 -l4
[0.294s] [ 11%] Built target turtlebot3_msgs__rosidl_generator_c
[0.392s] [ 12%] Built target turtlebot3_msgs__cpp
[0.507s] [ 23%] Built target turtlebot3_msgs__rosidl_typesupport_introspection_c
[0.581s] [ 35%] Built target turtlebot3_msgs__rosidl_typesupport_cpp
[0.678s] [ 46%] Built target turtlebot3_msgs__rosidl_typesupport_introspection_cpp
[0.774s] [ 57%] Built target turtlebot3_msgs__rosidl_typesupport_fastrtps_cpp
[0.897s] [ 69%] Built target turtlebot3_msgs__rosidl_typesupport_c
[1.009s] [ 80%] Built target turtlebot3_msgs__rosidl_typesupport_fastrtps_c
[1.048s] [ 80%] Built target turtlebot3_msgs
[1.094s] [ 81%] Built target turtlebot3_msgs__py
[1.143s] [ 91%] Built target turtlebot3_msgs__python
[1.196s] [ 94%] Built target turtlebot3_msgs__rosidl_typesupport_fastrtps_c__pyext
[1.240s] [ 97%] Built target turtlebot3_msgs__rosidl_typesupport_c__pyext
[1.289s] [100%] Built target turtlebot3_msgs__rosidl_typesupport_introspection_c__pyext
[1.326s] Invoked command in '/home/mbasharoush/turtlebot3_ws/build/turtlebot3_msgs' returned '0': CMAKE_PREFIX_PATH=${CMAKE_PREFIX_PATH}:/home/mbasharoush/turtlebot3_ws/install/turtlebot3_teleop:/home/mbasharoush/turtlebot3_ws/install/turtlebot3_example:/home/mbasharoush/bookros2_ws/install/ros2controlcli:/home/mbasharoush/bookros2_ws/install/launch_pal:/home/mbasharoush/bookros2_ws/install/br2_fsm_bumpgo_py:/home/mbasharoush/install/ros2controlcli:/home/mbasharoush/install/launch_pal:/home/mbasharoush/install/br2_fsm_bumpgo_py:/opt/ros/foxy /usr/bin/cmake --build /home/mbasharoush/turtlebot3_ws/build/turtlebot3_msgs -- -j4 -l4
[1.331s] Invoking command in '/home/mbasharoush/turtlebot3_ws/build/turtlebot3_msgs': CMAKE_PREFIX_PATH=${CMAKE_PREFIX_PATH}:/home/mbasharoush/turtlebot3_ws/install/turtlebot3_teleop:/home/mbasharoush/turtlebot3_ws/install/turtlebot3_example:/home/mbasharoush/bookros2_ws/install/ros2controlcli:/home/mbasharoush/bookros2_ws/install/launch_pal:/home/mbasharoush/bookros2_ws/install/br2_fsm_bumpgo_py:/home/mbasharoush/install/ros2controlcli:/home/mbasharoush/install/launch_pal:/home/mbasharoush/install/br2_fsm_bumpgo_py:/opt/ros/foxy /usr/bin/cmake --install /home/mbasharoush/turtlebot3_ws/build/turtlebot3_msgs
[1.345s] -- Install configuration: ""
[1.345s] -- Execute custom install script
[1.346s] -- Up-to-date symlink: /home/mbasharoush/turtlebot3_ws/install/turtlebot3_msgs/share/ament_index/resource_index/rosidl_interfaces/turtlebot3_msgs
[1.347s] -- Up-to-date symlink: /home/mbasharoush/turtlebot3_ws/install/turtlebot3_msgs/include/turtlebot3_msgs/action/detail/patrol__functions.h
[1.359s] -- Up-to-date symlink: /home/mbasharoush/turtlebot3_ws/install/turtlebot3_msgs/include/turtlebot3_msgs/action/detail/patrol__struct.h
[1.359s] -- Up-to-date symlink: /home/mbasharoush/turtlebot3_ws/install/turtlebot3_msgs/include/turtlebot3_msgs/action/detail/patrol__type_support.h
[1.360s] -- Up-to-date symlink: /home/mbasharoush/turtlebot3_ws/install/turtlebot3_msgs/include/turtlebot3_msgs/action/patrol.h
[1.360s] -- Up-to-date symlink: /home/mbasharoush/turtlebot3_ws/install/turtlebot3_msgs/include/turtlebot3_msgs/msg/detail/sensor_state__functions.h
[1.360s] -- Up-to-date symlink: /home/mbasharoush/turtlebot3_ws/install/turtlebot3_msgs/include/turtlebot3_msgs/msg/detail/sensor_state__struct.h
[1.360s] -- Up-to-date symlink: /home/mbasharoush/turtlebot3_ws/install/turtlebot3_msgs/include/turtlebot3_msgs/msg/detail/sensor_state__type_support.h
[1.360s] -- Up-to-date symlink: /home/mbasharoush/turtlebot3_ws/install/turtlebot3_msgs/include/turtlebot3_msgs/msg/detail/sound__functions.h
[1.360s] -- Up-to-date symlink: /home/mbasharoush/turtlebot3_ws/install/turtlebot3_msgs/include/turtlebot3_msgs/msg/detail/sound__struct.h
[1.361s] -- Up-to-date symlink: /home/mbasharoush/turtlebot3_ws/install/turtlebot3_msgs/include/turtlebot3_msgs/msg/detail/sound__type_support.h
[1.362s] -- Up-to-date symlink: /home/mbasharoush/turtlebot3_ws/install/turtlebot3_msgs/include/turtlebot3_msgs/msg/detail/version_info__functions.h
[1.362s] -- Up-to-date symlink: /home/mbasharoush/turtlebot3_ws/install/turtlebot3_msgs/include/turtlebot3_msgs/msg/detail/version_info__struct.h
[1.362s] -- Up-to-date symlink: /home/mbasharoush/turtlebot3_ws/install/turtlebot3_msgs/include/turtlebot3_msgs/msg/detail/version_info__type_support.h
[1.362s] -- Up-to-date symlink: /home/mbasharoush/turtlebot3_ws/install/turtlebot3_msgs/include/turtlebot3_msgs/msg/rosidl_generator_c__visibility_control.h
[1.362s] -- Up-to-date symlink: /home/mbasharoush/turtlebot3_ws/install/turtlebot3_msgs/include/turtlebot3_msgs/msg/sensor_state.h
[1.362s] -- Up-to-date symlink: /home/mbasharoush/turtlebot3_ws/install/turtlebot3_msgs/include/turtlebot3_msgs/msg/sound.h
[1.363s] -- Up-to-date symlink: /home/mbasharoush/turtlebot3_ws/install/turtlebot3_msgs/include/turtlebot3_msgs/msg/version_info.h
[1.364s] -- Up-to-date symlink: /home/mbasharoush/turtlebot3_ws/install/turtlebot3_msgs/include/turtlebot3_msgs/srv/detail/dqn__functions.h
[1.364s] -- Up-to-date symlink: /home/mbasharoush/turtlebot3_ws/install/turtlebot3_msgs/include/turtlebot3_msgs/srv/detail/dqn__struct.h
[1.364s] -- Up-to-date symlink: /home/mbasharoush/turtlebot3_ws/install/turtlebot3_msgs/include/turtlebot3_msgs/srv/detail/dqn__type_support.h
[1.364s] -- Up-to-date symlink: /home/mbasharoush/turtlebot3_ws/install/turtlebot3_msgs/include/turtlebot3_msgs/srv/detail/sound__functions.h
[1.364s] -- Up-to-date symlink: /home/mbasharoush/turtlebot3_ws/install/turtlebot3_msgs/include/turtlebot3_msgs/srv/detail/sound__struct.h
[1.364s] -- Up-to-date symlink: /home/mbasharoush/turtlebot3_ws/install/turtlebot3_msgs/include/turtlebot3_msgs/srv/detail/sound__type_support.h
[1.364s] -- Up-to-date symlink: /home/mbasharoush/turtlebot3_ws/install/turtlebot3_msgs/include/turtlebot3_msgs/srv/dqn.h
[1.373s] -- Up-to-date symlink: /home/mbasharoush/turtlebot3_ws/install/turtlebot3_msgs/include/turtlebot3_msgs/srv/sound.h
[1.373s] -- Up-to-date symlink: /home/mbasharoush/turtlebot3_ws/install/turtlebot3_msgs/share/turtlebot3_msgs/environment/library_path.sh
[1.373s] -- Up-to-date symlink: /home/mbasharoush/turtlebot3_ws/install/turtlebot3_msgs/share/turtlebot3_msgs/environment/library_path.dsv
[1.374s] -- Up-to-date symlink: /home/mbasharoush/turtlebot3_ws/install/turtlebot3_msgs/include/turtlebot3_msgs/action/detail/patrol__rosidl_typesupport_fastrtps_c.h
[1.374s] -- Up-to-date symlink: /home/mbasharoush/turtlebot3_ws/install/turtlebot3_msgs/include/turtlebot3_msgs/msg/detail/sensor_state__rosidl_typesupport_fastrtps_c.h
[1.374s] -- Up-to-date symlink: /home/mbasharoush/turtlebot3_ws/install/turtlebot3_msgs/include/turtlebot3_msgs/msg/detail/sound__rosidl_typesupport_fastrtps_c.h
[1.375s] -- Up-to-date symlink: /home/mbasharoush/turtlebot3_ws/install/turtlebot3_msgs/include/turtlebot3_msgs/msg/detail/version_info__rosidl_typesupport_fastrtps_c.h
[1.375s] -- Up-to-date symlink: /home/mbasharoush/turtlebot3_ws/install/turtlebot3_msgs/include/turtlebot3_msgs/msg/rosidl_typesupport_fastrtps_c__visibility_control.h
[1.375s] -- Up-to-date symlink: /home/mbasharoush/turtlebot3_ws/install/turtlebot3_msgs/include/turtlebot3_msgs/srv/detail/dqn__rosidl_typesupport_fastrtps_c.h
[1.375s] -- Up-to-date symlink: /home/mbasharoush/turtlebot3_ws/install/turtlebot3_msgs/include/turtlebot3_msgs/srv/detail/sound__rosidl_typesupport_fastrtps_c.h
[1.376s] -- Up-to-date symlink: /home/mbasharoush/turtlebot3_ws/install/turtlebot3_msgs/lib/libturtlebot3_msgs__rosidl_typesupport_fastrtps_c.so
[1.377s] -- Up-to-date symlink: /home/mbasharoush/turtlebot3_ws/install/turtlebot3_msgs/include/turtlebot3_msgs/action/detail/patrol__rosidl_typesupport_fastrtps_cpp.hpp
[1.378s] -- Up-to-date symlink: /home/mbasharoush/turtlebot3_ws/install/turtlebot3_msgs/include/turtlebot3_msgs/msg/detail/sensor_state__rosidl_typesupport_fastrtps_cpp.hpp
[1.378s] -- Up-to-date symlink: /home/mbasharoush/turtlebot3_ws/install/turtlebot3_msgs/include/turtlebot3_msgs/msg/detail/sound__rosidl_typesupport_fastrtps_cpp.hpp
[1.378s] -- Up-to-date symlink: /home/mbasharoush/turtlebot3_ws/install/turtlebot3_msgs/include/turtlebot3_msgs/msg/detail/version_info__rosidl_typesupport_fastrtps_cpp.hpp
[1.378s] -- Up-to-date symlink: /home/mbasharoush/turtlebot3_ws/install/turtlebot3_msgs/include/turtlebot3_msgs/msg/rosidl_typesupport_fastrtps_cpp__visibility_control.h
[1.378s] -- Up-to-date symlink: /home/mbasharoush/turtlebot3_ws/install/turtlebot3_msgs/include/turtlebot3_msgs/srv/detail/dqn__rosidl_typesupport_fastrtps_cpp.hpp
[1.378s] -- Up-to-date symlink: /home/mbasharoush/turtlebot3_ws/install/turtlebot3_msgs/include/turtlebot3_msgs/srv/detail/sound__rosidl_typesupport_fastrtps_cpp.hpp
[1.379s] -- Up-to-date symlink: /home/mbasharoush/turtlebot3_ws/install/turtlebot3_msgs/lib/libturtlebot3_msgs__rosidl_typesupport_fastrtps_cpp.so
[1.380s] -- Up-to-date symlink: /home/mbasharoush/turtlebot3_ws/install/turtlebot3_msgs/include/turtlebot3_msgs/action/detail/patrol__rosidl_typesupport_introspection_c.h
[1.381s] -- Up-to-date symlink: /home/mbasharoush/turtlebot3_ws/install/turtlebot3_msgs/include/turtlebot3_msgs/msg/detail/sensor_state__rosidl_typesupport_introspection_c.h
[1.381s] -- Up-to-date symlink: /home/mbasharoush/turtlebot3_ws/install/turtlebot3_msgs/include/turtlebot3_msgs/msg/detail/sound__rosidl_typesupport_introspection_c.h
[1.381s] -- Up-to-date symlink: /home/mbasharoush/turtlebot3_ws/install/turtlebot3_msgs/include/turtlebot3_msgs/msg/detail/version_info__rosidl_typesupport_introspection_c.h
[1.381s] -- Up-to-date symlink: /home/mbasharoush/turtlebot3_ws/install/turtlebot3_msgs/include/turtlebot3_msgs/msg/rosidl_typesupport_introspection_c__visibility_control.h
[1.381s] -- Up-to-date symlink: /home/mbasharoush/turtlebot3_ws/install/turtlebot3_msgs/include/turtlebot3_msgs/srv/detail/dqn__rosidl_typesupport_introspection_c.h
[1.381s] -- Up-to-date symlink: /home/mbasharoush/turtlebot3_ws/install/turtlebot3_msgs/include/turtlebot3_msgs/srv/detail/sound__rosidl_typesupport_introspection_c.h
[1.382s] -- Up-to-date symlink: /home/mbasharoush/turtlebot3_ws/install/turtlebot3_msgs/include/turtlebot3_msgs/action/detail/patrol__builder.hpp
[1.382s] -- Up-to-date symlink: /home/mbasharoush/turtlebot3_ws/install/turtlebot3_msgs/include/turtlebot3_msgs/action/detail/patrol__struct.hpp
[1.383s] -- Up-to-date symlink: /home/mbasharoush/turtlebot3_ws/install/turtlebot3_msgs/include/turtlebot3_msgs/action/detail/patrol__traits.hpp
[1.383s] -- Up-to-date symlink: /home/mbasharoush/turtlebot3_ws/install/turtlebot3_msgs/include/turtlebot3_msgs/action/detail/patrol__type_support.hpp
[1.388s] -- Up-to-date symlink: /home/mbasharoush/turtlebot3_ws/install/turtlebot3_msgs/include/turtlebot3_msgs/action/patrol.hpp
[1.388s] -- Up-to-date symlink: /home/mbasharoush/turtlebot3_ws/install/turtlebot3_msgs/include/turtlebot3_msgs/msg/detail/sensor_state__builder.hpp
[1.388s] -- Up-to-date symlink: /home/mbasharoush/turtlebot3_ws/install/turtlebot3_msgs/include/turtlebot3_msgs/msg/detail/sensor_state__struct.hpp
[1.392s] -- Up-to-date symlink: /home/mbasharoush/turtlebot3_ws/install/turtlebot3_msgs/include/turtlebot3_msgs/msg/detail/sensor_state__traits.hpp
[1.392s] -- Up-to-date symlink: /home/mbasharoush/turtlebot3_ws/install/turtlebot3_msgs/include/turtlebot3_msgs/msg/detail/sensor_state__type_support.hpp
[1.392s] -- Up-to-date symlink: /home/mbasharoush/turtlebot3_ws/install/turtlebot3_msgs/include/turtlebot3_msgs/msg/detail/sound__builder.hpp
[1.392s] -- Up-to-date symlink: /home/mbasharoush/turtlebot3_ws/install/turtlebot3_msgs/include/turtlebot3_msgs/msg/detail/sound__struct.hpp
[1.393s] -- Up-to-date symlink: /home/mbasharoush/turtlebot3_ws/install/turtlebot3_msgs/include/turtlebot3_msgs/msg/detail/sound__traits.hpp
[1.393s] -- Up-to-date symlink: /home/mbasharoush/turtlebot3_ws/install/turtlebot3_msgs/include/turtlebot3_msgs/msg/detail/sound__type_support.hpp
[1.393s] -- Up-to-date symlink: /home/mbasharoush/turtlebot3_ws/install/turtlebot3_msgs/include/turtlebot3_msgs/msg/detail/version_info__builder.hpp
[1.393s] -- Up-to-date symlink: /home/mbasharoush/turtlebot3_ws/install/turtlebot3_msgs/include/turtlebot3_msgs/msg/detail/version_info__struct.hpp
[1.393s] -- Up-to-date symlink: /home/mbasharoush/turtlebot3_ws/install/turtlebot3_msgs/include/turtlebot3_msgs/msg/detail/version_info__traits.hpp
[1.393s] -- Up-to-date symlink: /home/mbasharoush/turtlebot3_ws/install/turtlebot3_msgs/include/turtlebot3_msgs/msg/detail/version_info__type_support.hpp
[1.393s] -- Up-to-date symlink: /home/mbasharoush/turtlebot3_ws/install/turtlebot3_msgs/include/turtlebot3_msgs/msg/rosidl_generator_cpp__visibility_control.hpp
[1.393s] -- Up-to-date symlink: /home/mbasharoush/turtlebot3_ws/install/turtlebot3_msgs/include/turtlebot3_msgs/msg/sensor_state.hpp
[1.393s] -- Up-to-date symlink: /home/mbasharoush/turtlebot3_ws/install/turtlebot3_msgs/include/turtlebot3_msgs/msg/sound.hpp
[1.393s] -- Up-to-date symlink: /home/mbasharoush/turtlebot3_ws/install/turtlebot3_msgs/include/turtlebot3_msgs/msg/version_info.hpp
[1.394s] -- Up-to-date symlink: /home/mbasharoush/turtlebot3_ws/install/turtlebot3_msgs/include/turtlebot3_msgs/srv/detail/dqn__builder.hpp
[1.394s] -- Up-to-date symlink: /home/mbasharoush/turtlebot3_ws/install/turtlebot3_msgs/include/turtlebot3_msgs/srv/detail/dqn__struct.hpp
[1.394s] -- Up-to-date symlink: /home/mbasharoush/turtlebot3_ws/install/turtlebot3_msgs/include/turtlebot3_msgs/srv/detail/dqn__traits.hpp
[1.394s] -- Up-to-date symlink: /home/mbasharoush/turtlebot3_ws/install/turtlebot3_msgs/include/turtlebot3_msgs/srv/detail/dqn__type_support.hpp
[1.394s] -- Up-to-date symlink: /home/mbasharoush/turtlebot3_ws/install/turtlebot3_msgs/include/turtlebot3_msgs/srv/detail/sound__builder.hpp
[1.394s] -- Up-to-date symlink: /home/mbasharoush/turtlebot3_ws/install/turtlebot3_msgs/include/turtlebot3_msgs/srv/detail/sound__struct.hpp
[1.394s] -- Up-to-date symlink: /home/mbasharoush/turtlebot3_ws/install/turtlebot3_msgs/include/turtlebot3_msgs/srv/detail/sound__traits.hpp
[1.394s] -- Up-to-date symlink: /home/mbasharoush/turtlebot3_ws/install/turtlebot3_msgs/include/turtlebot3_msgs/srv/detail/sound__type_support.hpp
[1.394s] -- Up-to-date symlink: /home/mbasharoush/turtlebot3_ws/install/turtlebot3_msgs/include/turtlebot3_msgs/srv/dqn.hpp
[1.395s] -- Up-to-date symlink: /home/mbasharoush/turtlebot3_ws/install/turtlebot3_msgs/include/turtlebot3_msgs/srv/sound.hpp
[1.396s] -- Up-to-date symlink: /home/mbasharoush/turtlebot3_ws/install/turtlebot3_msgs/include/turtlebot3_msgs/action/detail/patrol__rosidl_typesupport_introspection_cpp.hpp
[1.396s] -- Up-to-date symlink: /home/mbasharoush/turtlebot3_ws/install/turtlebot3_msgs/include/turtlebot3_msgs/msg/detail/sensor_state__rosidl_typesupport_introspection_cpp.hpp
[1.396s] -- Up-to-date symlink: /home/mbasharoush/turtlebot3_ws/install/turtlebot3_msgs/include/turtlebot3_msgs/msg/detail/sound__rosidl_typesupport_introspection_cpp.hpp
[1.396s] -- Up-to-date symlink: /home/mbasharoush/turtlebot3_ws/install/turtlebot3_msgs/include/turtlebot3_msgs/msg/detail/version_info__rosidl_typesupport_introspection_cpp.hpp
[1.396s] -- Up-to-date symlink: /home/mbasharoush/turtlebot3_ws/install/turtlebot3_msgs/include/turtlebot3_msgs/srv/detail/dqn__rosidl_typesupport_introspection_cpp.hpp
[1.396s] -- Up-to-date symlink: /home/mbasharoush/turtlebot3_ws/install/turtlebot3_msgs/include/turtlebot3_msgs/srv/detail/sound__rosidl_typesupport_introspection_cpp.hpp
[1.396s] -- Up-to-date symlink: /home/mbasharoush/turtlebot3_ws/install/turtlebot3_msgs/share/turtlebot3_msgs/environment/pythonpath.sh
[1.396s] -- Up-to-date symlink: /home/mbasharoush/turtlebot3_ws/install/turtlebot3_msgs/share/turtlebot3_msgs/environment/pythonpath.dsv
[1.398s] -- Up-to-date symlink: /home/mbasharoush/turtlebot3_ws/install/turtlebot3_msgs/lib/python3.8/site-packages/turtlebot3_msgs/__init__.py
[1.398s] -- Up-to-date symlink: /home/mbasharoush/turtlebot3_ws/install/turtlebot3_msgs/lib/python3.8/site-packages/turtlebot3_msgs/msg/__init__.py
[1.398s] -- Up-to-date symlink: /home/mbasharoush/turtlebot3_ws/install/turtlebot3_msgs/lib/python3.8/site-packages/turtlebot3_msgs/msg/_sensor_state.py
[1.398s] -- Up-to-date symlink: /home/mbasharoush/turtlebot3_ws/install/turtlebot3_msgs/lib/python3.8/site-packages/turtlebot3_msgs/msg/_sound.py
[1.398s] -- Up-to-date symlink: /home/mbasharoush/turtlebot3_ws/install/turtlebot3_msgs/lib/python3.8/site-packages/turtlebot3_msgs/msg/_version_info.py
[1.398s] -- Up-to-date symlink: /home/mbasharoush/turtlebot3_ws/install/turtlebot3_msgs/lib/python3.8/site-packages/turtlebot3_msgs/srv/__init__.py
[1.399s] -- Up-to-date symlink: /home/mbasharoush/turtlebot3_ws/install/turtlebot3_msgs/lib/python3.8/site-packages/turtlebot3_msgs/srv/_dqn.py
[1.399s] -- Up-to-date symlink: /home/mbasharoush/turtlebot3_ws/install/turtlebot3_msgs/lib/python3.8/site-packages/turtlebot3_msgs/srv/_sound.py
[1.399s] -- Up-to-date symlink: /home/mbasharoush/turtlebot3_ws/install/turtlebot3_msgs/lib/python3.8/site-packages/turtlebot3_msgs/action/__init__.py
[1.399s] -- Up-to-date symlink: /home/mbasharoush/turtlebot3_ws/install/turtlebot3_msgs/lib/python3.8/site-packages/turtlebot3_msgs/action/_patrol.py
[1.399s] -- Up-to-date symlink: /home/mbasharoush/turtlebot3_ws/install/turtlebot3_msgs/lib/python3.8/site-packages/turtlebot3_msgs/turtlebot3_msgs_s__rosidl_typesupport_fastrtps_c.cpython-38-x86_64-linux-gnu.so
[1.400s] -- Up-to-date symlink: /home/mbasharoush/turtlebot3_ws/install/turtlebot3_msgs/lib/python3.8/site-packages/turtlebot3_msgs/turtlebot3_msgs_s__rosidl_typesupport_introspection_c.cpython-38-x86_64-linux-gnu.so
[1.400s] -- Up-to-date symlink: /home/mbasharoush/turtlebot3_ws/install/turtlebot3_msgs/lib/python3.8/site-packages/turtlebot3_msgs/turtlebot3_msgs_s__rosidl_typesupport_c.cpython-38-x86_64-linux-gnu.so
[1.400s] -- Up-to-date symlink: /home/mbasharoush/turtlebot3_ws/install/turtlebot3_msgs/lib/libturtlebot3_msgs__python.so
[1.401s] -- Up-to-date symlink: /home/mbasharoush/turtlebot3_ws/install/turtlebot3_msgs/share/turtlebot3_msgs/msg/SensorState.idl
[1.401s] -- Up-to-date symlink: /home/mbasharoush/turtlebot3_ws/install/turtlebot3_msgs/share/turtlebot3_msgs/msg/Sound.idl
[1.401s] -- Up-to-date symlink: /home/mbasharoush/turtlebot3_ws/install/turtlebot3_msgs/share/turtlebot3_msgs/msg/VersionInfo.idl
[1.401s] -- Up-to-date symlink: /home/mbasharoush/turtlebot3_ws/install/turtlebot3_msgs/share/turtlebot3_msgs/srv/Sound.idl
[1.401s] -- Up-to-date symlink: /home/mbasharoush/turtlebot3_ws/install/turtlebot3_msgs/share/turtlebot3_msgs/srv/Dqn.idl
[1.401s] -- Up-to-date symlink: /home/mbasharoush/turtlebot3_ws/install/turtlebot3_msgs/share/turtlebot3_msgs/action/Patrol.idl
[1.401s] -- Up-to-date symlink: /home/mbasharoush/turtlebot3_ws/install/turtlebot3_msgs/share/turtlebot3_msgs/msg/SensorState.msg
[1.402s] -- Up-to-date symlink: /home/mbasharoush/turtlebot3_ws/install/turtlebot3_msgs/share/turtlebot3_msgs/msg/Sound.msg
[1.404s] -- Up-to-date symlink: /home/mbasharoush/turtlebot3_ws/install/turtlebot3_msgs/share/turtlebot3_msgs/msg/VersionInfo.msg
[1.404s] -- Up-to-date symlink: /home/mbasharoush/turtlebot3_ws/install/turtlebot3_msgs/share/turtlebot3_msgs/srv/Sound.srv
[1.405s] -- Up-to-date symlink: /home/mbasharoush/turtlebot3_ws/install/turtlebot3_msgs/share/turtlebot3_msgs/srv/Sound_Request.msg
[1.406s] -- Up-to-date symlink: /home/mbasharoush/turtlebot3_ws/install/turtlebot3_msgs/share/turtlebot3_msgs/srv/Sound_Response.msg
[1.406s] -- Up-to-date symlink: /home/mbasharoush/turtlebot3_ws/install/turtlebot3_msgs/share/turtlebot3_msgs/srv/Dqn.srv
[1.407s] -- Up-to-date symlink: /home/mbasharoush/turtlebot3_ws/install/turtlebot3_msgs/share/turtlebot3_msgs/srv/Dqn_Request.msg
[1.407s] -- Up-to-date symlink: /home/mbasharoush/turtlebot3_ws/install/turtlebot3_msgs/share/turtlebot3_msgs/srv/Dqn_Response.msg
[1.407s] -- Up-to-date symlink: /home/mbasharoush/turtlebot3_ws/install/turtlebot3_msgs/share/turtlebot3_msgs/action/Patrol.action
[1.407s] -- Up-to-date symlink: /home/mbasharoush/turtlebot3_ws/install/turtlebot3_msgs/share/ament_index/resource_index/package_run_dependencies/turtlebot3_msgs
[1.407s] -- Up-to-date symlink: /home/mbasharoush/turtlebot3_ws/install/turtlebot3_msgs/share/ament_index/resource_index/parent_prefix_path/turtlebot3_msgs
[1.407s] -- Up-to-date symlink: /home/mbasharoush/turtlebot3_ws/install/turtlebot3_msgs/share/turtlebot3_msgs/environment/ament_prefix_path.sh
[1.407s] -- Up-to-date symlink: /home/mbasharoush/turtlebot3_ws/install/turtlebot3_msgs/share/turtlebot3_msgs/environment/ament_prefix_path.dsv
[1.407s] -- Up-to-date symlink: /home/mbasharoush/turtlebot3_ws/install/turtlebot3_msgs/share/turtlebot3_msgs/environment/path.sh
[1.407s] -- Up-to-date symlink: /home/mbasharoush/turtlebot3_ws/install/turtlebot3_msgs/share/turtlebot3_msgs/environment/path.dsv
[1.408s] -- Up-to-date symlink: /home/mbasharoush/turtlebot3_ws/install/turtlebot3_msgs/share/turtlebot3_msgs/local_setup.bash
[1.408s] -- Up-to-date symlink: /home/mbasharoush/turtlebot3_ws/install/turtlebot3_msgs/share/turtlebot3_msgs/local_setup.sh
[1.408s] -- Up-to-date symlink: /home/mbasharoush/turtlebot3_ws/install/turtlebot3_msgs/share/turtlebot3_msgs/local_setup.zsh
[1.408s] -- Up-to-date symlink: /home/mbasharoush/turtlebot3_ws/install/turtlebot3_msgs/share/turtlebot3_msgs/local_setup.dsv
[1.408s] -- Symlinking: /home/mbasharoush/turtlebot3_ws/install/turtlebot3_msgs/share/turtlebot3_msgs/package.dsv
[1.441s] -- Up-to-date symlink: /home/mbasharoush/turtlebot3_ws/install/turtlebot3_msgs/share/ament_index/resource_index/packages/turtlebot3_msgs
[1.442s] -- Up-to-date symlink: /home/mbasharoush/turtlebot3_ws/install/turtlebot3_msgs/share/turtlebot3_msgs/cmake/rosidl_cmake-extras.cmake
[1.442s] -- Up-to-date symlink: /home/mbasharoush/turtlebot3_ws/install/turtlebot3_msgs/share/turtlebot3_msgs/cmake/ament_cmake_export_dependencies-extras.cmake
[1.442s] -- Up-to-date symlink: /home/mbasharoush/turtlebot3_ws/install/turtlebot3_msgs/share/turtlebot3_msgs/cmake/ament_cmake_export_libraries-extras.cmake
[1.444s] -- Up-to-date symlink: /home/mbasharoush/turtlebot3_ws/install/turtlebot3_msgs/share/turtlebot3_msgs/cmake/ament_cmake_export_targets-extras.cmake
[1.444s] -- Up-to-date symlink: /home/mbasharoush/turtlebot3_ws/install/turtlebot3_msgs/share/turtlebot3_msgs/cmake/ament_cmake_export_include_directories-extras.cmake
[1.458s] -- Up-to-date symlink: /home/mbasharoush/turtlebot3_ws/install/turtlebot3_msgs/share/turtlebot3_msgs/cmake/rosidl_cmake_export_typesupport_libraries-extras.cmake
[1.458s] -- Up-to-date symlink: /home/mbasharoush/turtlebot3_ws/install/turtlebot3_msgs/share/turtlebot3_msgs/cmake/rosidl_cmake_export_typesupport_targets-extras.cmake
[1.459s] -- Up-to-date symlink: /home/mbasharoush/turtlebot3_ws/install/turtlebot3_msgs/share/turtlebot3_msgs/cmake/turtlebot3_msgsConfig.cmake
[1.459s] -- Up-to-date symlink: /home/mbasharoush/turtlebot3_ws/install/turtlebot3_msgs/share/turtlebot3_msgs/cmake/turtlebot3_msgsConfig-version.cmake
[1.459s] -- Up-to-date symlink: /home/mbasharoush/turtlebot3_ws/install/turtlebot3_msgs/share/turtlebot3_msgs/package.xml
[1.459s] -- Up-to-date: /home/mbasharoush/turtlebot3_ws/install/turtlebot3_msgs/lib/libturtlebot3_msgs__rosidl_generator_c.so
[1.459s] -- Up-to-date: /home/mbasharoush/turtlebot3_ws/install/turtlebot3_msgs/lib/libturtlebot3_msgs__rosidl_typesupport_introspection_c.so
[1.459s] -- Up-to-date: /home/mbasharoush/turtlebot3_ws/install/turtlebot3_msgs/lib/libturtlebot3_msgs__rosidl_typesupport_c.so
[1.459s] -- Up-to-date: /home/mbasharoush/turtlebot3_ws/install/turtlebot3_msgs/lib/libturtlebot3_msgs__rosidl_typesupport_introspection_cpp.so
[1.459s] -- Up-to-date: /home/mbasharoush/turtlebot3_ws/install/turtlebot3_msgs/lib/libturtlebot3_msgs__rosidl_typesupport_cpp.so
[1.523s] -- Up-to-date: /home/mbasharoush/turtlebot3_ws/install/turtlebot3_msgs/share/turtlebot3_msgs/cmake/turtlebot3_msgs__rosidl_generator_cExport.cmake
[1.524s] -- Up-to-date: /home/mbasharoush/turtlebot3_ws/install/turtlebot3_msgs/share/turtlebot3_msgs/cmake/turtlebot3_msgs__rosidl_generator_cExport-noconfig.cmake
[1.524s] -- Up-to-date: /home/mbasharoush/turtlebot3_ws/install/turtlebot3_msgs/share/turtlebot3_msgs/cmake/turtlebot3_msgs__rosidl_typesupport_introspection_cExport.cmake
[1.524s] -- Up-to-date: /home/mbasharoush/turtlebot3_ws/install/turtlebot3_msgs/share/turtlebot3_msgs/cmake/turtlebot3_msgs__rosidl_typesupport_introspection_cExport-noconfig.cmake
[1.524s] -- Up-to-date: /home/mbasharoush/turtlebot3_ws/install/turtlebot3_msgs/share/turtlebot3_msgs/cmake/turtlebot3_msgs__rosidl_typesupport_cExport.cmake
[1.524s] -- Up-to-date: /home/mbasharoush/turtlebot3_ws/install/turtlebot3_msgs/share/turtlebot3_msgs/cmake/turtlebot3_msgs__rosidl_typesupport_cExport-noconfig.cmake
[1.524s] -- Up-to-date: /home/mbasharoush/turtlebot3_ws/install/turtlebot3_msgs/share/turtlebot3_msgs/cmake/turtlebot3_msgs__rosidl_generator_cppExport.cmake
[1.524s] -- Up-to-date: /home/mbasharoush/turtlebot3_ws/install/turtlebot3_msgs/share/turtlebot3_msgs/cmake/turtlebot3_msgs__rosidl_typesupport_introspection_cppExport.cmake
[1.524s] -- Up-to-date: /home/mbasharoush/turtlebot3_ws/install/turtlebot3_msgs/share/turtlebot3_msgs/cmake/turtlebot3_msgs__rosidl_typesupport_introspection_cppExport-noconfig.cmake
[1.524s] -- Up-to-date: /home/mbasharoush/turtlebot3_ws/install/turtlebot3_msgs/share/turtlebot3_msgs/cmake/turtlebot3_msgs__rosidl_typesupport_cppExport.cmake
[1.524s] -- Up-to-date: /home/mbasharoush/turtlebot3_ws/install/turtlebot3_msgs/share/turtlebot3_msgs/cmake/turtlebot3_msgs__rosidl_typesupport_cppExport-noconfig.cmake
[1.530s] Invoked command in '/home/mbasharoush/turtlebot3_ws/build/turtlebot3_msgs' returned '0': CMAKE_PREFIX_PATH=${CMAKE_PREFIX_PATH}:/home/mbasharoush/turtlebot3_ws/install/turtlebot3_teleop:/home/mbasharoush/turtlebot3_ws/install/turtlebot3_example:/home/mbasharoush/bookros2_ws/install/ros2controlcli:/home/mbasharoush/bookros2_ws/install/launch_pal:/home/mbasharoush/bookros2_ws/install/br2_fsm_bumpgo_py:/home/mbasharoush/install/ros2controlcli:/home/mbasharoush/install/launch_pal:/home/mbasharoush/install/br2_fsm_bumpgo_py:/opt/ros/foxy /usr/bin/cmake --install /home/mbasharoush/turtlebot3_ws/build/turtlebot3_msgs
