[0.183s] Invoking command in '/home/mbasharoush/turtlebot3_ws/build/robotics_slam': /usr/bin/cmake /home/mbasharoush/turtlebot3_ws/src/robotics_slam -DCMAKE_INSTALL_PREFIX=/home/mbasharoush/turtlebot3_ws/install/robotics_slam
[0.229s] -- Found ament_cmake: 0.9.12 (/opt/ros/foxy/share/ament_cmake/cmake)
[0.321s] -- Using PYTHON_EXECUTABLE: /usr/bin/python3
[0.738s] -- Override CMake install command with custom implementation using symlinks instead of copying resources
[0.783s] -- Found slam_toolbox: 2.4.1 (/opt/ros/foxy/share/slam_toolbox/cmake)
[0.852s] -- Using all available rosidl_typesupport_c: rosidl_typesupport_fastrtps_c;rosidl_typesupport_introspection_c
[0.858s] -- Found rosidl_adapter: 1.3.1 (/opt/ros/foxy/share/rosidl_adapter/cmake)
[1.194s] -- Using all available rosidl_typesupport_cpp: rosidl_typesupport_fastrtps_cpp;rosidl_typesupport_introspection_cpp
[1.995s] -- Found rmw_implementation_cmake: 1.0.4 (/opt/ros/foxy/share/rmw_implementation_cmake/cmake)
[2.015s] -- Using RMW implementation 'rmw_fastrtps_cpp' as default
[2.953s] -- Found eigen3_cmake_module: 0.1.1 (/opt/ros/foxy/share/eigen3_cmake_module/cmake)
[3.062s] -- Setting OGRE_DIR to: '/opt/ros/foxy/share/rviz_ogre_vendor/cmake/../../../opt/rviz_ogre_vendor/lib/OGRE/cmake'
[3.065s] -- Found OGRE
[3.067s] --   static     : OFF
[3.067s] --   components : HLMS;MeshLodGenerator;Overlay;Paging;Property;RTShaderSystem;Terrain;Volume
[3.067s] --   plugins    : Plugin_BSPSceneManager;Plugin_OctreeSceneManager;Plugin_PCZSceneManager;Plugin_ParticleFX;RenderSystem_GL;RenderSystem_GL3Plus;Codec_STBI
[3.067s] --   media      : /opt/ros/foxy/opt/rviz_ogre_vendor/share/OGRE/Media
[3.068s] -- OGRE_LIBRARIES: OgreHLMS;OgreMeshLodGenerator;OgreOverlay;OgrePaging;OgreProperty;OgreRTShaderSystem;OgreTerrain;OgreVolume;OgreMain
[3.068s] -- OGRE_LIBRARY_DIRS: /opt/ros/foxy/opt/rviz_ogre_vendor/lib
[3.068s] -- OGRE_PLUGINS: Plugin_BSPSceneManager;Plugin_OctreeSceneManager;Plugin_PCZSceneManager;Plugin_ParticleFX;RenderSystem_GL;RenderSystem_GL3Plus;Codec_STBI
[3.068s] -- OGRE_PLUGIN_DIR: /opt/ros/foxy/opt/rviz_ogre_vendor/lib/OGRE
[3.069s] -- rviz_ogre_vendor::OgreOverlay for IMPORTED_LOCATION_RELEASE: /opt/ros/foxy/opt/rviz_ogre_vendor/lib/libOgreOverlay.so
[3.069s] -- rviz_ogre_vendor::OgreOverlay for IMPORTED_LOCATION_DEBUG: /opt/ros/foxy/opt/rviz_ogre_vendor/lib/libOgreOverlay.so
[3.069s] -- rviz_ogre_vendor::OgreMain for IMPORTED_LOCATION_RELEASE: /opt/ros/foxy/opt/rviz_ogre_vendor/lib/libOgreMain.so
[3.069s] -- rviz_ogre_vendor::OgreMain for IMPORTED_LOCATION_DEBUG: /opt/ros/foxy/opt/rviz_ogre_vendor/lib/libOgreMain.so
[3.179s] -- rviz_ogre_vendor::RenderSystem_GL for IMPORTED_LOCATION_RELEASE: _render_system_gl_static_library_abs-NOTFOUND
[3.179s] -- rviz_ogre_vendor::RenderSystem_GL for IMPORTED_LOCATION_DEBUG: _render_system_gl_static_library_abs-NOTFOUND
[3.181s] -- library: libassimp.so.5
[3.243s] -- library: /usr/lib/x86_64-linux-gnu/libcurl.so
[3.369s] -- Setting yaml-cpp_DIR to: '/opt/ros/foxy/share/yaml_cpp_vendor/cmake/../../../opt/yaml_cpp_vendor/lib/cmake/yaml-cpp'
[3.969s] -- Found nav2_lifecycle_manager: 0.4.7 (/opt/ros/foxy/share/nav2_lifecycle_manager/cmake)
[4.757s] -- Found ament_lint_auto: 0.9.8 (/opt/ros/foxy/share/ament_lint_auto/cmake)
[4.904s] Error parsing '/home/mbasharoush/turtlebot3_ws/src/robotics_slam/package.xml':
[5.087s] Traceback (most recent call last):
[5.087s]   File "/opt/ros/foxy/share/ament_cmake_core/cmake/core/package_xml_2_cmake.py", line 143, in <module>
[5.088s]     main()
[5.088s]   File "/opt/ros/foxy/share/ament_cmake_core/cmake/core/package_xml_2_cmake.py", line 52, in main
[5.088s]     raise e
[5.088s]   File "/opt/ros/foxy/share/ament_cmake_core/cmake/core/package_xml_2_cmake.py", line 48, in main
[5.088s]     package = parse_package_string(
[5.088s]   File "/usr/local/lib/python3.8/dist-packages/catkin_pkg/package.py", line 786, in parse_package_string
[5.088s]     raise InvalidPackage('Error(s):%s' % (''.join(['\n- %s' % e for e in errors])), filename)
[5.088s] catkin_pkg.package.InvalidPackage: Error(s) in package '/home/mbasharoush/turtlebot3_ws/src/robotics_slam/package.xml':
[5.088s] Error(s):
[5.089s] - The generic dependency on 'nav2_map_server' is redundant with: exec_depend
[5.089s] - The generic dependency on 'nav2_lifecycle_manager' is redundant with: exec_depend
[5.123s] CMake Error at /opt/ros/foxy/share/ament_cmake_core/cmake/core/ament_package_xml.cmake:94 (message):
[5.123s]   execute_process(/usr/bin/python3
[5.123s]   /opt/ros/foxy/share/ament_cmake_core/cmake/core/package_xml_2_cmake.py
[5.123s]   /home/mbasharoush/turtlebot3_ws/src/robotics_slam/package.xml
[5.123s]   /home/mbasharoush/turtlebot3_ws/build/robotics_slam/ament_cmake_core/package.cmake)
[5.124s]   returned error code 1
[5.124s] Call Stack (most recent call first):
[5.124s]   /opt/ros/foxy/share/ament_cmake_core/cmake/core/ament_package_xml.cmake:49 (_ament_package_xml)
[5.124s]   /opt/ros/foxy/share/ament_lint_auto/cmake/ament_lint_auto_find_test_dependencies.cmake:31 (ament_package_xml)
[5.124s]   CMakeLists.txt:39 (ament_lint_auto_find_test_dependencies)
[5.124s] 
[5.124s] 
[5.129s] -- Configuring incomplete, errors occurred!
[5.129s] See also "/home/mbasharoush/turtlebot3_ws/build/robotics_slam/CMakeFiles/CMakeOutput.log".
[5.129s] See also "/home/mbasharoush/turtlebot3_ws/build/robotics_slam/CMakeFiles/CMakeError.log".
[5.148s] Invoked command in '/home/mbasharoush/turtlebot3_ws/build/robotics_slam' returned '1': /usr/bin/cmake /home/mbasharoush/turtlebot3_ws/src/robotics_slam -DCMAKE_INSTALL_PREFIX=/home/mbasharoush/turtlebot3_ws/install/robotics_slam
