[0.322s] DEBUG:colcon:Command line arguments: ['/usr/bin/colcon', 'build', '--symlink-install', '--packages-select', 'robotics_slam']
[0.322s] DEBUG:colcon:Parsed command line arguments: Namespace(allow_overriding=[], ament_cmake_args=None, base_paths=['.'], build_base='build', catkin_cmake_args=None, catkin_skip_building_tests=False, cmake_args=None, cmake_clean_cache=False, cmake_clean_first=False, cmake_force_configure=False, cmake_target=None, cmake_target_skip_unavailable=False, continue_on_error=False, event_handlers=None, executor='parallel', ignore_user_meta=False, install_base='install', log_base=None, log_level=None, main=<bound method BuildVerb.main of <colcon_core.verb.build.BuildVerb object at 0x7f13314147f0>>, merge_install=False, metas=['./colcon.meta'], packages_above=None, packages_above_and_dependencies=None, packages_above_depth=None, packages_end=None, packages_ignore=None, packages_ignore_regex=None, packages_select=['robotics_slam'], packages_select_build_failed=False, packages_select_by_dep=None, packages_select_regex=None, packages_select_test_failures=False, packages_skip=None, packages_skip_build_finished=False, packages_skip_by_dep=None, packages_skip_regex=None, packages_skip_test_passed=False, packages_skip_up_to=None, packages_start=None, packages_up_to=None, packages_up_to_regex=None, parallel_workers=4, paths=None, symlink_install=True, test_result_base=None, verb_extension=<colcon_core.verb.build.BuildVerb object at 0x7f13314147f0>, verb_name='build', verb_parser=<colcon_defaults.argument_parser.defaults.DefaultArgumentsDecorator object at 0x7f1331349d90>)
[0.753s] Level 1:colcon.colcon_core.package_discovery:discover_packages(colcon_meta) check parameters
[0.753s] Level 1:colcon.colcon_core.package_discovery:discover_packages(recursive) check parameters
[0.753s] Level 1:colcon.colcon_core.package_discovery:discover_packages(ignore) check parameters
[0.754s] Level 1:colcon.colcon_core.package_discovery:discover_packages(path) check parameters
[0.754s] Level 1:colcon.colcon_core.package_discovery:discover_packages(colcon_meta) discover
[0.754s] Level 1:colcon.colcon_core.package_discovery:discover_packages(recursive) discover
[0.754s] INFO:colcon.colcon_core.package_discovery:Crawling recursively for packages in '/home/mbasharoush/turtlebot3_ws'
[0.754s] Level 1:colcon.colcon_core.package_identification:_identify(.) by extensions ['ignore', 'ignore_ament_install']
[0.754s] Level 1:colcon.colcon_core.package_identification:_identify(.) by extension 'ignore'
[0.754s] Level 1:colcon.colcon_core.package_identification:_identify(.) by extension 'ignore_ament_install'
[0.755s] Level 1:colcon.colcon_core.package_identification:_identify(.) by extensions ['colcon_pkg']
[0.755s] Level 1:colcon.colcon_core.package_identification:_identify(.) by extension 'colcon_pkg'
[0.755s] Level 1:colcon.colcon_core.package_identification:_identify(.) by extensions ['colcon_meta']
[0.755s] Level 1:colcon.colcon_core.package_identification:_identify(.) by extension 'colcon_meta'
[0.755s] Level 1:colcon.colcon_core.package_identification:_identify(.) by extensions ['ros']
[0.755s] Level 1:colcon.colcon_core.package_identification:_identify(.) by extension 'ros'
[0.788s] Level 1:colcon.colcon_core.package_identification:_identify(.) by extensions ['cmake', 'python']
[0.789s] Level 1:colcon.colcon_core.package_identification:_identify(.) by extension 'cmake'
[0.789s] Level 1:colcon.colcon_core.package_identification:_identify(.) by extension 'python'
[0.789s] Level 1:colcon.colcon_core.package_identification:_identify(.) by extensions ['python_setup_py']
[0.789s] Level 1:colcon.colcon_core.package_identification:_identify(.) by extension 'python_setup_py'
[0.789s] Level 1:colcon.colcon_core.package_identification:_identify(build) by extensions ['ignore', 'ignore_ament_install']
[0.790s] Level 1:colcon.colcon_core.package_identification:_identify(build) by extension 'ignore'
[0.790s] Level 1:colcon.colcon_core.package_identification:_identify(build) ignored
[0.790s] Level 1:colcon.colcon_core.package_identification:_identify(install) by extensions ['ignore', 'ignore_ament_install']
[0.790s] Level 1:colcon.colcon_core.package_identification:_identify(install) by extension 'ignore'
[0.791s] Level 1:colcon.colcon_core.package_identification:_identify(install) ignored
[0.791s] Level 1:colcon.colcon_core.package_identification:_identify(log) by extensions ['ignore', 'ignore_ament_install']
[0.791s] Level 1:colcon.colcon_core.package_identification:_identify(log) by extension 'ignore'
[0.791s] Level 1:colcon.colcon_core.package_identification:_identify(log) ignored
[0.791s] Level 1:colcon.colcon_core.package_identification:_identify(src) by extensions ['ignore', 'ignore_ament_install']
[0.791s] Level 1:colcon.colcon_core.package_identification:_identify(src) by extension 'ignore'
[0.792s] Level 1:colcon.colcon_core.package_identification:_identify(src) by extension 'ignore_ament_install'
[0.792s] Level 1:colcon.colcon_core.package_identification:_identify(src) by extensions ['colcon_pkg']
[0.792s] Level 1:colcon.colcon_core.package_identification:_identify(src) by extension 'colcon_pkg'
[0.792s] Level 1:colcon.colcon_core.package_identification:_identify(src) by extensions ['colcon_meta']
[0.792s] Level 1:colcon.colcon_core.package_identification:_identify(src) by extension 'colcon_meta'
[0.792s] Level 1:colcon.colcon_core.package_identification:_identify(src) by extensions ['ros']
[0.792s] Level 1:colcon.colcon_core.package_identification:_identify(src) by extension 'ros'
[0.792s] Level 1:colcon.colcon_core.package_identification:_identify(src) by extensions ['cmake', 'python']
[0.792s] Level 1:colcon.colcon_core.package_identification:_identify(src) by extension 'cmake'
[0.792s] Level 1:colcon.colcon_core.package_identification:_identify(src) by extension 'python'
[0.792s] Level 1:colcon.colcon_core.package_identification:_identify(src) by extensions ['python_setup_py']
[0.792s] Level 1:colcon.colcon_core.package_identification:_identify(src) by extension 'python_setup_py'
[0.792s] Level 1:colcon.colcon_core.package_identification:_identify(src/TurtleBot3) by extensions ['ignore', 'ignore_ament_install']
[0.793s] Level 1:colcon.colcon_core.package_identification:_identify(src/TurtleBot3) by extension 'ignore'
[0.793s] Level 1:colcon.colcon_core.package_identification:_identify(src/TurtleBot3) by extension 'ignore_ament_install'
[0.793s] Level 1:colcon.colcon_core.package_identification:_identify(src/TurtleBot3) by extensions ['colcon_pkg']
[0.793s] Level 1:colcon.colcon_core.package_identification:_identify(src/TurtleBot3) by extension 'colcon_pkg'
[0.793s] Level 1:colcon.colcon_core.package_identification:_identify(src/TurtleBot3) by extensions ['colcon_meta']
[0.793s] Level 1:colcon.colcon_core.package_identification:_identify(src/TurtleBot3) by extension 'colcon_meta'
[0.793s] Level 1:colcon.colcon_core.package_identification:_identify(src/TurtleBot3) by extensions ['ros']
[0.793s] Level 1:colcon.colcon_core.package_identification:_identify(src/TurtleBot3) by extension 'ros'
[0.793s] Level 1:colcon.colcon_core.package_identification:_identify(src/TurtleBot3) by extensions ['cmake', 'python']
[0.793s] Level 1:colcon.colcon_core.package_identification:_identify(src/TurtleBot3) by extension 'cmake'
[0.793s] Level 1:colcon.colcon_core.package_identification:_identify(src/TurtleBot3) by extension 'python'
[0.793s] Level 1:colcon.colcon_core.package_identification:_identify(src/TurtleBot3) by extensions ['python_setup_py']
[0.793s] Level 1:colcon.colcon_core.package_identification:_identify(src/TurtleBot3) by extension 'python_setup_py'
[0.794s] Level 1:colcon.colcon_core.package_identification:_identify(src/TurtleBot3/DynamixelSDK) by extensions ['ignore', 'ignore_ament_install']
[0.794s] Level 1:colcon.colcon_core.package_identification:_identify(src/TurtleBot3/DynamixelSDK) by extension 'ignore'
[0.795s] Level 1:colcon.colcon_core.package_identification:_identify(src/TurtleBot3/DynamixelSDK) by extension 'ignore_ament_install'
[0.795s] Level 1:colcon.colcon_core.package_identification:_identify(src/TurtleBot3/DynamixelSDK) by extensions ['colcon_pkg']
[0.795s] Level 1:colcon.colcon_core.package_identification:_identify(src/TurtleBot3/DynamixelSDK) by extension 'colcon_pkg'
[0.795s] Level 1:colcon.colcon_core.package_identification:_identify(src/TurtleBot3/DynamixelSDK) by extensions ['colcon_meta']
[0.795s] Level 1:colcon.colcon_core.package_identification:_identify(src/TurtleBot3/DynamixelSDK) by extension 'colcon_meta'
[0.795s] Level 1:colcon.colcon_core.package_identification:_identify(src/TurtleBot3/DynamixelSDK) by extensions ['ros']
[0.795s] Level 1:colcon.colcon_core.package_identification:_identify(src/TurtleBot3/DynamixelSDK) by extension 'ros'
[0.795s] Level 1:colcon.colcon_core.package_identification:_identify(src/TurtleBot3/DynamixelSDK) by extensions ['cmake', 'python']
[0.796s] Level 1:colcon.colcon_core.package_identification:_identify(src/TurtleBot3/DynamixelSDK) by extension 'cmake'
[0.796s] Level 1:colcon.colcon_core.package_identification:_identify(src/TurtleBot3/DynamixelSDK) by extension 'python'
[0.796s] Level 1:colcon.colcon_core.package_identification:_identify(src/TurtleBot3/DynamixelSDK) by extensions ['python_setup_py']
[0.796s] Level 1:colcon.colcon_core.package_identification:_identify(src/TurtleBot3/DynamixelSDK) by extension 'python_setup_py'
[0.796s] Level 1:colcon.colcon_core.package_identification:_identify(src/TurtleBot3/DynamixelSDK/dynamixel_sdk) by extensions ['ignore', 'ignore_ament_install']
[0.796s] Level 1:colcon.colcon_core.package_identification:_identify(src/TurtleBot3/DynamixelSDK/dynamixel_sdk) by extension 'ignore'
[0.796s] Level 1:colcon.colcon_core.package_identification:_identify(src/TurtleBot3/DynamixelSDK/dynamixel_sdk) by extension 'ignore_ament_install'
[0.796s] Level 1:colcon.colcon_core.package_identification:_identify(src/TurtleBot3/DynamixelSDK/dynamixel_sdk) by extensions ['colcon_pkg']
[0.796s] Level 1:colcon.colcon_core.package_identification:_identify(src/TurtleBot3/DynamixelSDK/dynamixel_sdk) by extension 'colcon_pkg'
[0.796s] Level 1:colcon.colcon_core.package_identification:_identify(src/TurtleBot3/DynamixelSDK/dynamixel_sdk) by extensions ['colcon_meta']
[0.796s] Level 1:colcon.colcon_core.package_identification:_identify(src/TurtleBot3/DynamixelSDK/dynamixel_sdk) by extension 'colcon_meta'
[0.796s] Level 1:colcon.colcon_core.package_identification:_identify(src/TurtleBot3/DynamixelSDK/dynamixel_sdk) by extensions ['ros']
[0.796s] Level 1:colcon.colcon_core.package_identification:_identify(src/TurtleBot3/DynamixelSDK/dynamixel_sdk) by extension 'ros'
[0.801s] DEBUG:colcon.colcon_core.package_identification:Package 'src/TurtleBot3/DynamixelSDK/dynamixel_sdk' with type 'ros.ament_cmake' and name 'dynamixel_sdk'
[0.802s] Level 1:colcon.colcon_core.package_identification:_identify(src/TurtleBot3/DynamixelSDK/dynamixel_sdk_custom_interfaces) by extensions ['ignore', 'ignore_ament_install']
[0.802s] Level 1:colcon.colcon_core.package_identification:_identify(src/TurtleBot3/DynamixelSDK/dynamixel_sdk_custom_interfaces) by extension 'ignore'
[0.802s] Level 1:colcon.colcon_core.package_identification:_identify(src/TurtleBot3/DynamixelSDK/dynamixel_sdk_custom_interfaces) by extension 'ignore_ament_install'
[0.802s] Level 1:colcon.colcon_core.package_identification:_identify(src/TurtleBot3/DynamixelSDK/dynamixel_sdk_custom_interfaces) by extensions ['colcon_pkg']
[0.802s] Level 1:colcon.colcon_core.package_identification:_identify(src/TurtleBot3/DynamixelSDK/dynamixel_sdk_custom_interfaces) by extension 'colcon_pkg'
[0.802s] Level 1:colcon.colcon_core.package_identification:_identify(src/TurtleBot3/DynamixelSDK/dynamixel_sdk_custom_interfaces) by extensions ['colcon_meta']
[0.802s] Level 1:colcon.colcon_core.package_identification:_identify(src/TurtleBot3/DynamixelSDK/dynamixel_sdk_custom_interfaces) by extension 'colcon_meta'
[0.803s] Level 1:colcon.colcon_core.package_identification:_identify(src/TurtleBot3/DynamixelSDK/dynamixel_sdk_custom_interfaces) by extensions ['ros']
[0.803s] Level 1:colcon.colcon_core.package_identification:_identify(src/TurtleBot3/DynamixelSDK/dynamixel_sdk_custom_interfaces) by extension 'ros'
[0.803s] DEBUG:colcon.colcon_core.package_identification:Package 'src/TurtleBot3/DynamixelSDK/dynamixel_sdk_custom_interfaces' with type 'ros.ament_cmake' and name 'dynamixel_sdk_custom_interfaces'
[0.804s] Level 1:colcon.colcon_core.package_identification:_identify(src/TurtleBot3/DynamixelSDK/dynamixel_sdk_examples) by extensions ['ignore', 'ignore_ament_install']
[0.804s] Level 1:colcon.colcon_core.package_identification:_identify(src/TurtleBot3/DynamixelSDK/dynamixel_sdk_examples) by extension 'ignore'
[0.804s] Level 1:colcon.colcon_core.package_identification:_identify(src/TurtleBot3/DynamixelSDK/dynamixel_sdk_examples) by extension 'ignore_ament_install'
[0.804s] Level 1:colcon.colcon_core.package_identification:_identify(src/TurtleBot3/DynamixelSDK/dynamixel_sdk_examples) by extensions ['colcon_pkg']
[0.804s] Level 1:colcon.colcon_core.package_identification:_identify(src/TurtleBot3/DynamixelSDK/dynamixel_sdk_examples) by extension 'colcon_pkg'
[0.804s] Level 1:colcon.colcon_core.package_identification:_identify(src/TurtleBot3/DynamixelSDK/dynamixel_sdk_examples) by extensions ['colcon_meta']
[0.804s] Level 1:colcon.colcon_core.package_identification:_identify(src/TurtleBot3/DynamixelSDK/dynamixel_sdk_examples) by extension 'colcon_meta'
[0.804s] Level 1:colcon.colcon_core.package_identification:_identify(src/TurtleBot3/DynamixelSDK/dynamixel_sdk_examples) by extensions ['ros']
[0.804s] Level 1:colcon.colcon_core.package_identification:_identify(src/TurtleBot3/DynamixelSDK/dynamixel_sdk_examples) by extension 'ros'
[0.806s] DEBUG:colcon.colcon_core.package_identification:Package 'src/TurtleBot3/DynamixelSDK/dynamixel_sdk_examples' with type 'ros.ament_cmake' and name 'dynamixel_sdk_examples'
[0.806s] Level 1:colcon.colcon_core.package_identification:_identify(src/TurtleBot3/turtlebot3) by extensions ['ignore', 'ignore_ament_install']
[0.806s] Level 1:colcon.colcon_core.package_identification:_identify(src/TurtleBot3/turtlebot3) by extension 'ignore'
[0.807s] Level 1:colcon.colcon_core.package_identification:_identify(src/TurtleBot3/turtlebot3) by extension 'ignore_ament_install'
[0.807s] Level 1:colcon.colcon_core.package_identification:_identify(src/TurtleBot3/turtlebot3) by extensions ['colcon_pkg']
[0.807s] Level 1:colcon.colcon_core.package_identification:_identify(src/TurtleBot3/turtlebot3) by extension 'colcon_pkg'
[0.807s] Level 1:colcon.colcon_core.package_identification:_identify(src/TurtleBot3/turtlebot3) by extensions ['colcon_meta']
[0.807s] Level 1:colcon.colcon_core.package_identification:_identify(src/TurtleBot3/turtlebot3) by extension 'colcon_meta'
[0.807s] Level 1:colcon.colcon_core.package_identification:_identify(src/TurtleBot3/turtlebot3) by extensions ['ros']
[0.807s] Level 1:colcon.colcon_core.package_identification:_identify(src/TurtleBot3/turtlebot3) by extension 'ros'
[0.807s] Level 1:colcon.colcon_core.package_identification:_identify(src/TurtleBot3/turtlebot3) by extensions ['cmake', 'python']
[0.807s] Level 1:colcon.colcon_core.package_identification:_identify(src/TurtleBot3/turtlebot3) by extension 'cmake'
[0.807s] Level 1:colcon.colcon_core.package_identification:_identify(src/TurtleBot3/turtlebot3) by extension 'python'
[0.807s] Level 1:colcon.colcon_core.package_identification:_identify(src/TurtleBot3/turtlebot3) by extensions ['python_setup_py']
[0.807s] Level 1:colcon.colcon_core.package_identification:_identify(src/TurtleBot3/turtlebot3) by extension 'python_setup_py'
[0.807s] Level 1:colcon.colcon_core.package_identification:_identify(src/TurtleBot3/turtlebot3/turtlebot3) by extensions ['ignore', 'ignore_ament_install']
[0.807s] Level 1:colcon.colcon_core.package_identification:_identify(src/TurtleBot3/turtlebot3/turtlebot3) by extension 'ignore'
[0.807s] Level 1:colcon.colcon_core.package_identification:_identify(src/TurtleBot3/turtlebot3/turtlebot3) by extension 'ignore_ament_install'
[0.808s] Level 1:colcon.colcon_core.package_identification:_identify(src/TurtleBot3/turtlebot3/turtlebot3) by extensions ['colcon_pkg']
[0.808s] Level 1:colcon.colcon_core.package_identification:_identify(src/TurtleBot3/turtlebot3/turtlebot3) by extension 'colcon_pkg'
[0.808s] Level 1:colcon.colcon_core.package_identification:_identify(src/TurtleBot3/turtlebot3/turtlebot3) by extensions ['colcon_meta']
[0.808s] Level 1:colcon.colcon_core.package_identification:_identify(src/TurtleBot3/turtlebot3/turtlebot3) by extension 'colcon_meta'
[0.808s] Level 1:colcon.colcon_core.package_identification:_identify(src/TurtleBot3/turtlebot3/turtlebot3) by extensions ['ros']
[0.808s] Level 1:colcon.colcon_core.package_identification:_identify(src/TurtleBot3/turtlebot3/turtlebot3) by extension 'ros'
[0.809s] DEBUG:colcon.colcon_core.package_identification:Package 'src/TurtleBot3/turtlebot3/turtlebot3' with type 'ros.ament_cmake' and name 'turtlebot3'
[0.809s] Level 1:colcon.colcon_core.package_identification:_identify(src/TurtleBot3/turtlebot3/turtlebot3_bringup) by extensions ['ignore', 'ignore_ament_install']
[0.809s] Level 1:colcon.colcon_core.package_identification:_identify(src/TurtleBot3/turtlebot3/turtlebot3_bringup) by extension 'ignore'
[0.809s] Level 1:colcon.colcon_core.package_identification:_identify(src/TurtleBot3/turtlebot3/turtlebot3_bringup) by extension 'ignore_ament_install'
[0.810s] Level 1:colcon.colcon_core.package_identification:_identify(src/TurtleBot3/turtlebot3/turtlebot3_bringup) by extensions ['colcon_pkg']
[0.810s] Level 1:colcon.colcon_core.package_identification:_identify(src/TurtleBot3/turtlebot3/turtlebot3_bringup) by extension 'colcon_pkg'
[0.810s] Level 1:colcon.colcon_core.package_identification:_identify(src/TurtleBot3/turtlebot3/turtlebot3_bringup) by extensions ['colcon_meta']
[0.810s] Level 1:colcon.colcon_core.package_identification:_identify(src/TurtleBot3/turtlebot3/turtlebot3_bringup) by extension 'colcon_meta'
[0.810s] Level 1:colcon.colcon_core.package_identification:_identify(src/TurtleBot3/turtlebot3/turtlebot3_bringup) by extensions ['ros']
[0.810s] Level 1:colcon.colcon_core.package_identification:_identify(src/TurtleBot3/turtlebot3/turtlebot3_bringup) by extension 'ros'
[0.811s] DEBUG:colcon.colcon_core.package_identification:Package 'src/TurtleBot3/turtlebot3/turtlebot3_bringup' with type 'ros.ament_cmake' and name 'turtlebot3_bringup'
[0.812s] Level 1:colcon.colcon_core.package_identification:_identify(src/TurtleBot3/turtlebot3/turtlebot3_cartographer) by extensions ['ignore', 'ignore_ament_install']
[0.812s] Level 1:colcon.colcon_core.package_identification:_identify(src/TurtleBot3/turtlebot3/turtlebot3_cartographer) by extension 'ignore'
[0.812s] Level 1:colcon.colcon_core.package_identification:_identify(src/TurtleBot3/turtlebot3/turtlebot3_cartographer) by extension 'ignore_ament_install'
[0.812s] Level 1:colcon.colcon_core.package_identification:_identify(src/TurtleBot3/turtlebot3/turtlebot3_cartographer) by extensions ['colcon_pkg']
[0.812s] Level 1:colcon.colcon_core.package_identification:_identify(src/TurtleBot3/turtlebot3/turtlebot3_cartographer) by extension 'colcon_pkg'
[0.812s] Level 1:colcon.colcon_core.package_identification:_identify(src/TurtleBot3/turtlebot3/turtlebot3_cartographer) by extensions ['colcon_meta']
[0.812s] Level 1:colcon.colcon_core.package_identification:_identify(src/TurtleBot3/turtlebot3/turtlebot3_cartographer) by extension 'colcon_meta'
[0.812s] Level 1:colcon.colcon_core.package_identification:_identify(src/TurtleBot3/turtlebot3/turtlebot3_cartographer) by extensions ['ros']
[0.812s] Level 1:colcon.colcon_core.package_identification:_identify(src/TurtleBot3/turtlebot3/turtlebot3_cartographer) by extension 'ros'
[0.813s] DEBUG:colcon.colcon_core.package_identification:Package 'src/TurtleBot3/turtlebot3/turtlebot3_cartographer' with type 'ros.ament_cmake' and name 'turtlebot3_cartographer'
[0.814s] Level 1:colcon.colcon_core.package_identification:_identify(src/TurtleBot3/turtlebot3/turtlebot3_description) by extensions ['ignore', 'ignore_ament_install']
[0.814s] Level 1:colcon.colcon_core.package_identification:_identify(src/TurtleBot3/turtlebot3/turtlebot3_description) by extension 'ignore'
[0.814s] Level 1:colcon.colcon_core.package_identification:_identify(src/TurtleBot3/turtlebot3/turtlebot3_description) by extension 'ignore_ament_install'
[0.814s] Level 1:colcon.colcon_core.package_identification:_identify(src/TurtleBot3/turtlebot3/turtlebot3_description) by extensions ['colcon_pkg']
[0.814s] Level 1:colcon.colcon_core.package_identification:_identify(src/TurtleBot3/turtlebot3/turtlebot3_description) by extension 'colcon_pkg'
[0.814s] Level 1:colcon.colcon_core.package_identification:_identify(src/TurtleBot3/turtlebot3/turtlebot3_description) by extensions ['colcon_meta']
[0.814s] Level 1:colcon.colcon_core.package_identification:_identify(src/TurtleBot3/turtlebot3/turtlebot3_description) by extension 'colcon_meta'
[0.814s] Level 1:colcon.colcon_core.package_identification:_identify(src/TurtleBot3/turtlebot3/turtlebot3_description) by extensions ['ros']
[0.814s] Level 1:colcon.colcon_core.package_identification:_identify(src/TurtleBot3/turtlebot3/turtlebot3_description) by extension 'ros'
[0.815s] DEBUG:colcon.colcon_core.package_identification:Package 'src/TurtleBot3/turtlebot3/turtlebot3_description' with type 'ros.ament_cmake' and name 'turtlebot3_description'
[0.815s] Level 1:colcon.colcon_core.package_identification:_identify(src/TurtleBot3/turtlebot3/turtlebot3_example) by extensions ['ignore', 'ignore_ament_install']
[0.816s] Level 1:colcon.colcon_core.package_identification:_identify(src/TurtleBot3/turtlebot3/turtlebot3_example) by extension 'ignore'
[0.816s] Level 1:colcon.colcon_core.package_identification:_identify(src/TurtleBot3/turtlebot3/turtlebot3_example) by extension 'ignore_ament_install'
[0.816s] Level 1:colcon.colcon_core.package_identification:_identify(src/TurtleBot3/turtlebot3/turtlebot3_example) by extensions ['colcon_pkg']
[0.816s] Level 1:colcon.colcon_core.package_identification:_identify(src/TurtleBot3/turtlebot3/turtlebot3_example) by extension 'colcon_pkg'
[0.816s] Level 1:colcon.colcon_core.package_identification:_identify(src/TurtleBot3/turtlebot3/turtlebot3_example) by extensions ['colcon_meta']
[0.816s] Level 1:colcon.colcon_core.package_identification:_identify(src/TurtleBot3/turtlebot3/turtlebot3_example) by extension 'colcon_meta'
[0.816s] Level 1:colcon.colcon_core.package_identification:_identify(src/TurtleBot3/turtlebot3/turtlebot3_example) by extensions ['ros']
[0.816s] Level 1:colcon.colcon_core.package_identification:_identify(src/TurtleBot3/turtlebot3/turtlebot3_example) by extension 'ros'
[0.817s] DEBUG:colcon.colcon_core.package_identification:Package 'src/TurtleBot3/turtlebot3/turtlebot3_example' with type 'ros.ament_python' and name 'turtlebot3_example'
[0.818s] Level 1:colcon.colcon_core.package_identification:_identify(src/TurtleBot3/turtlebot3/turtlebot3_navigation2) by extensions ['ignore', 'ignore_ament_install']
[0.818s] Level 1:colcon.colcon_core.package_identification:_identify(src/TurtleBot3/turtlebot3/turtlebot3_navigation2) by extension 'ignore'
[0.818s] Level 1:colcon.colcon_core.package_identification:_identify(src/TurtleBot3/turtlebot3/turtlebot3_navigation2) by extension 'ignore_ament_install'
[0.818s] Level 1:colcon.colcon_core.package_identification:_identify(src/TurtleBot3/turtlebot3/turtlebot3_navigation2) by extensions ['colcon_pkg']
[0.818s] Level 1:colcon.colcon_core.package_identification:_identify(src/TurtleBot3/turtlebot3/turtlebot3_navigation2) by extension 'colcon_pkg'
[0.818s] Level 1:colcon.colcon_core.package_identification:_identify(src/TurtleBot3/turtlebot3/turtlebot3_navigation2) by extensions ['colcon_meta']
[0.818s] Level 1:colcon.colcon_core.package_identification:_identify(src/TurtleBot3/turtlebot3/turtlebot3_navigation2) by extension 'colcon_meta'
[0.818s] Level 1:colcon.colcon_core.package_identification:_identify(src/TurtleBot3/turtlebot3/turtlebot3_navigation2) by extensions ['ros']
[0.818s] Level 1:colcon.colcon_core.package_identification:_identify(src/TurtleBot3/turtlebot3/turtlebot3_navigation2) by extension 'ros'
[0.819s] DEBUG:colcon.colcon_core.package_identification:Package 'src/TurtleBot3/turtlebot3/turtlebot3_navigation2' with type 'ros.ament_cmake' and name 'turtlebot3_navigation2'
[0.819s] Level 1:colcon.colcon_core.package_identification:_identify(src/TurtleBot3/turtlebot3/turtlebot3_node) by extensions ['ignore', 'ignore_ament_install']
[0.819s] Level 1:colcon.colcon_core.package_identification:_identify(src/TurtleBot3/turtlebot3/turtlebot3_node) by extension 'ignore'
[0.819s] Level 1:colcon.colcon_core.package_identification:_identify(src/TurtleBot3/turtlebot3/turtlebot3_node) by extension 'ignore_ament_install'
[0.820s] Level 1:colcon.colcon_core.package_identification:_identify(src/TurtleBot3/turtlebot3/turtlebot3_node) by extensions ['colcon_pkg']
[0.820s] Level 1:colcon.colcon_core.package_identification:_identify(src/TurtleBot3/turtlebot3/turtlebot3_node) by extension 'colcon_pkg'
[0.820s] Level 1:colcon.colcon_core.package_identification:_identify(src/TurtleBot3/turtlebot3/turtlebot3_node) by extensions ['colcon_meta']
[0.820s] Level 1:colcon.colcon_core.package_identification:_identify(src/TurtleBot3/turtlebot3/turtlebot3_node) by extension 'colcon_meta'
[0.820s] Level 1:colcon.colcon_core.package_identification:_identify(src/TurtleBot3/turtlebot3/turtlebot3_node) by extensions ['ros']
[0.820s] Level 1:colcon.colcon_core.package_identification:_identify(src/TurtleBot3/turtlebot3/turtlebot3_node) by extension 'ros'
[0.822s] DEBUG:colcon.colcon_core.package_identification:Package 'src/TurtleBot3/turtlebot3/turtlebot3_node' with type 'ros.ament_cmake' and name 'turtlebot3_node'
[0.823s] Level 1:colcon.colcon_core.package_identification:_identify(src/TurtleBot3/turtlebot3/turtlebot3_teleop) by extensions ['ignore', 'ignore_ament_install']
[0.823s] Level 1:colcon.colcon_core.package_identification:_identify(src/TurtleBot3/turtlebot3/turtlebot3_teleop) by extension 'ignore'
[0.823s] Level 1:colcon.colcon_core.package_identification:_identify(src/TurtleBot3/turtlebot3/turtlebot3_teleop) by extension 'ignore_ament_install'
[0.823s] Level 1:colcon.colcon_core.package_identification:_identify(src/TurtleBot3/turtlebot3/turtlebot3_teleop) by extensions ['colcon_pkg']
[0.823s] Level 1:colcon.colcon_core.package_identification:_identify(src/TurtleBot3/turtlebot3/turtlebot3_teleop) by extension 'colcon_pkg'
[0.823s] Level 1:colcon.colcon_core.package_identification:_identify(src/TurtleBot3/turtlebot3/turtlebot3_teleop) by extensions ['colcon_meta']
[0.823s] Level 1:colcon.colcon_core.package_identification:_identify(src/TurtleBot3/turtlebot3/turtlebot3_teleop) by extension 'colcon_meta'
[0.823s] Level 1:colcon.colcon_core.package_identification:_identify(src/TurtleBot3/turtlebot3/turtlebot3_teleop) by extensions ['ros']
[0.823s] Level 1:colcon.colcon_core.package_identification:_identify(src/TurtleBot3/turtlebot3/turtlebot3_teleop) by extension 'ros'
[0.824s] DEBUG:colcon.colcon_core.package_identification:Package 'src/TurtleBot3/turtlebot3/turtlebot3_teleop' with type 'ros.ament_python' and name 'turtlebot3_teleop'
[0.824s] Level 1:colcon.colcon_core.package_identification:_identify(src/TurtleBot3/turtlebot3_msgs) by extensions ['ignore', 'ignore_ament_install']
[0.824s] Level 1:colcon.colcon_core.package_identification:_identify(src/TurtleBot3/turtlebot3_msgs) by extension 'ignore'
[0.824s] Level 1:colcon.colcon_core.package_identification:_identify(src/TurtleBot3/turtlebot3_msgs) by extension 'ignore_ament_install'
[0.825s] Level 1:colcon.colcon_core.package_identification:_identify(src/TurtleBot3/turtlebot3_msgs) by extensions ['colcon_pkg']
[0.825s] Level 1:colcon.colcon_core.package_identification:_identify(src/TurtleBot3/turtlebot3_msgs) by extension 'colcon_pkg'
[0.825s] Level 1:colcon.colcon_core.package_identification:_identify(src/TurtleBot3/turtlebot3_msgs) by extensions ['colcon_meta']
[0.825s] Level 1:colcon.colcon_core.package_identification:_identify(src/TurtleBot3/turtlebot3_msgs) by extension 'colcon_meta'
[0.825s] Level 1:colcon.colcon_core.package_identification:_identify(src/TurtleBot3/turtlebot3_msgs) by extensions ['ros']
[0.825s] Level 1:colcon.colcon_core.package_identification:_identify(src/TurtleBot3/turtlebot3_msgs) by extension 'ros'
[0.826s] DEBUG:colcon.colcon_core.package_identification:Package 'src/TurtleBot3/turtlebot3_msgs' with type 'ros.ament_cmake' and name 'turtlebot3_msgs'
[0.827s] Level 1:colcon.colcon_core.package_identification:_identify(src/TurtleBot3/turtlebot3_simulations) by extensions ['ignore', 'ignore_ament_install']
[0.827s] Level 1:colcon.colcon_core.package_identification:_identify(src/TurtleBot3/turtlebot3_simulations) by extension 'ignore'
[0.827s] Level 1:colcon.colcon_core.package_identification:_identify(src/TurtleBot3/turtlebot3_simulations) by extension 'ignore_ament_install'
[0.827s] Level 1:colcon.colcon_core.package_identification:_identify(src/TurtleBot3/turtlebot3_simulations) by extensions ['colcon_pkg']
[0.827s] Level 1:colcon.colcon_core.package_identification:_identify(src/TurtleBot3/turtlebot3_simulations) by extension 'colcon_pkg'
[0.827s] Level 1:colcon.colcon_core.package_identification:_identify(src/TurtleBot3/turtlebot3_simulations) by extensions ['colcon_meta']
[0.827s] Level 1:colcon.colcon_core.package_identification:_identify(src/TurtleBot3/turtlebot3_simulations) by extension 'colcon_meta'
[0.827s] Level 1:colcon.colcon_core.package_identification:_identify(src/TurtleBot3/turtlebot3_simulations) by extensions ['ros']
[0.827s] Level 1:colcon.colcon_core.package_identification:_identify(src/TurtleBot3/turtlebot3_simulations) by extension 'ros'
[0.827s] Level 1:colcon.colcon_core.package_identification:_identify(src/TurtleBot3/turtlebot3_simulations) by extensions ['cmake', 'python']
[0.827s] Level 1:colcon.colcon_core.package_identification:_identify(src/TurtleBot3/turtlebot3_simulations) by extension 'cmake'
[0.827s] Level 1:colcon.colcon_core.package_identification:_identify(src/TurtleBot3/turtlebot3_simulations) by extension 'python'
[0.827s] Level 1:colcon.colcon_core.package_identification:_identify(src/TurtleBot3/turtlebot3_simulations) by extensions ['python_setup_py']
[0.827s] Level 1:colcon.colcon_core.package_identification:_identify(src/TurtleBot3/turtlebot3_simulations) by extension 'python_setup_py'
[0.827s] Level 1:colcon.colcon_core.package_identification:_identify(src/TurtleBot3/turtlebot3_simulations/turtlebot3_fake_node) by extensions ['ignore', 'ignore_ament_install']
[0.827s] Level 1:colcon.colcon_core.package_identification:_identify(src/TurtleBot3/turtlebot3_simulations/turtlebot3_fake_node) by extension 'ignore'
[0.827s] Level 1:colcon.colcon_core.package_identification:_identify(src/TurtleBot3/turtlebot3_simulations/turtlebot3_fake_node) by extension 'ignore_ament_install'
[0.828s] Level 1:colcon.colcon_core.package_identification:_identify(src/TurtleBot3/turtlebot3_simulations/turtlebot3_fake_node) by extensions ['colcon_pkg']
[0.828s] Level 1:colcon.colcon_core.package_identification:_identify(src/TurtleBot3/turtlebot3_simulations/turtlebot3_fake_node) by extension 'colcon_pkg'
[0.828s] Level 1:colcon.colcon_core.package_identification:_identify(src/TurtleBot3/turtlebot3_simulations/turtlebot3_fake_node) by extensions ['colcon_meta']
[0.828s] Level 1:colcon.colcon_core.package_identification:_identify(src/TurtleBot3/turtlebot3_simulations/turtlebot3_fake_node) by extension 'colcon_meta'
[0.828s] Level 1:colcon.colcon_core.package_identification:_identify(src/TurtleBot3/turtlebot3_simulations/turtlebot3_fake_node) by extensions ['ros']
[0.828s] Level 1:colcon.colcon_core.package_identification:_identify(src/TurtleBot3/turtlebot3_simulations/turtlebot3_fake_node) by extension 'ros'
[0.829s] DEBUG:colcon.colcon_core.package_identification:Package 'src/TurtleBot3/turtlebot3_simulations/turtlebot3_fake_node' with type 'ros.ament_cmake' and name 'turtlebot3_fake_node'
[0.829s] Level 1:colcon.colcon_core.package_identification:_identify(src/TurtleBot3/turtlebot3_simulations/turtlebot3_gazebo) by extensions ['ignore', 'ignore_ament_install']
[0.830s] Level 1:colcon.colcon_core.package_identification:_identify(src/TurtleBot3/turtlebot3_simulations/turtlebot3_gazebo) by extension 'ignore'
[0.830s] Level 1:colcon.colcon_core.package_identification:_identify(src/TurtleBot3/turtlebot3_simulations/turtlebot3_gazebo) by extension 'ignore_ament_install'
[0.830s] Level 1:colcon.colcon_core.package_identification:_identify(src/TurtleBot3/turtlebot3_simulations/turtlebot3_gazebo) by extensions ['colcon_pkg']
[0.830s] Level 1:colcon.colcon_core.package_identification:_identify(src/TurtleBot3/turtlebot3_simulations/turtlebot3_gazebo) by extension 'colcon_pkg'
[0.830s] Level 1:colcon.colcon_core.package_identification:_identify(src/TurtleBot3/turtlebot3_simulations/turtlebot3_gazebo) by extensions ['colcon_meta']
[0.830s] Level 1:colcon.colcon_core.package_identification:_identify(src/TurtleBot3/turtlebot3_simulations/turtlebot3_gazebo) by extension 'colcon_meta'
[0.830s] Level 1:colcon.colcon_core.package_identification:_identify(src/TurtleBot3/turtlebot3_simulations/turtlebot3_gazebo) by extensions ['ros']
[0.830s] Level 1:colcon.colcon_core.package_identification:_identify(src/TurtleBot3/turtlebot3_simulations/turtlebot3_gazebo) by extension 'ros'
[0.832s] DEBUG:colcon.colcon_core.package_identification:Package 'src/TurtleBot3/turtlebot3_simulations/turtlebot3_gazebo' with type 'ros.ament_cmake' and name 'turtlebot3_gazebo'
[0.832s] Level 1:colcon.colcon_core.package_identification:_identify(src/TurtleBot3/turtlebot3_simulations/turtlebot3_simulations) by extensions ['ignore', 'ignore_ament_install']
[0.832s] Level 1:colcon.colcon_core.package_identification:_identify(src/TurtleBot3/turtlebot3_simulations/turtlebot3_simulations) by extension 'ignore'
[0.832s] Level 1:colcon.colcon_core.package_identification:_identify(src/TurtleBot3/turtlebot3_simulations/turtlebot3_simulations) by extension 'ignore_ament_install'
[0.832s] Level 1:colcon.colcon_core.package_identification:_identify(src/TurtleBot3/turtlebot3_simulations/turtlebot3_simulations) by extensions ['colcon_pkg']
[0.832s] Level 1:colcon.colcon_core.package_identification:_identify(src/TurtleBot3/turtlebot3_simulations/turtlebot3_simulations) by extension 'colcon_pkg'
[0.832s] Level 1:colcon.colcon_core.package_identification:_identify(src/TurtleBot3/turtlebot3_simulations/turtlebot3_simulations) by extensions ['colcon_meta']
[0.832s] Level 1:colcon.colcon_core.package_identification:_identify(src/TurtleBot3/turtlebot3_simulations/turtlebot3_simulations) by extension 'colcon_meta'
[0.832s] Level 1:colcon.colcon_core.package_identification:_identify(src/TurtleBot3/turtlebot3_simulations/turtlebot3_simulations) by extensions ['ros']
[0.832s] Level 1:colcon.colcon_core.package_identification:_identify(src/TurtleBot3/turtlebot3_simulations/turtlebot3_simulations) by extension 'ros'
[0.834s] DEBUG:colcon.colcon_core.package_identification:Package 'src/TurtleBot3/turtlebot3_simulations/turtlebot3_simulations' with type 'ros.ament_cmake' and name 'turtlebot3_simulations'
[0.834s] Level 1:colcon.colcon_core.package_identification:_identify(src/bump_go_cpp) by extensions ['ignore', 'ignore_ament_install']
[0.834s] Level 1:colcon.colcon_core.package_identification:_identify(src/bump_go_cpp) by extension 'ignore'
[0.834s] Level 1:colcon.colcon_core.package_identification:_identify(src/bump_go_cpp) by extension 'ignore_ament_install'
[0.834s] Level 1:colcon.colcon_core.package_identification:_identify(src/bump_go_cpp) by extensions ['colcon_pkg']
[0.834s] Level 1:colcon.colcon_core.package_identification:_identify(src/bump_go_cpp) by extension 'colcon_pkg'
[0.834s] Level 1:colcon.colcon_core.package_identification:_identify(src/bump_go_cpp) by extensions ['colcon_meta']
[0.834s] Level 1:colcon.colcon_core.package_identification:_identify(src/bump_go_cpp) by extension 'colcon_meta'
[0.834s] Level 1:colcon.colcon_core.package_identification:_identify(src/bump_go_cpp) by extensions ['ros']
[0.834s] Level 1:colcon.colcon_core.package_identification:_identify(src/bump_go_cpp) by extension 'ros'
[0.835s] DEBUG:colcon.colcon_core.package_identification:Package 'src/bump_go_cpp' with type 'ros.ament_cmake' and name 'bump_go_cpp'
[0.835s] Level 1:colcon.colcon_core.package_identification:_identify(src/robotics_slam) by extensions ['ignore', 'ignore_ament_install']
[0.835s] Level 1:colcon.colcon_core.package_identification:_identify(src/robotics_slam) by extension 'ignore'
[0.835s] Level 1:colcon.colcon_core.package_identification:_identify(src/robotics_slam) by extension 'ignore_ament_install'
[0.836s] Level 1:colcon.colcon_core.package_identification:_identify(src/robotics_slam) by extensions ['colcon_pkg']
[0.836s] Level 1:colcon.colcon_core.package_identification:_identify(src/robotics_slam) by extension 'colcon_pkg'
[0.836s] Level 1:colcon.colcon_core.package_identification:_identify(src/robotics_slam) by extensions ['colcon_meta']
[0.836s] Level 1:colcon.colcon_core.package_identification:_identify(src/robotics_slam) by extension 'colcon_meta'
[0.836s] Level 1:colcon.colcon_core.package_identification:_identify(src/robotics_slam) by extensions ['ros']
[0.836s] Level 1:colcon.colcon_core.package_identification:_identify(src/robotics_slam) by extension 'ros'
[0.837s] DEBUG:colcon.colcon_core.package_identification:Package 'src/robotics_slam' with type 'ros.ament_cmake' and name 'robotics_slam'
[0.837s] Level 1:colcon.colcon_core.package_discovery:discover_packages(recursive) using defaults
[0.837s] Level 1:colcon.colcon_core.package_discovery:discover_packages(ignore) discover
[0.837s] Level 1:colcon.colcon_core.package_discovery:discover_packages(ignore) using defaults
[0.837s] Level 1:colcon.colcon_core.package_discovery:discover_packages(path) discover
[0.837s] Level 1:colcon.colcon_core.package_discovery:discover_packages(path) using defaults
[0.870s] INFO:colcon.colcon_core.package_selection:Skipping not selected package 'bump_go_cpp' in 'src/bump_go_cpp'
[0.870s] INFO:colcon.colcon_core.package_selection:Skipping not selected package 'dynamixel_sdk' in 'src/TurtleBot3/DynamixelSDK/dynamixel_sdk'
[0.870s] INFO:colcon.colcon_core.package_selection:Skipping not selected package 'dynamixel_sdk_custom_interfaces' in 'src/TurtleBot3/DynamixelSDK/dynamixel_sdk_custom_interfaces'
[0.870s] INFO:colcon.colcon_core.package_selection:Skipping not selected package 'turtlebot3_cartographer' in 'src/TurtleBot3/turtlebot3/turtlebot3_cartographer'
[0.870s] INFO:colcon.colcon_core.package_selection:Skipping not selected package 'turtlebot3_description' in 'src/TurtleBot3/turtlebot3/turtlebot3_description'
[0.870s] INFO:colcon.colcon_core.package_selection:Skipping not selected package 'turtlebot3_msgs' in 'src/TurtleBot3/turtlebot3_msgs'
[0.870s] INFO:colcon.colcon_core.package_selection:Skipping not selected package 'turtlebot3_navigation2' in 'src/TurtleBot3/turtlebot3/turtlebot3_navigation2'
[0.870s] INFO:colcon.colcon_core.package_selection:Skipping not selected package 'turtlebot3_teleop' in 'src/TurtleBot3/turtlebot3/turtlebot3_teleop'
[0.870s] INFO:colcon.colcon_core.package_selection:Skipping not selected package 'dynamixel_sdk_examples' in 'src/TurtleBot3/DynamixelSDK/dynamixel_sdk_examples'
[0.870s] INFO:colcon.colcon_core.package_selection:Skipping not selected package 'turtlebot3_example' in 'src/TurtleBot3/turtlebot3/turtlebot3_example'
[0.870s] INFO:colcon.colcon_core.package_selection:Skipping not selected package 'turtlebot3_fake_node' in 'src/TurtleBot3/turtlebot3_simulations/turtlebot3_fake_node'
[0.870s] INFO:colcon.colcon_core.package_selection:Skipping not selected package 'turtlebot3_gazebo' in 'src/TurtleBot3/turtlebot3_simulations/turtlebot3_gazebo'
[0.870s] INFO:colcon.colcon_core.package_selection:Skipping not selected package 'turtlebot3_node' in 'src/TurtleBot3/turtlebot3/turtlebot3_node'
[0.870s] INFO:colcon.colcon_core.package_selection:Skipping not selected package 'turtlebot3_bringup' in 'src/TurtleBot3/turtlebot3/turtlebot3_bringup'
[0.870s] INFO:colcon.colcon_core.package_selection:Skipping not selected package 'turtlebot3_simulations' in 'src/TurtleBot3/turtlebot3_simulations/turtlebot3_simulations'
[0.870s] INFO:colcon.colcon_core.package_selection:Skipping not selected package 'turtlebot3' in 'src/TurtleBot3/turtlebot3/turtlebot3'
[0.871s] Level 1:colcon.colcon_core.package_discovery:discover_packages(prefix_path) check parameters
[0.871s] Level 1:colcon.colcon_core.package_discovery:discover_packages(prefix_path) discover
[0.883s] DEBUG:colcon.colcon_installed_package_information.package_discovery:Found 17 installed packages in /home/mbasharoush/turtlebot3_ws/install
[0.886s] DEBUG:colcon.colcon_installed_package_information.package_discovery:Found 57 installed packages in /home/mbasharoush/bookros2_ws/install
[0.889s] DEBUG:colcon.colcon_installed_package_information.package_discovery:Found 59 installed packages in /home/mbasharoush/install
[0.895s] DEBUG:colcon.colcon_installed_package_information.package_discovery:Found 381 installed packages in /opt/ros/foxy
[0.903s] Level 1:colcon.colcon_core.package_discovery:discover_packages(prefix_path) using defaults
[1.080s] Level 5:colcon.colcon_core.verb:set package 'robotics_slam' build argument 'cmake_args' from command line to 'None'
[1.080s] Level 5:colcon.colcon_core.verb:set package 'robotics_slam' build argument 'cmake_target' from command line to 'None'
[1.080s] Level 5:colcon.colcon_core.verb:set package 'robotics_slam' build argument 'cmake_target_skip_unavailable' from command line to 'False'
[1.081s] Level 5:colcon.colcon_core.verb:set package 'robotics_slam' build argument 'cmake_clean_cache' from command line to 'False'
[1.081s] Level 5:colcon.colcon_core.verb:set package 'robotics_slam' build argument 'cmake_clean_first' from command line to 'False'
[1.081s] Level 5:colcon.colcon_core.verb:set package 'robotics_slam' build argument 'cmake_force_configure' from command line to 'False'
[1.081s] Level 5:colcon.colcon_core.verb:set package 'robotics_slam' build argument 'ament_cmake_args' from command line to 'None'
[1.081s] Level 5:colcon.colcon_core.verb:set package 'robotics_slam' build argument 'catkin_cmake_args' from command line to 'None'
[1.081s] Level 5:colcon.colcon_core.verb:set package 'robotics_slam' build argument 'catkin_skip_building_tests' from command line to 'False'
[1.081s] DEBUG:colcon.colcon_core.verb:Building package 'robotics_slam' with the following arguments: {'ament_cmake_args': None, 'build_base': '/home/mbasharoush/turtlebot3_ws/build/robotics_slam', 'catkin_cmake_args': None, 'catkin_skip_building_tests': False, 'cmake_args': None, 'cmake_clean_cache': False, 'cmake_clean_first': False, 'cmake_force_configure': False, 'cmake_target': None, 'cmake_target_skip_unavailable': False, 'install_base': '/home/mbasharoush/turtlebot3_ws/install/robotics_slam', 'merge_install': False, 'path': '/home/mbasharoush/turtlebot3_ws/src/robotics_slam', 'symlink_install': True, 'test_result_base': None}
[1.081s] INFO:colcon.colcon_core.executor:Executing jobs using 'parallel' executor
[1.085s] DEBUG:colcon.colcon_parallel_executor.executor.parallel:run_until_complete
[1.086s] INFO:colcon.colcon_ros.task.ament_cmake.build:Building ROS package in '/home/mbasharoush/turtlebot3_ws/src/robotics_slam' with build type 'ament_cmake'
[1.086s] INFO:colcon.colcon_cmake.task.cmake.build:Building CMake package in '/home/mbasharoush/turtlebot3_ws/src/robotics_slam'
[1.091s] INFO:colcon.colcon_core.plugin_system:Skipping extension 'colcon_core.shell.bat': Not used on non-Windows systems
[1.091s] INFO:colcon.colcon_core.shell:Skip shell extension 'powershell' for command environment: Not usable outside of PowerShell
[1.091s] DEBUG:colcon.colcon_core.shell:Skip shell extension 'dsv' for command environment
[1.163s] DEBUG:colcon.colcon_core.event_handler.log_command:Invoking command in '/home/mbasharoush/turtlebot3_ws/build/robotics_slam': CMAKE_PREFIX_PATH=${CMAKE_PREFIX_PATH}:/home/mbasharoush/turtlebot3_ws/install/turtlebot3_teleop:/home/mbasharoush/turtlebot3_ws/install/turtlebot3_example:/home/mbasharoush/bookros2_ws/install/ros2controlcli:/home/mbasharoush/bookros2_ws/install/launch_pal:/home/mbasharoush/bookros2_ws/install/br2_fsm_bumpgo_py:/home/mbasharoush/install/ros2controlcli:/home/mbasharoush/install/launch_pal:/home/mbasharoush/install/br2_fsm_bumpgo_py:/opt/ros/foxy /usr/bin/cmake --build /home/mbasharoush/turtlebot3_ws/build/robotics_slam -- -j4 -l4
[8.351s] DEBUG:colcon.colcon_core.event_handler.log_command:Invoked command in '/home/mbasharoush/turtlebot3_ws/build/robotics_slam' returned '0': CMAKE_PREFIX_PATH=${CMAKE_PREFIX_PATH}:/home/mbasharoush/turtlebot3_ws/install/turtlebot3_teleop:/home/mbasharoush/turtlebot3_ws/install/turtlebot3_example:/home/mbasharoush/bookros2_ws/install/ros2controlcli:/home/mbasharoush/bookros2_ws/install/launch_pal:/home/mbasharoush/bookros2_ws/install/br2_fsm_bumpgo_py:/home/mbasharoush/install/ros2controlcli:/home/mbasharoush/install/launch_pal:/home/mbasharoush/install/br2_fsm_bumpgo_py:/opt/ros/foxy /usr/bin/cmake --build /home/mbasharoush/turtlebot3_ws/build/robotics_slam -- -j4 -l4
[8.397s] DEBUG:colcon.colcon_core.event_handler.log_command:Invoking command in '/home/mbasharoush/turtlebot3_ws/build/robotics_slam': CMAKE_PREFIX_PATH=${CMAKE_PREFIX_PATH}:/home/mbasharoush/turtlebot3_ws/install/turtlebot3_teleop:/home/mbasharoush/turtlebot3_ws/install/turtlebot3_example:/home/mbasharoush/bookros2_ws/install/ros2controlcli:/home/mbasharoush/bookros2_ws/install/launch_pal:/home/mbasharoush/bookros2_ws/install/br2_fsm_bumpgo_py:/home/mbasharoush/install/ros2controlcli:/home/mbasharoush/install/launch_pal:/home/mbasharoush/install/br2_fsm_bumpgo_py:/opt/ros/foxy /usr/bin/cmake --install /home/mbasharoush/turtlebot3_ws/build/robotics_slam
[8.518s] Level 1:colcon.colcon_core.environment:create_environment_scripts_only(robotics_slam)
[8.524s] Level 1:colcon.colcon_core.environment:checking '/home/mbasharoush/turtlebot3_ws/install/robotics_slam' for CMake module files
[8.524s] Level 1:colcon.colcon_core.environment:checking '/home/mbasharoush/turtlebot3_ws/install/robotics_slam' for CMake config files
[8.525s] Level 1:colcon.colcon_core.shell:create_environment_hook('robotics_slam', 'cmake_prefix_path')
[8.525s] INFO:colcon.colcon_core.shell:Creating environment hook '/home/mbasharoush/turtlebot3_ws/install/robotics_slam/share/robotics_slam/hook/cmake_prefix_path.ps1'
[8.530s] INFO:colcon.colcon_core.shell:Creating environment descriptor '/home/mbasharoush/turtlebot3_ws/install/robotics_slam/share/robotics_slam/hook/cmake_prefix_path.dsv'
[8.532s] INFO:colcon.colcon_core.shell:Creating environment hook '/home/mbasharoush/turtlebot3_ws/install/robotics_slam/share/robotics_slam/hook/cmake_prefix_path.sh'
[8.533s] Level 1:colcon.colcon_core.environment:checking '/home/mbasharoush/turtlebot3_ws/install/robotics_slam/bin'
[8.534s] Level 1:colcon.colcon_core.environment:checking '/home/mbasharoush/turtlebot3_ws/install/robotics_slam/lib/pkgconfig/robotics_slam.pc'
[8.534s] Level 1:colcon.colcon_core.environment:checking '/home/mbasharoush/turtlebot3_ws/install/robotics_slam/lib/python3.8/site-packages'
[8.534s] Level 1:colcon.colcon_core.environment:checking '/home/mbasharoush/turtlebot3_ws/install/robotics_slam/bin'
[8.535s] INFO:colcon.colcon_core.shell:Creating package script '/home/mbasharoush/turtlebot3_ws/install/robotics_slam/share/robotics_slam/package.ps1'
[8.536s] INFO:colcon.colcon_core.shell:Creating package descriptor '/home/mbasharoush/turtlebot3_ws/install/robotics_slam/share/robotics_slam/package.dsv'
[8.538s] DEBUG:colcon.colcon_core.event_handler.log_command:Invoked command in '/home/mbasharoush/turtlebot3_ws/build/robotics_slam' returned '0': CMAKE_PREFIX_PATH=${CMAKE_PREFIX_PATH}:/home/mbasharoush/turtlebot3_ws/install/turtlebot3_teleop:/home/mbasharoush/turtlebot3_ws/install/turtlebot3_example:/home/mbasharoush/bookros2_ws/install/ros2controlcli:/home/mbasharoush/bookros2_ws/install/launch_pal:/home/mbasharoush/bookros2_ws/install/br2_fsm_bumpgo_py:/home/mbasharoush/install/ros2controlcli:/home/mbasharoush/install/launch_pal:/home/mbasharoush/install/br2_fsm_bumpgo_py:/opt/ros/foxy /usr/bin/cmake --install /home/mbasharoush/turtlebot3_ws/build/robotics_slam
[8.542s] INFO:colcon.colcon_core.shell:Creating package script '/home/mbasharoush/turtlebot3_ws/install/robotics_slam/share/robotics_slam/package.sh'
[8.546s] INFO:colcon.colcon_core.shell:Creating package script '/home/mbasharoush/turtlebot3_ws/install/robotics_slam/share/robotics_slam/package.bash'
[8.547s] INFO:colcon.colcon_core.shell:Creating package script '/home/mbasharoush/turtlebot3_ws/install/robotics_slam/share/robotics_slam/package.zsh'
[8.549s] Level 1:colcon.colcon_core.environment:create_file_with_runtime_dependencies(/home/mbasharoush/turtlebot3_ws/install/robotics_slam/share/colcon-core/packages/robotics_slam)
[8.550s] Level 1:colcon.colcon_core.environment:create_environment_scripts_only(robotics_slam)
[8.551s] Level 1:colcon.colcon_core.environment:checking '/home/mbasharoush/turtlebot3_ws/install/robotics_slam' for CMake module files
[8.551s] Level 1:colcon.colcon_core.environment:checking '/home/mbasharoush/turtlebot3_ws/install/robotics_slam' for CMake config files
[8.552s] Level 1:colcon.colcon_core.shell:create_environment_hook('robotics_slam', 'cmake_prefix_path')
[8.552s] INFO:colcon.colcon_core.shell:Creating environment hook '/home/mbasharoush/turtlebot3_ws/install/robotics_slam/share/robotics_slam/hook/cmake_prefix_path.ps1'
[8.554s] INFO:colcon.colcon_core.shell:Creating environment descriptor '/home/mbasharoush/turtlebot3_ws/install/robotics_slam/share/robotics_slam/hook/cmake_prefix_path.dsv'
[8.555s] INFO:colcon.colcon_core.shell:Creating environment hook '/home/mbasharoush/turtlebot3_ws/install/robotics_slam/share/robotics_slam/hook/cmake_prefix_path.sh'
[8.557s] Level 1:colcon.colcon_core.environment:checking '/home/mbasharoush/turtlebot3_ws/install/robotics_slam/bin'
[8.557s] Level 1:colcon.colcon_core.environment:checking '/home/mbasharoush/turtlebot3_ws/install/robotics_slam/lib/pkgconfig/robotics_slam.pc'
[8.557s] Level 1:colcon.colcon_core.environment:checking '/home/mbasharoush/turtlebot3_ws/install/robotics_slam/lib/python3.8/site-packages'
[8.557s] Level 1:colcon.colcon_core.environment:checking '/home/mbasharoush/turtlebot3_ws/install/robotics_slam/bin'
[8.558s] INFO:colcon.colcon_core.shell:Creating package script '/home/mbasharoush/turtlebot3_ws/install/robotics_slam/share/robotics_slam/package.ps1'
[8.559s] INFO:colcon.colcon_core.shell:Creating package descriptor '/home/mbasharoush/turtlebot3_ws/install/robotics_slam/share/robotics_slam/package.dsv'
[8.560s] INFO:colcon.colcon_core.shell:Creating package script '/home/mbasharoush/turtlebot3_ws/install/robotics_slam/share/robotics_slam/package.sh'
[8.561s] INFO:colcon.colcon_core.shell:Creating package script '/home/mbasharoush/turtlebot3_ws/install/robotics_slam/share/robotics_slam/package.bash'
[8.562s] INFO:colcon.colcon_core.shell:Creating package script '/home/mbasharoush/turtlebot3_ws/install/robotics_slam/share/robotics_slam/package.zsh'
[8.563s] Level 1:colcon.colcon_core.environment:create_file_with_runtime_dependencies(/home/mbasharoush/turtlebot3_ws/install/robotics_slam/share/colcon-core/packages/robotics_slam)
[8.565s] DEBUG:colcon.colcon_parallel_executor.executor.parallel:closing loop
[8.565s] DEBUG:colcon.colcon_parallel_executor.executor.parallel:loop closed
[8.568s] DEBUG:colcon.colcon_parallel_executor.executor.parallel:run_until_complete finished with '0'
[8.569s] DEBUG:colcon.colcon_core.event_reactor:joining thread
[8.577s] INFO:colcon.colcon_core.plugin_system:Skipping extension 'colcon_notification.desktop_notification.terminal_notifier': Not used on non-Darwin systems
[8.578s] INFO:colcon.colcon_core.plugin_system:Skipping extension 'colcon_notification.desktop_notification.win32': Not used on non-Windows systems
[8.578s] INFO:colcon.colcon_notification.desktop_notification:Sending desktop notification using 'notify2'
[8.634s] DEBUG:colcon.colcon_core.event_reactor:joined thread
[8.634s] INFO:colcon.colcon_core.shell:Creating prefix script '/home/mbasharoush/turtlebot3_ws/install/local_setup.ps1'
[8.635s] INFO:colcon.colcon_core.shell:Creating prefix util module '/home/mbasharoush/turtlebot3_ws/install/_local_setup_util_ps1.py'
[8.638s] INFO:colcon.colcon_core.shell:Creating prefix chain script '/home/mbasharoush/turtlebot3_ws/install/setup.ps1'
[8.660s] INFO:colcon.colcon_core.shell:Creating prefix script '/home/mbasharoush/turtlebot3_ws/install/local_setup.sh'
[8.662s] INFO:colcon.colcon_core.shell:Creating prefix util module '/home/mbasharoush/turtlebot3_ws/install/_local_setup_util_sh.py'
[8.663s] INFO:colcon.colcon_core.shell:Creating prefix chain script '/home/mbasharoush/turtlebot3_ws/install/setup.sh'
[8.674s] INFO:colcon.colcon_core.shell:Creating prefix script '/home/mbasharoush/turtlebot3_ws/install/local_setup.bash'
[8.682s] INFO:colcon.colcon_core.shell:Creating prefix chain script '/home/mbasharoush/turtlebot3_ws/install/setup.bash'
[8.695s] INFO:colcon.colcon_core.shell:Creating prefix script '/home/mbasharoush/turtlebot3_ws/install/local_setup.zsh'
[8.696s] INFO:colcon.colcon_core.shell:Creating prefix chain script '/home/mbasharoush/turtlebot3_ws/install/setup.zsh'
