[2.327s] Invoking command in '/home/mbasharoush/turtlebot3_ws/build/turtlebot3_example': AMENT_PREFIX_PATH=/home/mbasharoush/turtlebot3_ws/install/turtlebot3_msgs:${AMENT_PREFIX_PATH} CMAKE_PREFIX_PATH=/home/mbasharoush/turtlebot3_ws/install/turtlebot3_msgs:${CMAKE_PREFIX_PATH} LD_LIBRARY_PATH=/home/mbasharoush/turtlebot3_ws/install/turtlebot3_msgs/lib:${LD_LIBRARY_PATH} PYTHONPATH=/home/mbasharoush/turtlebot3_ws/build/turtlebot3_example/prefix_override:/usr/lib/python3/dist-packages/colcon_core/task/python/colcon_distutils_commands:/home/mbasharoush/turtlebot3_ws/install/turtlebot3_example/lib/python3.8/site-packages:/home/mbasharoush/turtlebot3_ws/install/turtlebot3_msgs/lib/python3.8/site-packages:${PYTHONPATH} /usr/bin/python3 -W ignore:setup.py install is deprecated -W ignore:easy_install command is deprecated setup.py develop --editable --build-directory /home/mbasharoush/turtlebot3_ws/build/turtlebot3_example/build --no-deps symlink_data
[2.791s] running develop
[2.995s] running egg_info
[2.995s] creating turtlebot3_example.egg-info
[3.104s] writing turtlebot3_example.egg-info/PKG-INFO
[3.104s] writing dependency_links to turtlebot3_example.egg-info/dependency_links.txt
[3.104s] writing entry points to turtlebot3_example.egg-info/entry_points.txt
[3.104s] writing requirements to turtlebot3_example.egg-info/requires.txt
[3.104s] writing top-level names to turtlebot3_example.egg-info/top_level.txt
[3.104s] writing manifest file 'turtlebot3_example.egg-info/SOURCES.txt'
[3.128s] reading manifest file 'turtlebot3_example.egg-info/SOURCES.txt'
[3.128s] writing manifest file 'turtlebot3_example.egg-info/SOURCES.txt'
[3.167s] running build_ext
[3.167s] Creating /home/mbasharoush/turtlebot3_ws/install/turtlebot3_example/lib/python3.8/site-packages/turtlebot3-example.egg-link (link to .)
[3.167s] Installing turtlebot3_obstacle_detection script to /home/mbasharoush/turtlebot3_ws/install/turtlebot3_example/lib/turtlebot3_example
[3.168s] Installing turtlebot3_patrol_client script to /home/mbasharoush/turtlebot3_ws/install/turtlebot3_example/lib/turtlebot3_example
[3.168s] Installing turtlebot3_patrol_server script to /home/mbasharoush/turtlebot3_ws/install/turtlebot3_example/lib/turtlebot3_example
[3.168s] Installing turtlebot3_position_control script to /home/mbasharoush/turtlebot3_ws/install/turtlebot3_example/lib/turtlebot3_example
[3.169s] 
[3.169s] Installed /home/mbasharoush/turtlebot3_ws/build/turtlebot3_example
[3.169s] running symlink_data
[3.169s] creating /home/mbasharoush/turtlebot3_ws/install/turtlebot3_example/share/ament_index
[3.169s] creating /home/mbasharoush/turtlebot3_ws/install/turtlebot3_example/share/ament_index/resource_index
[3.169s] creating /home/mbasharoush/turtlebot3_ws/install/turtlebot3_example/share/ament_index/resource_index/packages
[3.170s] symbolically linking /home/mbasharoush/turtlebot3_ws/build/turtlebot3_example/resource/turtlebot3_example -> /home/mbasharoush/turtlebot3_ws/install/turtlebot3_example/share/ament_index/resource_index/packages
[3.170s] symbolically linking /home/mbasharoush/turtlebot3_ws/build/turtlebot3_example/package.xml -> /home/mbasharoush/turtlebot3_ws/install/turtlebot3_example/share/turtlebot3_example
[3.222s] Invoked command in '/home/mbasharoush/turtlebot3_ws/build/turtlebot3_example' returned '0': AMENT_PREFIX_PATH=/home/mbasharoush/turtlebot3_ws/install/turtlebot3_msgs:${AMENT_PREFIX_PATH} CMAKE_PREFIX_PATH=/home/mbasharoush/turtlebot3_ws/install/turtlebot3_msgs:${CMAKE_PREFIX_PATH} LD_LIBRARY_PATH=/home/mbasharoush/turtlebot3_ws/install/turtlebot3_msgs/lib:${LD_LIBRARY_PATH} PYTHONPATH=/home/mbasharoush/turtlebot3_ws/build/turtlebot3_example/prefix_override:/usr/lib/python3/dist-packages/colcon_core/task/python/colcon_distutils_commands:/home/mbasharoush/turtlebot3_ws/install/turtlebot3_example/lib/python3.8/site-packages:/home/mbasharoush/turtlebot3_ws/install/turtlebot3_msgs/lib/python3.8/site-packages:${PYTHONPATH} /usr/bin/python3 -W ignore:setup.py install is deprecated -W ignore:easy_install command is deprecated setup.py develop --editable --build-directory /home/mbasharoush/turtlebot3_ws/build/turtlebot3_example/build --no-deps symlink_data
