[0.399s] DEBUG:colcon:Command line arguments: ['/usr/bin/colcon', 'build', '--packages-select', 'multi_tb3', '--symlink-install']
[0.400s] DEBUG:colcon:Parsed command line arguments: Namespace(allow_overriding=[], ament_cmake_args=None, base_paths=['.'], build_base='build', catkin_cmake_args=None, catkin_skip_building_tests=False, cmake_args=None, cmake_clean_cache=False, cmake_clean_first=False, cmake_force_configure=False, cmake_target=None, cmake_target_skip_unavailable=False, continue_on_error=False, event_handlers=None, executor='parallel', ignore_user_meta=False, install_base='install', log_base=None, log_level=None, main=<bound method BuildVerb.main of <colcon_core.verb.build.BuildVerb object at 0x7fadee1287f0>>, merge_install=False, metas=['./colcon.meta'], packages_above=None, packages_above_and_dependencies=None, packages_above_depth=None, packages_end=None, packages_ignore=None, packages_ignore_regex=None, packages_select=['multi_tb3'], packages_select_build_failed=False, packages_select_by_dep=None, packages_select_regex=None, packages_select_test_failures=False, packages_skip=None, packages_skip_build_finished=False, packages_skip_by_dep=None, packages_skip_regex=None, packages_skip_test_passed=False, packages_skip_up_to=None, packages_start=None, packages_up_to=None, packages_up_to_regex=None, parallel_workers=4, paths=None, symlink_install=True, test_result_base=None, verb_extension=<colcon_core.verb.build.BuildVerb object at 0x7fadee1287f0>, verb_name='build', verb_parser=<colcon_defaults.argument_parser.defaults.DefaultArgumentsDecorator object at 0x7fadee05ed90>)
[0.967s] Level 1:colcon.colcon_core.package_discovery:discover_packages(colcon_meta) check parameters
[0.968s] Level 1:colcon.colcon_core.package_discovery:discover_packages(recursive) check parameters
[0.968s] Level 1:colcon.colcon_core.package_discovery:discover_packages(ignore) check parameters
[0.968s] Level 1:colcon.colcon_core.package_discovery:discover_packages(path) check parameters
[0.968s] Level 1:colcon.colcon_core.package_discovery:discover_packages(colcon_meta) discover
[0.969s] Level 1:colcon.colcon_core.package_discovery:discover_packages(recursive) discover
[0.969s] INFO:colcon.colcon_core.package_discovery:Crawling recursively for packages in '/home/mbasharoush/turtlebot3_ws'
[0.969s] Level 1:colcon.colcon_core.package_identification:_identify(.) by extensions ['ignore', 'ignore_ament_install']
[0.970s] Level 1:colcon.colcon_core.package_identification:_identify(.) by extension 'ignore'
[0.970s] Level 1:colcon.colcon_core.package_identification:_identify(.) by extension 'ignore_ament_install'
[0.970s] Level 1:colcon.colcon_core.package_identification:_identify(.) by extensions ['colcon_pkg']
[0.971s] Level 1:colcon.colcon_core.package_identification:_identify(.) by extension 'colcon_pkg'
[0.971s] Level 1:colcon.colcon_core.package_identification:_identify(.) by extensions ['colcon_meta']
[0.971s] Level 1:colcon.colcon_core.package_identification:_identify(.) by extension 'colcon_meta'
[0.971s] Level 1:colcon.colcon_core.package_identification:_identify(.) by extensions ['ros']
[0.972s] Level 1:colcon.colcon_core.package_identification:_identify(.) by extension 'ros'
[1.096s] Level 1:colcon.colcon_core.package_identification:_identify(.) by extensions ['cmake', 'python']
[1.096s] Level 1:colcon.colcon_core.package_identification:_identify(.) by extension 'cmake'
[1.097s] Level 1:colcon.colcon_core.package_identification:_identify(.) by extension 'python'
[1.097s] Level 1:colcon.colcon_core.package_identification:_identify(.) by extensions ['python_setup_py']
[1.097s] Level 1:colcon.colcon_core.package_identification:_identify(.) by extension 'python_setup_py'
[1.098s] Level 1:colcon.colcon_core.package_identification:_identify(build) by extensions ['ignore', 'ignore_ament_install']
[1.098s] Level 1:colcon.colcon_core.package_identification:_identify(build) by extension 'ignore'
[1.098s] Level 1:colcon.colcon_core.package_identification:_identify(build) ignored
[1.098s] Level 1:colcon.colcon_core.package_identification:_identify(install) by extensions ['ignore', 'ignore_ament_install']
[1.099s] Level 1:colcon.colcon_core.package_identification:_identify(install) by extension 'ignore'
[1.099s] Level 1:colcon.colcon_core.package_identification:_identify(install) ignored
[1.099s] Level 1:colcon.colcon_core.package_identification:_identify(log) by extensions ['ignore', 'ignore_ament_install']
[1.099s] Level 1:colcon.colcon_core.package_identification:_identify(log) by extension 'ignore'
[1.099s] Level 1:colcon.colcon_core.package_identification:_identify(log) ignored
[1.099s] Level 1:colcon.colcon_core.package_identification:_identify(src) by extensions ['ignore', 'ignore_ament_install']
[1.100s] Level 1:colcon.colcon_core.package_identification:_identify(src) by extension 'ignore'
[1.100s] Level 1:colcon.colcon_core.package_identification:_identify(src) by extension 'ignore_ament_install'
[1.100s] Level 1:colcon.colcon_core.package_identification:_identify(src) by extensions ['colcon_pkg']
[1.100s] Level 1:colcon.colcon_core.package_identification:_identify(src) by extension 'colcon_pkg'
[1.100s] Level 1:colcon.colcon_core.package_identification:_identify(src) by extensions ['colcon_meta']
[1.100s] Level 1:colcon.colcon_core.package_identification:_identify(src) by extension 'colcon_meta'
[1.100s] Level 1:colcon.colcon_core.package_identification:_identify(src) by extensions ['ros']
[1.100s] Level 1:colcon.colcon_core.package_identification:_identify(src) by extension 'ros'
[1.100s] Level 1:colcon.colcon_core.package_identification:_identify(src) by extensions ['cmake', 'python']
[1.101s] Level 1:colcon.colcon_core.package_identification:_identify(src) by extension 'cmake'
[1.101s] Level 1:colcon.colcon_core.package_identification:_identify(src) by extension 'python'
[1.101s] Level 1:colcon.colcon_core.package_identification:_identify(src) by extensions ['python_setup_py']
[1.101s] Level 1:colcon.colcon_core.package_identification:_identify(src) by extension 'python_setup_py'
[1.101s] Level 1:colcon.colcon_core.package_identification:_identify(src/TurtleBot3) by extensions ['ignore', 'ignore_ament_install']
[1.101s] Level 1:colcon.colcon_core.package_identification:_identify(src/TurtleBot3) by extension 'ignore'
[1.101s] Level 1:colcon.colcon_core.package_identification:_identify(src/TurtleBot3) by extension 'ignore_ament_install'
[1.102s] Level 1:colcon.colcon_core.package_identification:_identify(src/TurtleBot3) by extensions ['colcon_pkg']
[1.102s] Level 1:colcon.colcon_core.package_identification:_identify(src/TurtleBot3) by extension 'colcon_pkg'
[1.102s] Level 1:colcon.colcon_core.package_identification:_identify(src/TurtleBot3) by extensions ['colcon_meta']
[1.102s] Level 1:colcon.colcon_core.package_identification:_identify(src/TurtleBot3) by extension 'colcon_meta'
[1.102s] Level 1:colcon.colcon_core.package_identification:_identify(src/TurtleBot3) by extensions ['ros']
[1.102s] Level 1:colcon.colcon_core.package_identification:_identify(src/TurtleBot3) by extension 'ros'
[1.102s] Level 1:colcon.colcon_core.package_identification:_identify(src/TurtleBot3) by extensions ['cmake', 'python']
[1.102s] Level 1:colcon.colcon_core.package_identification:_identify(src/TurtleBot3) by extension 'cmake'
[1.103s] Level 1:colcon.colcon_core.package_identification:_identify(src/TurtleBot3) by extension 'python'
[1.103s] Level 1:colcon.colcon_core.package_identification:_identify(src/TurtleBot3) by extensions ['python_setup_py']
[1.103s] Level 1:colcon.colcon_core.package_identification:_identify(src/TurtleBot3) by extension 'python_setup_py'
[1.103s] Level 1:colcon.colcon_core.package_identification:_identify(src/TurtleBot3/DynamixelSDK) by extensions ['ignore', 'ignore_ament_install']
[1.103s] Level 1:colcon.colcon_core.package_identification:_identify(src/TurtleBot3/DynamixelSDK) by extension 'ignore'
[1.103s] Level 1:colcon.colcon_core.package_identification:_identify(src/TurtleBot3/DynamixelSDK) by extension 'ignore_ament_install'
[1.103s] Level 1:colcon.colcon_core.package_identification:_identify(src/TurtleBot3/DynamixelSDK) by extensions ['colcon_pkg']
[1.104s] Level 1:colcon.colcon_core.package_identification:_identify(src/TurtleBot3/DynamixelSDK) by extension 'colcon_pkg'
[1.104s] Level 1:colcon.colcon_core.package_identification:_identify(src/TurtleBot3/DynamixelSDK) by extensions ['colcon_meta']
[1.104s] Level 1:colcon.colcon_core.package_identification:_identify(src/TurtleBot3/DynamixelSDK) by extension 'colcon_meta'
[1.104s] Level 1:colcon.colcon_core.package_identification:_identify(src/TurtleBot3/DynamixelSDK) by extensions ['ros']
[1.104s] Level 1:colcon.colcon_core.package_identification:_identify(src/TurtleBot3/DynamixelSDK) by extension 'ros'
[1.104s] Level 1:colcon.colcon_core.package_identification:_identify(src/TurtleBot3/DynamixelSDK) by extensions ['cmake', 'python']
[1.104s] Level 1:colcon.colcon_core.package_identification:_identify(src/TurtleBot3/DynamixelSDK) by extension 'cmake'
[1.104s] Level 1:colcon.colcon_core.package_identification:_identify(src/TurtleBot3/DynamixelSDK) by extension 'python'
[1.105s] Level 1:colcon.colcon_core.package_identification:_identify(src/TurtleBot3/DynamixelSDK) by extensions ['python_setup_py']
[1.105s] Level 1:colcon.colcon_core.package_identification:_identify(src/TurtleBot3/DynamixelSDK) by extension 'python_setup_py'
[1.105s] Level 1:colcon.colcon_core.package_identification:_identify(src/TurtleBot3/DynamixelSDK/dynamixel_sdk) by extensions ['ignore', 'ignore_ament_install']
[1.105s] Level 1:colcon.colcon_core.package_identification:_identify(src/TurtleBot3/DynamixelSDK/dynamixel_sdk) by extension 'ignore'
[1.105s] Level 1:colcon.colcon_core.package_identification:_identify(src/TurtleBot3/DynamixelSDK/dynamixel_sdk) by extension 'ignore_ament_install'
[1.105s] Level 1:colcon.colcon_core.package_identification:_identify(src/TurtleBot3/DynamixelSDK/dynamixel_sdk) by extensions ['colcon_pkg']
[1.106s] Level 1:colcon.colcon_core.package_identification:_identify(src/TurtleBot3/DynamixelSDK/dynamixel_sdk) by extension 'colcon_pkg'
[1.106s] Level 1:colcon.colcon_core.package_identification:_identify(src/TurtleBot3/DynamixelSDK/dynamixel_sdk) by extensions ['colcon_meta']
[1.106s] Level 1:colcon.colcon_core.package_identification:_identify(src/TurtleBot3/DynamixelSDK/dynamixel_sdk) by extension 'colcon_meta'
[1.106s] Level 1:colcon.colcon_core.package_identification:_identify(src/TurtleBot3/DynamixelSDK/dynamixel_sdk) by extensions ['ros']
[1.106s] Level 1:colcon.colcon_core.package_identification:_identify(src/TurtleBot3/DynamixelSDK/dynamixel_sdk) by extension 'ros'
[1.110s] DEBUG:colcon.colcon_core.package_identification:Package 'src/TurtleBot3/DynamixelSDK/dynamixel_sdk' with type 'ros.ament_cmake' and name 'dynamixel_sdk'
[1.110s] Level 1:colcon.colcon_core.package_identification:_identify(src/TurtleBot3/DynamixelSDK/dynamixel_sdk_custom_interfaces) by extensions ['ignore', 'ignore_ament_install']
[1.111s] Level 1:colcon.colcon_core.package_identification:_identify(src/TurtleBot3/DynamixelSDK/dynamixel_sdk_custom_interfaces) by extension 'ignore'
[1.111s] Level 1:colcon.colcon_core.package_identification:_identify(src/TurtleBot3/DynamixelSDK/dynamixel_sdk_custom_interfaces) by extension 'ignore_ament_install'
[1.111s] Level 1:colcon.colcon_core.package_identification:_identify(src/TurtleBot3/DynamixelSDK/dynamixel_sdk_custom_interfaces) by extensions ['colcon_pkg']
[1.111s] Level 1:colcon.colcon_core.package_identification:_identify(src/TurtleBot3/DynamixelSDK/dynamixel_sdk_custom_interfaces) by extension 'colcon_pkg'
[1.111s] Level 1:colcon.colcon_core.package_identification:_identify(src/TurtleBot3/DynamixelSDK/dynamixel_sdk_custom_interfaces) by extensions ['colcon_meta']
[1.112s] Level 1:colcon.colcon_core.package_identification:_identify(src/TurtleBot3/DynamixelSDK/dynamixel_sdk_custom_interfaces) by extension 'colcon_meta'
[1.112s] Level 1:colcon.colcon_core.package_identification:_identify(src/TurtleBot3/DynamixelSDK/dynamixel_sdk_custom_interfaces) by extensions ['ros']
[1.112s] Level 1:colcon.colcon_core.package_identification:_identify(src/TurtleBot3/DynamixelSDK/dynamixel_sdk_custom_interfaces) by extension 'ros'
[1.113s] DEBUG:colcon.colcon_core.package_identification:Package 'src/TurtleBot3/DynamixelSDK/dynamixel_sdk_custom_interfaces' with type 'ros.ament_cmake' and name 'dynamixel_sdk_custom_interfaces'
[1.114s] Level 1:colcon.colcon_core.package_identification:_identify(src/TurtleBot3/DynamixelSDK/dynamixel_sdk_examples) by extensions ['ignore', 'ignore_ament_install']
[1.114s] Level 1:colcon.colcon_core.package_identification:_identify(src/TurtleBot3/DynamixelSDK/dynamixel_sdk_examples) by extension 'ignore'
[1.114s] Level 1:colcon.colcon_core.package_identification:_identify(src/TurtleBot3/DynamixelSDK/dynamixel_sdk_examples) by extension 'ignore_ament_install'
[1.115s] Level 1:colcon.colcon_core.package_identification:_identify(src/TurtleBot3/DynamixelSDK/dynamixel_sdk_examples) by extensions ['colcon_pkg']
[1.115s] Level 1:colcon.colcon_core.package_identification:_identify(src/TurtleBot3/DynamixelSDK/dynamixel_sdk_examples) by extension 'colcon_pkg'
[1.115s] Level 1:colcon.colcon_core.package_identification:_identify(src/TurtleBot3/DynamixelSDK/dynamixel_sdk_examples) by extensions ['colcon_meta']
[1.115s] Level 1:colcon.colcon_core.package_identification:_identify(src/TurtleBot3/DynamixelSDK/dynamixel_sdk_examples) by extension 'colcon_meta'
[1.116s] Level 1:colcon.colcon_core.package_identification:_identify(src/TurtleBot3/DynamixelSDK/dynamixel_sdk_examples) by extensions ['ros']
[1.116s] Level 1:colcon.colcon_core.package_identification:_identify(src/TurtleBot3/DynamixelSDK/dynamixel_sdk_examples) by extension 'ros'
[1.117s] DEBUG:colcon.colcon_core.package_identification:Package 'src/TurtleBot3/DynamixelSDK/dynamixel_sdk_examples' with type 'ros.ament_cmake' and name 'dynamixel_sdk_examples'
[1.118s] Level 1:colcon.colcon_core.package_identification:_identify(src/TurtleBot3/turtlebot3) by extensions ['ignore', 'ignore_ament_install']
[1.118s] Level 1:colcon.colcon_core.package_identification:_identify(src/TurtleBot3/turtlebot3) by extension 'ignore'
[1.118s] Level 1:colcon.colcon_core.package_identification:_identify(src/TurtleBot3/turtlebot3) by extension 'ignore_ament_install'
[1.119s] Level 1:colcon.colcon_core.package_identification:_identify(src/TurtleBot3/turtlebot3) by extensions ['colcon_pkg']
[1.119s] Level 1:colcon.colcon_core.package_identification:_identify(src/TurtleBot3/turtlebot3) by extension 'colcon_pkg'
[1.119s] Level 1:colcon.colcon_core.package_identification:_identify(src/TurtleBot3/turtlebot3) by extensions ['colcon_meta']
[1.119s] Level 1:colcon.colcon_core.package_identification:_identify(src/TurtleBot3/turtlebot3) by extension 'colcon_meta'
[1.119s] Level 1:colcon.colcon_core.package_identification:_identify(src/TurtleBot3/turtlebot3) by extensions ['ros']
[1.120s] Level 1:colcon.colcon_core.package_identification:_identify(src/TurtleBot3/turtlebot3) by extension 'ros'
[1.120s] Level 1:colcon.colcon_core.package_identification:_identify(src/TurtleBot3/turtlebot3) by extensions ['cmake', 'python']
[1.120s] Level 1:colcon.colcon_core.package_identification:_identify(src/TurtleBot3/turtlebot3) by extension 'cmake'
[1.120s] Level 1:colcon.colcon_core.package_identification:_identify(src/TurtleBot3/turtlebot3) by extension 'python'
[1.120s] Level 1:colcon.colcon_core.package_identification:_identify(src/TurtleBot3/turtlebot3) by extensions ['python_setup_py']
[1.121s] Level 1:colcon.colcon_core.package_identification:_identify(src/TurtleBot3/turtlebot3) by extension 'python_setup_py'
[1.121s] Level 1:colcon.colcon_core.package_identification:_identify(src/TurtleBot3/turtlebot3/turtlebot3) by extensions ['ignore', 'ignore_ament_install']
[1.121s] Level 1:colcon.colcon_core.package_identification:_identify(src/TurtleBot3/turtlebot3/turtlebot3) by extension 'ignore'
[1.122s] Level 1:colcon.colcon_core.package_identification:_identify(src/TurtleBot3/turtlebot3/turtlebot3) by extension 'ignore_ament_install'
[1.122s] Level 1:colcon.colcon_core.package_identification:_identify(src/TurtleBot3/turtlebot3/turtlebot3) by extensions ['colcon_pkg']
[1.122s] Level 1:colcon.colcon_core.package_identification:_identify(src/TurtleBot3/turtlebot3/turtlebot3) by extension 'colcon_pkg'
[1.122s] Level 1:colcon.colcon_core.package_identification:_identify(src/TurtleBot3/turtlebot3/turtlebot3) by extensions ['colcon_meta']
[1.122s] Level 1:colcon.colcon_core.package_identification:_identify(src/TurtleBot3/turtlebot3/turtlebot3) by extension 'colcon_meta'
[1.123s] Level 1:colcon.colcon_core.package_identification:_identify(src/TurtleBot3/turtlebot3/turtlebot3) by extensions ['ros']
[1.123s] Level 1:colcon.colcon_core.package_identification:_identify(src/TurtleBot3/turtlebot3/turtlebot3) by extension 'ros'
[1.124s] DEBUG:colcon.colcon_core.package_identification:Package 'src/TurtleBot3/turtlebot3/turtlebot3' with type 'ros.ament_cmake' and name 'turtlebot3'
[1.125s] Level 1:colcon.colcon_core.package_identification:_identify(src/TurtleBot3/turtlebot3/turtlebot3_bringup) by extensions ['ignore', 'ignore_ament_install']
[1.125s] Level 1:colcon.colcon_core.package_identification:_identify(src/TurtleBot3/turtlebot3/turtlebot3_bringup) by extension 'ignore'
[1.125s] Level 1:colcon.colcon_core.package_identification:_identify(src/TurtleBot3/turtlebot3/turtlebot3_bringup) by extension 'ignore_ament_install'
[1.126s] Level 1:colcon.colcon_core.package_identification:_identify(src/TurtleBot3/turtlebot3/turtlebot3_bringup) by extensions ['colcon_pkg']
[1.126s] Level 1:colcon.colcon_core.package_identification:_identify(src/TurtleBot3/turtlebot3/turtlebot3_bringup) by extension 'colcon_pkg'
[1.126s] Level 1:colcon.colcon_core.package_identification:_identify(src/TurtleBot3/turtlebot3/turtlebot3_bringup) by extensions ['colcon_meta']
[1.126s] Level 1:colcon.colcon_core.package_identification:_identify(src/TurtleBot3/turtlebot3/turtlebot3_bringup) by extension 'colcon_meta'
[1.126s] Level 1:colcon.colcon_core.package_identification:_identify(src/TurtleBot3/turtlebot3/turtlebot3_bringup) by extensions ['ros']
[1.127s] Level 1:colcon.colcon_core.package_identification:_identify(src/TurtleBot3/turtlebot3/turtlebot3_bringup) by extension 'ros'
[1.128s] DEBUG:colcon.colcon_core.package_identification:Package 'src/TurtleBot3/turtlebot3/turtlebot3_bringup' with type 'ros.ament_cmake' and name 'turtlebot3_bringup'
[1.128s] Level 1:colcon.colcon_core.package_identification:_identify(src/TurtleBot3/turtlebot3/turtlebot3_cartographer) by extensions ['ignore', 'ignore_ament_install']
[1.129s] Level 1:colcon.colcon_core.package_identification:_identify(src/TurtleBot3/turtlebot3/turtlebot3_cartographer) by extension 'ignore'
[1.129s] Level 1:colcon.colcon_core.package_identification:_identify(src/TurtleBot3/turtlebot3/turtlebot3_cartographer) by extension 'ignore_ament_install'
[1.129s] Level 1:colcon.colcon_core.package_identification:_identify(src/TurtleBot3/turtlebot3/turtlebot3_cartographer) by extensions ['colcon_pkg']
[1.129s] Level 1:colcon.colcon_core.package_identification:_identify(src/TurtleBot3/turtlebot3/turtlebot3_cartographer) by extension 'colcon_pkg'
[1.130s] Level 1:colcon.colcon_core.package_identification:_identify(src/TurtleBot3/turtlebot3/turtlebot3_cartographer) by extensions ['colcon_meta']
[1.130s] Level 1:colcon.colcon_core.package_identification:_identify(src/TurtleBot3/turtlebot3/turtlebot3_cartographer) by extension 'colcon_meta'
[1.130s] Level 1:colcon.colcon_core.package_identification:_identify(src/TurtleBot3/turtlebot3/turtlebot3_cartographer) by extensions ['ros']
[1.130s] Level 1:colcon.colcon_core.package_identification:_identify(src/TurtleBot3/turtlebot3/turtlebot3_cartographer) by extension 'ros'
[1.131s] DEBUG:colcon.colcon_core.package_identification:Package 'src/TurtleBot3/turtlebot3/turtlebot3_cartographer' with type 'ros.ament_cmake' and name 'turtlebot3_cartographer'
[1.132s] Level 1:colcon.colcon_core.package_identification:_identify(src/TurtleBot3/turtlebot3/turtlebot3_description) by extensions ['ignore', 'ignore_ament_install']
[1.132s] Level 1:colcon.colcon_core.package_identification:_identify(src/TurtleBot3/turtlebot3/turtlebot3_description) by extension 'ignore'
[1.132s] Level 1:colcon.colcon_core.package_identification:_identify(src/TurtleBot3/turtlebot3/turtlebot3_description) by extension 'ignore_ament_install'
[1.133s] Level 1:colcon.colcon_core.package_identification:_identify(src/TurtleBot3/turtlebot3/turtlebot3_description) by extensions ['colcon_pkg']
[1.133s] Level 1:colcon.colcon_core.package_identification:_identify(src/TurtleBot3/turtlebot3/turtlebot3_description) by extension 'colcon_pkg'
[1.133s] Level 1:colcon.colcon_core.package_identification:_identify(src/TurtleBot3/turtlebot3/turtlebot3_description) by extensions ['colcon_meta']
[1.133s] Level 1:colcon.colcon_core.package_identification:_identify(src/TurtleBot3/turtlebot3/turtlebot3_description) by extension 'colcon_meta'
[1.133s] Level 1:colcon.colcon_core.package_identification:_identify(src/TurtleBot3/turtlebot3/turtlebot3_description) by extensions ['ros']
[1.134s] Level 1:colcon.colcon_core.package_identification:_identify(src/TurtleBot3/turtlebot3/turtlebot3_description) by extension 'ros'
[1.135s] DEBUG:colcon.colcon_core.package_identification:Package 'src/TurtleBot3/turtlebot3/turtlebot3_description' with type 'ros.ament_cmake' and name 'turtlebot3_description'
[1.135s] Level 1:colcon.colcon_core.package_identification:_identify(src/TurtleBot3/turtlebot3/turtlebot3_example) by extensions ['ignore', 'ignore_ament_install']
[1.136s] Level 1:colcon.colcon_core.package_identification:_identify(src/TurtleBot3/turtlebot3/turtlebot3_example) by extension 'ignore'
[1.136s] Level 1:colcon.colcon_core.package_identification:_identify(src/TurtleBot3/turtlebot3/turtlebot3_example) by extension 'ignore_ament_install'
[1.136s] Level 1:colcon.colcon_core.package_identification:_identify(src/TurtleBot3/turtlebot3/turtlebot3_example) by extensions ['colcon_pkg']
[1.136s] Level 1:colcon.colcon_core.package_identification:_identify(src/TurtleBot3/turtlebot3/turtlebot3_example) by extension 'colcon_pkg'
[1.136s] Level 1:colcon.colcon_core.package_identification:_identify(src/TurtleBot3/turtlebot3/turtlebot3_example) by extensions ['colcon_meta']
[1.137s] Level 1:colcon.colcon_core.package_identification:_identify(src/TurtleBot3/turtlebot3/turtlebot3_example) by extension 'colcon_meta'
[1.137s] Level 1:colcon.colcon_core.package_identification:_identify(src/TurtleBot3/turtlebot3/turtlebot3_example) by extensions ['ros']
[1.137s] Level 1:colcon.colcon_core.package_identification:_identify(src/TurtleBot3/turtlebot3/turtlebot3_example) by extension 'ros'
[1.140s] DEBUG:colcon.colcon_core.package_identification:Package 'src/TurtleBot3/turtlebot3/turtlebot3_example' with type 'ros.ament_python' and name 'turtlebot3_example'
[1.141s] Level 1:colcon.colcon_core.package_identification:_identify(src/TurtleBot3/turtlebot3/turtlebot3_navigation2) by extensions ['ignore', 'ignore_ament_install']
[1.141s] Level 1:colcon.colcon_core.package_identification:_identify(src/TurtleBot3/turtlebot3/turtlebot3_navigation2) by extension 'ignore'
[1.141s] Level 1:colcon.colcon_core.package_identification:_identify(src/TurtleBot3/turtlebot3/turtlebot3_navigation2) by extension 'ignore_ament_install'
[1.141s] Level 1:colcon.colcon_core.package_identification:_identify(src/TurtleBot3/turtlebot3/turtlebot3_navigation2) by extensions ['colcon_pkg']
[1.141s] Level 1:colcon.colcon_core.package_identification:_identify(src/TurtleBot3/turtlebot3/turtlebot3_navigation2) by extension 'colcon_pkg'
[1.142s] Level 1:colcon.colcon_core.package_identification:_identify(src/TurtleBot3/turtlebot3/turtlebot3_navigation2) by extensions ['colcon_meta']
[1.142s] Level 1:colcon.colcon_core.package_identification:_identify(src/TurtleBot3/turtlebot3/turtlebot3_navigation2) by extension 'colcon_meta'
[1.142s] Level 1:colcon.colcon_core.package_identification:_identify(src/TurtleBot3/turtlebot3/turtlebot3_navigation2) by extensions ['ros']
[1.142s] Level 1:colcon.colcon_core.package_identification:_identify(src/TurtleBot3/turtlebot3/turtlebot3_navigation2) by extension 'ros'
[1.143s] DEBUG:colcon.colcon_core.package_identification:Package 'src/TurtleBot3/turtlebot3/turtlebot3_navigation2' with type 'ros.ament_cmake' and name 'turtlebot3_navigation2'
[1.143s] Level 1:colcon.colcon_core.package_identification:_identify(src/TurtleBot3/turtlebot3/turtlebot3_node) by extensions ['ignore', 'ignore_ament_install']
[1.143s] Level 1:colcon.colcon_core.package_identification:_identify(src/TurtleBot3/turtlebot3/turtlebot3_node) by extension 'ignore'
[1.143s] Level 1:colcon.colcon_core.package_identification:_identify(src/TurtleBot3/turtlebot3/turtlebot3_node) by extension 'ignore_ament_install'
[1.143s] Level 1:colcon.colcon_core.package_identification:_identify(src/TurtleBot3/turtlebot3/turtlebot3_node) by extensions ['colcon_pkg']
[1.144s] Level 1:colcon.colcon_core.package_identification:_identify(src/TurtleBot3/turtlebot3/turtlebot3_node) by extension 'colcon_pkg'
[1.144s] Level 1:colcon.colcon_core.package_identification:_identify(src/TurtleBot3/turtlebot3/turtlebot3_node) by extensions ['colcon_meta']
[1.144s] Level 1:colcon.colcon_core.package_identification:_identify(src/TurtleBot3/turtlebot3/turtlebot3_node) by extension 'colcon_meta'
[1.144s] Level 1:colcon.colcon_core.package_identification:_identify(src/TurtleBot3/turtlebot3/turtlebot3_node) by extensions ['ros']
[1.144s] Level 1:colcon.colcon_core.package_identification:_identify(src/TurtleBot3/turtlebot3/turtlebot3_node) by extension 'ros'
[1.146s] DEBUG:colcon.colcon_core.package_identification:Package 'src/TurtleBot3/turtlebot3/turtlebot3_node' with type 'ros.ament_cmake' and name 'turtlebot3_node'
[1.146s] Level 1:colcon.colcon_core.package_identification:_identify(src/TurtleBot3/turtlebot3/turtlebot3_teleop) by extensions ['ignore', 'ignore_ament_install']
[1.146s] Level 1:colcon.colcon_core.package_identification:_identify(src/TurtleBot3/turtlebot3/turtlebot3_teleop) by extension 'ignore'
[1.146s] Level 1:colcon.colcon_core.package_identification:_identify(src/TurtleBot3/turtlebot3/turtlebot3_teleop) by extension 'ignore_ament_install'
[1.147s] Level 1:colcon.colcon_core.package_identification:_identify(src/TurtleBot3/turtlebot3/turtlebot3_teleop) by extensions ['colcon_pkg']
[1.147s] Level 1:colcon.colcon_core.package_identification:_identify(src/TurtleBot3/turtlebot3/turtlebot3_teleop) by extension 'colcon_pkg'
[1.147s] Level 1:colcon.colcon_core.package_identification:_identify(src/TurtleBot3/turtlebot3/turtlebot3_teleop) by extensions ['colcon_meta']
[1.147s] Level 1:colcon.colcon_core.package_identification:_identify(src/TurtleBot3/turtlebot3/turtlebot3_teleop) by extension 'colcon_meta'
[1.147s] Level 1:colcon.colcon_core.package_identification:_identify(src/TurtleBot3/turtlebot3/turtlebot3_teleop) by extensions ['ros']
[1.147s] Level 1:colcon.colcon_core.package_identification:_identify(src/TurtleBot3/turtlebot3/turtlebot3_teleop) by extension 'ros'
[1.148s] DEBUG:colcon.colcon_core.package_identification:Package 'src/TurtleBot3/turtlebot3/turtlebot3_teleop' with type 'ros.ament_python' and name 'turtlebot3_teleop'
[1.149s] Level 1:colcon.colcon_core.package_identification:_identify(src/TurtleBot3/turtlebot3_msgs) by extensions ['ignore', 'ignore_ament_install']
[1.149s] Level 1:colcon.colcon_core.package_identification:_identify(src/TurtleBot3/turtlebot3_msgs) by extension 'ignore'
[1.149s] Level 1:colcon.colcon_core.package_identification:_identify(src/TurtleBot3/turtlebot3_msgs) by extension 'ignore_ament_install'
[1.149s] Level 1:colcon.colcon_core.package_identification:_identify(src/TurtleBot3/turtlebot3_msgs) by extensions ['colcon_pkg']
[1.150s] Level 1:colcon.colcon_core.package_identification:_identify(src/TurtleBot3/turtlebot3_msgs) by extension 'colcon_pkg'
[1.150s] Level 1:colcon.colcon_core.package_identification:_identify(src/TurtleBot3/turtlebot3_msgs) by extensions ['colcon_meta']
[1.150s] Level 1:colcon.colcon_core.package_identification:_identify(src/TurtleBot3/turtlebot3_msgs) by extension 'colcon_meta'
[1.150s] Level 1:colcon.colcon_core.package_identification:_identify(src/TurtleBot3/turtlebot3_msgs) by extensions ['ros']
[1.150s] Level 1:colcon.colcon_core.package_identification:_identify(src/TurtleBot3/turtlebot3_msgs) by extension 'ros'
[1.151s] DEBUG:colcon.colcon_core.package_identification:Package 'src/TurtleBot3/turtlebot3_msgs' with type 'ros.ament_cmake' and name 'turtlebot3_msgs'
[1.152s] Level 1:colcon.colcon_core.package_identification:_identify(src/TurtleBot3/turtlebot3_simulations) by extensions ['ignore', 'ignore_ament_install']
[1.152s] Level 1:colcon.colcon_core.package_identification:_identify(src/TurtleBot3/turtlebot3_simulations) by extension 'ignore'
[1.152s] Level 1:colcon.colcon_core.package_identification:_identify(src/TurtleBot3/turtlebot3_simulations) by extension 'ignore_ament_install'
[1.152s] Level 1:colcon.colcon_core.package_identification:_identify(src/TurtleBot3/turtlebot3_simulations) by extensions ['colcon_pkg']
[1.152s] Level 1:colcon.colcon_core.package_identification:_identify(src/TurtleBot3/turtlebot3_simulations) by extension 'colcon_pkg'
[1.152s] Level 1:colcon.colcon_core.package_identification:_identify(src/TurtleBot3/turtlebot3_simulations) by extensions ['colcon_meta']
[1.152s] Level 1:colcon.colcon_core.package_identification:_identify(src/TurtleBot3/turtlebot3_simulations) by extension 'colcon_meta'
[1.152s] Level 1:colcon.colcon_core.package_identification:_identify(src/TurtleBot3/turtlebot3_simulations) by extensions ['ros']
[1.153s] Level 1:colcon.colcon_core.package_identification:_identify(src/TurtleBot3/turtlebot3_simulations) by extension 'ros'
[1.153s] Level 1:colcon.colcon_core.package_identification:_identify(src/TurtleBot3/turtlebot3_simulations) by extensions ['cmake', 'python']
[1.153s] Level 1:colcon.colcon_core.package_identification:_identify(src/TurtleBot3/turtlebot3_simulations) by extension 'cmake'
[1.153s] Level 1:colcon.colcon_core.package_identification:_identify(src/TurtleBot3/turtlebot3_simulations) by extension 'python'
[1.153s] Level 1:colcon.colcon_core.package_identification:_identify(src/TurtleBot3/turtlebot3_simulations) by extensions ['python_setup_py']
[1.153s] Level 1:colcon.colcon_core.package_identification:_identify(src/TurtleBot3/turtlebot3_simulations) by extension 'python_setup_py'
[1.153s] Level 1:colcon.colcon_core.package_identification:_identify(src/TurtleBot3/turtlebot3_simulations/turtlebot3_fake_node) by extensions ['ignore', 'ignore_ament_install']
[1.154s] Level 1:colcon.colcon_core.package_identification:_identify(src/TurtleBot3/turtlebot3_simulations/turtlebot3_fake_node) by extension 'ignore'
[1.154s] Level 1:colcon.colcon_core.package_identification:_identify(src/TurtleBot3/turtlebot3_simulations/turtlebot3_fake_node) by extension 'ignore_ament_install'
[1.154s] Level 1:colcon.colcon_core.package_identification:_identify(src/TurtleBot3/turtlebot3_simulations/turtlebot3_fake_node) by extensions ['colcon_pkg']
[1.154s] Level 1:colcon.colcon_core.package_identification:_identify(src/TurtleBot3/turtlebot3_simulations/turtlebot3_fake_node) by extension 'colcon_pkg'
[1.154s] Level 1:colcon.colcon_core.package_identification:_identify(src/TurtleBot3/turtlebot3_simulations/turtlebot3_fake_node) by extensions ['colcon_meta']
[1.154s] Level 1:colcon.colcon_core.package_identification:_identify(src/TurtleBot3/turtlebot3_simulations/turtlebot3_fake_node) by extension 'colcon_meta'
[1.154s] Level 1:colcon.colcon_core.package_identification:_identify(src/TurtleBot3/turtlebot3_simulations/turtlebot3_fake_node) by extensions ['ros']
[1.154s] Level 1:colcon.colcon_core.package_identification:_identify(src/TurtleBot3/turtlebot3_simulations/turtlebot3_fake_node) by extension 'ros'
[1.156s] DEBUG:colcon.colcon_core.package_identification:Package 'src/TurtleBot3/turtlebot3_simulations/turtlebot3_fake_node' with type 'ros.ament_cmake' and name 'turtlebot3_fake_node'
[1.156s] Level 1:colcon.colcon_core.package_identification:_identify(src/TurtleBot3/turtlebot3_simulations/turtlebot3_gazebo) by extensions ['ignore', 'ignore_ament_install']
[1.156s] Level 1:colcon.colcon_core.package_identification:_identify(src/TurtleBot3/turtlebot3_simulations/turtlebot3_gazebo) by extension 'ignore'
[1.156s] Level 1:colcon.colcon_core.package_identification:_identify(src/TurtleBot3/turtlebot3_simulations/turtlebot3_gazebo) by extension 'ignore_ament_install'
[1.157s] Level 1:colcon.colcon_core.package_identification:_identify(src/TurtleBot3/turtlebot3_simulations/turtlebot3_gazebo) by extensions ['colcon_pkg']
[1.157s] Level 1:colcon.colcon_core.package_identification:_identify(src/TurtleBot3/turtlebot3_simulations/turtlebot3_gazebo) by extension 'colcon_pkg'
[1.157s] Level 1:colcon.colcon_core.package_identification:_identify(src/TurtleBot3/turtlebot3_simulations/turtlebot3_gazebo) by extensions ['colcon_meta']
[1.157s] Level 1:colcon.colcon_core.package_identification:_identify(src/TurtleBot3/turtlebot3_simulations/turtlebot3_gazebo) by extension 'colcon_meta'
[1.157s] Level 1:colcon.colcon_core.package_identification:_identify(src/TurtleBot3/turtlebot3_simulations/turtlebot3_gazebo) by extensions ['ros']
[1.157s] Level 1:colcon.colcon_core.package_identification:_identify(src/TurtleBot3/turtlebot3_simulations/turtlebot3_gazebo) by extension 'ros'
[1.159s] DEBUG:colcon.colcon_core.package_identification:Package 'src/TurtleBot3/turtlebot3_simulations/turtlebot3_gazebo' with type 'ros.ament_cmake' and name 'turtlebot3_gazebo'
[1.159s] Level 1:colcon.colcon_core.package_identification:_identify(src/TurtleBot3/turtlebot3_simulations/turtlebot3_simulations) by extensions ['ignore', 'ignore_ament_install']
[1.159s] Level 1:colcon.colcon_core.package_identification:_identify(src/TurtleBot3/turtlebot3_simulations/turtlebot3_simulations) by extension 'ignore'
[1.159s] Level 1:colcon.colcon_core.package_identification:_identify(src/TurtleBot3/turtlebot3_simulations/turtlebot3_simulations) by extension 'ignore_ament_install'
[1.159s] Level 1:colcon.colcon_core.package_identification:_identify(src/TurtleBot3/turtlebot3_simulations/turtlebot3_simulations) by extensions ['colcon_pkg']
[1.159s] Level 1:colcon.colcon_core.package_identification:_identify(src/TurtleBot3/turtlebot3_simulations/turtlebot3_simulations) by extension 'colcon_pkg'
[1.159s] Level 1:colcon.colcon_core.package_identification:_identify(src/TurtleBot3/turtlebot3_simulations/turtlebot3_simulations) by extensions ['colcon_meta']
[1.160s] Level 1:colcon.colcon_core.package_identification:_identify(src/TurtleBot3/turtlebot3_simulations/turtlebot3_simulations) by extension 'colcon_meta'
[1.160s] Level 1:colcon.colcon_core.package_identification:_identify(src/TurtleBot3/turtlebot3_simulations/turtlebot3_simulations) by extensions ['ros']
[1.160s] Level 1:colcon.colcon_core.package_identification:_identify(src/TurtleBot3/turtlebot3_simulations/turtlebot3_simulations) by extension 'ros'
[1.161s] DEBUG:colcon.colcon_core.package_identification:Package 'src/TurtleBot3/turtlebot3_simulations/turtlebot3_simulations' with type 'ros.ament_cmake' and name 'turtlebot3_simulations'
[1.161s] Level 1:colcon.colcon_core.package_identification:_identify(src/bump_go_cpp) by extensions ['ignore', 'ignore_ament_install']
[1.161s] Level 1:colcon.colcon_core.package_identification:_identify(src/bump_go_cpp) by extension 'ignore'
[1.161s] Level 1:colcon.colcon_core.package_identification:_identify(src/bump_go_cpp) by extension 'ignore_ament_install'
[1.161s] Level 1:colcon.colcon_core.package_identification:_identify(src/bump_go_cpp) by extensions ['colcon_pkg']
[1.161s] Level 1:colcon.colcon_core.package_identification:_identify(src/bump_go_cpp) by extension 'colcon_pkg'
[1.162s] Level 1:colcon.colcon_core.package_identification:_identify(src/bump_go_cpp) by extensions ['colcon_meta']
[1.162s] Level 1:colcon.colcon_core.package_identification:_identify(src/bump_go_cpp) by extension 'colcon_meta'
[1.162s] Level 1:colcon.colcon_core.package_identification:_identify(src/bump_go_cpp) by extensions ['ros']
[1.162s] Level 1:colcon.colcon_core.package_identification:_identify(src/bump_go_cpp) by extension 'ros'
[1.163s] DEBUG:colcon.colcon_core.package_identification:Package 'src/bump_go_cpp' with type 'ros.ament_cmake' and name 'bump_go_cpp'
[1.163s] Level 1:colcon.colcon_core.package_identification:_identify(src/multi_tb3) by extensions ['ignore', 'ignore_ament_install']
[1.163s] Level 1:colcon.colcon_core.package_identification:_identify(src/multi_tb3) by extension 'ignore'
[1.163s] Level 1:colcon.colcon_core.package_identification:_identify(src/multi_tb3) by extension 'ignore_ament_install'
[1.163s] Level 1:colcon.colcon_core.package_identification:_identify(src/multi_tb3) by extensions ['colcon_pkg']
[1.163s] Level 1:colcon.colcon_core.package_identification:_identify(src/multi_tb3) by extension 'colcon_pkg'
[1.164s] Level 1:colcon.colcon_core.package_identification:_identify(src/multi_tb3) by extensions ['colcon_meta']
[1.164s] Level 1:colcon.colcon_core.package_identification:_identify(src/multi_tb3) by extension 'colcon_meta'
[1.164s] Level 1:colcon.colcon_core.package_identification:_identify(src/multi_tb3) by extensions ['ros']
[1.164s] Level 1:colcon.colcon_core.package_identification:_identify(src/multi_tb3) by extension 'ros'
[1.165s] DEBUG:colcon.colcon_core.package_identification:Package 'src/multi_tb3' with type 'ros.ament_cmake' and name 'multi_tb3'
[1.166s] Level 1:colcon.colcon_core.package_identification:_identify(src/robotics_slam) by extensions ['ignore', 'ignore_ament_install']
[1.166s] Level 1:colcon.colcon_core.package_identification:_identify(src/robotics_slam) by extension 'ignore'
[1.166s] Level 1:colcon.colcon_core.package_identification:_identify(src/robotics_slam) by extension 'ignore_ament_install'
[1.166s] Level 1:colcon.colcon_core.package_identification:_identify(src/robotics_slam) by extensions ['colcon_pkg']
[1.166s] Level 1:colcon.colcon_core.package_identification:_identify(src/robotics_slam) by extension 'colcon_pkg'
[1.166s] Level 1:colcon.colcon_core.package_identification:_identify(src/robotics_slam) by extensions ['colcon_meta']
[1.166s] Level 1:colcon.colcon_core.package_identification:_identify(src/robotics_slam) by extension 'colcon_meta'
[1.167s] Level 1:colcon.colcon_core.package_identification:_identify(src/robotics_slam) by extensions ['ros']
[1.167s] Level 1:colcon.colcon_core.package_identification:_identify(src/robotics_slam) by extension 'ros'
[1.168s] DEBUG:colcon.colcon_core.package_identification:Package 'src/robotics_slam' with type 'ros.ament_cmake' and name 'robotics_slam'
[1.168s] Level 1:colcon.colcon_core.package_discovery:discover_packages(recursive) using defaults
[1.168s] Level 1:colcon.colcon_core.package_discovery:discover_packages(ignore) discover
[1.168s] Level 1:colcon.colcon_core.package_discovery:discover_packages(ignore) using defaults
[1.168s] Level 1:colcon.colcon_core.package_discovery:discover_packages(path) discover
[1.168s] Level 1:colcon.colcon_core.package_discovery:discover_packages(path) using defaults
[1.198s] INFO:colcon.colcon_core.package_selection:Skipping not selected package 'bump_go_cpp' in 'src/bump_go_cpp'
[1.198s] INFO:colcon.colcon_core.package_selection:Skipping not selected package 'dynamixel_sdk' in 'src/TurtleBot3/DynamixelSDK/dynamixel_sdk'
[1.198s] INFO:colcon.colcon_core.package_selection:Skipping not selected package 'dynamixel_sdk_custom_interfaces' in 'src/TurtleBot3/DynamixelSDK/dynamixel_sdk_custom_interfaces'
[1.199s] INFO:colcon.colcon_core.package_selection:Skipping not selected package 'robotics_slam' in 'src/robotics_slam'
[1.199s] INFO:colcon.colcon_core.package_selection:Skipping not selected package 'turtlebot3_cartographer' in 'src/TurtleBot3/turtlebot3/turtlebot3_cartographer'
[1.199s] INFO:colcon.colcon_core.package_selection:Skipping not selected package 'turtlebot3_description' in 'src/TurtleBot3/turtlebot3/turtlebot3_description'
[1.199s] INFO:colcon.colcon_core.package_selection:Skipping not selected package 'turtlebot3_msgs' in 'src/TurtleBot3/turtlebot3_msgs'
[1.199s] INFO:colcon.colcon_core.package_selection:Skipping not selected package 'turtlebot3_navigation2' in 'src/TurtleBot3/turtlebot3/turtlebot3_navigation2'
[1.199s] INFO:colcon.colcon_core.package_selection:Skipping not selected package 'turtlebot3_teleop' in 'src/TurtleBot3/turtlebot3/turtlebot3_teleop'
[1.199s] INFO:colcon.colcon_core.package_selection:Skipping not selected package 'dynamixel_sdk_examples' in 'src/TurtleBot3/DynamixelSDK/dynamixel_sdk_examples'
[1.199s] INFO:colcon.colcon_core.package_selection:Skipping not selected package 'turtlebot3_example' in 'src/TurtleBot3/turtlebot3/turtlebot3_example'
[1.199s] INFO:colcon.colcon_core.package_selection:Skipping not selected package 'turtlebot3_fake_node' in 'src/TurtleBot3/turtlebot3_simulations/turtlebot3_fake_node'
[1.200s] INFO:colcon.colcon_core.package_selection:Skipping not selected package 'turtlebot3_gazebo' in 'src/TurtleBot3/turtlebot3_simulations/turtlebot3_gazebo'
[1.200s] INFO:colcon.colcon_core.package_selection:Skipping not selected package 'turtlebot3_node' in 'src/TurtleBot3/turtlebot3/turtlebot3_node'
[1.200s] INFO:colcon.colcon_core.package_selection:Skipping not selected package 'turtlebot3_bringup' in 'src/TurtleBot3/turtlebot3/turtlebot3_bringup'
[1.200s] INFO:colcon.colcon_core.package_selection:Skipping not selected package 'turtlebot3_simulations' in 'src/TurtleBot3/turtlebot3_simulations/turtlebot3_simulations'
[1.200s] INFO:colcon.colcon_core.package_selection:Skipping not selected package 'turtlebot3' in 'src/TurtleBot3/turtlebot3/turtlebot3'
[1.200s] Level 1:colcon.colcon_core.package_discovery:discover_packages(prefix_path) check parameters
[1.201s] Level 1:colcon.colcon_core.package_discovery:discover_packages(prefix_path) discover
[1.208s] DEBUG:colcon.colcon_installed_package_information.package_discovery:Found 18 installed packages in /home/mbasharoush/turtlebot3_ws/install
[1.210s] DEBUG:colcon.colcon_installed_package_information.package_discovery:Found 57 installed packages in /home/mbasharoush/bookros2_ws/install
[1.224s] DEBUG:colcon.colcon_installed_package_information.package_discovery:Found 59 installed packages in /home/mbasharoush/install
[1.231s] DEBUG:colcon.colcon_installed_package_information.package_discovery:Found 381 installed packages in /opt/ros/foxy
[1.238s] Level 1:colcon.colcon_core.package_discovery:discover_packages(prefix_path) using defaults
[1.392s] Level 5:colcon.colcon_core.verb:set package 'multi_tb3' build argument 'cmake_args' from command line to 'None'
[1.392s] Level 5:colcon.colcon_core.verb:set package 'multi_tb3' build argument 'cmake_target' from command line to 'None'
[1.392s] Level 5:colcon.colcon_core.verb:set package 'multi_tb3' build argument 'cmake_target_skip_unavailable' from command line to 'False'
[1.393s] Level 5:colcon.colcon_core.verb:set package 'multi_tb3' build argument 'cmake_clean_cache' from command line to 'False'
[1.393s] Level 5:colcon.colcon_core.verb:set package 'multi_tb3' build argument 'cmake_clean_first' from command line to 'False'
[1.393s] Level 5:colcon.colcon_core.verb:set package 'multi_tb3' build argument 'cmake_force_configure' from command line to 'False'
[1.393s] Level 5:colcon.colcon_core.verb:set package 'multi_tb3' build argument 'ament_cmake_args' from command line to 'None'
[1.393s] Level 5:colcon.colcon_core.verb:set package 'multi_tb3' build argument 'catkin_cmake_args' from command line to 'None'
[1.399s] Level 5:colcon.colcon_core.verb:set package 'multi_tb3' build argument 'catkin_skip_building_tests' from command line to 'False'
[1.399s] DEBUG:colcon.colcon_core.verb:Building package 'multi_tb3' with the following arguments: {'ament_cmake_args': None, 'build_base': '/home/mbasharoush/turtlebot3_ws/build/multi_tb3', 'catkin_cmake_args': None, 'catkin_skip_building_tests': False, 'cmake_args': None, 'cmake_clean_cache': False, 'cmake_clean_first': False, 'cmake_force_configure': False, 'cmake_target': None, 'cmake_target_skip_unavailable': False, 'install_base': '/home/mbasharoush/turtlebot3_ws/install/multi_tb3', 'merge_install': False, 'path': '/home/mbasharoush/turtlebot3_ws/src/multi_tb3', 'symlink_install': True, 'test_result_base': None}
[1.401s] INFO:colcon.colcon_core.executor:Executing jobs using 'parallel' executor
[1.402s] DEBUG:colcon.colcon_parallel_executor.executor.parallel:run_until_complete
[1.402s] INFO:colcon.colcon_ros.task.ament_cmake.build:Building ROS package in '/home/mbasharoush/turtlebot3_ws/src/multi_tb3' with build type 'ament_cmake'
[1.402s] INFO:colcon.colcon_cmake.task.cmake.build:Building CMake package in '/home/mbasharoush/turtlebot3_ws/src/multi_tb3'
[1.407s] INFO:colcon.colcon_core.plugin_system:Skipping extension 'colcon_core.shell.bat': Not used on non-Windows systems
[1.408s] INFO:colcon.colcon_core.shell:Skip shell extension 'powershell' for command environment: Not usable outside of PowerShell
[1.408s] DEBUG:colcon.colcon_core.shell:Skip shell extension 'dsv' for command environment
[1.585s] DEBUG:colcon.colcon_core.event_handler.log_command:Invoking command in '/home/mbasharoush/turtlebot3_ws/build/multi_tb3': CMAKE_PREFIX_PATH=/home/mbasharoush/turtlebot3_ws/install/turtlebot3_gazebo:/home/mbasharoush/turtlebot3_ws/install/turtlebot3_description:/home/mbasharoush/turtlebot3_ws/install/multi_tb3:/home/mbasharoush/turtlebot3_ws/install/turtlebot3:/home/mbasharoush/turtlebot3_ws/install/turtlebot3_simulations:/home/mbasharoush/turtlebot3_ws/install/turtlebot3_bringup:/home/mbasharoush/turtlebot3_ws/install/turtlebot3_node:/home/mbasharoush/turtlebot3_ws/install/turtlebot3_navigation2:/home/mbasharoush/turtlebot3_ws/install/turtlebot3_fake_node:/home/mbasharoush/turtlebot3_ws/install/turtlebot3_msgs:/home/mbasharoush/turtlebot3_ws/install/turtlebot3_cartographer:/home/mbasharoush/turtlebot3_ws/install/robotics_slam:/home/mbasharoush/turtlebot3_ws/install/dynamixel_sdk_examples:/home/mbasharoush/turtlebot3_ws/install/dynamixel_sdk_custom_interfaces:/home/mbasharoush/turtlebot3_ws/install/dynamixel_sdk:/home/mbasharoush/turtlebot3_ws/install/bump_go_cpp:/home/mbasharoush/bookros2_ws/install/gazebo_ros2_control_demos:/home/mbasharoush/bookros2_ws/install/ros2_controllers:/home/mbasharoush/bookros2_ws/install/velocity_controllers:/home/mbasharoush/bookros2_ws/install/urdf_test:/home/mbasharoush/bookros2_ws/install/tiago_simulation:/home/mbasharoush/bookros2_ws/install/tiago_robot:/home/mbasharoush/bookros2_ws/install/tiago_2dnav_gazebo:/home/mbasharoush/bookros2_ws/install/tiago_gazebo:/home/mbasharoush/bookros2_ws/install/tiago_bringup:/home/mbasharoush/bookros2_ws/install/pmb2_robot:/home/mbasharoush/bookros2_ws/install/pmb2_bringup:/home/mbasharoush/bookros2_ws/install/twist_mux:/home/mbasharoush/bookros2_ws/install/transmission_interface:/home/mbasharoush/bookros2_ws/install/tiago_description:/home/mbasharoush/bookros2_ws/install/tiago_description_calibration:/home/mbasharoush/bookros2_ws/install/tiago_controller_configuration:/home/mbasharoush/bookros2_ws/install/ros2_control:/home/mbasharoush/bookros2_ws/install/ros2_control_test_assets:/home/mbasharoush/bookros2_ws/install/pal_gripper:/home/mbasharoush/bookros2_ws/install/pal_gripper_controller_configuration:/home/mbasharoush/bookros2_ws/install/position_controllers:/home/mbasharoush/bookros2_ws/install/pmb2_navigation:/home/mbasharoush/bookros2_ws/install/pmb2_2dnav:/home/mbasharoush/bookros2_ws/install/pmb2_maps:/home/mbasharoush/bookros2_ws/install/pmb2_description:/home/mbasharoush/bookros2_ws/install/pmb2_controller_configuration:/home/mbasharoush/bookros2_ws/install/pal_gripper_description:/home/mbasharoush/bookros2_ws/install/pal_gazebo_worlds:/home/mbasharoush/bookros2_ws/install/joint_trajectory_controller:/home/mbasharoush/bookros2_ws/install/joint_state_controller:/home/mbasharoush/bookros2_ws/install/joint_state_broadcaster:/home/mbasharoush/bookros2_ws/install/imu_sensor_broadcaster:/home/mbasharoush/bookros2_ws/install/hey5_description:/home/mbasharoush/bookros2_ws/install/gripper_controllers:/home/mbasharoush/bookros2_ws/install/gazebo_ros2_control:/home/mbasharoush/bookros2_ws/install/effort_controllers:/home/mbasharoush/bookros2_ws/install/forward_command_controller:/home/mbasharoush/bookros2_ws/install/force_torque_sensor_broadcaster:/home/mbasharoush/bookros2_ws/install/diff_drive_controller:/home/mbasharoush/bookros2_ws/install/controller_manager:/home/mbasharoush/bookros2_ws/install/controller_interface:/home/mbasharoush/bookros2_ws/install/hardware_interface:/home/mbasharoush/bookros2_ws/install/groot:/home/mbasharoush/bookros2_ws/install/controller_manager_msgs:/home/mbasharoush/bookros2_ws/install/br2_vff_avoidance:/home/mbasharoush/bookros2_ws/install/br2_tracking:/home/mbasharoush/bookros2_ws/install/br2_tracking_msgs:/home/mbasharoush/bookros2_ws/install/br2_tiago:/home/mbasharoush/bookros2_ws/install/br2_tf2_detector:/home/mbasharoush/bookros2_ws/install/br2_navigation:/home/mbasharoush/bookros2_ws/install/br2_fsm_bumpgo_cpp:/home/mbasharoush/bookros2_ws/install/br2_bt_patrolling:/home/mbasharoush/bookros2_ws/install/br2_bt_bumpgo:/home/mbasharoush/bookros2_ws/install/br2_basics:/home/mbasharoush/install/gazebo_ros2_control_demos:/home/mbasharoush/install/ros2_controllers:/home/mbasharoush/install/velocity_controllers:/home/mbasharoush/install/urdf_test:/home/mbasharoush/install/tiago_simulation:/home/mbasharoush/install/tiago_robot:/home/mbasharoush/install/tiago_2dnav_gazebo:/home/mbasharoush/install/tiago_gazebo:/home/mbasharoush/install/tiago_bringup:/home/mbasharoush/install/pmb2_robot:/home/mbasharoush/install/pmb2_bringup:/home/mbasharoush/install/twist_mux:/home/mbasharoush/install/transmission_interface:/home/mbasharoush/install/tiago_description:/home/mbasharoush/install/tiago_description_calibration:/home/mbasharoush/install/tiago_controller_configuration:/home/mbasharoush/install/ros2_control:/home/mbasharoush/install/ros2_control_test_assets:/home/mbasharoush/install/pal_gripper:/home/mbasharoush/install/pal_gripper_controller_configuration:/home/mbasharoush/install/position_controllers:/home/mbasharoush/install/pmb2_navigation:/home/mbasharoush/install/pmb2_2dnav:/home/mbasharoush/install/pmb2_maps:/home/mbasharoush/install/pmb2_description:/home/mbasharoush/install/pmb2_controller_configuration:/home/mbasharoush/install/pal_gripper_description:/home/mbasharoush/install/pal_gazebo_worlds:/home/mbasharoush/install/my_package:/home/mbasharoush/install/joint_trajectory_controller:/home/mbasharoush/install/joint_state_controller:/home/mbasharoush/install/joint_state_broadcaster:/home/mbasharoush/install/imu_sensor_broadcaster:/home/mbasharoush/install/hey5_description:/home/mbasharoush/install/gripper_controllers:/home/mbasharoush/install/gazebo_ros2_control:/home/mbasharoush/install/effort_controllers:/home/mbasharoush/install/forward_command_controller:/home/mbasharoush/install/force_torque_sensor_broadcaster:/home/mbasharoush/install/diff_drive_controller:/home/mbasharoush/install/controller_manager:/home/mbasharoush/install/controller_interface:/home/mbasharoush/install/hardware_interface:/home/mbasharoush/install/groot:/home/mbasharoush/install/controller_manager_msgs:/home/mbasharoush/install/br2_vff_avoidance:/home/mbasharoush/install/br2_tracking:/home/mbasharoush/install/br2_tracking_msgs:/home/mbasharoush/install/br2_tiago:/home/mbasharoush/install/br2_tf2_detector:/home/mbasharoush/install/br2_navigation:/home/mbasharoush/install/br2_fsm_bumpgo_cpp:/home/mbasharoush/install/br2_bt_patrolling:/home/mbasharoush/install/br2_bt_bumpgo:/home/mbasharoush/install/br2_basics:/home/mbasharoush/turtlebot3_ws/install/turtlebot3_teleop:/home/mbasharoush/turtlebot3_ws/install/turtlebot3_example:/home/mbasharoush/bookros2_ws/install/ros2controlcli:/home/mbasharoush/bookros2_ws/install/launch_pal:/home/mbasharoush/bookros2_ws/install/br2_fsm_bumpgo_py:/home/mbasharoush/install/ros2controlcli:/home/mbasharoush/install/launch_pal:/home/mbasharoush/install/br2_fsm_bumpgo_py:/opt/ros/foxy /usr/bin/cmake --build /home/mbasharoush/turtlebot3_ws/build/multi_tb3 -- -j4 -l4
[1.963s] DEBUG:colcon.colcon_core.event_handler.log_command:Invoked command in '/home/mbasharoush/turtlebot3_ws/build/multi_tb3' returned '0': CMAKE_PREFIX_PATH=/home/mbasharoush/turtlebot3_ws/install/turtlebot3_gazebo:/home/mbasharoush/turtlebot3_ws/install/turtlebot3_description:/home/mbasharoush/turtlebot3_ws/install/multi_tb3:/home/mbasharoush/turtlebot3_ws/install/turtlebot3:/home/mbasharoush/turtlebot3_ws/install/turtlebot3_simulations:/home/mbasharoush/turtlebot3_ws/install/turtlebot3_bringup:/home/mbasharoush/turtlebot3_ws/install/turtlebot3_node:/home/mbasharoush/turtlebot3_ws/install/turtlebot3_navigation2:/home/mbasharoush/turtlebot3_ws/install/turtlebot3_fake_node:/home/mbasharoush/turtlebot3_ws/install/turtlebot3_msgs:/home/mbasharoush/turtlebot3_ws/install/turtlebot3_cartographer:/home/mbasharoush/turtlebot3_ws/install/robotics_slam:/home/mbasharoush/turtlebot3_ws/install/dynamixel_sdk_examples:/home/mbasharoush/turtlebot3_ws/install/dynamixel_sdk_custom_interfaces:/home/mbasharoush/turtlebot3_ws/install/dynamixel_sdk:/home/mbasharoush/turtlebot3_ws/install/bump_go_cpp:/home/mbasharoush/bookros2_ws/install/gazebo_ros2_control_demos:/home/mbasharoush/bookros2_ws/install/ros2_controllers:/home/mbasharoush/bookros2_ws/install/velocity_controllers:/home/mbasharoush/bookros2_ws/install/urdf_test:/home/mbasharoush/bookros2_ws/install/tiago_simulation:/home/mbasharoush/bookros2_ws/install/tiago_robot:/home/mbasharoush/bookros2_ws/install/tiago_2dnav_gazebo:/home/mbasharoush/bookros2_ws/install/tiago_gazebo:/home/mbasharoush/bookros2_ws/install/tiago_bringup:/home/mbasharoush/bookros2_ws/install/pmb2_robot:/home/mbasharoush/bookros2_ws/install/pmb2_bringup:/home/mbasharoush/bookros2_ws/install/twist_mux:/home/mbasharoush/bookros2_ws/install/transmission_interface:/home/mbasharoush/bookros2_ws/install/tiago_description:/home/mbasharoush/bookros2_ws/install/tiago_description_calibration:/home/mbasharoush/bookros2_ws/install/tiago_controller_configuration:/home/mbasharoush/bookros2_ws/install/ros2_control:/home/mbasharoush/bookros2_ws/install/ros2_control_test_assets:/home/mbasharoush/bookros2_ws/install/pal_gripper:/home/mbasharoush/bookros2_ws/install/pal_gripper_controller_configuration:/home/mbasharoush/bookros2_ws/install/position_controllers:/home/mbasharoush/bookros2_ws/install/pmb2_navigation:/home/mbasharoush/bookros2_ws/install/pmb2_2dnav:/home/mbasharoush/bookros2_ws/install/pmb2_maps:/home/mbasharoush/bookros2_ws/install/pmb2_description:/home/mbasharoush/bookros2_ws/install/pmb2_controller_configuration:/home/mbasharoush/bookros2_ws/install/pal_gripper_description:/home/mbasharoush/bookros2_ws/install/pal_gazebo_worlds:/home/mbasharoush/bookros2_ws/install/joint_trajectory_controller:/home/mbasharoush/bookros2_ws/install/joint_state_controller:/home/mbasharoush/bookros2_ws/install/joint_state_broadcaster:/home/mbasharoush/bookros2_ws/install/imu_sensor_broadcaster:/home/mbasharoush/bookros2_ws/install/hey5_description:/home/mbasharoush/bookros2_ws/install/gripper_controllers:/home/mbasharoush/bookros2_ws/install/gazebo_ros2_control:/home/mbasharoush/bookros2_ws/install/effort_controllers:/home/mbasharoush/bookros2_ws/install/forward_command_controller:/home/mbasharoush/bookros2_ws/install/force_torque_sensor_broadcaster:/home/mbasharoush/bookros2_ws/install/diff_drive_controller:/home/mbasharoush/bookros2_ws/install/controller_manager:/home/mbasharoush/bookros2_ws/install/controller_interface:/home/mbasharoush/bookros2_ws/install/hardware_interface:/home/mbasharoush/bookros2_ws/install/groot:/home/mbasharoush/bookros2_ws/install/controller_manager_msgs:/home/mbasharoush/bookros2_ws/install/br2_vff_avoidance:/home/mbasharoush/bookros2_ws/install/br2_tracking:/home/mbasharoush/bookros2_ws/install/br2_tracking_msgs:/home/mbasharoush/bookros2_ws/install/br2_tiago:/home/mbasharoush/bookros2_ws/install/br2_tf2_detector:/home/mbasharoush/bookros2_ws/install/br2_navigation:/home/mbasharoush/bookros2_ws/install/br2_fsm_bumpgo_cpp:/home/mbasharoush/bookros2_ws/install/br2_bt_patrolling:/home/mbasharoush/bookros2_ws/install/br2_bt_bumpgo:/home/mbasharoush/bookros2_ws/install/br2_basics:/home/mbasharoush/install/gazebo_ros2_control_demos:/home/mbasharoush/install/ros2_controllers:/home/mbasharoush/install/velocity_controllers:/home/mbasharoush/install/urdf_test:/home/mbasharoush/install/tiago_simulation:/home/mbasharoush/install/tiago_robot:/home/mbasharoush/install/tiago_2dnav_gazebo:/home/mbasharoush/install/tiago_gazebo:/home/mbasharoush/install/tiago_bringup:/home/mbasharoush/install/pmb2_robot:/home/mbasharoush/install/pmb2_bringup:/home/mbasharoush/install/twist_mux:/home/mbasharoush/install/transmission_interface:/home/mbasharoush/install/tiago_description:/home/mbasharoush/install/tiago_description_calibration:/home/mbasharoush/install/tiago_controller_configuration:/home/mbasharoush/install/ros2_control:/home/mbasharoush/install/ros2_control_test_assets:/home/mbasharoush/install/pal_gripper:/home/mbasharoush/install/pal_gripper_controller_configuration:/home/mbasharoush/install/position_controllers:/home/mbasharoush/install/pmb2_navigation:/home/mbasharoush/install/pmb2_2dnav:/home/mbasharoush/install/pmb2_maps:/home/mbasharoush/install/pmb2_description:/home/mbasharoush/install/pmb2_controller_configuration:/home/mbasharoush/install/pal_gripper_description:/home/mbasharoush/install/pal_gazebo_worlds:/home/mbasharoush/install/my_package:/home/mbasharoush/install/joint_trajectory_controller:/home/mbasharoush/install/joint_state_controller:/home/mbasharoush/install/joint_state_broadcaster:/home/mbasharoush/install/imu_sensor_broadcaster:/home/mbasharoush/install/hey5_description:/home/mbasharoush/install/gripper_controllers:/home/mbasharoush/install/gazebo_ros2_control:/home/mbasharoush/install/effort_controllers:/home/mbasharoush/install/forward_command_controller:/home/mbasharoush/install/force_torque_sensor_broadcaster:/home/mbasharoush/install/diff_drive_controller:/home/mbasharoush/install/controller_manager:/home/mbasharoush/install/controller_interface:/home/mbasharoush/install/hardware_interface:/home/mbasharoush/install/groot:/home/mbasharoush/install/controller_manager_msgs:/home/mbasharoush/install/br2_vff_avoidance:/home/mbasharoush/install/br2_tracking:/home/mbasharoush/install/br2_tracking_msgs:/home/mbasharoush/install/br2_tiago:/home/mbasharoush/install/br2_tf2_detector:/home/mbasharoush/install/br2_navigation:/home/mbasharoush/install/br2_fsm_bumpgo_cpp:/home/mbasharoush/install/br2_bt_patrolling:/home/mbasharoush/install/br2_bt_bumpgo:/home/mbasharoush/install/br2_basics:/home/mbasharoush/turtlebot3_ws/install/turtlebot3_teleop:/home/mbasharoush/turtlebot3_ws/install/turtlebot3_example:/home/mbasharoush/bookros2_ws/install/ros2controlcli:/home/mbasharoush/bookros2_ws/install/launch_pal:/home/mbasharoush/bookros2_ws/install/br2_fsm_bumpgo_py:/home/mbasharoush/install/ros2controlcli:/home/mbasharoush/install/launch_pal:/home/mbasharoush/install/br2_fsm_bumpgo_py:/opt/ros/foxy /usr/bin/cmake --build /home/mbasharoush/turtlebot3_ws/build/multi_tb3 -- -j4 -l4
[2.154s] DEBUG:colcon.colcon_core.event_handler.log_command:Invoking command in '/home/mbasharoush/turtlebot3_ws/build/multi_tb3': CMAKE_PREFIX_PATH=/home/mbasharoush/turtlebot3_ws/install/turtlebot3_gazebo:/home/mbasharoush/turtlebot3_ws/install/turtlebot3_description:/home/mbasharoush/turtlebot3_ws/install/multi_tb3:/home/mbasharoush/turtlebot3_ws/install/turtlebot3:/home/mbasharoush/turtlebot3_ws/install/turtlebot3_simulations:/home/mbasharoush/turtlebot3_ws/install/turtlebot3_bringup:/home/mbasharoush/turtlebot3_ws/install/turtlebot3_node:/home/mbasharoush/turtlebot3_ws/install/turtlebot3_navigation2:/home/mbasharoush/turtlebot3_ws/install/turtlebot3_fake_node:/home/mbasharoush/turtlebot3_ws/install/turtlebot3_msgs:/home/mbasharoush/turtlebot3_ws/install/turtlebot3_cartographer:/home/mbasharoush/turtlebot3_ws/install/robotics_slam:/home/mbasharoush/turtlebot3_ws/install/dynamixel_sdk_examples:/home/mbasharoush/turtlebot3_ws/install/dynamixel_sdk_custom_interfaces:/home/mbasharoush/turtlebot3_ws/install/dynamixel_sdk:/home/mbasharoush/turtlebot3_ws/install/bump_go_cpp:/home/mbasharoush/bookros2_ws/install/gazebo_ros2_control_demos:/home/mbasharoush/bookros2_ws/install/ros2_controllers:/home/mbasharoush/bookros2_ws/install/velocity_controllers:/home/mbasharoush/bookros2_ws/install/urdf_test:/home/mbasharoush/bookros2_ws/install/tiago_simulation:/home/mbasharoush/bookros2_ws/install/tiago_robot:/home/mbasharoush/bookros2_ws/install/tiago_2dnav_gazebo:/home/mbasharoush/bookros2_ws/install/tiago_gazebo:/home/mbasharoush/bookros2_ws/install/tiago_bringup:/home/mbasharoush/bookros2_ws/install/pmb2_robot:/home/mbasharoush/bookros2_ws/install/pmb2_bringup:/home/mbasharoush/bookros2_ws/install/twist_mux:/home/mbasharoush/bookros2_ws/install/transmission_interface:/home/mbasharoush/bookros2_ws/install/tiago_description:/home/mbasharoush/bookros2_ws/install/tiago_description_calibration:/home/mbasharoush/bookros2_ws/install/tiago_controller_configuration:/home/mbasharoush/bookros2_ws/install/ros2_control:/home/mbasharoush/bookros2_ws/install/ros2_control_test_assets:/home/mbasharoush/bookros2_ws/install/pal_gripper:/home/mbasharoush/bookros2_ws/install/pal_gripper_controller_configuration:/home/mbasharoush/bookros2_ws/install/position_controllers:/home/mbasharoush/bookros2_ws/install/pmb2_navigation:/home/mbasharoush/bookros2_ws/install/pmb2_2dnav:/home/mbasharoush/bookros2_ws/install/pmb2_maps:/home/mbasharoush/bookros2_ws/install/pmb2_description:/home/mbasharoush/bookros2_ws/install/pmb2_controller_configuration:/home/mbasharoush/bookros2_ws/install/pal_gripper_description:/home/mbasharoush/bookros2_ws/install/pal_gazebo_worlds:/home/mbasharoush/bookros2_ws/install/joint_trajectory_controller:/home/mbasharoush/bookros2_ws/install/joint_state_controller:/home/mbasharoush/bookros2_ws/install/joint_state_broadcaster:/home/mbasharoush/bookros2_ws/install/imu_sensor_broadcaster:/home/mbasharoush/bookros2_ws/install/hey5_description:/home/mbasharoush/bookros2_ws/install/gripper_controllers:/home/mbasharoush/bookros2_ws/install/gazebo_ros2_control:/home/mbasharoush/bookros2_ws/install/effort_controllers:/home/mbasharoush/bookros2_ws/install/forward_command_controller:/home/mbasharoush/bookros2_ws/install/force_torque_sensor_broadcaster:/home/mbasharoush/bookros2_ws/install/diff_drive_controller:/home/mbasharoush/bookros2_ws/install/controller_manager:/home/mbasharoush/bookros2_ws/install/controller_interface:/home/mbasharoush/bookros2_ws/install/hardware_interface:/home/mbasharoush/bookros2_ws/install/groot:/home/mbasharoush/bookros2_ws/install/controller_manager_msgs:/home/mbasharoush/bookros2_ws/install/br2_vff_avoidance:/home/mbasharoush/bookros2_ws/install/br2_tracking:/home/mbasharoush/bookros2_ws/install/br2_tracking_msgs:/home/mbasharoush/bookros2_ws/install/br2_tiago:/home/mbasharoush/bookros2_ws/install/br2_tf2_detector:/home/mbasharoush/bookros2_ws/install/br2_navigation:/home/mbasharoush/bookros2_ws/install/br2_fsm_bumpgo_cpp:/home/mbasharoush/bookros2_ws/install/br2_bt_patrolling:/home/mbasharoush/bookros2_ws/install/br2_bt_bumpgo:/home/mbasharoush/bookros2_ws/install/br2_basics:/home/mbasharoush/install/gazebo_ros2_control_demos:/home/mbasharoush/install/ros2_controllers:/home/mbasharoush/install/velocity_controllers:/home/mbasharoush/install/urdf_test:/home/mbasharoush/install/tiago_simulation:/home/mbasharoush/install/tiago_robot:/home/mbasharoush/install/tiago_2dnav_gazebo:/home/mbasharoush/install/tiago_gazebo:/home/mbasharoush/install/tiago_bringup:/home/mbasharoush/install/pmb2_robot:/home/mbasharoush/install/pmb2_bringup:/home/mbasharoush/install/twist_mux:/home/mbasharoush/install/transmission_interface:/home/mbasharoush/install/tiago_description:/home/mbasharoush/install/tiago_description_calibration:/home/mbasharoush/install/tiago_controller_configuration:/home/mbasharoush/install/ros2_control:/home/mbasharoush/install/ros2_control_test_assets:/home/mbasharoush/install/pal_gripper:/home/mbasharoush/install/pal_gripper_controller_configuration:/home/mbasharoush/install/position_controllers:/home/mbasharoush/install/pmb2_navigation:/home/mbasharoush/install/pmb2_2dnav:/home/mbasharoush/install/pmb2_maps:/home/mbasharoush/install/pmb2_description:/home/mbasharoush/install/pmb2_controller_configuration:/home/mbasharoush/install/pal_gripper_description:/home/mbasharoush/install/pal_gazebo_worlds:/home/mbasharoush/install/my_package:/home/mbasharoush/install/joint_trajectory_controller:/home/mbasharoush/install/joint_state_controller:/home/mbasharoush/install/joint_state_broadcaster:/home/mbasharoush/install/imu_sensor_broadcaster:/home/mbasharoush/install/hey5_description:/home/mbasharoush/install/gripper_controllers:/home/mbasharoush/install/gazebo_ros2_control:/home/mbasharoush/install/effort_controllers:/home/mbasharoush/install/forward_command_controller:/home/mbasharoush/install/force_torque_sensor_broadcaster:/home/mbasharoush/install/diff_drive_controller:/home/mbasharoush/install/controller_manager:/home/mbasharoush/install/controller_interface:/home/mbasharoush/install/hardware_interface:/home/mbasharoush/install/groot:/home/mbasharoush/install/controller_manager_msgs:/home/mbasharoush/install/br2_vff_avoidance:/home/mbasharoush/install/br2_tracking:/home/mbasharoush/install/br2_tracking_msgs:/home/mbasharoush/install/br2_tiago:/home/mbasharoush/install/br2_tf2_detector:/home/mbasharoush/install/br2_navigation:/home/mbasharoush/install/br2_fsm_bumpgo_cpp:/home/mbasharoush/install/br2_bt_patrolling:/home/mbasharoush/install/br2_bt_bumpgo:/home/mbasharoush/install/br2_basics:/home/mbasharoush/turtlebot3_ws/install/turtlebot3_teleop:/home/mbasharoush/turtlebot3_ws/install/turtlebot3_example:/home/mbasharoush/bookros2_ws/install/ros2controlcli:/home/mbasharoush/bookros2_ws/install/launch_pal:/home/mbasharoush/bookros2_ws/install/br2_fsm_bumpgo_py:/home/mbasharoush/install/ros2controlcli:/home/mbasharoush/install/launch_pal:/home/mbasharoush/install/br2_fsm_bumpgo_py:/opt/ros/foxy /usr/bin/cmake --install /home/mbasharoush/turtlebot3_ws/build/multi_tb3
[2.265s] Level 1:colcon.colcon_core.environment:create_environment_scripts_only(multi_tb3)
[2.265s] DEBUG:colcon.colcon_core.event_handler.log_command:Invoked command in '/home/mbasharoush/turtlebot3_ws/build/multi_tb3' returned '0': CMAKE_PREFIX_PATH=/home/mbasharoush/turtlebot3_ws/install/turtlebot3_gazebo:/home/mbasharoush/turtlebot3_ws/install/turtlebot3_description:/home/mbasharoush/turtlebot3_ws/install/multi_tb3:/home/mbasharoush/turtlebot3_ws/install/turtlebot3:/home/mbasharoush/turtlebot3_ws/install/turtlebot3_simulations:/home/mbasharoush/turtlebot3_ws/install/turtlebot3_bringup:/home/mbasharoush/turtlebot3_ws/install/turtlebot3_node:/home/mbasharoush/turtlebot3_ws/install/turtlebot3_navigation2:/home/mbasharoush/turtlebot3_ws/install/turtlebot3_fake_node:/home/mbasharoush/turtlebot3_ws/install/turtlebot3_msgs:/home/mbasharoush/turtlebot3_ws/install/turtlebot3_cartographer:/home/mbasharoush/turtlebot3_ws/install/robotics_slam:/home/mbasharoush/turtlebot3_ws/install/dynamixel_sdk_examples:/home/mbasharoush/turtlebot3_ws/install/dynamixel_sdk_custom_interfaces:/home/mbasharoush/turtlebot3_ws/install/dynamixel_sdk:/home/mbasharoush/turtlebot3_ws/install/bump_go_cpp:/home/mbasharoush/bookros2_ws/install/gazebo_ros2_control_demos:/home/mbasharoush/bookros2_ws/install/ros2_controllers:/home/mbasharoush/bookros2_ws/install/velocity_controllers:/home/mbasharoush/bookros2_ws/install/urdf_test:/home/mbasharoush/bookros2_ws/install/tiago_simulation:/home/mbasharoush/bookros2_ws/install/tiago_robot:/home/mbasharoush/bookros2_ws/install/tiago_2dnav_gazebo:/home/mbasharoush/bookros2_ws/install/tiago_gazebo:/home/mbasharoush/bookros2_ws/install/tiago_bringup:/home/mbasharoush/bookros2_ws/install/pmb2_robot:/home/mbasharoush/bookros2_ws/install/pmb2_bringup:/home/mbasharoush/bookros2_ws/install/twist_mux:/home/mbasharoush/bookros2_ws/install/transmission_interface:/home/mbasharoush/bookros2_ws/install/tiago_description:/home/mbasharoush/bookros2_ws/install/tiago_description_calibration:/home/mbasharoush/bookros2_ws/install/tiago_controller_configuration:/home/mbasharoush/bookros2_ws/install/ros2_control:/home/mbasharoush/bookros2_ws/install/ros2_control_test_assets:/home/mbasharoush/bookros2_ws/install/pal_gripper:/home/mbasharoush/bookros2_ws/install/pal_gripper_controller_configuration:/home/mbasharoush/bookros2_ws/install/position_controllers:/home/mbasharoush/bookros2_ws/install/pmb2_navigation:/home/mbasharoush/bookros2_ws/install/pmb2_2dnav:/home/mbasharoush/bookros2_ws/install/pmb2_maps:/home/mbasharoush/bookros2_ws/install/pmb2_description:/home/mbasharoush/bookros2_ws/install/pmb2_controller_configuration:/home/mbasharoush/bookros2_ws/install/pal_gripper_description:/home/mbasharoush/bookros2_ws/install/pal_gazebo_worlds:/home/mbasharoush/bookros2_ws/install/joint_trajectory_controller:/home/mbasharoush/bookros2_ws/install/joint_state_controller:/home/mbasharoush/bookros2_ws/install/joint_state_broadcaster:/home/mbasharoush/bookros2_ws/install/imu_sensor_broadcaster:/home/mbasharoush/bookros2_ws/install/hey5_description:/home/mbasharoush/bookros2_ws/install/gripper_controllers:/home/mbasharoush/bookros2_ws/install/gazebo_ros2_control:/home/mbasharoush/bookros2_ws/install/effort_controllers:/home/mbasharoush/bookros2_ws/install/forward_command_controller:/home/mbasharoush/bookros2_ws/install/force_torque_sensor_broadcaster:/home/mbasharoush/bookros2_ws/install/diff_drive_controller:/home/mbasharoush/bookros2_ws/install/controller_manager:/home/mbasharoush/bookros2_ws/install/controller_interface:/home/mbasharoush/bookros2_ws/install/hardware_interface:/home/mbasharoush/bookros2_ws/install/groot:/home/mbasharoush/bookros2_ws/install/controller_manager_msgs:/home/mbasharoush/bookros2_ws/install/br2_vff_avoidance:/home/mbasharoush/bookros2_ws/install/br2_tracking:/home/mbasharoush/bookros2_ws/install/br2_tracking_msgs:/home/mbasharoush/bookros2_ws/install/br2_tiago:/home/mbasharoush/bookros2_ws/install/br2_tf2_detector:/home/mbasharoush/bookros2_ws/install/br2_navigation:/home/mbasharoush/bookros2_ws/install/br2_fsm_bumpgo_cpp:/home/mbasharoush/bookros2_ws/install/br2_bt_patrolling:/home/mbasharoush/bookros2_ws/install/br2_bt_bumpgo:/home/mbasharoush/bookros2_ws/install/br2_basics:/home/mbasharoush/install/gazebo_ros2_control_demos:/home/mbasharoush/install/ros2_controllers:/home/mbasharoush/install/velocity_controllers:/home/mbasharoush/install/urdf_test:/home/mbasharoush/install/tiago_simulation:/home/mbasharoush/install/tiago_robot:/home/mbasharoush/install/tiago_2dnav_gazebo:/home/mbasharoush/install/tiago_gazebo:/home/mbasharoush/install/tiago_bringup:/home/mbasharoush/install/pmb2_robot:/home/mbasharoush/install/pmb2_bringup:/home/mbasharoush/install/twist_mux:/home/mbasharoush/install/transmission_interface:/home/mbasharoush/install/tiago_description:/home/mbasharoush/install/tiago_description_calibration:/home/mbasharoush/install/tiago_controller_configuration:/home/mbasharoush/install/ros2_control:/home/mbasharoush/install/ros2_control_test_assets:/home/mbasharoush/install/pal_gripper:/home/mbasharoush/install/pal_gripper_controller_configuration:/home/mbasharoush/install/position_controllers:/home/mbasharoush/install/pmb2_navigation:/home/mbasharoush/install/pmb2_2dnav:/home/mbasharoush/install/pmb2_maps:/home/mbasharoush/install/pmb2_description:/home/mbasharoush/install/pmb2_controller_configuration:/home/mbasharoush/install/pal_gripper_description:/home/mbasharoush/install/pal_gazebo_worlds:/home/mbasharoush/install/my_package:/home/mbasharoush/install/joint_trajectory_controller:/home/mbasharoush/install/joint_state_controller:/home/mbasharoush/install/joint_state_broadcaster:/home/mbasharoush/install/imu_sensor_broadcaster:/home/mbasharoush/install/hey5_description:/home/mbasharoush/install/gripper_controllers:/home/mbasharoush/install/gazebo_ros2_control:/home/mbasharoush/install/effort_controllers:/home/mbasharoush/install/forward_command_controller:/home/mbasharoush/install/force_torque_sensor_broadcaster:/home/mbasharoush/install/diff_drive_controller:/home/mbasharoush/install/controller_manager:/home/mbasharoush/install/controller_interface:/home/mbasharoush/install/hardware_interface:/home/mbasharoush/install/groot:/home/mbasharoush/install/controller_manager_msgs:/home/mbasharoush/install/br2_vff_avoidance:/home/mbasharoush/install/br2_tracking:/home/mbasharoush/install/br2_tracking_msgs:/home/mbasharoush/install/br2_tiago:/home/mbasharoush/install/br2_tf2_detector:/home/mbasharoush/install/br2_navigation:/home/mbasharoush/install/br2_fsm_bumpgo_cpp:/home/mbasharoush/install/br2_bt_patrolling:/home/mbasharoush/install/br2_bt_bumpgo:/home/mbasharoush/install/br2_basics:/home/mbasharoush/turtlebot3_ws/install/turtlebot3_teleop:/home/mbasharoush/turtlebot3_ws/install/turtlebot3_example:/home/mbasharoush/bookros2_ws/install/ros2controlcli:/home/mbasharoush/bookros2_ws/install/launch_pal:/home/mbasharoush/bookros2_ws/install/br2_fsm_bumpgo_py:/home/mbasharoush/install/ros2controlcli:/home/mbasharoush/install/launch_pal:/home/mbasharoush/install/br2_fsm_bumpgo_py:/opt/ros/foxy /usr/bin/cmake --install /home/mbasharoush/turtlebot3_ws/build/multi_tb3
[2.271s] Level 1:colcon.colcon_core.environment:checking '/home/mbasharoush/turtlebot3_ws/install/multi_tb3' for CMake module files
[2.272s] Level 1:colcon.colcon_core.environment:checking '/home/mbasharoush/turtlebot3_ws/install/multi_tb3' for CMake config files
[2.273s] Level 1:colcon.colcon_core.shell:create_environment_hook('multi_tb3', 'cmake_prefix_path')
[2.275s] INFO:colcon.colcon_core.shell:Creating environment hook '/home/mbasharoush/turtlebot3_ws/install/multi_tb3/share/multi_tb3/hook/cmake_prefix_path.ps1'
[2.277s] INFO:colcon.colcon_core.shell:Creating environment descriptor '/home/mbasharoush/turtlebot3_ws/install/multi_tb3/share/multi_tb3/hook/cmake_prefix_path.dsv'
[2.278s] INFO:colcon.colcon_core.shell:Creating environment hook '/home/mbasharoush/turtlebot3_ws/install/multi_tb3/share/multi_tb3/hook/cmake_prefix_path.sh'
[2.383s] Level 1:colcon.colcon_core.environment:checking '/home/mbasharoush/turtlebot3_ws/install/multi_tb3/bin'
[2.383s] Level 1:colcon.colcon_core.environment:checking '/home/mbasharoush/turtlebot3_ws/install/multi_tb3/lib/pkgconfig/multi_tb3.pc'
[2.384s] Level 1:colcon.colcon_core.environment:checking '/home/mbasharoush/turtlebot3_ws/install/multi_tb3/lib/python3.8/site-packages'
[2.384s] Level 1:colcon.colcon_core.environment:checking '/home/mbasharoush/turtlebot3_ws/install/multi_tb3/bin'
[2.384s] INFO:colcon.colcon_core.shell:Creating package script '/home/mbasharoush/turtlebot3_ws/install/multi_tb3/share/multi_tb3/package.ps1'
[2.397s] INFO:colcon.colcon_core.shell:Creating package descriptor '/home/mbasharoush/turtlebot3_ws/install/multi_tb3/share/multi_tb3/package.dsv'
[2.398s] INFO:colcon.colcon_core.shell:Creating package script '/home/mbasharoush/turtlebot3_ws/install/multi_tb3/share/multi_tb3/package.sh'
[2.399s] INFO:colcon.colcon_core.shell:Creating package script '/home/mbasharoush/turtlebot3_ws/install/multi_tb3/share/multi_tb3/package.bash'
[2.400s] INFO:colcon.colcon_core.shell:Creating package script '/home/mbasharoush/turtlebot3_ws/install/multi_tb3/share/multi_tb3/package.zsh'
[2.403s] Level 1:colcon.colcon_core.environment:create_file_with_runtime_dependencies(/home/mbasharoush/turtlebot3_ws/install/multi_tb3/share/colcon-core/packages/multi_tb3)
[2.404s] Level 1:colcon.colcon_core.environment:create_environment_scripts_only(multi_tb3)
[2.405s] Level 1:colcon.colcon_core.environment:checking '/home/mbasharoush/turtlebot3_ws/install/multi_tb3' for CMake module files
[2.405s] Level 1:colcon.colcon_core.environment:checking '/home/mbasharoush/turtlebot3_ws/install/multi_tb3' for CMake config files
[2.406s] Level 1:colcon.colcon_core.shell:create_environment_hook('multi_tb3', 'cmake_prefix_path')
[2.406s] INFO:colcon.colcon_core.shell:Creating environment hook '/home/mbasharoush/turtlebot3_ws/install/multi_tb3/share/multi_tb3/hook/cmake_prefix_path.ps1'
[2.407s] INFO:colcon.colcon_core.shell:Creating environment descriptor '/home/mbasharoush/turtlebot3_ws/install/multi_tb3/share/multi_tb3/hook/cmake_prefix_path.dsv'
[2.415s] INFO:colcon.colcon_core.shell:Creating environment hook '/home/mbasharoush/turtlebot3_ws/install/multi_tb3/share/multi_tb3/hook/cmake_prefix_path.sh'
[2.424s] Level 1:colcon.colcon_core.environment:checking '/home/mbasharoush/turtlebot3_ws/install/multi_tb3/bin'
[2.424s] Level 1:colcon.colcon_core.environment:checking '/home/mbasharoush/turtlebot3_ws/install/multi_tb3/lib/pkgconfig/multi_tb3.pc'
[2.424s] Level 1:colcon.colcon_core.environment:checking '/home/mbasharoush/turtlebot3_ws/install/multi_tb3/lib/python3.8/site-packages'
[2.424s] Level 1:colcon.colcon_core.environment:checking '/home/mbasharoush/turtlebot3_ws/install/multi_tb3/bin'
[2.425s] INFO:colcon.colcon_core.shell:Creating package script '/home/mbasharoush/turtlebot3_ws/install/multi_tb3/share/multi_tb3/package.ps1'
[2.427s] INFO:colcon.colcon_core.shell:Creating package descriptor '/home/mbasharoush/turtlebot3_ws/install/multi_tb3/share/multi_tb3/package.dsv'
[2.434s] INFO:colcon.colcon_core.shell:Creating package script '/home/mbasharoush/turtlebot3_ws/install/multi_tb3/share/multi_tb3/package.sh'
[2.436s] INFO:colcon.colcon_core.shell:Creating package script '/home/mbasharoush/turtlebot3_ws/install/multi_tb3/share/multi_tb3/package.bash'
[2.438s] INFO:colcon.colcon_core.shell:Creating package script '/home/mbasharoush/turtlebot3_ws/install/multi_tb3/share/multi_tb3/package.zsh'
[2.443s] Level 1:colcon.colcon_core.environment:create_file_with_runtime_dependencies(/home/mbasharoush/turtlebot3_ws/install/multi_tb3/share/colcon-core/packages/multi_tb3)
[2.444s] DEBUG:colcon.colcon_parallel_executor.executor.parallel:closing loop
[2.445s] DEBUG:colcon.colcon_parallel_executor.executor.parallel:loop closed
[2.445s] DEBUG:colcon.colcon_parallel_executor.executor.parallel:run_until_complete finished with '0'
[2.450s] DEBUG:colcon.colcon_core.event_reactor:joining thread
[2.459s] INFO:colcon.colcon_core.plugin_system:Skipping extension 'colcon_notification.desktop_notification.terminal_notifier': Not used on non-Darwin systems
[2.461s] INFO:colcon.colcon_core.plugin_system:Skipping extension 'colcon_notification.desktop_notification.win32': Not used on non-Windows systems
[2.465s] INFO:colcon.colcon_notification.desktop_notification:Sending desktop notification using 'notify2'
[2.538s] DEBUG:colcon.colcon_core.event_reactor:joined thread
[2.539s] INFO:colcon.colcon_core.shell:Creating prefix script '/home/mbasharoush/turtlebot3_ws/install/local_setup.ps1'
[2.541s] INFO:colcon.colcon_core.shell:Creating prefix util module '/home/mbasharoush/turtlebot3_ws/install/_local_setup_util_ps1.py'
[2.557s] INFO:colcon.colcon_core.shell:Creating prefix chain script '/home/mbasharoush/turtlebot3_ws/install/setup.ps1'
[2.587s] INFO:colcon.colcon_core.shell:Creating prefix script '/home/mbasharoush/turtlebot3_ws/install/local_setup.sh'
[2.589s] INFO:colcon.colcon_core.shell:Creating prefix util module '/home/mbasharoush/turtlebot3_ws/install/_local_setup_util_sh.py'
[2.590s] INFO:colcon.colcon_core.shell:Creating prefix chain script '/home/mbasharoush/turtlebot3_ws/install/setup.sh'
[2.600s] INFO:colcon.colcon_core.shell:Creating prefix script '/home/mbasharoush/turtlebot3_ws/install/local_setup.bash'
[2.601s] INFO:colcon.colcon_core.shell:Creating prefix chain script '/home/mbasharoush/turtlebot3_ws/install/setup.bash'
[2.609s] INFO:colcon.colcon_core.shell:Creating prefix script '/home/mbasharoush/turtlebot3_ws/install/local_setup.zsh'
[2.610s] INFO:colcon.colcon_core.shell:Creating prefix chain script '/home/mbasharoush/turtlebot3_ws/install/setup.zsh'
