[0.296s] DEBUG:colcon:Command line arguments: ['/usr/bin/colcon', 'build', '--packages-select', 'turtlebot3_gazebo', '--symlink-install']
[0.297s] DEBUG:colcon:Parsed command line arguments: Namespace(allow_overriding=[], ament_cmake_args=None, base_paths=['.'], build_base='build', catkin_cmake_args=None, catkin_skip_building_tests=False, cmake_args=None, cmake_clean_cache=False, cmake_clean_first=False, cmake_force_configure=False, cmake_target=None, cmake_target_skip_unavailable=False, continue_on_error=False, event_handlers=None, executor='parallel', ignore_user_meta=False, install_base='install', log_base=None, log_level=None, main=<bound method BuildVerb.main of <colcon_core.verb.build.BuildVerb object at 0x7f682a6f67f0>>, merge_install=False, metas=['./colcon.meta'], packages_above=None, packages_above_and_dependencies=None, packages_above_depth=None, packages_end=None, packages_ignore=None, packages_ignore_regex=None, packages_select=['turtlebot3_gazebo'], packages_select_build_failed=False, packages_select_by_dep=None, packages_select_regex=None, packages_select_test_failures=False, packages_skip=None, packages_skip_build_finished=False, packages_skip_by_dep=None, packages_skip_regex=None, packages_skip_test_passed=False, packages_skip_up_to=None, packages_start=None, packages_up_to=None, packages_up_to_regex=None, parallel_workers=4, paths=None, symlink_install=True, test_result_base=None, verb_extension=<colcon_core.verb.build.BuildVerb object at 0x7f682a6f67f0>, verb_name='build', verb_parser=<colcon_defaults.argument_parser.defaults.DefaultArgumentsDecorator object at 0x7f682a62cd90>)
[0.518s] Level 1:colcon.colcon_core.package_discovery:discover_packages(colcon_meta) check parameters
[0.519s] Level 1:colcon.colcon_core.package_discovery:discover_packages(recursive) check parameters
[0.519s] Level 1:colcon.colcon_core.package_discovery:discover_packages(ignore) check parameters
[0.519s] Level 1:colcon.colcon_core.package_discovery:discover_packages(path) check parameters
[0.519s] Level 1:colcon.colcon_core.package_discovery:discover_packages(colcon_meta) discover
[0.519s] Level 1:colcon.colcon_core.package_discovery:discover_packages(recursive) discover
[0.519s] INFO:colcon.colcon_core.package_discovery:Crawling recursively for packages in '/home/mbasharoush/turtlebot3_ws'
[0.519s] Level 1:colcon.colcon_core.package_identification:_identify(.) by extensions ['ignore', 'ignore_ament_install']
[0.519s] Level 1:colcon.colcon_core.package_identification:_identify(.) by extension 'ignore'
[0.520s] Level 1:colcon.colcon_core.package_identification:_identify(.) by extension 'ignore_ament_install'
[0.520s] Level 1:colcon.colcon_core.package_identification:_identify(.) by extensions ['colcon_pkg']
[0.520s] Level 1:colcon.colcon_core.package_identification:_identify(.) by extension 'colcon_pkg'
[0.520s] Level 1:colcon.colcon_core.package_identification:_identify(.) by extensions ['colcon_meta']
[0.520s] Level 1:colcon.colcon_core.package_identification:_identify(.) by extension 'colcon_meta'
[0.521s] Level 1:colcon.colcon_core.package_identification:_identify(.) by extensions ['ros']
[0.521s] Level 1:colcon.colcon_core.package_identification:_identify(.) by extension 'ros'
[0.550s] Level 1:colcon.colcon_core.package_identification:_identify(.) by extensions ['cmake', 'python']
[0.550s] Level 1:colcon.colcon_core.package_identification:_identify(.) by extension 'cmake'
[0.551s] Level 1:colcon.colcon_core.package_identification:_identify(.) by extension 'python'
[0.551s] Level 1:colcon.colcon_core.package_identification:_identify(.) by extensions ['python_setup_py']
[0.551s] Level 1:colcon.colcon_core.package_identification:_identify(.) by extension 'python_setup_py'
[0.552s] Level 1:colcon.colcon_core.package_identification:_identify(build) by extensions ['ignore', 'ignore_ament_install']
[0.553s] Level 1:colcon.colcon_core.package_identification:_identify(build) by extension 'ignore'
[0.553s] Level 1:colcon.colcon_core.package_identification:_identify(build) ignored
[0.554s] Level 1:colcon.colcon_core.package_identification:_identify(install) by extensions ['ignore', 'ignore_ament_install']
[0.554s] Level 1:colcon.colcon_core.package_identification:_identify(install) by extension 'ignore'
[0.554s] Level 1:colcon.colcon_core.package_identification:_identify(install) ignored
[0.554s] Level 1:colcon.colcon_core.package_identification:_identify(log) by extensions ['ignore', 'ignore_ament_install']
[0.554s] Level 1:colcon.colcon_core.package_identification:_identify(log) by extension 'ignore'
[0.554s] Level 1:colcon.colcon_core.package_identification:_identify(log) ignored
[0.554s] Level 1:colcon.colcon_core.package_identification:_identify(src) by extensions ['ignore', 'ignore_ament_install']
[0.554s] Level 1:colcon.colcon_core.package_identification:_identify(src) by extension 'ignore'
[0.554s] Level 1:colcon.colcon_core.package_identification:_identify(src) by extension 'ignore_ament_install'
[0.554s] Level 1:colcon.colcon_core.package_identification:_identify(src) by extensions ['colcon_pkg']
[0.554s] Level 1:colcon.colcon_core.package_identification:_identify(src) by extension 'colcon_pkg'
[0.554s] Level 1:colcon.colcon_core.package_identification:_identify(src) by extensions ['colcon_meta']
[0.554s] Level 1:colcon.colcon_core.package_identification:_identify(src) by extension 'colcon_meta'
[0.554s] Level 1:colcon.colcon_core.package_identification:_identify(src) by extensions ['ros']
[0.554s] Level 1:colcon.colcon_core.package_identification:_identify(src) by extension 'ros'
[0.554s] Level 1:colcon.colcon_core.package_identification:_identify(src) by extensions ['cmake', 'python']
[0.554s] Level 1:colcon.colcon_core.package_identification:_identify(src) by extension 'cmake'
[0.554s] Level 1:colcon.colcon_core.package_identification:_identify(src) by extension 'python'
[0.554s] Level 1:colcon.colcon_core.package_identification:_identify(src) by extensions ['python_setup_py']
[0.554s] Level 1:colcon.colcon_core.package_identification:_identify(src) by extension 'python_setup_py'
[0.554s] Level 1:colcon.colcon_core.package_identification:_identify(src/TurtleBot3) by extensions ['ignore', 'ignore_ament_install']
[0.554s] Level 1:colcon.colcon_core.package_identification:_identify(src/TurtleBot3) by extension 'ignore'
[0.555s] Level 1:colcon.colcon_core.package_identification:_identify(src/TurtleBot3) by extension 'ignore_ament_install'
[0.555s] Level 1:colcon.colcon_core.package_identification:_identify(src/TurtleBot3) by extensions ['colcon_pkg']
[0.555s] Level 1:colcon.colcon_core.package_identification:_identify(src/TurtleBot3) by extension 'colcon_pkg'
[0.555s] Level 1:colcon.colcon_core.package_identification:_identify(src/TurtleBot3) by extensions ['colcon_meta']
[0.555s] Level 1:colcon.colcon_core.package_identification:_identify(src/TurtleBot3) by extension 'colcon_meta'
[0.555s] Level 1:colcon.colcon_core.package_identification:_identify(src/TurtleBot3) by extensions ['ros']
[0.555s] Level 1:colcon.colcon_core.package_identification:_identify(src/TurtleBot3) by extension 'ros'
[0.555s] Level 1:colcon.colcon_core.package_identification:_identify(src/TurtleBot3) by extensions ['cmake', 'python']
[0.555s] Level 1:colcon.colcon_core.package_identification:_identify(src/TurtleBot3) by extension 'cmake'
[0.555s] Level 1:colcon.colcon_core.package_identification:_identify(src/TurtleBot3) by extension 'python'
[0.555s] Level 1:colcon.colcon_core.package_identification:_identify(src/TurtleBot3) by extensions ['python_setup_py']
[0.555s] Level 1:colcon.colcon_core.package_identification:_identify(src/TurtleBot3) by extension 'python_setup_py'
[0.555s] Level 1:colcon.colcon_core.package_identification:_identify(src/TurtleBot3/DynamixelSDK) by extensions ['ignore', 'ignore_ament_install']
[0.556s] Level 1:colcon.colcon_core.package_identification:_identify(src/TurtleBot3/DynamixelSDK) by extension 'ignore'
[0.556s] Level 1:colcon.colcon_core.package_identification:_identify(src/TurtleBot3/DynamixelSDK) by extension 'ignore_ament_install'
[0.556s] Level 1:colcon.colcon_core.package_identification:_identify(src/TurtleBot3/DynamixelSDK) by extensions ['colcon_pkg']
[0.556s] Level 1:colcon.colcon_core.package_identification:_identify(src/TurtleBot3/DynamixelSDK) by extension 'colcon_pkg'
[0.556s] Level 1:colcon.colcon_core.package_identification:_identify(src/TurtleBot3/DynamixelSDK) by extensions ['colcon_meta']
[0.556s] Level 1:colcon.colcon_core.package_identification:_identify(src/TurtleBot3/DynamixelSDK) by extension 'colcon_meta'
[0.556s] Level 1:colcon.colcon_core.package_identification:_identify(src/TurtleBot3/DynamixelSDK) by extensions ['ros']
[0.556s] Level 1:colcon.colcon_core.package_identification:_identify(src/TurtleBot3/DynamixelSDK) by extension 'ros'
[0.556s] Level 1:colcon.colcon_core.package_identification:_identify(src/TurtleBot3/DynamixelSDK) by extensions ['cmake', 'python']
[0.556s] Level 1:colcon.colcon_core.package_identification:_identify(src/TurtleBot3/DynamixelSDK) by extension 'cmake'
[0.556s] Level 1:colcon.colcon_core.package_identification:_identify(src/TurtleBot3/DynamixelSDK) by extension 'python'
[0.556s] Level 1:colcon.colcon_core.package_identification:_identify(src/TurtleBot3/DynamixelSDK) by extensions ['python_setup_py']
[0.556s] Level 1:colcon.colcon_core.package_identification:_identify(src/TurtleBot3/DynamixelSDK) by extension 'python_setup_py'
[0.556s] Level 1:colcon.colcon_core.package_identification:_identify(src/TurtleBot3/DynamixelSDK/dynamixel_sdk) by extensions ['ignore', 'ignore_ament_install']
[0.556s] Level 1:colcon.colcon_core.package_identification:_identify(src/TurtleBot3/DynamixelSDK/dynamixel_sdk) by extension 'ignore'
[0.556s] Level 1:colcon.colcon_core.package_identification:_identify(src/TurtleBot3/DynamixelSDK/dynamixel_sdk) by extension 'ignore_ament_install'
[0.556s] Level 1:colcon.colcon_core.package_identification:_identify(src/TurtleBot3/DynamixelSDK/dynamixel_sdk) by extensions ['colcon_pkg']
[0.556s] Level 1:colcon.colcon_core.package_identification:_identify(src/TurtleBot3/DynamixelSDK/dynamixel_sdk) by extension 'colcon_pkg'
[0.556s] Level 1:colcon.colcon_core.package_identification:_identify(src/TurtleBot3/DynamixelSDK/dynamixel_sdk) by extensions ['colcon_meta']
[0.556s] Level 1:colcon.colcon_core.package_identification:_identify(src/TurtleBot3/DynamixelSDK/dynamixel_sdk) by extension 'colcon_meta'
[0.556s] Level 1:colcon.colcon_core.package_identification:_identify(src/TurtleBot3/DynamixelSDK/dynamixel_sdk) by extensions ['ros']
[0.557s] Level 1:colcon.colcon_core.package_identification:_identify(src/TurtleBot3/DynamixelSDK/dynamixel_sdk) by extension 'ros'
[0.559s] DEBUG:colcon.colcon_core.package_identification:Package 'src/TurtleBot3/DynamixelSDK/dynamixel_sdk' with type 'ros.ament_cmake' and name 'dynamixel_sdk'
[0.561s] Level 1:colcon.colcon_core.package_identification:_identify(src/TurtleBot3/DynamixelSDK/dynamixel_sdk_custom_interfaces) by extensions ['ignore', 'ignore_ament_install']
[0.562s] Level 1:colcon.colcon_core.package_identification:_identify(src/TurtleBot3/DynamixelSDK/dynamixel_sdk_custom_interfaces) by extension 'ignore'
[0.563s] Level 1:colcon.colcon_core.package_identification:_identify(src/TurtleBot3/DynamixelSDK/dynamixel_sdk_custom_interfaces) by extension 'ignore_ament_install'
[0.563s] Level 1:colcon.colcon_core.package_identification:_identify(src/TurtleBot3/DynamixelSDK/dynamixel_sdk_custom_interfaces) by extensions ['colcon_pkg']
[0.563s] Level 1:colcon.colcon_core.package_identification:_identify(src/TurtleBot3/DynamixelSDK/dynamixel_sdk_custom_interfaces) by extension 'colcon_pkg'
[0.563s] Level 1:colcon.colcon_core.package_identification:_identify(src/TurtleBot3/DynamixelSDK/dynamixel_sdk_custom_interfaces) by extensions ['colcon_meta']
[0.563s] Level 1:colcon.colcon_core.package_identification:_identify(src/TurtleBot3/DynamixelSDK/dynamixel_sdk_custom_interfaces) by extension 'colcon_meta'
[0.563s] Level 1:colcon.colcon_core.package_identification:_identify(src/TurtleBot3/DynamixelSDK/dynamixel_sdk_custom_interfaces) by extensions ['ros']
[0.563s] Level 1:colcon.colcon_core.package_identification:_identify(src/TurtleBot3/DynamixelSDK/dynamixel_sdk_custom_interfaces) by extension 'ros'
[0.564s] DEBUG:colcon.colcon_core.package_identification:Package 'src/TurtleBot3/DynamixelSDK/dynamixel_sdk_custom_interfaces' with type 'ros.ament_cmake' and name 'dynamixel_sdk_custom_interfaces'
[0.564s] Level 1:colcon.colcon_core.package_identification:_identify(src/TurtleBot3/DynamixelSDK/dynamixel_sdk_examples) by extensions ['ignore', 'ignore_ament_install']
[0.564s] Level 1:colcon.colcon_core.package_identification:_identify(src/TurtleBot3/DynamixelSDK/dynamixel_sdk_examples) by extension 'ignore'
[0.564s] Level 1:colcon.colcon_core.package_identification:_identify(src/TurtleBot3/DynamixelSDK/dynamixel_sdk_examples) by extension 'ignore_ament_install'
[0.564s] Level 1:colcon.colcon_core.package_identification:_identify(src/TurtleBot3/DynamixelSDK/dynamixel_sdk_examples) by extensions ['colcon_pkg']
[0.564s] Level 1:colcon.colcon_core.package_identification:_identify(src/TurtleBot3/DynamixelSDK/dynamixel_sdk_examples) by extension 'colcon_pkg'
[0.564s] Level 1:colcon.colcon_core.package_identification:_identify(src/TurtleBot3/DynamixelSDK/dynamixel_sdk_examples) by extensions ['colcon_meta']
[0.565s] Level 1:colcon.colcon_core.package_identification:_identify(src/TurtleBot3/DynamixelSDK/dynamixel_sdk_examples) by extension 'colcon_meta'
[0.565s] Level 1:colcon.colcon_core.package_identification:_identify(src/TurtleBot3/DynamixelSDK/dynamixel_sdk_examples) by extensions ['ros']
[0.565s] Level 1:colcon.colcon_core.package_identification:_identify(src/TurtleBot3/DynamixelSDK/dynamixel_sdk_examples) by extension 'ros'
[0.565s] DEBUG:colcon.colcon_core.package_identification:Package 'src/TurtleBot3/DynamixelSDK/dynamixel_sdk_examples' with type 'ros.ament_cmake' and name 'dynamixel_sdk_examples'
[0.566s] Level 1:colcon.colcon_core.package_identification:_identify(src/TurtleBot3/turtlebot3) by extensions ['ignore', 'ignore_ament_install']
[0.566s] Level 1:colcon.colcon_core.package_identification:_identify(src/TurtleBot3/turtlebot3) by extension 'ignore'
[0.566s] Level 1:colcon.colcon_core.package_identification:_identify(src/TurtleBot3/turtlebot3) by extension 'ignore_ament_install'
[0.566s] Level 1:colcon.colcon_core.package_identification:_identify(src/TurtleBot3/turtlebot3) by extensions ['colcon_pkg']
[0.566s] Level 1:colcon.colcon_core.package_identification:_identify(src/TurtleBot3/turtlebot3) by extension 'colcon_pkg'
[0.566s] Level 1:colcon.colcon_core.package_identification:_identify(src/TurtleBot3/turtlebot3) by extensions ['colcon_meta']
[0.566s] Level 1:colcon.colcon_core.package_identification:_identify(src/TurtleBot3/turtlebot3) by extension 'colcon_meta'
[0.566s] Level 1:colcon.colcon_core.package_identification:_identify(src/TurtleBot3/turtlebot3) by extensions ['ros']
[0.566s] Level 1:colcon.colcon_core.package_identification:_identify(src/TurtleBot3/turtlebot3) by extension 'ros'
[0.566s] Level 1:colcon.colcon_core.package_identification:_identify(src/TurtleBot3/turtlebot3) by extensions ['cmake', 'python']
[0.566s] Level 1:colcon.colcon_core.package_identification:_identify(src/TurtleBot3/turtlebot3) by extension 'cmake'
[0.566s] Level 1:colcon.colcon_core.package_identification:_identify(src/TurtleBot3/turtlebot3) by extension 'python'
[0.566s] Level 1:colcon.colcon_core.package_identification:_identify(src/TurtleBot3/turtlebot3) by extensions ['python_setup_py']
[0.566s] Level 1:colcon.colcon_core.package_identification:_identify(src/TurtleBot3/turtlebot3) by extension 'python_setup_py'
[0.566s] Level 1:colcon.colcon_core.package_identification:_identify(src/TurtleBot3/turtlebot3/turtlebot3) by extensions ['ignore', 'ignore_ament_install']
[0.567s] Level 1:colcon.colcon_core.package_identification:_identify(src/TurtleBot3/turtlebot3/turtlebot3) by extension 'ignore'
[0.567s] Level 1:colcon.colcon_core.package_identification:_identify(src/TurtleBot3/turtlebot3/turtlebot3) by extension 'ignore_ament_install'
[0.567s] Level 1:colcon.colcon_core.package_identification:_identify(src/TurtleBot3/turtlebot3/turtlebot3) by extensions ['colcon_pkg']
[0.567s] Level 1:colcon.colcon_core.package_identification:_identify(src/TurtleBot3/turtlebot3/turtlebot3) by extension 'colcon_pkg'
[0.567s] Level 1:colcon.colcon_core.package_identification:_identify(src/TurtleBot3/turtlebot3/turtlebot3) by extensions ['colcon_meta']
[0.567s] Level 1:colcon.colcon_core.package_identification:_identify(src/TurtleBot3/turtlebot3/turtlebot3) by extension 'colcon_meta'
[0.567s] Level 1:colcon.colcon_core.package_identification:_identify(src/TurtleBot3/turtlebot3/turtlebot3) by extensions ['ros']
[0.567s] Level 1:colcon.colcon_core.package_identification:_identify(src/TurtleBot3/turtlebot3/turtlebot3) by extension 'ros'
[0.567s] DEBUG:colcon.colcon_core.package_identification:Package 'src/TurtleBot3/turtlebot3/turtlebot3' with type 'ros.ament_cmake' and name 'turtlebot3'
[0.568s] Level 1:colcon.colcon_core.package_identification:_identify(src/TurtleBot3/turtlebot3/turtlebot3_bringup) by extensions ['ignore', 'ignore_ament_install']
[0.568s] Level 1:colcon.colcon_core.package_identification:_identify(src/TurtleBot3/turtlebot3/turtlebot3_bringup) by extension 'ignore'
[0.568s] Level 1:colcon.colcon_core.package_identification:_identify(src/TurtleBot3/turtlebot3/turtlebot3_bringup) by extension 'ignore_ament_install'
[0.568s] Level 1:colcon.colcon_core.package_identification:_identify(src/TurtleBot3/turtlebot3/turtlebot3_bringup) by extensions ['colcon_pkg']
[0.568s] Level 1:colcon.colcon_core.package_identification:_identify(src/TurtleBot3/turtlebot3/turtlebot3_bringup) by extension 'colcon_pkg'
[0.568s] Level 1:colcon.colcon_core.package_identification:_identify(src/TurtleBot3/turtlebot3/turtlebot3_bringup) by extensions ['colcon_meta']
[0.568s] Level 1:colcon.colcon_core.package_identification:_identify(src/TurtleBot3/turtlebot3/turtlebot3_bringup) by extension 'colcon_meta'
[0.568s] Level 1:colcon.colcon_core.package_identification:_identify(src/TurtleBot3/turtlebot3/turtlebot3_bringup) by extensions ['ros']
[0.568s] Level 1:colcon.colcon_core.package_identification:_identify(src/TurtleBot3/turtlebot3/turtlebot3_bringup) by extension 'ros'
[0.569s] DEBUG:colcon.colcon_core.package_identification:Package 'src/TurtleBot3/turtlebot3/turtlebot3_bringup' with type 'ros.ament_cmake' and name 'turtlebot3_bringup'
[0.569s] Level 1:colcon.colcon_core.package_identification:_identify(src/TurtleBot3/turtlebot3/turtlebot3_cartographer) by extensions ['ignore', 'ignore_ament_install']
[0.569s] Level 1:colcon.colcon_core.package_identification:_identify(src/TurtleBot3/turtlebot3/turtlebot3_cartographer) by extension 'ignore'
[0.569s] Level 1:colcon.colcon_core.package_identification:_identify(src/TurtleBot3/turtlebot3/turtlebot3_cartographer) by extension 'ignore_ament_install'
[0.569s] Level 1:colcon.colcon_core.package_identification:_identify(src/TurtleBot3/turtlebot3/turtlebot3_cartographer) by extensions ['colcon_pkg']
[0.569s] Level 1:colcon.colcon_core.package_identification:_identify(src/TurtleBot3/turtlebot3/turtlebot3_cartographer) by extension 'colcon_pkg'
[0.569s] Level 1:colcon.colcon_core.package_identification:_identify(src/TurtleBot3/turtlebot3/turtlebot3_cartographer) by extensions ['colcon_meta']
[0.569s] Level 1:colcon.colcon_core.package_identification:_identify(src/TurtleBot3/turtlebot3/turtlebot3_cartographer) by extension 'colcon_meta'
[0.569s] Level 1:colcon.colcon_core.package_identification:_identify(src/TurtleBot3/turtlebot3/turtlebot3_cartographer) by extensions ['ros']
[0.569s] Level 1:colcon.colcon_core.package_identification:_identify(src/TurtleBot3/turtlebot3/turtlebot3_cartographer) by extension 'ros'
[0.570s] DEBUG:colcon.colcon_core.package_identification:Package 'src/TurtleBot3/turtlebot3/turtlebot3_cartographer' with type 'ros.ament_cmake' and name 'turtlebot3_cartographer'
[0.570s] Level 1:colcon.colcon_core.package_identification:_identify(src/TurtleBot3/turtlebot3/turtlebot3_description) by extensions ['ignore', 'ignore_ament_install']
[0.570s] Level 1:colcon.colcon_core.package_identification:_identify(src/TurtleBot3/turtlebot3/turtlebot3_description) by extension 'ignore'
[0.570s] Level 1:colcon.colcon_core.package_identification:_identify(src/TurtleBot3/turtlebot3/turtlebot3_description) by extension 'ignore_ament_install'
[0.571s] Level 1:colcon.colcon_core.package_identification:_identify(src/TurtleBot3/turtlebot3/turtlebot3_description) by extensions ['colcon_pkg']
[0.571s] Level 1:colcon.colcon_core.package_identification:_identify(src/TurtleBot3/turtlebot3/turtlebot3_description) by extension 'colcon_pkg'
[0.571s] Level 1:colcon.colcon_core.package_identification:_identify(src/TurtleBot3/turtlebot3/turtlebot3_description) by extensions ['colcon_meta']
[0.571s] Level 1:colcon.colcon_core.package_identification:_identify(src/TurtleBot3/turtlebot3/turtlebot3_description) by extension 'colcon_meta'
[0.571s] Level 1:colcon.colcon_core.package_identification:_identify(src/TurtleBot3/turtlebot3/turtlebot3_description) by extensions ['ros']
[0.571s] Level 1:colcon.colcon_core.package_identification:_identify(src/TurtleBot3/turtlebot3/turtlebot3_description) by extension 'ros'
[0.571s] DEBUG:colcon.colcon_core.package_identification:Package 'src/TurtleBot3/turtlebot3/turtlebot3_description' with type 'ros.ament_cmake' and name 'turtlebot3_description'
[0.572s] Level 1:colcon.colcon_core.package_identification:_identify(src/TurtleBot3/turtlebot3/turtlebot3_example) by extensions ['ignore', 'ignore_ament_install']
[0.572s] Level 1:colcon.colcon_core.package_identification:_identify(src/TurtleBot3/turtlebot3/turtlebot3_example) by extension 'ignore'
[0.572s] Level 1:colcon.colcon_core.package_identification:_identify(src/TurtleBot3/turtlebot3/turtlebot3_example) by extension 'ignore_ament_install'
[0.572s] Level 1:colcon.colcon_core.package_identification:_identify(src/TurtleBot3/turtlebot3/turtlebot3_example) by extensions ['colcon_pkg']
[0.572s] Level 1:colcon.colcon_core.package_identification:_identify(src/TurtleBot3/turtlebot3/turtlebot3_example) by extension 'colcon_pkg'
[0.572s] Level 1:colcon.colcon_core.package_identification:_identify(src/TurtleBot3/turtlebot3/turtlebot3_example) by extensions ['colcon_meta']
[0.572s] Level 1:colcon.colcon_core.package_identification:_identify(src/TurtleBot3/turtlebot3/turtlebot3_example) by extension 'colcon_meta'
[0.572s] Level 1:colcon.colcon_core.package_identification:_identify(src/TurtleBot3/turtlebot3/turtlebot3_example) by extensions ['ros']
[0.572s] Level 1:colcon.colcon_core.package_identification:_identify(src/TurtleBot3/turtlebot3/turtlebot3_example) by extension 'ros'
[0.573s] DEBUG:colcon.colcon_core.package_identification:Package 'src/TurtleBot3/turtlebot3/turtlebot3_example' with type 'ros.ament_python' and name 'turtlebot3_example'
[0.573s] Level 1:colcon.colcon_core.package_identification:_identify(src/TurtleBot3/turtlebot3/turtlebot3_navigation2) by extensions ['ignore', 'ignore_ament_install']
[0.573s] Level 1:colcon.colcon_core.package_identification:_identify(src/TurtleBot3/turtlebot3/turtlebot3_navigation2) by extension 'ignore'
[0.573s] Level 1:colcon.colcon_core.package_identification:_identify(src/TurtleBot3/turtlebot3/turtlebot3_navigation2) by extension 'ignore_ament_install'
[0.573s] Level 1:colcon.colcon_core.package_identification:_identify(src/TurtleBot3/turtlebot3/turtlebot3_navigation2) by extensions ['colcon_pkg']
[0.573s] Level 1:colcon.colcon_core.package_identification:_identify(src/TurtleBot3/turtlebot3/turtlebot3_navigation2) by extension 'colcon_pkg'
[0.573s] Level 1:colcon.colcon_core.package_identification:_identify(src/TurtleBot3/turtlebot3/turtlebot3_navigation2) by extensions ['colcon_meta']
[0.573s] Level 1:colcon.colcon_core.package_identification:_identify(src/TurtleBot3/turtlebot3/turtlebot3_navigation2) by extension 'colcon_meta'
[0.573s] Level 1:colcon.colcon_core.package_identification:_identify(src/TurtleBot3/turtlebot3/turtlebot3_navigation2) by extensions ['ros']
[0.573s] Level 1:colcon.colcon_core.package_identification:_identify(src/TurtleBot3/turtlebot3/turtlebot3_navigation2) by extension 'ros'
[0.574s] DEBUG:colcon.colcon_core.package_identification:Package 'src/TurtleBot3/turtlebot3/turtlebot3_navigation2' with type 'ros.ament_cmake' and name 'turtlebot3_navigation2'
[0.574s] Level 1:colcon.colcon_core.package_identification:_identify(src/TurtleBot3/turtlebot3/turtlebot3_node) by extensions ['ignore', 'ignore_ament_install']
[0.574s] Level 1:colcon.colcon_core.package_identification:_identify(src/TurtleBot3/turtlebot3/turtlebot3_node) by extension 'ignore'
[0.575s] Level 1:colcon.colcon_core.package_identification:_identify(src/TurtleBot3/turtlebot3/turtlebot3_node) by extension 'ignore_ament_install'
[0.575s] Level 1:colcon.colcon_core.package_identification:_identify(src/TurtleBot3/turtlebot3/turtlebot3_node) by extensions ['colcon_pkg']
[0.575s] Level 1:colcon.colcon_core.package_identification:_identify(src/TurtleBot3/turtlebot3/turtlebot3_node) by extension 'colcon_pkg'
[0.576s] Level 1:colcon.colcon_core.package_identification:_identify(src/TurtleBot3/turtlebot3/turtlebot3_node) by extensions ['colcon_meta']
[0.576s] Level 1:colcon.colcon_core.package_identification:_identify(src/TurtleBot3/turtlebot3/turtlebot3_node) by extension 'colcon_meta'
[0.576s] Level 1:colcon.colcon_core.package_identification:_identify(src/TurtleBot3/turtlebot3/turtlebot3_node) by extensions ['ros']
[0.576s] Level 1:colcon.colcon_core.package_identification:_identify(src/TurtleBot3/turtlebot3/turtlebot3_node) by extension 'ros'
[0.577s] DEBUG:colcon.colcon_core.package_identification:Package 'src/TurtleBot3/turtlebot3/turtlebot3_node' with type 'ros.ament_cmake' and name 'turtlebot3_node'
[0.577s] Level 1:colcon.colcon_core.package_identification:_identify(src/TurtleBot3/turtlebot3/turtlebot3_teleop) by extensions ['ignore', 'ignore_ament_install']
[0.578s] Level 1:colcon.colcon_core.package_identification:_identify(src/TurtleBot3/turtlebot3/turtlebot3_teleop) by extension 'ignore'
[0.578s] Level 1:colcon.colcon_core.package_identification:_identify(src/TurtleBot3/turtlebot3/turtlebot3_teleop) by extension 'ignore_ament_install'
[0.578s] Level 1:colcon.colcon_core.package_identification:_identify(src/TurtleBot3/turtlebot3/turtlebot3_teleop) by extensions ['colcon_pkg']
[0.578s] Level 1:colcon.colcon_core.package_identification:_identify(src/TurtleBot3/turtlebot3/turtlebot3_teleop) by extension 'colcon_pkg'
[0.578s] Level 1:colcon.colcon_core.package_identification:_identify(src/TurtleBot3/turtlebot3/turtlebot3_teleop) by extensions ['colcon_meta']
[0.578s] Level 1:colcon.colcon_core.package_identification:_identify(src/TurtleBot3/turtlebot3/turtlebot3_teleop) by extension 'colcon_meta'
[0.578s] Level 1:colcon.colcon_core.package_identification:_identify(src/TurtleBot3/turtlebot3/turtlebot3_teleop) by extensions ['ros']
[0.578s] Level 1:colcon.colcon_core.package_identification:_identify(src/TurtleBot3/turtlebot3/turtlebot3_teleop) by extension 'ros'
[0.578s] DEBUG:colcon.colcon_core.package_identification:Package 'src/TurtleBot3/turtlebot3/turtlebot3_teleop' with type 'ros.ament_python' and name 'turtlebot3_teleop'
[0.579s] Level 1:colcon.colcon_core.package_identification:_identify(src/TurtleBot3/turtlebot3_msgs) by extensions ['ignore', 'ignore_ament_install']
[0.579s] Level 1:colcon.colcon_core.package_identification:_identify(src/TurtleBot3/turtlebot3_msgs) by extension 'ignore'
[0.579s] Level 1:colcon.colcon_core.package_identification:_identify(src/TurtleBot3/turtlebot3_msgs) by extension 'ignore_ament_install'
[0.579s] Level 1:colcon.colcon_core.package_identification:_identify(src/TurtleBot3/turtlebot3_msgs) by extensions ['colcon_pkg']
[0.579s] Level 1:colcon.colcon_core.package_identification:_identify(src/TurtleBot3/turtlebot3_msgs) by extension 'colcon_pkg'
[0.579s] Level 1:colcon.colcon_core.package_identification:_identify(src/TurtleBot3/turtlebot3_msgs) by extensions ['colcon_meta']
[0.579s] Level 1:colcon.colcon_core.package_identification:_identify(src/TurtleBot3/turtlebot3_msgs) by extension 'colcon_meta'
[0.579s] Level 1:colcon.colcon_core.package_identification:_identify(src/TurtleBot3/turtlebot3_msgs) by extensions ['ros']
[0.579s] Level 1:colcon.colcon_core.package_identification:_identify(src/TurtleBot3/turtlebot3_msgs) by extension 'ros'
[0.580s] DEBUG:colcon.colcon_core.package_identification:Package 'src/TurtleBot3/turtlebot3_msgs' with type 'ros.ament_cmake' and name 'turtlebot3_msgs'
[0.580s] Level 1:colcon.colcon_core.package_identification:_identify(src/TurtleBot3/turtlebot3_simulations) by extensions ['ignore', 'ignore_ament_install']
[0.580s] Level 1:colcon.colcon_core.package_identification:_identify(src/TurtleBot3/turtlebot3_simulations) by extension 'ignore'
[0.580s] Level 1:colcon.colcon_core.package_identification:_identify(src/TurtleBot3/turtlebot3_simulations) by extension 'ignore_ament_install'
[0.580s] Level 1:colcon.colcon_core.package_identification:_identify(src/TurtleBot3/turtlebot3_simulations) by extensions ['colcon_pkg']
[0.581s] Level 1:colcon.colcon_core.package_identification:_identify(src/TurtleBot3/turtlebot3_simulations) by extension 'colcon_pkg'
[0.581s] Level 1:colcon.colcon_core.package_identification:_identify(src/TurtleBot3/turtlebot3_simulations) by extensions ['colcon_meta']
[0.581s] Level 1:colcon.colcon_core.package_identification:_identify(src/TurtleBot3/turtlebot3_simulations) by extension 'colcon_meta'
[0.581s] Level 1:colcon.colcon_core.package_identification:_identify(src/TurtleBot3/turtlebot3_simulations) by extensions ['ros']
[0.581s] Level 1:colcon.colcon_core.package_identification:_identify(src/TurtleBot3/turtlebot3_simulations) by extension 'ros'
[0.581s] Level 1:colcon.colcon_core.package_identification:_identify(src/TurtleBot3/turtlebot3_simulations) by extensions ['cmake', 'python']
[0.581s] Level 1:colcon.colcon_core.package_identification:_identify(src/TurtleBot3/turtlebot3_simulations) by extension 'cmake'
[0.581s] Level 1:colcon.colcon_core.package_identification:_identify(src/TurtleBot3/turtlebot3_simulations) by extension 'python'
[0.581s] Level 1:colcon.colcon_core.package_identification:_identify(src/TurtleBot3/turtlebot3_simulations) by extensions ['python_setup_py']
[0.581s] Level 1:colcon.colcon_core.package_identification:_identify(src/TurtleBot3/turtlebot3_simulations) by extension 'python_setup_py'
[0.581s] Level 1:colcon.colcon_core.package_identification:_identify(src/TurtleBot3/turtlebot3_simulations/turtlebot3_fake_node) by extensions ['ignore', 'ignore_ament_install']
[0.581s] Level 1:colcon.colcon_core.package_identification:_identify(src/TurtleBot3/turtlebot3_simulations/turtlebot3_fake_node) by extension 'ignore'
[0.581s] Level 1:colcon.colcon_core.package_identification:_identify(src/TurtleBot3/turtlebot3_simulations/turtlebot3_fake_node) by extension 'ignore_ament_install'
[0.581s] Level 1:colcon.colcon_core.package_identification:_identify(src/TurtleBot3/turtlebot3_simulations/turtlebot3_fake_node) by extensions ['colcon_pkg']
[0.581s] Level 1:colcon.colcon_core.package_identification:_identify(src/TurtleBot3/turtlebot3_simulations/turtlebot3_fake_node) by extension 'colcon_pkg'
[0.581s] Level 1:colcon.colcon_core.package_identification:_identify(src/TurtleBot3/turtlebot3_simulations/turtlebot3_fake_node) by extensions ['colcon_meta']
[0.581s] Level 1:colcon.colcon_core.package_identification:_identify(src/TurtleBot3/turtlebot3_simulations/turtlebot3_fake_node) by extension 'colcon_meta'
[0.581s] Level 1:colcon.colcon_core.package_identification:_identify(src/TurtleBot3/turtlebot3_simulations/turtlebot3_fake_node) by extensions ['ros']
[0.581s] Level 1:colcon.colcon_core.package_identification:_identify(src/TurtleBot3/turtlebot3_simulations/turtlebot3_fake_node) by extension 'ros'
[0.582s] DEBUG:colcon.colcon_core.package_identification:Package 'src/TurtleBot3/turtlebot3_simulations/turtlebot3_fake_node' with type 'ros.ament_cmake' and name 'turtlebot3_fake_node'
[0.583s] Level 1:colcon.colcon_core.package_identification:_identify(src/TurtleBot3/turtlebot3_simulations/turtlebot3_gazebo) by extensions ['ignore', 'ignore_ament_install']
[0.583s] Level 1:colcon.colcon_core.package_identification:_identify(src/TurtleBot3/turtlebot3_simulations/turtlebot3_gazebo) by extension 'ignore'
[0.583s] Level 1:colcon.colcon_core.package_identification:_identify(src/TurtleBot3/turtlebot3_simulations/turtlebot3_gazebo) by extension 'ignore_ament_install'
[0.583s] Level 1:colcon.colcon_core.package_identification:_identify(src/TurtleBot3/turtlebot3_simulations/turtlebot3_gazebo) by extensions ['colcon_pkg']
[0.583s] Level 1:colcon.colcon_core.package_identification:_identify(src/TurtleBot3/turtlebot3_simulations/turtlebot3_gazebo) by extension 'colcon_pkg'
[0.583s] Level 1:colcon.colcon_core.package_identification:_identify(src/TurtleBot3/turtlebot3_simulations/turtlebot3_gazebo) by extensions ['colcon_meta']
[0.583s] Level 1:colcon.colcon_core.package_identification:_identify(src/TurtleBot3/turtlebot3_simulations/turtlebot3_gazebo) by extension 'colcon_meta'
[0.583s] Level 1:colcon.colcon_core.package_identification:_identify(src/TurtleBot3/turtlebot3_simulations/turtlebot3_gazebo) by extensions ['ros']
[0.583s] Level 1:colcon.colcon_core.package_identification:_identify(src/TurtleBot3/turtlebot3_simulations/turtlebot3_gazebo) by extension 'ros'
[0.584s] DEBUG:colcon.colcon_core.package_identification:Package 'src/TurtleBot3/turtlebot3_simulations/turtlebot3_gazebo' with type 'ros.ament_cmake' and name 'turtlebot3_gazebo'
[0.584s] Level 1:colcon.colcon_core.package_identification:_identify(src/TurtleBot3/turtlebot3_simulations/turtlebot3_simulations) by extensions ['ignore', 'ignore_ament_install']
[0.585s] Level 1:colcon.colcon_core.package_identification:_identify(src/TurtleBot3/turtlebot3_simulations/turtlebot3_simulations) by extension 'ignore'
[0.585s] Level 1:colcon.colcon_core.package_identification:_identify(src/TurtleBot3/turtlebot3_simulations/turtlebot3_simulations) by extension 'ignore_ament_install'
[0.585s] Level 1:colcon.colcon_core.package_identification:_identify(src/TurtleBot3/turtlebot3_simulations/turtlebot3_simulations) by extensions ['colcon_pkg']
[0.585s] Level 1:colcon.colcon_core.package_identification:_identify(src/TurtleBot3/turtlebot3_simulations/turtlebot3_simulations) by extension 'colcon_pkg'
[0.585s] Level 1:colcon.colcon_core.package_identification:_identify(src/TurtleBot3/turtlebot3_simulations/turtlebot3_simulations) by extensions ['colcon_meta']
[0.585s] Level 1:colcon.colcon_core.package_identification:_identify(src/TurtleBot3/turtlebot3_simulations/turtlebot3_simulations) by extension 'colcon_meta'
[0.585s] Level 1:colcon.colcon_core.package_identification:_identify(src/TurtleBot3/turtlebot3_simulations/turtlebot3_simulations) by extensions ['ros']
[0.585s] Level 1:colcon.colcon_core.package_identification:_identify(src/TurtleBot3/turtlebot3_simulations/turtlebot3_simulations) by extension 'ros'
[0.586s] DEBUG:colcon.colcon_core.package_identification:Package 'src/TurtleBot3/turtlebot3_simulations/turtlebot3_simulations' with type 'ros.ament_cmake' and name 'turtlebot3_simulations'
[0.586s] Level 1:colcon.colcon_core.package_identification:_identify(src/bump_go_cpp) by extensions ['ignore', 'ignore_ament_install']
[0.586s] Level 1:colcon.colcon_core.package_identification:_identify(src/bump_go_cpp) by extension 'ignore'
[0.586s] Level 1:colcon.colcon_core.package_identification:_identify(src/bump_go_cpp) by extension 'ignore_ament_install'
[0.586s] Level 1:colcon.colcon_core.package_identification:_identify(src/bump_go_cpp) by extensions ['colcon_pkg']
[0.586s] Level 1:colcon.colcon_core.package_identification:_identify(src/bump_go_cpp) by extension 'colcon_pkg'
[0.586s] Level 1:colcon.colcon_core.package_identification:_identify(src/bump_go_cpp) by extensions ['colcon_meta']
[0.586s] Level 1:colcon.colcon_core.package_identification:_identify(src/bump_go_cpp) by extension 'colcon_meta'
[0.586s] Level 1:colcon.colcon_core.package_identification:_identify(src/bump_go_cpp) by extensions ['ros']
[0.586s] Level 1:colcon.colcon_core.package_identification:_identify(src/bump_go_cpp) by extension 'ros'
[0.587s] DEBUG:colcon.colcon_core.package_identification:Package 'src/bump_go_cpp' with type 'ros.ament_cmake' and name 'bump_go_cpp'
[0.587s] Level 1:colcon.colcon_core.package_identification:_identify(src/robotics_slam) by extensions ['ignore', 'ignore_ament_install']
[0.587s] Level 1:colcon.colcon_core.package_identification:_identify(src/robotics_slam) by extension 'ignore'
[0.587s] Level 1:colcon.colcon_core.package_identification:_identify(src/robotics_slam) by extension 'ignore_ament_install'
[0.587s] Level 1:colcon.colcon_core.package_identification:_identify(src/robotics_slam) by extensions ['colcon_pkg']
[0.587s] Level 1:colcon.colcon_core.package_identification:_identify(src/robotics_slam) by extension 'colcon_pkg'
[0.587s] Level 1:colcon.colcon_core.package_identification:_identify(src/robotics_slam) by extensions ['colcon_meta']
[0.587s] Level 1:colcon.colcon_core.package_identification:_identify(src/robotics_slam) by extension 'colcon_meta'
[0.587s] Level 1:colcon.colcon_core.package_identification:_identify(src/robotics_slam) by extensions ['ros']
[0.587s] Level 1:colcon.colcon_core.package_identification:_identify(src/robotics_slam) by extension 'ros'
[0.590s] DEBUG:colcon.colcon_core.package_identification:Package 'src/robotics_slam' with type 'ros.ament_cmake' and name 'robotics_slam'
[0.590s] Level 1:colcon.colcon_core.package_discovery:discover_packages(recursive) using defaults
[0.591s] Level 1:colcon.colcon_core.package_discovery:discover_packages(ignore) discover
[0.591s] Level 1:colcon.colcon_core.package_discovery:discover_packages(ignore) using defaults
[0.591s] Level 1:colcon.colcon_core.package_discovery:discover_packages(path) discover
[0.591s] Level 1:colcon.colcon_core.package_discovery:discover_packages(path) using defaults
[0.617s] INFO:colcon.colcon_core.package_selection:Skipping not selected package 'bump_go_cpp' in 'src/bump_go_cpp'
[0.617s] INFO:colcon.colcon_core.package_selection:Skipping not selected package 'dynamixel_sdk' in 'src/TurtleBot3/DynamixelSDK/dynamixel_sdk'
[0.617s] INFO:colcon.colcon_core.package_selection:Skipping not selected package 'dynamixel_sdk_custom_interfaces' in 'src/TurtleBot3/DynamixelSDK/dynamixel_sdk_custom_interfaces'
[0.617s] INFO:colcon.colcon_core.package_selection:Skipping not selected package 'robotics_slam' in 'src/robotics_slam'
[0.617s] INFO:colcon.colcon_core.package_selection:Skipping not selected package 'turtlebot3_cartographer' in 'src/TurtleBot3/turtlebot3/turtlebot3_cartographer'
[0.617s] INFO:colcon.colcon_core.package_selection:Skipping not selected package 'turtlebot3_description' in 'src/TurtleBot3/turtlebot3/turtlebot3_description'
[0.617s] INFO:colcon.colcon_core.package_selection:Skipping not selected package 'turtlebot3_msgs' in 'src/TurtleBot3/turtlebot3_msgs'
[0.617s] INFO:colcon.colcon_core.package_selection:Skipping not selected package 'turtlebot3_navigation2' in 'src/TurtleBot3/turtlebot3/turtlebot3_navigation2'
[0.617s] INFO:colcon.colcon_core.package_selection:Skipping not selected package 'turtlebot3_teleop' in 'src/TurtleBot3/turtlebot3/turtlebot3_teleop'
[0.617s] INFO:colcon.colcon_core.package_selection:Skipping not selected package 'dynamixel_sdk_examples' in 'src/TurtleBot3/DynamixelSDK/dynamixel_sdk_examples'
[0.617s] INFO:colcon.colcon_core.package_selection:Skipping not selected package 'turtlebot3_example' in 'src/TurtleBot3/turtlebot3/turtlebot3_example'
[0.617s] INFO:colcon.colcon_core.package_selection:Skipping not selected package 'turtlebot3_fake_node' in 'src/TurtleBot3/turtlebot3_simulations/turtlebot3_fake_node'
[0.617s] INFO:colcon.colcon_core.package_selection:Skipping not selected package 'turtlebot3_node' in 'src/TurtleBot3/turtlebot3/turtlebot3_node'
[0.617s] INFO:colcon.colcon_core.package_selection:Skipping not selected package 'turtlebot3_bringup' in 'src/TurtleBot3/turtlebot3/turtlebot3_bringup'
[0.617s] INFO:colcon.colcon_core.package_selection:Skipping not selected package 'turtlebot3_simulations' in 'src/TurtleBot3/turtlebot3_simulations/turtlebot3_simulations'
[0.617s] INFO:colcon.colcon_core.package_selection:Skipping not selected package 'turtlebot3' in 'src/TurtleBot3/turtlebot3/turtlebot3'
[0.618s] Level 1:colcon.colcon_core.package_discovery:discover_packages(prefix_path) check parameters
[0.618s] Level 1:colcon.colcon_core.package_discovery:discover_packages(prefix_path) discover
[0.626s] DEBUG:colcon.colcon_installed_package_information.package_discovery:Found 18 installed packages in /home/mbasharoush/turtlebot3_ws/install
[0.631s] DEBUG:colcon.colcon_installed_package_information.package_discovery:Found 57 installed packages in /home/mbasharoush/bookros2_ws/install
[0.633s] DEBUG:colcon.colcon_installed_package_information.package_discovery:Found 59 installed packages in /home/mbasharoush/install
[0.638s] DEBUG:colcon.colcon_installed_package_information.package_discovery:Found 381 installed packages in /opt/ros/foxy
[0.646s] Level 1:colcon.colcon_core.package_discovery:discover_packages(prefix_path) using defaults
[0.711s] WARNING:colcon.colcon_core.package_selection:Some selected packages are already built in one or more underlay workspaces:
	'turtlebot3_gazebo' is in: /home/mbasharoush/turtlebot3_ws/install/turtlebot3_gazebo, /opt/ros/foxy
If a package in a merged underlay workspace is overridden and it installs headers, then all packages in the overlay must sort their include directories by workspace order. Failure to do so may result in build failures or undefined behavior at run time.
If the overridden package is used by another package in any underlay, then the overriding package in the overlay must be API and ABI compatible or undefined behavior at run time may occur.

If you understand the risks and want to override a package anyways, add the following to the command line:
	--allow-overriding turtlebot3_gazebo

This may be promoted to an error in a future release of colcon-override-check.
[0.714s] Level 5:colcon.colcon_core.verb:set package 'turtlebot3_gazebo' build argument 'cmake_args' from command line to 'None'
[0.714s] Level 5:colcon.colcon_core.verb:set package 'turtlebot3_gazebo' build argument 'cmake_target' from command line to 'None'
[0.714s] Level 5:colcon.colcon_core.verb:set package 'turtlebot3_gazebo' build argument 'cmake_target_skip_unavailable' from command line to 'False'
[0.714s] Level 5:colcon.colcon_core.verb:set package 'turtlebot3_gazebo' build argument 'cmake_clean_cache' from command line to 'False'
[0.714s] Level 5:colcon.colcon_core.verb:set package 'turtlebot3_gazebo' build argument 'cmake_clean_first' from command line to 'False'
[0.714s] Level 5:colcon.colcon_core.verb:set package 'turtlebot3_gazebo' build argument 'cmake_force_configure' from command line to 'False'
[0.714s] Level 5:colcon.colcon_core.verb:set package 'turtlebot3_gazebo' build argument 'ament_cmake_args' from command line to 'None'
[0.714s] Level 5:colcon.colcon_core.verb:set package 'turtlebot3_gazebo' build argument 'catkin_cmake_args' from command line to 'None'
[0.714s] Level 5:colcon.colcon_core.verb:set package 'turtlebot3_gazebo' build argument 'catkin_skip_building_tests' from command line to 'False'
[0.714s] DEBUG:colcon.colcon_core.verb:Building package 'turtlebot3_gazebo' with the following arguments: {'ament_cmake_args': None, 'build_base': '/home/mbasharoush/turtlebot3_ws/build/turtlebot3_gazebo', 'catkin_cmake_args': None, 'catkin_skip_building_tests': False, 'cmake_args': None, 'cmake_clean_cache': False, 'cmake_clean_first': False, 'cmake_force_configure': False, 'cmake_target': None, 'cmake_target_skip_unavailable': False, 'install_base': '/home/mbasharoush/turtlebot3_ws/install/turtlebot3_gazebo', 'merge_install': False, 'path': '/home/mbasharoush/turtlebot3_ws/src/TurtleBot3/turtlebot3_simulations/turtlebot3_gazebo', 'symlink_install': True, 'test_result_base': None}
[0.714s] INFO:colcon.colcon_core.executor:Executing jobs using 'parallel' executor
[0.716s] DEBUG:colcon.colcon_parallel_executor.executor.parallel:run_until_complete
[0.716s] INFO:colcon.colcon_ros.task.ament_cmake.build:Building ROS package in '/home/mbasharoush/turtlebot3_ws/src/TurtleBot3/turtlebot3_simulations/turtlebot3_gazebo' with build type 'ament_cmake'
[0.717s] INFO:colcon.colcon_cmake.task.cmake.build:Building CMake package in '/home/mbasharoush/turtlebot3_ws/src/TurtleBot3/turtlebot3_simulations/turtlebot3_gazebo'
[0.722s] INFO:colcon.colcon_core.plugin_system:Skipping extension 'colcon_core.shell.bat': Not used on non-Windows systems
[0.722s] INFO:colcon.colcon_core.shell:Skip shell extension 'powershell' for command environment: Not usable outside of PowerShell
[0.723s] DEBUG:colcon.colcon_core.shell:Skip shell extension 'dsv' for command environment
[0.783s] DEBUG:colcon.colcon_core.event_handler.log_command:Invoking command in '/home/mbasharoush/turtlebot3_ws/build/turtlebot3_gazebo': CMAKE_PREFIX_PATH=/home/mbasharoush/turtlebot3_ws/install/turtlebot3_description:/home/mbasharoush/turtlebot3_ws/install/multi_tb3:/home/mbasharoush/turtlebot3_ws/install/turtlebot3:/home/mbasharoush/turtlebot3_ws/install/turtlebot3_simulations:/home/mbasharoush/turtlebot3_ws/install/turtlebot3_bringup:/home/mbasharoush/turtlebot3_ws/install/turtlebot3_node:/home/mbasharoush/turtlebot3_ws/install/turtlebot3_navigation2:/home/mbasharoush/turtlebot3_ws/install/turtlebot3_fake_node:/home/mbasharoush/turtlebot3_ws/install/turtlebot3_msgs:/home/mbasharoush/turtlebot3_ws/install/turtlebot3_gazebo:/home/mbasharoush/turtlebot3_ws/install/turtlebot3_cartographer:/home/mbasharoush/turtlebot3_ws/install/robotics_slam:/home/mbasharoush/turtlebot3_ws/install/dynamixel_sdk_examples:/home/mbasharoush/turtlebot3_ws/install/dynamixel_sdk_custom_interfaces:/home/mbasharoush/turtlebot3_ws/install/dynamixel_sdk:/home/mbasharoush/turtlebot3_ws/install/bump_go_cpp:/home/mbasharoush/bookros2_ws/install/gazebo_ros2_control_demos:/home/mbasharoush/bookros2_ws/install/ros2_controllers:/home/mbasharoush/bookros2_ws/install/velocity_controllers:/home/mbasharoush/bookros2_ws/install/urdf_test:/home/mbasharoush/bookros2_ws/install/tiago_simulation:/home/mbasharoush/bookros2_ws/install/tiago_robot:/home/mbasharoush/bookros2_ws/install/tiago_2dnav_gazebo:/home/mbasharoush/bookros2_ws/install/tiago_gazebo:/home/mbasharoush/bookros2_ws/install/tiago_bringup:/home/mbasharoush/bookros2_ws/install/pmb2_robot:/home/mbasharoush/bookros2_ws/install/pmb2_bringup:/home/mbasharoush/bookros2_ws/install/twist_mux:/home/mbasharoush/bookros2_ws/install/transmission_interface:/home/mbasharoush/bookros2_ws/install/tiago_description:/home/mbasharoush/bookros2_ws/install/tiago_description_calibration:/home/mbasharoush/bookros2_ws/install/tiago_controller_configuration:/home/mbasharoush/bookros2_ws/install/ros2_control:/home/mbasharoush/bookros2_ws/install/ros2_control_test_assets:/home/mbasharoush/bookros2_ws/install/pal_gripper:/home/mbasharoush/bookros2_ws/install/pal_gripper_controller_configuration:/home/mbasharoush/bookros2_ws/install/position_controllers:/home/mbasharoush/bookros2_ws/install/pmb2_navigation:/home/mbasharoush/bookros2_ws/install/pmb2_2dnav:/home/mbasharoush/bookros2_ws/install/pmb2_maps:/home/mbasharoush/bookros2_ws/install/pmb2_description:/home/mbasharoush/bookros2_ws/install/pmb2_controller_configuration:/home/mbasharoush/bookros2_ws/install/pal_gripper_description:/home/mbasharoush/bookros2_ws/install/pal_gazebo_worlds:/home/mbasharoush/bookros2_ws/install/joint_trajectory_controller:/home/mbasharoush/bookros2_ws/install/joint_state_controller:/home/mbasharoush/bookros2_ws/install/joint_state_broadcaster:/home/mbasharoush/bookros2_ws/install/imu_sensor_broadcaster:/home/mbasharoush/bookros2_ws/install/hey5_description:/home/mbasharoush/bookros2_ws/install/gripper_controllers:/home/mbasharoush/bookros2_ws/install/gazebo_ros2_control:/home/mbasharoush/bookros2_ws/install/effort_controllers:/home/mbasharoush/bookros2_ws/install/forward_command_controller:/home/mbasharoush/bookros2_ws/install/force_torque_sensor_broadcaster:/home/mbasharoush/bookros2_ws/install/diff_drive_controller:/home/mbasharoush/bookros2_ws/install/controller_manager:/home/mbasharoush/bookros2_ws/install/controller_interface:/home/mbasharoush/bookros2_ws/install/hardware_interface:/home/mbasharoush/bookros2_ws/install/groot:/home/mbasharoush/bookros2_ws/install/controller_manager_msgs:/home/mbasharoush/bookros2_ws/install/br2_vff_avoidance:/home/mbasharoush/bookros2_ws/install/br2_tracking:/home/mbasharoush/bookros2_ws/install/br2_tracking_msgs:/home/mbasharoush/bookros2_ws/install/br2_tiago:/home/mbasharoush/bookros2_ws/install/br2_tf2_detector:/home/mbasharoush/bookros2_ws/install/br2_navigation:/home/mbasharoush/bookros2_ws/install/br2_fsm_bumpgo_cpp:/home/mbasharoush/bookros2_ws/install/br2_bt_patrolling:/home/mbasharoush/bookros2_ws/install/br2_bt_bumpgo:/home/mbasharoush/bookros2_ws/install/br2_basics:/home/mbasharoush/install/gazebo_ros2_control_demos:/home/mbasharoush/install/ros2_controllers:/home/mbasharoush/install/velocity_controllers:/home/mbasharoush/install/urdf_test:/home/mbasharoush/install/tiago_simulation:/home/mbasharoush/install/tiago_robot:/home/mbasharoush/install/tiago_2dnav_gazebo:/home/mbasharoush/install/tiago_gazebo:/home/mbasharoush/install/tiago_bringup:/home/mbasharoush/install/pmb2_robot:/home/mbasharoush/install/pmb2_bringup:/home/mbasharoush/install/twist_mux:/home/mbasharoush/install/transmission_interface:/home/mbasharoush/install/tiago_description:/home/mbasharoush/install/tiago_description_calibration:/home/mbasharoush/install/tiago_controller_configuration:/home/mbasharoush/install/ros2_control:/home/mbasharoush/install/ros2_control_test_assets:/home/mbasharoush/install/pal_gripper:/home/mbasharoush/install/pal_gripper_controller_configuration:/home/mbasharoush/install/position_controllers:/home/mbasharoush/install/pmb2_navigation:/home/mbasharoush/install/pmb2_2dnav:/home/mbasharoush/install/pmb2_maps:/home/mbasharoush/install/pmb2_description:/home/mbasharoush/install/pmb2_controller_configuration:/home/mbasharoush/install/pal_gripper_description:/home/mbasharoush/install/pal_gazebo_worlds:/home/mbasharoush/install/my_package:/home/mbasharoush/install/joint_trajectory_controller:/home/mbasharoush/install/joint_state_controller:/home/mbasharoush/install/joint_state_broadcaster:/home/mbasharoush/install/imu_sensor_broadcaster:/home/mbasharoush/install/hey5_description:/home/mbasharoush/install/gripper_controllers:/home/mbasharoush/install/gazebo_ros2_control:/home/mbasharoush/install/effort_controllers:/home/mbasharoush/install/forward_command_controller:/home/mbasharoush/install/force_torque_sensor_broadcaster:/home/mbasharoush/install/diff_drive_controller:/home/mbasharoush/install/controller_manager:/home/mbasharoush/install/controller_interface:/home/mbasharoush/install/hardware_interface:/home/mbasharoush/install/groot:/home/mbasharoush/install/controller_manager_msgs:/home/mbasharoush/install/br2_vff_avoidance:/home/mbasharoush/install/br2_tracking:/home/mbasharoush/install/br2_tracking_msgs:/home/mbasharoush/install/br2_tiago:/home/mbasharoush/install/br2_tf2_detector:/home/mbasharoush/install/br2_navigation:/home/mbasharoush/install/br2_fsm_bumpgo_cpp:/home/mbasharoush/install/br2_bt_patrolling:/home/mbasharoush/install/br2_bt_bumpgo:/home/mbasharoush/install/br2_basics:/home/mbasharoush/turtlebot3_ws/install/turtlebot3_teleop:/home/mbasharoush/turtlebot3_ws/install/turtlebot3_example:/home/mbasharoush/bookros2_ws/install/ros2controlcli:/home/mbasharoush/bookros2_ws/install/launch_pal:/home/mbasharoush/bookros2_ws/install/br2_fsm_bumpgo_py:/home/mbasharoush/install/ros2controlcli:/home/mbasharoush/install/launch_pal:/home/mbasharoush/install/br2_fsm_bumpgo_py:/opt/ros/foxy /usr/bin/cmake --build /home/mbasharoush/turtlebot3_ws/build/turtlebot3_gazebo -- -j4 -l4
[1.337s] DEBUG:colcon.colcon_core.event_handler.log_command:Invoked command in '/home/mbasharoush/turtlebot3_ws/build/turtlebot3_gazebo' returned '0': CMAKE_PREFIX_PATH=/home/mbasharoush/turtlebot3_ws/install/turtlebot3_description:/home/mbasharoush/turtlebot3_ws/install/multi_tb3:/home/mbasharoush/turtlebot3_ws/install/turtlebot3:/home/mbasharoush/turtlebot3_ws/install/turtlebot3_simulations:/home/mbasharoush/turtlebot3_ws/install/turtlebot3_bringup:/home/mbasharoush/turtlebot3_ws/install/turtlebot3_node:/home/mbasharoush/turtlebot3_ws/install/turtlebot3_navigation2:/home/mbasharoush/turtlebot3_ws/install/turtlebot3_fake_node:/home/mbasharoush/turtlebot3_ws/install/turtlebot3_msgs:/home/mbasharoush/turtlebot3_ws/install/turtlebot3_gazebo:/home/mbasharoush/turtlebot3_ws/install/turtlebot3_cartographer:/home/mbasharoush/turtlebot3_ws/install/robotics_slam:/home/mbasharoush/turtlebot3_ws/install/dynamixel_sdk_examples:/home/mbasharoush/turtlebot3_ws/install/dynamixel_sdk_custom_interfaces:/home/mbasharoush/turtlebot3_ws/install/dynamixel_sdk:/home/mbasharoush/turtlebot3_ws/install/bump_go_cpp:/home/mbasharoush/bookros2_ws/install/gazebo_ros2_control_demos:/home/mbasharoush/bookros2_ws/install/ros2_controllers:/home/mbasharoush/bookros2_ws/install/velocity_controllers:/home/mbasharoush/bookros2_ws/install/urdf_test:/home/mbasharoush/bookros2_ws/install/tiago_simulation:/home/mbasharoush/bookros2_ws/install/tiago_robot:/home/mbasharoush/bookros2_ws/install/tiago_2dnav_gazebo:/home/mbasharoush/bookros2_ws/install/tiago_gazebo:/home/mbasharoush/bookros2_ws/install/tiago_bringup:/home/mbasharoush/bookros2_ws/install/pmb2_robot:/home/mbasharoush/bookros2_ws/install/pmb2_bringup:/home/mbasharoush/bookros2_ws/install/twist_mux:/home/mbasharoush/bookros2_ws/install/transmission_interface:/home/mbasharoush/bookros2_ws/install/tiago_description:/home/mbasharoush/bookros2_ws/install/tiago_description_calibration:/home/mbasharoush/bookros2_ws/install/tiago_controller_configuration:/home/mbasharoush/bookros2_ws/install/ros2_control:/home/mbasharoush/bookros2_ws/install/ros2_control_test_assets:/home/mbasharoush/bookros2_ws/install/pal_gripper:/home/mbasharoush/bookros2_ws/install/pal_gripper_controller_configuration:/home/mbasharoush/bookros2_ws/install/position_controllers:/home/mbasharoush/bookros2_ws/install/pmb2_navigation:/home/mbasharoush/bookros2_ws/install/pmb2_2dnav:/home/mbasharoush/bookros2_ws/install/pmb2_maps:/home/mbasharoush/bookros2_ws/install/pmb2_description:/home/mbasharoush/bookros2_ws/install/pmb2_controller_configuration:/home/mbasharoush/bookros2_ws/install/pal_gripper_description:/home/mbasharoush/bookros2_ws/install/pal_gazebo_worlds:/home/mbasharoush/bookros2_ws/install/joint_trajectory_controller:/home/mbasharoush/bookros2_ws/install/joint_state_controller:/home/mbasharoush/bookros2_ws/install/joint_state_broadcaster:/home/mbasharoush/bookros2_ws/install/imu_sensor_broadcaster:/home/mbasharoush/bookros2_ws/install/hey5_description:/home/mbasharoush/bookros2_ws/install/gripper_controllers:/home/mbasharoush/bookros2_ws/install/gazebo_ros2_control:/home/mbasharoush/bookros2_ws/install/effort_controllers:/home/mbasharoush/bookros2_ws/install/forward_command_controller:/home/mbasharoush/bookros2_ws/install/force_torque_sensor_broadcaster:/home/mbasharoush/bookros2_ws/install/diff_drive_controller:/home/mbasharoush/bookros2_ws/install/controller_manager:/home/mbasharoush/bookros2_ws/install/controller_interface:/home/mbasharoush/bookros2_ws/install/hardware_interface:/home/mbasharoush/bookros2_ws/install/groot:/home/mbasharoush/bookros2_ws/install/controller_manager_msgs:/home/mbasharoush/bookros2_ws/install/br2_vff_avoidance:/home/mbasharoush/bookros2_ws/install/br2_tracking:/home/mbasharoush/bookros2_ws/install/br2_tracking_msgs:/home/mbasharoush/bookros2_ws/install/br2_tiago:/home/mbasharoush/bookros2_ws/install/br2_tf2_detector:/home/mbasharoush/bookros2_ws/install/br2_navigation:/home/mbasharoush/bookros2_ws/install/br2_fsm_bumpgo_cpp:/home/mbasharoush/bookros2_ws/install/br2_bt_patrolling:/home/mbasharoush/bookros2_ws/install/br2_bt_bumpgo:/home/mbasharoush/bookros2_ws/install/br2_basics:/home/mbasharoush/install/gazebo_ros2_control_demos:/home/mbasharoush/install/ros2_controllers:/home/mbasharoush/install/velocity_controllers:/home/mbasharoush/install/urdf_test:/home/mbasharoush/install/tiago_simulation:/home/mbasharoush/install/tiago_robot:/home/mbasharoush/install/tiago_2dnav_gazebo:/home/mbasharoush/install/tiago_gazebo:/home/mbasharoush/install/tiago_bringup:/home/mbasharoush/install/pmb2_robot:/home/mbasharoush/install/pmb2_bringup:/home/mbasharoush/install/twist_mux:/home/mbasharoush/install/transmission_interface:/home/mbasharoush/install/tiago_description:/home/mbasharoush/install/tiago_description_calibration:/home/mbasharoush/install/tiago_controller_configuration:/home/mbasharoush/install/ros2_control:/home/mbasharoush/install/ros2_control_test_assets:/home/mbasharoush/install/pal_gripper:/home/mbasharoush/install/pal_gripper_controller_configuration:/home/mbasharoush/install/position_controllers:/home/mbasharoush/install/pmb2_navigation:/home/mbasharoush/install/pmb2_2dnav:/home/mbasharoush/install/pmb2_maps:/home/mbasharoush/install/pmb2_description:/home/mbasharoush/install/pmb2_controller_configuration:/home/mbasharoush/install/pal_gripper_description:/home/mbasharoush/install/pal_gazebo_worlds:/home/mbasharoush/install/my_package:/home/mbasharoush/install/joint_trajectory_controller:/home/mbasharoush/install/joint_state_controller:/home/mbasharoush/install/joint_state_broadcaster:/home/mbasharoush/install/imu_sensor_broadcaster:/home/mbasharoush/install/hey5_description:/home/mbasharoush/install/gripper_controllers:/home/mbasharoush/install/gazebo_ros2_control:/home/mbasharoush/install/effort_controllers:/home/mbasharoush/install/forward_command_controller:/home/mbasharoush/install/force_torque_sensor_broadcaster:/home/mbasharoush/install/diff_drive_controller:/home/mbasharoush/install/controller_manager:/home/mbasharoush/install/controller_interface:/home/mbasharoush/install/hardware_interface:/home/mbasharoush/install/groot:/home/mbasharoush/install/controller_manager_msgs:/home/mbasharoush/install/br2_vff_avoidance:/home/mbasharoush/install/br2_tracking:/home/mbasharoush/install/br2_tracking_msgs:/home/mbasharoush/install/br2_tiago:/home/mbasharoush/install/br2_tf2_detector:/home/mbasharoush/install/br2_navigation:/home/mbasharoush/install/br2_fsm_bumpgo_cpp:/home/mbasharoush/install/br2_bt_patrolling:/home/mbasharoush/install/br2_bt_bumpgo:/home/mbasharoush/install/br2_basics:/home/mbasharoush/turtlebot3_ws/install/turtlebot3_teleop:/home/mbasharoush/turtlebot3_ws/install/turtlebot3_example:/home/mbasharoush/bookros2_ws/install/ros2controlcli:/home/mbasharoush/bookros2_ws/install/launch_pal:/home/mbasharoush/bookros2_ws/install/br2_fsm_bumpgo_py:/home/mbasharoush/install/ros2controlcli:/home/mbasharoush/install/launch_pal:/home/mbasharoush/install/br2_fsm_bumpgo_py:/opt/ros/foxy /usr/bin/cmake --build /home/mbasharoush/turtlebot3_ws/build/turtlebot3_gazebo -- -j4 -l4
[1.379s] DEBUG:colcon.colcon_core.event_handler.log_command:Invoking command in '/home/mbasharoush/turtlebot3_ws/build/turtlebot3_gazebo': CMAKE_PREFIX_PATH=/home/mbasharoush/turtlebot3_ws/install/turtlebot3_description:/home/mbasharoush/turtlebot3_ws/install/multi_tb3:/home/mbasharoush/turtlebot3_ws/install/turtlebot3:/home/mbasharoush/turtlebot3_ws/install/turtlebot3_simulations:/home/mbasharoush/turtlebot3_ws/install/turtlebot3_bringup:/home/mbasharoush/turtlebot3_ws/install/turtlebot3_node:/home/mbasharoush/turtlebot3_ws/install/turtlebot3_navigation2:/home/mbasharoush/turtlebot3_ws/install/turtlebot3_fake_node:/home/mbasharoush/turtlebot3_ws/install/turtlebot3_msgs:/home/mbasharoush/turtlebot3_ws/install/turtlebot3_gazebo:/home/mbasharoush/turtlebot3_ws/install/turtlebot3_cartographer:/home/mbasharoush/turtlebot3_ws/install/robotics_slam:/home/mbasharoush/turtlebot3_ws/install/dynamixel_sdk_examples:/home/mbasharoush/turtlebot3_ws/install/dynamixel_sdk_custom_interfaces:/home/mbasharoush/turtlebot3_ws/install/dynamixel_sdk:/home/mbasharoush/turtlebot3_ws/install/bump_go_cpp:/home/mbasharoush/bookros2_ws/install/gazebo_ros2_control_demos:/home/mbasharoush/bookros2_ws/install/ros2_controllers:/home/mbasharoush/bookros2_ws/install/velocity_controllers:/home/mbasharoush/bookros2_ws/install/urdf_test:/home/mbasharoush/bookros2_ws/install/tiago_simulation:/home/mbasharoush/bookros2_ws/install/tiago_robot:/home/mbasharoush/bookros2_ws/install/tiago_2dnav_gazebo:/home/mbasharoush/bookros2_ws/install/tiago_gazebo:/home/mbasharoush/bookros2_ws/install/tiago_bringup:/home/mbasharoush/bookros2_ws/install/pmb2_robot:/home/mbasharoush/bookros2_ws/install/pmb2_bringup:/home/mbasharoush/bookros2_ws/install/twist_mux:/home/mbasharoush/bookros2_ws/install/transmission_interface:/home/mbasharoush/bookros2_ws/install/tiago_description:/home/mbasharoush/bookros2_ws/install/tiago_description_calibration:/home/mbasharoush/bookros2_ws/install/tiago_controller_configuration:/home/mbasharoush/bookros2_ws/install/ros2_control:/home/mbasharoush/bookros2_ws/install/ros2_control_test_assets:/home/mbasharoush/bookros2_ws/install/pal_gripper:/home/mbasharoush/bookros2_ws/install/pal_gripper_controller_configuration:/home/mbasharoush/bookros2_ws/install/position_controllers:/home/mbasharoush/bookros2_ws/install/pmb2_navigation:/home/mbasharoush/bookros2_ws/install/pmb2_2dnav:/home/mbasharoush/bookros2_ws/install/pmb2_maps:/home/mbasharoush/bookros2_ws/install/pmb2_description:/home/mbasharoush/bookros2_ws/install/pmb2_controller_configuration:/home/mbasharoush/bookros2_ws/install/pal_gripper_description:/home/mbasharoush/bookros2_ws/install/pal_gazebo_worlds:/home/mbasharoush/bookros2_ws/install/joint_trajectory_controller:/home/mbasharoush/bookros2_ws/install/joint_state_controller:/home/mbasharoush/bookros2_ws/install/joint_state_broadcaster:/home/mbasharoush/bookros2_ws/install/imu_sensor_broadcaster:/home/mbasharoush/bookros2_ws/install/hey5_description:/home/mbasharoush/bookros2_ws/install/gripper_controllers:/home/mbasharoush/bookros2_ws/install/gazebo_ros2_control:/home/mbasharoush/bookros2_ws/install/effort_controllers:/home/mbasharoush/bookros2_ws/install/forward_command_controller:/home/mbasharoush/bookros2_ws/install/force_torque_sensor_broadcaster:/home/mbasharoush/bookros2_ws/install/diff_drive_controller:/home/mbasharoush/bookros2_ws/install/controller_manager:/home/mbasharoush/bookros2_ws/install/controller_interface:/home/mbasharoush/bookros2_ws/install/hardware_interface:/home/mbasharoush/bookros2_ws/install/groot:/home/mbasharoush/bookros2_ws/install/controller_manager_msgs:/home/mbasharoush/bookros2_ws/install/br2_vff_avoidance:/home/mbasharoush/bookros2_ws/install/br2_tracking:/home/mbasharoush/bookros2_ws/install/br2_tracking_msgs:/home/mbasharoush/bookros2_ws/install/br2_tiago:/home/mbasharoush/bookros2_ws/install/br2_tf2_detector:/home/mbasharoush/bookros2_ws/install/br2_navigation:/home/mbasharoush/bookros2_ws/install/br2_fsm_bumpgo_cpp:/home/mbasharoush/bookros2_ws/install/br2_bt_patrolling:/home/mbasharoush/bookros2_ws/install/br2_bt_bumpgo:/home/mbasharoush/bookros2_ws/install/br2_basics:/home/mbasharoush/install/gazebo_ros2_control_demos:/home/mbasharoush/install/ros2_controllers:/home/mbasharoush/install/velocity_controllers:/home/mbasharoush/install/urdf_test:/home/mbasharoush/install/tiago_simulation:/home/mbasharoush/install/tiago_robot:/home/mbasharoush/install/tiago_2dnav_gazebo:/home/mbasharoush/install/tiago_gazebo:/home/mbasharoush/install/tiago_bringup:/home/mbasharoush/install/pmb2_robot:/home/mbasharoush/install/pmb2_bringup:/home/mbasharoush/install/twist_mux:/home/mbasharoush/install/transmission_interface:/home/mbasharoush/install/tiago_description:/home/mbasharoush/install/tiago_description_calibration:/home/mbasharoush/install/tiago_controller_configuration:/home/mbasharoush/install/ros2_control:/home/mbasharoush/install/ros2_control_test_assets:/home/mbasharoush/install/pal_gripper:/home/mbasharoush/install/pal_gripper_controller_configuration:/home/mbasharoush/install/position_controllers:/home/mbasharoush/install/pmb2_navigation:/home/mbasharoush/install/pmb2_2dnav:/home/mbasharoush/install/pmb2_maps:/home/mbasharoush/install/pmb2_description:/home/mbasharoush/install/pmb2_controller_configuration:/home/mbasharoush/install/pal_gripper_description:/home/mbasharoush/install/pal_gazebo_worlds:/home/mbasharoush/install/my_package:/home/mbasharoush/install/joint_trajectory_controller:/home/mbasharoush/install/joint_state_controller:/home/mbasharoush/install/joint_state_broadcaster:/home/mbasharoush/install/imu_sensor_broadcaster:/home/mbasharoush/install/hey5_description:/home/mbasharoush/install/gripper_controllers:/home/mbasharoush/install/gazebo_ros2_control:/home/mbasharoush/install/effort_controllers:/home/mbasharoush/install/forward_command_controller:/home/mbasharoush/install/force_torque_sensor_broadcaster:/home/mbasharoush/install/diff_drive_controller:/home/mbasharoush/install/controller_manager:/home/mbasharoush/install/controller_interface:/home/mbasharoush/install/hardware_interface:/home/mbasharoush/install/groot:/home/mbasharoush/install/controller_manager_msgs:/home/mbasharoush/install/br2_vff_avoidance:/home/mbasharoush/install/br2_tracking:/home/mbasharoush/install/br2_tracking_msgs:/home/mbasharoush/install/br2_tiago:/home/mbasharoush/install/br2_tf2_detector:/home/mbasharoush/install/br2_navigation:/home/mbasharoush/install/br2_fsm_bumpgo_cpp:/home/mbasharoush/install/br2_bt_patrolling:/home/mbasharoush/install/br2_bt_bumpgo:/home/mbasharoush/install/br2_basics:/home/mbasharoush/turtlebot3_ws/install/turtlebot3_teleop:/home/mbasharoush/turtlebot3_ws/install/turtlebot3_example:/home/mbasharoush/bookros2_ws/install/ros2controlcli:/home/mbasharoush/bookros2_ws/install/launch_pal:/home/mbasharoush/bookros2_ws/install/br2_fsm_bumpgo_py:/home/mbasharoush/install/ros2controlcli:/home/mbasharoush/install/launch_pal:/home/mbasharoush/install/br2_fsm_bumpgo_py:/opt/ros/foxy /usr/bin/cmake --install /home/mbasharoush/turtlebot3_ws/build/turtlebot3_gazebo
[1.481s] Level 1:colcon.colcon_core.environment:create_environment_scripts_only(turtlebot3_gazebo)
[1.489s] DEBUG:colcon.colcon_core.event_handler.log_command:Invoked command in '/home/mbasharoush/turtlebot3_ws/build/turtlebot3_gazebo' returned '0': CMAKE_PREFIX_PATH=/home/mbasharoush/turtlebot3_ws/install/turtlebot3_description:/home/mbasharoush/turtlebot3_ws/install/multi_tb3:/home/mbasharoush/turtlebot3_ws/install/turtlebot3:/home/mbasharoush/turtlebot3_ws/install/turtlebot3_simulations:/home/mbasharoush/turtlebot3_ws/install/turtlebot3_bringup:/home/mbasharoush/turtlebot3_ws/install/turtlebot3_node:/home/mbasharoush/turtlebot3_ws/install/turtlebot3_navigation2:/home/mbasharoush/turtlebot3_ws/install/turtlebot3_fake_node:/home/mbasharoush/turtlebot3_ws/install/turtlebot3_msgs:/home/mbasharoush/turtlebot3_ws/install/turtlebot3_gazebo:/home/mbasharoush/turtlebot3_ws/install/turtlebot3_cartographer:/home/mbasharoush/turtlebot3_ws/install/robotics_slam:/home/mbasharoush/turtlebot3_ws/install/dynamixel_sdk_examples:/home/mbasharoush/turtlebot3_ws/install/dynamixel_sdk_custom_interfaces:/home/mbasharoush/turtlebot3_ws/install/dynamixel_sdk:/home/mbasharoush/turtlebot3_ws/install/bump_go_cpp:/home/mbasharoush/bookros2_ws/install/gazebo_ros2_control_demos:/home/mbasharoush/bookros2_ws/install/ros2_controllers:/home/mbasharoush/bookros2_ws/install/velocity_controllers:/home/mbasharoush/bookros2_ws/install/urdf_test:/home/mbasharoush/bookros2_ws/install/tiago_simulation:/home/mbasharoush/bookros2_ws/install/tiago_robot:/home/mbasharoush/bookros2_ws/install/tiago_2dnav_gazebo:/home/mbasharoush/bookros2_ws/install/tiago_gazebo:/home/mbasharoush/bookros2_ws/install/tiago_bringup:/home/mbasharoush/bookros2_ws/install/pmb2_robot:/home/mbasharoush/bookros2_ws/install/pmb2_bringup:/home/mbasharoush/bookros2_ws/install/twist_mux:/home/mbasharoush/bookros2_ws/install/transmission_interface:/home/mbasharoush/bookros2_ws/install/tiago_description:/home/mbasharoush/bookros2_ws/install/tiago_description_calibration:/home/mbasharoush/bookros2_ws/install/tiago_controller_configuration:/home/mbasharoush/bookros2_ws/install/ros2_control:/home/mbasharoush/bookros2_ws/install/ros2_control_test_assets:/home/mbasharoush/bookros2_ws/install/pal_gripper:/home/mbasharoush/bookros2_ws/install/pal_gripper_controller_configuration:/home/mbasharoush/bookros2_ws/install/position_controllers:/home/mbasharoush/bookros2_ws/install/pmb2_navigation:/home/mbasharoush/bookros2_ws/install/pmb2_2dnav:/home/mbasharoush/bookros2_ws/install/pmb2_maps:/home/mbasharoush/bookros2_ws/install/pmb2_description:/home/mbasharoush/bookros2_ws/install/pmb2_controller_configuration:/home/mbasharoush/bookros2_ws/install/pal_gripper_description:/home/mbasharoush/bookros2_ws/install/pal_gazebo_worlds:/home/mbasharoush/bookros2_ws/install/joint_trajectory_controller:/home/mbasharoush/bookros2_ws/install/joint_state_controller:/home/mbasharoush/bookros2_ws/install/joint_state_broadcaster:/home/mbasharoush/bookros2_ws/install/imu_sensor_broadcaster:/home/mbasharoush/bookros2_ws/install/hey5_description:/home/mbasharoush/bookros2_ws/install/gripper_controllers:/home/mbasharoush/bookros2_ws/install/gazebo_ros2_control:/home/mbasharoush/bookros2_ws/install/effort_controllers:/home/mbasharoush/bookros2_ws/install/forward_command_controller:/home/mbasharoush/bookros2_ws/install/force_torque_sensor_broadcaster:/home/mbasharoush/bookros2_ws/install/diff_drive_controller:/home/mbasharoush/bookros2_ws/install/controller_manager:/home/mbasharoush/bookros2_ws/install/controller_interface:/home/mbasharoush/bookros2_ws/install/hardware_interface:/home/mbasharoush/bookros2_ws/install/groot:/home/mbasharoush/bookros2_ws/install/controller_manager_msgs:/home/mbasharoush/bookros2_ws/install/br2_vff_avoidance:/home/mbasharoush/bookros2_ws/install/br2_tracking:/home/mbasharoush/bookros2_ws/install/br2_tracking_msgs:/home/mbasharoush/bookros2_ws/install/br2_tiago:/home/mbasharoush/bookros2_ws/install/br2_tf2_detector:/home/mbasharoush/bookros2_ws/install/br2_navigation:/home/mbasharoush/bookros2_ws/install/br2_fsm_bumpgo_cpp:/home/mbasharoush/bookros2_ws/install/br2_bt_patrolling:/home/mbasharoush/bookros2_ws/install/br2_bt_bumpgo:/home/mbasharoush/bookros2_ws/install/br2_basics:/home/mbasharoush/install/gazebo_ros2_control_demos:/home/mbasharoush/install/ros2_controllers:/home/mbasharoush/install/velocity_controllers:/home/mbasharoush/install/urdf_test:/home/mbasharoush/install/tiago_simulation:/home/mbasharoush/install/tiago_robot:/home/mbasharoush/install/tiago_2dnav_gazebo:/home/mbasharoush/install/tiago_gazebo:/home/mbasharoush/install/tiago_bringup:/home/mbasharoush/install/pmb2_robot:/home/mbasharoush/install/pmb2_bringup:/home/mbasharoush/install/twist_mux:/home/mbasharoush/install/transmission_interface:/home/mbasharoush/install/tiago_description:/home/mbasharoush/install/tiago_description_calibration:/home/mbasharoush/install/tiago_controller_configuration:/home/mbasharoush/install/ros2_control:/home/mbasharoush/install/ros2_control_test_assets:/home/mbasharoush/install/pal_gripper:/home/mbasharoush/install/pal_gripper_controller_configuration:/home/mbasharoush/install/position_controllers:/home/mbasharoush/install/pmb2_navigation:/home/mbasharoush/install/pmb2_2dnav:/home/mbasharoush/install/pmb2_maps:/home/mbasharoush/install/pmb2_description:/home/mbasharoush/install/pmb2_controller_configuration:/home/mbasharoush/install/pal_gripper_description:/home/mbasharoush/install/pal_gazebo_worlds:/home/mbasharoush/install/my_package:/home/mbasharoush/install/joint_trajectory_controller:/home/mbasharoush/install/joint_state_controller:/home/mbasharoush/install/joint_state_broadcaster:/home/mbasharoush/install/imu_sensor_broadcaster:/home/mbasharoush/install/hey5_description:/home/mbasharoush/install/gripper_controllers:/home/mbasharoush/install/gazebo_ros2_control:/home/mbasharoush/install/effort_controllers:/home/mbasharoush/install/forward_command_controller:/home/mbasharoush/install/force_torque_sensor_broadcaster:/home/mbasharoush/install/diff_drive_controller:/home/mbasharoush/install/controller_manager:/home/mbasharoush/install/controller_interface:/home/mbasharoush/install/hardware_interface:/home/mbasharoush/install/groot:/home/mbasharoush/install/controller_manager_msgs:/home/mbasharoush/install/br2_vff_avoidance:/home/mbasharoush/install/br2_tracking:/home/mbasharoush/install/br2_tracking_msgs:/home/mbasharoush/install/br2_tiago:/home/mbasharoush/install/br2_tf2_detector:/home/mbasharoush/install/br2_navigation:/home/mbasharoush/install/br2_fsm_bumpgo_cpp:/home/mbasharoush/install/br2_bt_patrolling:/home/mbasharoush/install/br2_bt_bumpgo:/home/mbasharoush/install/br2_basics:/home/mbasharoush/turtlebot3_ws/install/turtlebot3_teleop:/home/mbasharoush/turtlebot3_ws/install/turtlebot3_example:/home/mbasharoush/bookros2_ws/install/ros2controlcli:/home/mbasharoush/bookros2_ws/install/launch_pal:/home/mbasharoush/bookros2_ws/install/br2_fsm_bumpgo_py:/home/mbasharoush/install/ros2controlcli:/home/mbasharoush/install/launch_pal:/home/mbasharoush/install/br2_fsm_bumpgo_py:/opt/ros/foxy /usr/bin/cmake --install /home/mbasharoush/turtlebot3_ws/build/turtlebot3_gazebo
[1.503s] Level 1:colcon.colcon_core.environment:checking '/home/mbasharoush/turtlebot3_ws/install/turtlebot3_gazebo' for CMake module files
[1.505s] Level 1:colcon.colcon_core.environment:checking '/home/mbasharoush/turtlebot3_ws/install/turtlebot3_gazebo' for CMake config files
[1.507s] Level 1:colcon.colcon_core.shell:create_environment_hook('turtlebot3_gazebo', 'cmake_prefix_path')
[1.508s] INFO:colcon.colcon_core.shell:Creating environment hook '/home/mbasharoush/turtlebot3_ws/install/turtlebot3_gazebo/share/turtlebot3_gazebo/hook/cmake_prefix_path.ps1'
[1.510s] INFO:colcon.colcon_core.shell:Creating environment descriptor '/home/mbasharoush/turtlebot3_ws/install/turtlebot3_gazebo/share/turtlebot3_gazebo/hook/cmake_prefix_path.dsv'
[1.511s] INFO:colcon.colcon_core.shell:Creating environment hook '/home/mbasharoush/turtlebot3_ws/install/turtlebot3_gazebo/share/turtlebot3_gazebo/hook/cmake_prefix_path.sh'
[1.515s] Level 1:colcon.colcon_core.environment:checking '/home/mbasharoush/turtlebot3_ws/install/turtlebot3_gazebo/lib'
[1.515s] Level 1:colcon.colcon_core.environment:checking '/home/mbasharoush/turtlebot3_ws/install/turtlebot3_gazebo/bin'
[1.515s] Level 1:colcon.colcon_core.environment:checking '/home/mbasharoush/turtlebot3_ws/install/turtlebot3_gazebo/lib/pkgconfig/turtlebot3_gazebo.pc'
[1.516s] Level 1:colcon.colcon_core.environment:checking '/home/mbasharoush/turtlebot3_ws/install/turtlebot3_gazebo/lib/python3.8/site-packages'
[1.516s] Level 1:colcon.colcon_core.environment:checking '/home/mbasharoush/turtlebot3_ws/install/turtlebot3_gazebo/bin'
[1.516s] INFO:colcon.colcon_core.shell:Creating package script '/home/mbasharoush/turtlebot3_ws/install/turtlebot3_gazebo/share/turtlebot3_gazebo/package.ps1'
[1.518s] INFO:colcon.colcon_core.shell:Creating package descriptor '/home/mbasharoush/turtlebot3_ws/install/turtlebot3_gazebo/share/turtlebot3_gazebo/package.dsv'
[1.520s] INFO:colcon.colcon_core.shell:Creating package script '/home/mbasharoush/turtlebot3_ws/install/turtlebot3_gazebo/share/turtlebot3_gazebo/package.sh'
[1.522s] INFO:colcon.colcon_core.shell:Creating package script '/home/mbasharoush/turtlebot3_ws/install/turtlebot3_gazebo/share/turtlebot3_gazebo/package.bash'
[1.523s] INFO:colcon.colcon_core.shell:Creating package script '/home/mbasharoush/turtlebot3_ws/install/turtlebot3_gazebo/share/turtlebot3_gazebo/package.zsh'
[1.526s] Level 1:colcon.colcon_core.environment:create_file_with_runtime_dependencies(/home/mbasharoush/turtlebot3_ws/install/turtlebot3_gazebo/share/colcon-core/packages/turtlebot3_gazebo)
[1.527s] Level 1:colcon.colcon_core.environment:create_environment_scripts_only(turtlebot3_gazebo)
[1.528s] Level 1:colcon.colcon_core.environment:checking '/home/mbasharoush/turtlebot3_ws/install/turtlebot3_gazebo' for CMake module files
[1.529s] Level 1:colcon.colcon_core.environment:checking '/home/mbasharoush/turtlebot3_ws/install/turtlebot3_gazebo' for CMake config files
[1.532s] Level 1:colcon.colcon_core.shell:create_environment_hook('turtlebot3_gazebo', 'cmake_prefix_path')
[1.533s] INFO:colcon.colcon_core.shell:Creating environment hook '/home/mbasharoush/turtlebot3_ws/install/turtlebot3_gazebo/share/turtlebot3_gazebo/hook/cmake_prefix_path.ps1'
[1.535s] INFO:colcon.colcon_core.shell:Creating environment descriptor '/home/mbasharoush/turtlebot3_ws/install/turtlebot3_gazebo/share/turtlebot3_gazebo/hook/cmake_prefix_path.dsv'
[1.537s] INFO:colcon.colcon_core.shell:Creating environment hook '/home/mbasharoush/turtlebot3_ws/install/turtlebot3_gazebo/share/turtlebot3_gazebo/hook/cmake_prefix_path.sh'
[1.538s] Level 1:colcon.colcon_core.environment:checking '/home/mbasharoush/turtlebot3_ws/install/turtlebot3_gazebo/lib'
[1.539s] Level 1:colcon.colcon_core.environment:checking '/home/mbasharoush/turtlebot3_ws/install/turtlebot3_gazebo/bin'
[1.539s] Level 1:colcon.colcon_core.environment:checking '/home/mbasharoush/turtlebot3_ws/install/turtlebot3_gazebo/lib/pkgconfig/turtlebot3_gazebo.pc'
[1.539s] Level 1:colcon.colcon_core.environment:checking '/home/mbasharoush/turtlebot3_ws/install/turtlebot3_gazebo/lib/python3.8/site-packages'
[1.540s] Level 1:colcon.colcon_core.environment:checking '/home/mbasharoush/turtlebot3_ws/install/turtlebot3_gazebo/bin'
[1.540s] INFO:colcon.colcon_core.shell:Creating package script '/home/mbasharoush/turtlebot3_ws/install/turtlebot3_gazebo/share/turtlebot3_gazebo/package.ps1'
[1.547s] INFO:colcon.colcon_core.shell:Creating package descriptor '/home/mbasharoush/turtlebot3_ws/install/turtlebot3_gazebo/share/turtlebot3_gazebo/package.dsv'
[1.550s] INFO:colcon.colcon_core.shell:Creating package script '/home/mbasharoush/turtlebot3_ws/install/turtlebot3_gazebo/share/turtlebot3_gazebo/package.sh'
[1.555s] INFO:colcon.colcon_core.shell:Creating package script '/home/mbasharoush/turtlebot3_ws/install/turtlebot3_gazebo/share/turtlebot3_gazebo/package.bash'
[1.557s] INFO:colcon.colcon_core.shell:Creating package script '/home/mbasharoush/turtlebot3_ws/install/turtlebot3_gazebo/share/turtlebot3_gazebo/package.zsh'
[1.558s] Level 1:colcon.colcon_core.environment:create_file_with_runtime_dependencies(/home/mbasharoush/turtlebot3_ws/install/turtlebot3_gazebo/share/colcon-core/packages/turtlebot3_gazebo)
[1.559s] DEBUG:colcon.colcon_parallel_executor.executor.parallel:closing loop
[1.559s] DEBUG:colcon.colcon_parallel_executor.executor.parallel:loop closed
[1.561s] DEBUG:colcon.colcon_parallel_executor.executor.parallel:run_until_complete finished with '0'
[1.561s] DEBUG:colcon.colcon_core.event_reactor:joining thread
[1.572s] INFO:colcon.colcon_core.plugin_system:Skipping extension 'colcon_notification.desktop_notification.terminal_notifier': Not used on non-Darwin systems
[1.573s] INFO:colcon.colcon_core.plugin_system:Skipping extension 'colcon_notification.desktop_notification.win32': Not used on non-Windows systems
[1.573s] INFO:colcon.colcon_notification.desktop_notification:Sending desktop notification using 'notify2'
[1.636s] DEBUG:colcon.colcon_core.event_reactor:joined thread
[1.638s] INFO:colcon.colcon_core.shell:Creating prefix script '/home/mbasharoush/turtlebot3_ws/install/local_setup.ps1'
[1.639s] INFO:colcon.colcon_core.shell:Creating prefix util module '/home/mbasharoush/turtlebot3_ws/install/_local_setup_util_ps1.py'
[1.646s] INFO:colcon.colcon_core.shell:Creating prefix chain script '/home/mbasharoush/turtlebot3_ws/install/setup.ps1'
[1.653s] INFO:colcon.colcon_core.shell:Creating prefix script '/home/mbasharoush/turtlebot3_ws/install/local_setup.sh'
[1.654s] INFO:colcon.colcon_core.shell:Creating prefix util module '/home/mbasharoush/turtlebot3_ws/install/_local_setup_util_sh.py'
[1.656s] INFO:colcon.colcon_core.shell:Creating prefix chain script '/home/mbasharoush/turtlebot3_ws/install/setup.sh'
[1.664s] INFO:colcon.colcon_core.shell:Creating prefix script '/home/mbasharoush/turtlebot3_ws/install/local_setup.bash'
[1.666s] INFO:colcon.colcon_core.shell:Creating prefix chain script '/home/mbasharoush/turtlebot3_ws/install/setup.bash'
[1.673s] INFO:colcon.colcon_core.shell:Creating prefix script '/home/mbasharoush/turtlebot3_ws/install/local_setup.zsh'
[1.675s] INFO:colcon.colcon_core.shell:Creating prefix chain script '/home/mbasharoush/turtlebot3_ws/install/setup.zsh'
