[0.491s] Invoking command in '/home/mbasharoush/turtlebot3_ws/build/turtlebot3_description': CMAKE_PREFIX_PATH=${CMAKE_PREFIX_PATH}:/home/mbasharoush/turtlebot3_ws/install/turtlebot3_teleop:/home/mbasharoush/turtlebot3_ws/install/turtlebot3_example:/home/mbasharoush/bookros2_ws/install/ros2controlcli:/home/mbasharoush/bookros2_ws/install/launch_pal:/home/mbasharoush/bookros2_ws/install/br2_fsm_bumpgo_py:/home/mbasharoush/install/ros2controlcli:/home/mbasharoush/install/launch_pal:/home/mbasharoush/install/br2_fsm_bumpgo_py:/opt/ros/foxy /usr/bin/cmake --build /home/mbasharoush/turtlebot3_ws/build/turtlebot3_description -- -j4 -l4
[0.690s] Invoked command in '/home/mbasharoush/turtlebot3_ws/build/turtlebot3_description' returned '0': CMAKE_PREFIX_PATH=${CMAKE_PREFIX_PATH}:/home/mbasharoush/turtlebot3_ws/install/turtlebot3_teleop:/home/mbasharoush/turtlebot3_ws/install/turtlebot3_example:/home/mbasharoush/bookros2_ws/install/ros2controlcli:/home/mbasharoush/bookros2_ws/install/launch_pal:/home/mbasharoush/bookros2_ws/install/br2_fsm_bumpgo_py:/home/mbasharoush/install/ros2controlcli:/home/mbasharoush/install/launch_pal:/home/mbasharoush/install/br2_fsm_bumpgo_py:/opt/ros/foxy /usr/bin/cmake --build /home/mbasharoush/turtlebot3_ws/build/turtlebot3_description -- -j4 -l4
[0.782s] Invoking command in '/home/mbasharoush/turtlebot3_ws/build/turtlebot3_description': CMAKE_PREFIX_PATH=${CMAKE_PREFIX_PATH}:/home/mbasharoush/turtlebot3_ws/install/turtlebot3_teleop:/home/mbasharoush/turtlebot3_ws/install/turtlebot3_example:/home/mbasharoush/bookros2_ws/install/ros2controlcli:/home/mbasharoush/bookros2_ws/install/launch_pal:/home/mbasharoush/bookros2_ws/install/br2_fsm_bumpgo_py:/home/mbasharoush/install/ros2controlcli:/home/mbasharoush/install/launch_pal:/home/mbasharoush/install/br2_fsm_bumpgo_py:/opt/ros/foxy /usr/bin/cmake --install /home/mbasharoush/turtlebot3_ws/build/turtlebot3_description
[0.820s] -- Install configuration: ""
[0.822s] -- Execute custom install script
[0.824s] -- Up-to-date symlink: /home/mbasharoush/turtlebot3_ws/install/turtlebot3_description/share/turtlebot3_description/meshes/bases/burger_base.stl
[0.824s] -- Up-to-date symlink: /home/mbasharoush/turtlebot3_ws/install/turtlebot3_description/share/turtlebot3_description/meshes/bases/waffle_base.stl
[0.828s] -- Up-to-date symlink: /home/mbasharoush/turtlebot3_ws/install/turtlebot3_description/share/turtlebot3_description/meshes/bases/waffle_pi_base.stl
[0.829s] -- Up-to-date symlink: /home/mbasharoush/turtlebot3_ws/install/turtlebot3_description/share/turtlebot3_description/meshes/sensors/astra.dae
[0.830s] -- Up-to-date symlink: /home/mbasharoush/turtlebot3_ws/install/turtlebot3_description/share/turtlebot3_description/meshes/sensors/astra.jpg
[0.831s] -- Up-to-date symlink: /home/mbasharoush/turtlebot3_ws/install/turtlebot3_description/share/turtlebot3_description/meshes/sensors/lds.stl
[0.853s] -- Up-to-date symlink: /home/mbasharoush/turtlebot3_ws/install/turtlebot3_description/share/turtlebot3_description/meshes/sensors/r200.dae
[0.854s] -- Up-to-date symlink: /home/mbasharoush/turtlebot3_ws/install/turtlebot3_description/share/turtlebot3_description/meshes/sensors/r200.jpg
[0.855s] -- Up-to-date symlink: /home/mbasharoush/turtlebot3_ws/install/turtlebot3_description/share/turtlebot3_description/meshes/wheels/left_tire.stl
[0.855s] -- Up-to-date symlink: /home/mbasharoush/turtlebot3_ws/install/turtlebot3_description/share/turtlebot3_description/meshes/wheels/right_tire.stl
[0.856s] -- Up-to-date symlink: /home/mbasharoush/turtlebot3_ws/install/turtlebot3_description/share/turtlebot3_description/rviz/model.rviz
[0.857s] -- Up-to-date symlink: /home/mbasharoush/turtlebot3_ws/install/turtlebot3_description/share/turtlebot3_description/urdf/common_properties.urdf
[0.858s] -- Up-to-date symlink: /home/mbasharoush/turtlebot3_ws/install/turtlebot3_description/share/turtlebot3_description/urdf/turtlebot3_burger.urdf
[0.858s] -- Up-to-date symlink: /home/mbasharoush/turtlebot3_ws/install/turtlebot3_description/share/turtlebot3_description/urdf/turtlebot3_waffle.urdf
[0.858s] -- Up-to-date symlink: /home/mbasharoush/turtlebot3_ws/install/turtlebot3_description/share/turtlebot3_description/urdf/turtlebot3_waffle_pi.urdf
[0.859s] -- Up-to-date symlink: /home/mbasharoush/turtlebot3_ws/install/turtlebot3_description/share/ament_index/resource_index/package_run_dependencies/turtlebot3_description
[0.859s] -- Up-to-date symlink: /home/mbasharoush/turtlebot3_ws/install/turtlebot3_description/share/ament_index/resource_index/parent_prefix_path/turtlebot3_description
[0.861s] -- Up-to-date symlink: /home/mbasharoush/turtlebot3_ws/install/turtlebot3_description/share/turtlebot3_description/environment/ament_prefix_path.sh
[0.861s] -- Up-to-date symlink: /home/mbasharoush/turtlebot3_ws/install/turtlebot3_description/share/turtlebot3_description/environment/ament_prefix_path.dsv
[0.862s] -- Up-to-date symlink: /home/mbasharoush/turtlebot3_ws/install/turtlebot3_description/share/turtlebot3_description/environment/path.sh
[0.862s] -- Up-to-date symlink: /home/mbasharoush/turtlebot3_ws/install/turtlebot3_description/share/turtlebot3_description/environment/path.dsv
[0.863s] -- Up-to-date symlink: /home/mbasharoush/turtlebot3_ws/install/turtlebot3_description/share/turtlebot3_description/local_setup.bash
[0.864s] -- Up-to-date symlink: /home/mbasharoush/turtlebot3_ws/install/turtlebot3_description/share/turtlebot3_description/local_setup.sh
[0.868s] -- Up-to-date symlink: /home/mbasharoush/turtlebot3_ws/install/turtlebot3_description/share/turtlebot3_description/local_setup.zsh
[0.869s] -- Up-to-date symlink: /home/mbasharoush/turtlebot3_ws/install/turtlebot3_description/share/turtlebot3_description/local_setup.dsv
[0.870s] -- Symlinking: /home/mbasharoush/turtlebot3_ws/install/turtlebot3_description/share/turtlebot3_description/package.dsv
[0.925s] -- Up-to-date symlink: /home/mbasharoush/turtlebot3_ws/install/turtlebot3_description/share/ament_index/resource_index/packages/turtlebot3_description
[0.928s] -- Up-to-date symlink: /home/mbasharoush/turtlebot3_ws/install/turtlebot3_description/share/turtlebot3_description/cmake/turtlebot3_descriptionConfig.cmake
[0.929s] -- Up-to-date symlink: /home/mbasharoush/turtlebot3_ws/install/turtlebot3_description/share/turtlebot3_description/cmake/turtlebot3_descriptionConfig-version.cmake
[0.929s] -- Up-to-date symlink: /home/mbasharoush/turtlebot3_ws/install/turtlebot3_description/share/turtlebot3_description/package.xml
[0.935s] Invoked command in '/home/mbasharoush/turtlebot3_ws/build/turtlebot3_description' returned '0': CMAKE_PREFIX_PATH=${CMAKE_PREFIX_PATH}:/home/mbasharoush/turtlebot3_ws/install/turtlebot3_teleop:/home/mbasharoush/turtlebot3_ws/install/turtlebot3_example:/home/mbasharoush/bookros2_ws/install/ros2controlcli:/home/mbasharoush/bookros2_ws/install/launch_pal:/home/mbasharoush/bookros2_ws/install/br2_fsm_bumpgo_py:/home/mbasharoush/install/ros2controlcli:/home/mbasharoush/install/launch_pal:/home/mbasharoush/install/br2_fsm_bumpgo_py:/opt/ros/foxy /usr/bin/cmake --install /home/mbasharoush/turtlebot3_ws/build/turtlebot3_description
