[0.519s] DEBUG:colcon:Command line arguments: ['/usr/bin/colcon', 'build', '--symlink-install', '--packages-select', 'bump_go_cpp']
[0.520s] DEBUG:colcon:Parsed command line arguments: Namespace(allow_overriding=[], ament_cmake_args=None, base_paths=['.'], build_base='build', catkin_cmake_args=None, catkin_skip_building_tests=False, cmake_args=None, cmake_clean_cache=False, cmake_clean_first=False, cmake_force_configure=False, cmake_target=None, cmake_target_skip_unavailable=False, continue_on_error=False, event_handlers=None, executor='parallel', ignore_user_meta=False, install_base='install', log_base=None, log_level=None, main=<bound method BuildVerb.main of <colcon_core.verb.build.BuildVerb object at 0x7f40260b37f0>>, merge_install=False, metas=['./colcon.meta'], packages_above=None, packages_above_and_dependencies=None, packages_above_depth=None, packages_end=None, packages_ignore=None, packages_ignore_regex=None, packages_select=['bump_go_cpp'], packages_select_build_failed=False, packages_select_by_dep=None, packages_select_regex=None, packages_select_test_failures=False, packages_skip=None, packages_skip_build_finished=False, packages_skip_by_dep=None, packages_skip_regex=None, packages_skip_test_passed=False, packages_skip_up_to=None, packages_start=None, packages_up_to=None, packages_up_to_regex=None, parallel_workers=4, paths=None, symlink_install=True, test_result_base=None, verb_extension=<colcon_core.verb.build.BuildVerb object at 0x7f40260b37f0>, verb_name='build', verb_parser=<colcon_defaults.argument_parser.defaults.DefaultArgumentsDecorator object at 0x7f4025fe8d90>)
[1.119s] Level 1:colcon.colcon_core.package_discovery:discover_packages(colcon_meta) check parameters
[1.119s] Level 1:colcon.colcon_core.package_discovery:discover_packages(recursive) check parameters
[1.119s] Level 1:colcon.colcon_core.package_discovery:discover_packages(ignore) check parameters
[1.119s] Level 1:colcon.colcon_core.package_discovery:discover_packages(path) check parameters
[1.119s] Level 1:colcon.colcon_core.package_discovery:discover_packages(colcon_meta) discover
[1.119s] Level 1:colcon.colcon_core.package_discovery:discover_packages(recursive) discover
[1.120s] INFO:colcon.colcon_core.package_discovery:Crawling recursively for packages in '/home/mbasharoush/turtlebot3_ws'
[1.120s] Level 1:colcon.colcon_core.package_identification:_identify(.) by extensions ['ignore', 'ignore_ament_install']
[1.120s] Level 1:colcon.colcon_core.package_identification:_identify(.) by extension 'ignore'
[1.120s] Level 1:colcon.colcon_core.package_identification:_identify(.) by extension 'ignore_ament_install'
[1.120s] Level 1:colcon.colcon_core.package_identification:_identify(.) by extensions ['colcon_pkg']
[1.120s] Level 1:colcon.colcon_core.package_identification:_identify(.) by extension 'colcon_pkg'
[1.120s] Level 1:colcon.colcon_core.package_identification:_identify(.) by extensions ['colcon_meta']
[1.120s] Level 1:colcon.colcon_core.package_identification:_identify(.) by extension 'colcon_meta'
[1.120s] Level 1:colcon.colcon_core.package_identification:_identify(.) by extensions ['ros']
[1.120s] Level 1:colcon.colcon_core.package_identification:_identify(.) by extension 'ros'
[1.172s] Level 1:colcon.colcon_core.package_identification:_identify(.) by extensions ['cmake', 'python']
[1.173s] Level 1:colcon.colcon_core.package_identification:_identify(.) by extension 'cmake'
[1.173s] Level 1:colcon.colcon_core.package_identification:_identify(.) by extension 'python'
[1.173s] Level 1:colcon.colcon_core.package_identification:_identify(.) by extensions ['python_setup_py']
[1.173s] Level 1:colcon.colcon_core.package_identification:_identify(.) by extension 'python_setup_py'
[1.173s] Level 1:colcon.colcon_core.package_identification:_identify(build) by extensions ['ignore', 'ignore_ament_install']
[1.173s] Level 1:colcon.colcon_core.package_identification:_identify(build) by extension 'ignore'
[1.174s] Level 1:colcon.colcon_core.package_identification:_identify(build) ignored
[1.174s] Level 1:colcon.colcon_core.package_identification:_identify(install) by extensions ['ignore', 'ignore_ament_install']
[1.174s] Level 1:colcon.colcon_core.package_identification:_identify(install) by extension 'ignore'
[1.175s] Level 1:colcon.colcon_core.package_identification:_identify(install) ignored
[1.175s] Level 1:colcon.colcon_core.package_identification:_identify(log) by extensions ['ignore', 'ignore_ament_install']
[1.175s] Level 1:colcon.colcon_core.package_identification:_identify(log) by extension 'ignore'
[1.175s] Level 1:colcon.colcon_core.package_identification:_identify(log) ignored
[1.175s] Level 1:colcon.colcon_core.package_identification:_identify(src) by extensions ['ignore', 'ignore_ament_install']
[1.176s] Level 1:colcon.colcon_core.package_identification:_identify(src) by extension 'ignore'
[1.176s] Level 1:colcon.colcon_core.package_identification:_identify(src) by extension 'ignore_ament_install'
[1.176s] Level 1:colcon.colcon_core.package_identification:_identify(src) by extensions ['colcon_pkg']
[1.177s] Level 1:colcon.colcon_core.package_identification:_identify(src) by extension 'colcon_pkg'
[1.177s] Level 1:colcon.colcon_core.package_identification:_identify(src) by extensions ['colcon_meta']
[1.177s] Level 1:colcon.colcon_core.package_identification:_identify(src) by extension 'colcon_meta'
[1.177s] Level 1:colcon.colcon_core.package_identification:_identify(src) by extensions ['ros']
[1.177s] Level 1:colcon.colcon_core.package_identification:_identify(src) by extension 'ros'
[1.177s] Level 1:colcon.colcon_core.package_identification:_identify(src) by extensions ['cmake', 'python']
[1.177s] Level 1:colcon.colcon_core.package_identification:_identify(src) by extension 'cmake'
[1.177s] Level 1:colcon.colcon_core.package_identification:_identify(src) by extension 'python'
[1.178s] Level 1:colcon.colcon_core.package_identification:_identify(src) by extensions ['python_setup_py']
[1.178s] Level 1:colcon.colcon_core.package_identification:_identify(src) by extension 'python_setup_py'
[1.178s] Level 1:colcon.colcon_core.package_identification:_identify(src/TurtleBot3) by extensions ['ignore', 'ignore_ament_install']
[1.178s] Level 1:colcon.colcon_core.package_identification:_identify(src/TurtleBot3) by extension 'ignore'
[1.178s] Level 1:colcon.colcon_core.package_identification:_identify(src/TurtleBot3) by extension 'ignore_ament_install'
[1.179s] Level 1:colcon.colcon_core.package_identification:_identify(src/TurtleBot3) by extensions ['colcon_pkg']
[1.179s] Level 1:colcon.colcon_core.package_identification:_identify(src/TurtleBot3) by extension 'colcon_pkg'
[1.179s] Level 1:colcon.colcon_core.package_identification:_identify(src/TurtleBot3) by extensions ['colcon_meta']
[1.179s] Level 1:colcon.colcon_core.package_identification:_identify(src/TurtleBot3) by extension 'colcon_meta'
[1.179s] Level 1:colcon.colcon_core.package_identification:_identify(src/TurtleBot3) by extensions ['ros']
[1.179s] Level 1:colcon.colcon_core.package_identification:_identify(src/TurtleBot3) by extension 'ros'
[1.179s] Level 1:colcon.colcon_core.package_identification:_identify(src/TurtleBot3) by extensions ['cmake', 'python']
[1.179s] Level 1:colcon.colcon_core.package_identification:_identify(src/TurtleBot3) by extension 'cmake'
[1.180s] Level 1:colcon.colcon_core.package_identification:_identify(src/TurtleBot3) by extension 'python'
[1.180s] Level 1:colcon.colcon_core.package_identification:_identify(src/TurtleBot3) by extensions ['python_setup_py']
[1.180s] Level 1:colcon.colcon_core.package_identification:_identify(src/TurtleBot3) by extension 'python_setup_py'
[1.180s] Level 1:colcon.colcon_core.package_identification:_identify(src/TurtleBot3/DynamixelSDK) by extensions ['ignore', 'ignore_ament_install']
[1.181s] Level 1:colcon.colcon_core.package_identification:_identify(src/TurtleBot3/DynamixelSDK) by extension 'ignore'
[1.181s] Level 1:colcon.colcon_core.package_identification:_identify(src/TurtleBot3/DynamixelSDK) by extension 'ignore_ament_install'
[1.181s] Level 1:colcon.colcon_core.package_identification:_identify(src/TurtleBot3/DynamixelSDK) by extensions ['colcon_pkg']
[1.181s] Level 1:colcon.colcon_core.package_identification:_identify(src/TurtleBot3/DynamixelSDK) by extension 'colcon_pkg'
[1.181s] Level 1:colcon.colcon_core.package_identification:_identify(src/TurtleBot3/DynamixelSDK) by extensions ['colcon_meta']
[1.181s] Level 1:colcon.colcon_core.package_identification:_identify(src/TurtleBot3/DynamixelSDK) by extension 'colcon_meta'
[1.181s] Level 1:colcon.colcon_core.package_identification:_identify(src/TurtleBot3/DynamixelSDK) by extensions ['ros']
[1.181s] Level 1:colcon.colcon_core.package_identification:_identify(src/TurtleBot3/DynamixelSDK) by extension 'ros'
[1.181s] Level 1:colcon.colcon_core.package_identification:_identify(src/TurtleBot3/DynamixelSDK) by extensions ['cmake', 'python']
[1.182s] Level 1:colcon.colcon_core.package_identification:_identify(src/TurtleBot3/DynamixelSDK) by extension 'cmake'
[1.182s] Level 1:colcon.colcon_core.package_identification:_identify(src/TurtleBot3/DynamixelSDK) by extension 'python'
[1.182s] Level 1:colcon.colcon_core.package_identification:_identify(src/TurtleBot3/DynamixelSDK) by extensions ['python_setup_py']
[1.182s] Level 1:colcon.colcon_core.package_identification:_identify(src/TurtleBot3/DynamixelSDK) by extension 'python_setup_py'
[1.182s] Level 1:colcon.colcon_core.package_identification:_identify(src/TurtleBot3/DynamixelSDK/dynamixel_sdk) by extensions ['ignore', 'ignore_ament_install']
[1.182s] Level 1:colcon.colcon_core.package_identification:_identify(src/TurtleBot3/DynamixelSDK/dynamixel_sdk) by extension 'ignore'
[1.182s] Level 1:colcon.colcon_core.package_identification:_identify(src/TurtleBot3/DynamixelSDK/dynamixel_sdk) by extension 'ignore_ament_install'
[1.182s] Level 1:colcon.colcon_core.package_identification:_identify(src/TurtleBot3/DynamixelSDK/dynamixel_sdk) by extensions ['colcon_pkg']
[1.182s] Level 1:colcon.colcon_core.package_identification:_identify(src/TurtleBot3/DynamixelSDK/dynamixel_sdk) by extension 'colcon_pkg'
[1.182s] Level 1:colcon.colcon_core.package_identification:_identify(src/TurtleBot3/DynamixelSDK/dynamixel_sdk) by extensions ['colcon_meta']
[1.182s] Level 1:colcon.colcon_core.package_identification:_identify(src/TurtleBot3/DynamixelSDK/dynamixel_sdk) by extension 'colcon_meta'
[1.183s] Level 1:colcon.colcon_core.package_identification:_identify(src/TurtleBot3/DynamixelSDK/dynamixel_sdk) by extensions ['ros']
[1.183s] Level 1:colcon.colcon_core.package_identification:_identify(src/TurtleBot3/DynamixelSDK/dynamixel_sdk) by extension 'ros'
[1.188s] DEBUG:colcon.colcon_core.package_identification:Package 'src/TurtleBot3/DynamixelSDK/dynamixel_sdk' with type 'ros.ament_cmake' and name 'dynamixel_sdk'
[1.189s] Level 1:colcon.colcon_core.package_identification:_identify(src/TurtleBot3/DynamixelSDK/dynamixel_sdk_custom_interfaces) by extensions ['ignore', 'ignore_ament_install']
[1.190s] Level 1:colcon.colcon_core.package_identification:_identify(src/TurtleBot3/DynamixelSDK/dynamixel_sdk_custom_interfaces) by extension 'ignore'
[1.190s] Level 1:colcon.colcon_core.package_identification:_identify(src/TurtleBot3/DynamixelSDK/dynamixel_sdk_custom_interfaces) by extension 'ignore_ament_install'
[1.190s] Level 1:colcon.colcon_core.package_identification:_identify(src/TurtleBot3/DynamixelSDK/dynamixel_sdk_custom_interfaces) by extensions ['colcon_pkg']
[1.190s] Level 1:colcon.colcon_core.package_identification:_identify(src/TurtleBot3/DynamixelSDK/dynamixel_sdk_custom_interfaces) by extension 'colcon_pkg'
[1.190s] Level 1:colcon.colcon_core.package_identification:_identify(src/TurtleBot3/DynamixelSDK/dynamixel_sdk_custom_interfaces) by extensions ['colcon_meta']
[1.190s] Level 1:colcon.colcon_core.package_identification:_identify(src/TurtleBot3/DynamixelSDK/dynamixel_sdk_custom_interfaces) by extension 'colcon_meta'
[1.190s] Level 1:colcon.colcon_core.package_identification:_identify(src/TurtleBot3/DynamixelSDK/dynamixel_sdk_custom_interfaces) by extensions ['ros']
[1.190s] Level 1:colcon.colcon_core.package_identification:_identify(src/TurtleBot3/DynamixelSDK/dynamixel_sdk_custom_interfaces) by extension 'ros'
[1.192s] DEBUG:colcon.colcon_core.package_identification:Package 'src/TurtleBot3/DynamixelSDK/dynamixel_sdk_custom_interfaces' with type 'ros.ament_cmake' and name 'dynamixel_sdk_custom_interfaces'
[1.192s] Level 1:colcon.colcon_core.package_identification:_identify(src/TurtleBot3/DynamixelSDK/dynamixel_sdk_examples) by extensions ['ignore', 'ignore_ament_install']
[1.192s] Level 1:colcon.colcon_core.package_identification:_identify(src/TurtleBot3/DynamixelSDK/dynamixel_sdk_examples) by extension 'ignore'
[1.193s] Level 1:colcon.colcon_core.package_identification:_identify(src/TurtleBot3/DynamixelSDK/dynamixel_sdk_examples) by extension 'ignore_ament_install'
[1.193s] Level 1:colcon.colcon_core.package_identification:_identify(src/TurtleBot3/DynamixelSDK/dynamixel_sdk_examples) by extensions ['colcon_pkg']
[1.193s] Level 1:colcon.colcon_core.package_identification:_identify(src/TurtleBot3/DynamixelSDK/dynamixel_sdk_examples) by extension 'colcon_pkg'
[1.193s] Level 1:colcon.colcon_core.package_identification:_identify(src/TurtleBot3/DynamixelSDK/dynamixel_sdk_examples) by extensions ['colcon_meta']
[1.193s] Level 1:colcon.colcon_core.package_identification:_identify(src/TurtleBot3/DynamixelSDK/dynamixel_sdk_examples) by extension 'colcon_meta'
[1.194s] Level 1:colcon.colcon_core.package_identification:_identify(src/TurtleBot3/DynamixelSDK/dynamixel_sdk_examples) by extensions ['ros']
[1.194s] Level 1:colcon.colcon_core.package_identification:_identify(src/TurtleBot3/DynamixelSDK/dynamixel_sdk_examples) by extension 'ros'
[1.195s] DEBUG:colcon.colcon_core.package_identification:Package 'src/TurtleBot3/DynamixelSDK/dynamixel_sdk_examples' with type 'ros.ament_cmake' and name 'dynamixel_sdk_examples'
[1.196s] Level 1:colcon.colcon_core.package_identification:_identify(src/TurtleBot3/turtlebot3) by extensions ['ignore', 'ignore_ament_install']
[1.196s] Level 1:colcon.colcon_core.package_identification:_identify(src/TurtleBot3/turtlebot3) by extension 'ignore'
[1.196s] Level 1:colcon.colcon_core.package_identification:_identify(src/TurtleBot3/turtlebot3) by extension 'ignore_ament_install'
[1.196s] Level 1:colcon.colcon_core.package_identification:_identify(src/TurtleBot3/turtlebot3) by extensions ['colcon_pkg']
[1.197s] Level 1:colcon.colcon_core.package_identification:_identify(src/TurtleBot3/turtlebot3) by extension 'colcon_pkg'
[1.197s] Level 1:colcon.colcon_core.package_identification:_identify(src/TurtleBot3/turtlebot3) by extensions ['colcon_meta']
[1.197s] Level 1:colcon.colcon_core.package_identification:_identify(src/TurtleBot3/turtlebot3) by extension 'colcon_meta'
[1.197s] Level 1:colcon.colcon_core.package_identification:_identify(src/TurtleBot3/turtlebot3) by extensions ['ros']
[1.197s] Level 1:colcon.colcon_core.package_identification:_identify(src/TurtleBot3/turtlebot3) by extension 'ros'
[1.197s] Level 1:colcon.colcon_core.package_identification:_identify(src/TurtleBot3/turtlebot3) by extensions ['cmake', 'python']
[1.197s] Level 1:colcon.colcon_core.package_identification:_identify(src/TurtleBot3/turtlebot3) by extension 'cmake'
[1.197s] Level 1:colcon.colcon_core.package_identification:_identify(src/TurtleBot3/turtlebot3) by extension 'python'
[1.197s] Level 1:colcon.colcon_core.package_identification:_identify(src/TurtleBot3/turtlebot3) by extensions ['python_setup_py']
[1.197s] Level 1:colcon.colcon_core.package_identification:_identify(src/TurtleBot3/turtlebot3) by extension 'python_setup_py'
[1.198s] Level 1:colcon.colcon_core.package_identification:_identify(src/TurtleBot3/turtlebot3/turtlebot3) by extensions ['ignore', 'ignore_ament_install']
[1.198s] Level 1:colcon.colcon_core.package_identification:_identify(src/TurtleBot3/turtlebot3/turtlebot3) by extension 'ignore'
[1.198s] Level 1:colcon.colcon_core.package_identification:_identify(src/TurtleBot3/turtlebot3/turtlebot3) by extension 'ignore_ament_install'
[1.198s] Level 1:colcon.colcon_core.package_identification:_identify(src/TurtleBot3/turtlebot3/turtlebot3) by extensions ['colcon_pkg']
[1.198s] Level 1:colcon.colcon_core.package_identification:_identify(src/TurtleBot3/turtlebot3/turtlebot3) by extension 'colcon_pkg'
[1.199s] Level 1:colcon.colcon_core.package_identification:_identify(src/TurtleBot3/turtlebot3/turtlebot3) by extensions ['colcon_meta']
[1.199s] Level 1:colcon.colcon_core.package_identification:_identify(src/TurtleBot3/turtlebot3/turtlebot3) by extension 'colcon_meta'
[1.199s] Level 1:colcon.colcon_core.package_identification:_identify(src/TurtleBot3/turtlebot3/turtlebot3) by extensions ['ros']
[1.199s] Level 1:colcon.colcon_core.package_identification:_identify(src/TurtleBot3/turtlebot3/turtlebot3) by extension 'ros'
[1.201s] DEBUG:colcon.colcon_core.package_identification:Package 'src/TurtleBot3/turtlebot3/turtlebot3' with type 'ros.ament_cmake' and name 'turtlebot3'
[1.201s] Level 1:colcon.colcon_core.package_identification:_identify(src/TurtleBot3/turtlebot3/turtlebot3_bringup) by extensions ['ignore', 'ignore_ament_install']
[1.201s] Level 1:colcon.colcon_core.package_identification:_identify(src/TurtleBot3/turtlebot3/turtlebot3_bringup) by extension 'ignore'
[1.201s] Level 1:colcon.colcon_core.package_identification:_identify(src/TurtleBot3/turtlebot3/turtlebot3_bringup) by extension 'ignore_ament_install'
[1.201s] Level 1:colcon.colcon_core.package_identification:_identify(src/TurtleBot3/turtlebot3/turtlebot3_bringup) by extensions ['colcon_pkg']
[1.201s] Level 1:colcon.colcon_core.package_identification:_identify(src/TurtleBot3/turtlebot3/turtlebot3_bringup) by extension 'colcon_pkg'
[1.201s] Level 1:colcon.colcon_core.package_identification:_identify(src/TurtleBot3/turtlebot3/turtlebot3_bringup) by extensions ['colcon_meta']
[1.201s] Level 1:colcon.colcon_core.package_identification:_identify(src/TurtleBot3/turtlebot3/turtlebot3_bringup) by extension 'colcon_meta'
[1.201s] Level 1:colcon.colcon_core.package_identification:_identify(src/TurtleBot3/turtlebot3/turtlebot3_bringup) by extensions ['ros']
[1.201s] Level 1:colcon.colcon_core.package_identification:_identify(src/TurtleBot3/turtlebot3/turtlebot3_bringup) by extension 'ros'
[1.202s] DEBUG:colcon.colcon_core.package_identification:Package 'src/TurtleBot3/turtlebot3/turtlebot3_bringup' with type 'ros.ament_cmake' and name 'turtlebot3_bringup'
[1.203s] Level 1:colcon.colcon_core.package_identification:_identify(src/TurtleBot3/turtlebot3/turtlebot3_cartographer) by extensions ['ignore', 'ignore_ament_install']
[1.203s] Level 1:colcon.colcon_core.package_identification:_identify(src/TurtleBot3/turtlebot3/turtlebot3_cartographer) by extension 'ignore'
[1.203s] Level 1:colcon.colcon_core.package_identification:_identify(src/TurtleBot3/turtlebot3/turtlebot3_cartographer) by extension 'ignore_ament_install'
[1.203s] Level 1:colcon.colcon_core.package_identification:_identify(src/TurtleBot3/turtlebot3/turtlebot3_cartographer) by extensions ['colcon_pkg']
[1.203s] Level 1:colcon.colcon_core.package_identification:_identify(src/TurtleBot3/turtlebot3/turtlebot3_cartographer) by extension 'colcon_pkg'
[1.203s] Level 1:colcon.colcon_core.package_identification:_identify(src/TurtleBot3/turtlebot3/turtlebot3_cartographer) by extensions ['colcon_meta']
[1.204s] Level 1:colcon.colcon_core.package_identification:_identify(src/TurtleBot3/turtlebot3/turtlebot3_cartographer) by extension 'colcon_meta'
[1.204s] Level 1:colcon.colcon_core.package_identification:_identify(src/TurtleBot3/turtlebot3/turtlebot3_cartographer) by extensions ['ros']
[1.204s] Level 1:colcon.colcon_core.package_identification:_identify(src/TurtleBot3/turtlebot3/turtlebot3_cartographer) by extension 'ros'
[1.205s] DEBUG:colcon.colcon_core.package_identification:Package 'src/TurtleBot3/turtlebot3/turtlebot3_cartographer' with type 'ros.ament_cmake' and name 'turtlebot3_cartographer'
[1.205s] Level 1:colcon.colcon_core.package_identification:_identify(src/TurtleBot3/turtlebot3/turtlebot3_description) by extensions ['ignore', 'ignore_ament_install']
[1.206s] Level 1:colcon.colcon_core.package_identification:_identify(src/TurtleBot3/turtlebot3/turtlebot3_description) by extension 'ignore'
[1.206s] Level 1:colcon.colcon_core.package_identification:_identify(src/TurtleBot3/turtlebot3/turtlebot3_description) by extension 'ignore_ament_install'
[1.206s] Level 1:colcon.colcon_core.package_identification:_identify(src/TurtleBot3/turtlebot3/turtlebot3_description) by extensions ['colcon_pkg']
[1.206s] Level 1:colcon.colcon_core.package_identification:_identify(src/TurtleBot3/turtlebot3/turtlebot3_description) by extension 'colcon_pkg'
[1.206s] Level 1:colcon.colcon_core.package_identification:_identify(src/TurtleBot3/turtlebot3/turtlebot3_description) by extensions ['colcon_meta']
[1.206s] Level 1:colcon.colcon_core.package_identification:_identify(src/TurtleBot3/turtlebot3/turtlebot3_description) by extension 'colcon_meta'
[1.206s] Level 1:colcon.colcon_core.package_identification:_identify(src/TurtleBot3/turtlebot3/turtlebot3_description) by extensions ['ros']
[1.206s] Level 1:colcon.colcon_core.package_identification:_identify(src/TurtleBot3/turtlebot3/turtlebot3_description) by extension 'ros'
[1.207s] DEBUG:colcon.colcon_core.package_identification:Package 'src/TurtleBot3/turtlebot3/turtlebot3_description' with type 'ros.ament_cmake' and name 'turtlebot3_description'
[1.208s] Level 1:colcon.colcon_core.package_identification:_identify(src/TurtleBot3/turtlebot3/turtlebot3_example) by extensions ['ignore', 'ignore_ament_install']
[1.208s] Level 1:colcon.colcon_core.package_identification:_identify(src/TurtleBot3/turtlebot3/turtlebot3_example) by extension 'ignore'
[1.208s] Level 1:colcon.colcon_core.package_identification:_identify(src/TurtleBot3/turtlebot3/turtlebot3_example) by extension 'ignore_ament_install'
[1.209s] Level 1:colcon.colcon_core.package_identification:_identify(src/TurtleBot3/turtlebot3/turtlebot3_example) by extensions ['colcon_pkg']
[1.209s] Level 1:colcon.colcon_core.package_identification:_identify(src/TurtleBot3/turtlebot3/turtlebot3_example) by extension 'colcon_pkg'
[1.209s] Level 1:colcon.colcon_core.package_identification:_identify(src/TurtleBot3/turtlebot3/turtlebot3_example) by extensions ['colcon_meta']
[1.209s] Level 1:colcon.colcon_core.package_identification:_identify(src/TurtleBot3/turtlebot3/turtlebot3_example) by extension 'colcon_meta'
[1.209s] Level 1:colcon.colcon_core.package_identification:_identify(src/TurtleBot3/turtlebot3/turtlebot3_example) by extensions ['ros']
[1.209s] Level 1:colcon.colcon_core.package_identification:_identify(src/TurtleBot3/turtlebot3/turtlebot3_example) by extension 'ros'
[1.211s] DEBUG:colcon.colcon_core.package_identification:Package 'src/TurtleBot3/turtlebot3/turtlebot3_example' with type 'ros.ament_python' and name 'turtlebot3_example'
[1.212s] Level 1:colcon.colcon_core.package_identification:_identify(src/TurtleBot3/turtlebot3/turtlebot3_navigation2) by extensions ['ignore', 'ignore_ament_install']
[1.213s] Level 1:colcon.colcon_core.package_identification:_identify(src/TurtleBot3/turtlebot3/turtlebot3_navigation2) by extension 'ignore'
[1.213s] Level 1:colcon.colcon_core.package_identification:_identify(src/TurtleBot3/turtlebot3/turtlebot3_navigation2) by extension 'ignore_ament_install'
[1.213s] Level 1:colcon.colcon_core.package_identification:_identify(src/TurtleBot3/turtlebot3/turtlebot3_navigation2) by extensions ['colcon_pkg']
[1.213s] Level 1:colcon.colcon_core.package_identification:_identify(src/TurtleBot3/turtlebot3/turtlebot3_navigation2) by extension 'colcon_pkg'
[1.213s] Level 1:colcon.colcon_core.package_identification:_identify(src/TurtleBot3/turtlebot3/turtlebot3_navigation2) by extensions ['colcon_meta']
[1.213s] Level 1:colcon.colcon_core.package_identification:_identify(src/TurtleBot3/turtlebot3/turtlebot3_navigation2) by extension 'colcon_meta'
[1.213s] Level 1:colcon.colcon_core.package_identification:_identify(src/TurtleBot3/turtlebot3/turtlebot3_navigation2) by extensions ['ros']
[1.213s] Level 1:colcon.colcon_core.package_identification:_identify(src/TurtleBot3/turtlebot3/turtlebot3_navigation2) by extension 'ros'
[1.215s] DEBUG:colcon.colcon_core.package_identification:Package 'src/TurtleBot3/turtlebot3/turtlebot3_navigation2' with type 'ros.ament_cmake' and name 'turtlebot3_navigation2'
[1.215s] Level 1:colcon.colcon_core.package_identification:_identify(src/TurtleBot3/turtlebot3/turtlebot3_node) by extensions ['ignore', 'ignore_ament_install']
[1.215s] Level 1:colcon.colcon_core.package_identification:_identify(src/TurtleBot3/turtlebot3/turtlebot3_node) by extension 'ignore'
[1.215s] Level 1:colcon.colcon_core.package_identification:_identify(src/TurtleBot3/turtlebot3/turtlebot3_node) by extension 'ignore_ament_install'
[1.215s] Level 1:colcon.colcon_core.package_identification:_identify(src/TurtleBot3/turtlebot3/turtlebot3_node) by extensions ['colcon_pkg']
[1.215s] Level 1:colcon.colcon_core.package_identification:_identify(src/TurtleBot3/turtlebot3/turtlebot3_node) by extension 'colcon_pkg'
[1.215s] Level 1:colcon.colcon_core.package_identification:_identify(src/TurtleBot3/turtlebot3/turtlebot3_node) by extensions ['colcon_meta']
[1.215s] Level 1:colcon.colcon_core.package_identification:_identify(src/TurtleBot3/turtlebot3/turtlebot3_node) by extension 'colcon_meta'
[1.215s] Level 1:colcon.colcon_core.package_identification:_identify(src/TurtleBot3/turtlebot3/turtlebot3_node) by extensions ['ros']
[1.215s] Level 1:colcon.colcon_core.package_identification:_identify(src/TurtleBot3/turtlebot3/turtlebot3_node) by extension 'ros'
[1.218s] DEBUG:colcon.colcon_core.package_identification:Package 'src/TurtleBot3/turtlebot3/turtlebot3_node' with type 'ros.ament_cmake' and name 'turtlebot3_node'
[1.219s] Level 1:colcon.colcon_core.package_identification:_identify(src/TurtleBot3/turtlebot3/turtlebot3_teleop) by extensions ['ignore', 'ignore_ament_install']
[1.219s] Level 1:colcon.colcon_core.package_identification:_identify(src/TurtleBot3/turtlebot3/turtlebot3_teleop) by extension 'ignore'
[1.219s] Level 1:colcon.colcon_core.package_identification:_identify(src/TurtleBot3/turtlebot3/turtlebot3_teleop) by extension 'ignore_ament_install'
[1.219s] Level 1:colcon.colcon_core.package_identification:_identify(src/TurtleBot3/turtlebot3/turtlebot3_teleop) by extensions ['colcon_pkg']
[1.219s] Level 1:colcon.colcon_core.package_identification:_identify(src/TurtleBot3/turtlebot3/turtlebot3_teleop) by extension 'colcon_pkg'
[1.219s] Level 1:colcon.colcon_core.package_identification:_identify(src/TurtleBot3/turtlebot3/turtlebot3_teleop) by extensions ['colcon_meta']
[1.219s] Level 1:colcon.colcon_core.package_identification:_identify(src/TurtleBot3/turtlebot3/turtlebot3_teleop) by extension 'colcon_meta'
[1.219s] Level 1:colcon.colcon_core.package_identification:_identify(src/TurtleBot3/turtlebot3/turtlebot3_teleop) by extensions ['ros']
[1.219s] Level 1:colcon.colcon_core.package_identification:_identify(src/TurtleBot3/turtlebot3/turtlebot3_teleop) by extension 'ros'
[1.220s] DEBUG:colcon.colcon_core.package_identification:Package 'src/TurtleBot3/turtlebot3/turtlebot3_teleop' with type 'ros.ament_python' and name 'turtlebot3_teleop'
[1.220s] Level 1:colcon.colcon_core.package_identification:_identify(src/TurtleBot3/turtlebot3_msgs) by extensions ['ignore', 'ignore_ament_install']
[1.220s] Level 1:colcon.colcon_core.package_identification:_identify(src/TurtleBot3/turtlebot3_msgs) by extension 'ignore'
[1.220s] Level 1:colcon.colcon_core.package_identification:_identify(src/TurtleBot3/turtlebot3_msgs) by extension 'ignore_ament_install'
[1.221s] Level 1:colcon.colcon_core.package_identification:_identify(src/TurtleBot3/turtlebot3_msgs) by extensions ['colcon_pkg']
[1.221s] Level 1:colcon.colcon_core.package_identification:_identify(src/TurtleBot3/turtlebot3_msgs) by extension 'colcon_pkg'
[1.221s] Level 1:colcon.colcon_core.package_identification:_identify(src/TurtleBot3/turtlebot3_msgs) by extensions ['colcon_meta']
[1.221s] Level 1:colcon.colcon_core.package_identification:_identify(src/TurtleBot3/turtlebot3_msgs) by extension 'colcon_meta'
[1.221s] Level 1:colcon.colcon_core.package_identification:_identify(src/TurtleBot3/turtlebot3_msgs) by extensions ['ros']
[1.221s] Level 1:colcon.colcon_core.package_identification:_identify(src/TurtleBot3/turtlebot3_msgs) by extension 'ros'
[1.222s] DEBUG:colcon.colcon_core.package_identification:Package 'src/TurtleBot3/turtlebot3_msgs' with type 'ros.ament_cmake' and name 'turtlebot3_msgs'
[1.222s] Level 1:colcon.colcon_core.package_identification:_identify(src/TurtleBot3/turtlebot3_simulations) by extensions ['ignore', 'ignore_ament_install']
[1.223s] Level 1:colcon.colcon_core.package_identification:_identify(src/TurtleBot3/turtlebot3_simulations) by extension 'ignore'
[1.223s] Level 1:colcon.colcon_core.package_identification:_identify(src/TurtleBot3/turtlebot3_simulations) by extension 'ignore_ament_install'
[1.223s] Level 1:colcon.colcon_core.package_identification:_identify(src/TurtleBot3/turtlebot3_simulations) by extensions ['colcon_pkg']
[1.223s] Level 1:colcon.colcon_core.package_identification:_identify(src/TurtleBot3/turtlebot3_simulations) by extension 'colcon_pkg'
[1.223s] Level 1:colcon.colcon_core.package_identification:_identify(src/TurtleBot3/turtlebot3_simulations) by extensions ['colcon_meta']
[1.223s] Level 1:colcon.colcon_core.package_identification:_identify(src/TurtleBot3/turtlebot3_simulations) by extension 'colcon_meta'
[1.223s] Level 1:colcon.colcon_core.package_identification:_identify(src/TurtleBot3/turtlebot3_simulations) by extensions ['ros']
[1.223s] Level 1:colcon.colcon_core.package_identification:_identify(src/TurtleBot3/turtlebot3_simulations) by extension 'ros'
[1.223s] Level 1:colcon.colcon_core.package_identification:_identify(src/TurtleBot3/turtlebot3_simulations) by extensions ['cmake', 'python']
[1.223s] Level 1:colcon.colcon_core.package_identification:_identify(src/TurtleBot3/turtlebot3_simulations) by extension 'cmake'
[1.223s] Level 1:colcon.colcon_core.package_identification:_identify(src/TurtleBot3/turtlebot3_simulations) by extension 'python'
[1.223s] Level 1:colcon.colcon_core.package_identification:_identify(src/TurtleBot3/turtlebot3_simulations) by extensions ['python_setup_py']
[1.223s] Level 1:colcon.colcon_core.package_identification:_identify(src/TurtleBot3/turtlebot3_simulations) by extension 'python_setup_py'
[1.223s] Level 1:colcon.colcon_core.package_identification:_identify(src/TurtleBot3/turtlebot3_simulations/turtlebot3_fake_node) by extensions ['ignore', 'ignore_ament_install']
[1.224s] Level 1:colcon.colcon_core.package_identification:_identify(src/TurtleBot3/turtlebot3_simulations/turtlebot3_fake_node) by extension 'ignore'
[1.224s] Level 1:colcon.colcon_core.package_identification:_identify(src/TurtleBot3/turtlebot3_simulations/turtlebot3_fake_node) by extension 'ignore_ament_install'
[1.224s] Level 1:colcon.colcon_core.package_identification:_identify(src/TurtleBot3/turtlebot3_simulations/turtlebot3_fake_node) by extensions ['colcon_pkg']
[1.224s] Level 1:colcon.colcon_core.package_identification:_identify(src/TurtleBot3/turtlebot3_simulations/turtlebot3_fake_node) by extension 'colcon_pkg'
[1.224s] Level 1:colcon.colcon_core.package_identification:_identify(src/TurtleBot3/turtlebot3_simulations/turtlebot3_fake_node) by extensions ['colcon_meta']
[1.224s] Level 1:colcon.colcon_core.package_identification:_identify(src/TurtleBot3/turtlebot3_simulations/turtlebot3_fake_node) by extension 'colcon_meta'
[1.224s] Level 1:colcon.colcon_core.package_identification:_identify(src/TurtleBot3/turtlebot3_simulations/turtlebot3_fake_node) by extensions ['ros']
[1.224s] Level 1:colcon.colcon_core.package_identification:_identify(src/TurtleBot3/turtlebot3_simulations/turtlebot3_fake_node) by extension 'ros'
[1.226s] DEBUG:colcon.colcon_core.package_identification:Package 'src/TurtleBot3/turtlebot3_simulations/turtlebot3_fake_node' with type 'ros.ament_cmake' and name 'turtlebot3_fake_node'
[1.227s] Level 1:colcon.colcon_core.package_identification:_identify(src/TurtleBot3/turtlebot3_simulations/turtlebot3_gazebo) by extensions ['ignore', 'ignore_ament_install']
[1.227s] Level 1:colcon.colcon_core.package_identification:_identify(src/TurtleBot3/turtlebot3_simulations/turtlebot3_gazebo) by extension 'ignore'
[1.227s] Level 1:colcon.colcon_core.package_identification:_identify(src/TurtleBot3/turtlebot3_simulations/turtlebot3_gazebo) by extension 'ignore_ament_install'
[1.227s] Level 1:colcon.colcon_core.package_identification:_identify(src/TurtleBot3/turtlebot3_simulations/turtlebot3_gazebo) by extensions ['colcon_pkg']
[1.228s] Level 1:colcon.colcon_core.package_identification:_identify(src/TurtleBot3/turtlebot3_simulations/turtlebot3_gazebo) by extension 'colcon_pkg'
[1.228s] Level 1:colcon.colcon_core.package_identification:_identify(src/TurtleBot3/turtlebot3_simulations/turtlebot3_gazebo) by extensions ['colcon_meta']
[1.228s] Level 1:colcon.colcon_core.package_identification:_identify(src/TurtleBot3/turtlebot3_simulations/turtlebot3_gazebo) by extension 'colcon_meta'
[1.228s] Level 1:colcon.colcon_core.package_identification:_identify(src/TurtleBot3/turtlebot3_simulations/turtlebot3_gazebo) by extensions ['ros']
[1.228s] Level 1:colcon.colcon_core.package_identification:_identify(src/TurtleBot3/turtlebot3_simulations/turtlebot3_gazebo) by extension 'ros'
[1.234s] DEBUG:colcon.colcon_core.package_identification:Package 'src/TurtleBot3/turtlebot3_simulations/turtlebot3_gazebo' with type 'ros.ament_cmake' and name 'turtlebot3_gazebo'
[1.235s] Level 1:colcon.colcon_core.package_identification:_identify(src/TurtleBot3/turtlebot3_simulations/turtlebot3_simulations) by extensions ['ignore', 'ignore_ament_install']
[1.235s] Level 1:colcon.colcon_core.package_identification:_identify(src/TurtleBot3/turtlebot3_simulations/turtlebot3_simulations) by extension 'ignore'
[1.235s] Level 1:colcon.colcon_core.package_identification:_identify(src/TurtleBot3/turtlebot3_simulations/turtlebot3_simulations) by extension 'ignore_ament_install'
[1.235s] Level 1:colcon.colcon_core.package_identification:_identify(src/TurtleBot3/turtlebot3_simulations/turtlebot3_simulations) by extensions ['colcon_pkg']
[1.235s] Level 1:colcon.colcon_core.package_identification:_identify(src/TurtleBot3/turtlebot3_simulations/turtlebot3_simulations) by extension 'colcon_pkg'
[1.235s] Level 1:colcon.colcon_core.package_identification:_identify(src/TurtleBot3/turtlebot3_simulations/turtlebot3_simulations) by extensions ['colcon_meta']
[1.235s] Level 1:colcon.colcon_core.package_identification:_identify(src/TurtleBot3/turtlebot3_simulations/turtlebot3_simulations) by extension 'colcon_meta'
[1.235s] Level 1:colcon.colcon_core.package_identification:_identify(src/TurtleBot3/turtlebot3_simulations/turtlebot3_simulations) by extensions ['ros']
[1.235s] Level 1:colcon.colcon_core.package_identification:_identify(src/TurtleBot3/turtlebot3_simulations/turtlebot3_simulations) by extension 'ros'
[1.237s] DEBUG:colcon.colcon_core.package_identification:Package 'src/TurtleBot3/turtlebot3_simulations/turtlebot3_simulations' with type 'ros.ament_cmake' and name 'turtlebot3_simulations'
[1.237s] Level 1:colcon.colcon_core.package_identification:_identify(src/bump_go_cpp) by extensions ['ignore', 'ignore_ament_install']
[1.238s] Level 1:colcon.colcon_core.package_identification:_identify(src/bump_go_cpp) by extension 'ignore'
[1.238s] Level 1:colcon.colcon_core.package_identification:_identify(src/bump_go_cpp) by extension 'ignore_ament_install'
[1.238s] Level 1:colcon.colcon_core.package_identification:_identify(src/bump_go_cpp) by extensions ['colcon_pkg']
[1.238s] Level 1:colcon.colcon_core.package_identification:_identify(src/bump_go_cpp) by extension 'colcon_pkg'
[1.238s] Level 1:colcon.colcon_core.package_identification:_identify(src/bump_go_cpp) by extensions ['colcon_meta']
[1.238s] Level 1:colcon.colcon_core.package_identification:_identify(src/bump_go_cpp) by extension 'colcon_meta'
[1.238s] Level 1:colcon.colcon_core.package_identification:_identify(src/bump_go_cpp) by extensions ['ros']
[1.238s] Level 1:colcon.colcon_core.package_identification:_identify(src/bump_go_cpp) by extension 'ros'
[1.239s] DEBUG:colcon.colcon_core.package_identification:Package 'src/bump_go_cpp' with type 'ros.ament_cmake' and name 'bump_go_cpp'
[1.240s] Level 1:colcon.colcon_core.package_identification:_identify(src/robotics_slam) by extensions ['ignore', 'ignore_ament_install']
[1.240s] Level 1:colcon.colcon_core.package_identification:_identify(src/robotics_slam) by extension 'ignore'
[1.240s] Level 1:colcon.colcon_core.package_identification:_identify(src/robotics_slam) by extension 'ignore_ament_install'
[1.240s] Level 1:colcon.colcon_core.package_identification:_identify(src/robotics_slam) by extensions ['colcon_pkg']
[1.240s] Level 1:colcon.colcon_core.package_identification:_identify(src/robotics_slam) by extension 'colcon_pkg'
[1.240s] Level 1:colcon.colcon_core.package_identification:_identify(src/robotics_slam) by extensions ['colcon_meta']
[1.240s] Level 1:colcon.colcon_core.package_identification:_identify(src/robotics_slam) by extension 'colcon_meta'
[1.240s] Level 1:colcon.colcon_core.package_identification:_identify(src/robotics_slam) by extensions ['ros']
[1.240s] Level 1:colcon.colcon_core.package_identification:_identify(src/robotics_slam) by extension 'ros'
[1.242s] DEBUG:colcon.colcon_core.package_identification:Package 'src/robotics_slam' with type 'ros.ament_cmake' and name 'robotics_slam'
[1.242s] Level 1:colcon.colcon_core.package_discovery:discover_packages(recursive) using defaults
[1.242s] Level 1:colcon.colcon_core.package_discovery:discover_packages(ignore) discover
[1.242s] Level 1:colcon.colcon_core.package_discovery:discover_packages(ignore) using defaults
[1.243s] Level 1:colcon.colcon_core.package_discovery:discover_packages(path) discover
[1.243s] Level 1:colcon.colcon_core.package_discovery:discover_packages(path) using defaults
[1.303s] INFO:colcon.colcon_core.package_selection:Skipping not selected package 'dynamixel_sdk' in 'src/TurtleBot3/DynamixelSDK/dynamixel_sdk'
[1.303s] INFO:colcon.colcon_core.package_selection:Skipping not selected package 'dynamixel_sdk_custom_interfaces' in 'src/TurtleBot3/DynamixelSDK/dynamixel_sdk_custom_interfaces'
[1.303s] INFO:colcon.colcon_core.package_selection:Skipping not selected package 'robotics_slam' in 'src/robotics_slam'
[1.303s] INFO:colcon.colcon_core.package_selection:Skipping not selected package 'turtlebot3_cartographer' in 'src/TurtleBot3/turtlebot3/turtlebot3_cartographer'
[1.303s] INFO:colcon.colcon_core.package_selection:Skipping not selected package 'turtlebot3_description' in 'src/TurtleBot3/turtlebot3/turtlebot3_description'
[1.304s] INFO:colcon.colcon_core.package_selection:Skipping not selected package 'turtlebot3_msgs' in 'src/TurtleBot3/turtlebot3_msgs'
[1.304s] INFO:colcon.colcon_core.package_selection:Skipping not selected package 'turtlebot3_navigation2' in 'src/TurtleBot3/turtlebot3/turtlebot3_navigation2'
[1.304s] INFO:colcon.colcon_core.package_selection:Skipping not selected package 'turtlebot3_teleop' in 'src/TurtleBot3/turtlebot3/turtlebot3_teleop'
[1.304s] INFO:colcon.colcon_core.package_selection:Skipping not selected package 'dynamixel_sdk_examples' in 'src/TurtleBot3/DynamixelSDK/dynamixel_sdk_examples'
[1.304s] INFO:colcon.colcon_core.package_selection:Skipping not selected package 'turtlebot3_example' in 'src/TurtleBot3/turtlebot3/turtlebot3_example'
[1.304s] INFO:colcon.colcon_core.package_selection:Skipping not selected package 'turtlebot3_fake_node' in 'src/TurtleBot3/turtlebot3_simulations/turtlebot3_fake_node'
[1.304s] INFO:colcon.colcon_core.package_selection:Skipping not selected package 'turtlebot3_gazebo' in 'src/TurtleBot3/turtlebot3_simulations/turtlebot3_gazebo'
[1.304s] INFO:colcon.colcon_core.package_selection:Skipping not selected package 'turtlebot3_node' in 'src/TurtleBot3/turtlebot3/turtlebot3_node'
[1.304s] INFO:colcon.colcon_core.package_selection:Skipping not selected package 'turtlebot3_bringup' in 'src/TurtleBot3/turtlebot3/turtlebot3_bringup'
[1.304s] INFO:colcon.colcon_core.package_selection:Skipping not selected package 'turtlebot3_simulations' in 'src/TurtleBot3/turtlebot3_simulations/turtlebot3_simulations'
[1.304s] INFO:colcon.colcon_core.package_selection:Skipping not selected package 'turtlebot3' in 'src/TurtleBot3/turtlebot3/turtlebot3'
[1.305s] Level 1:colcon.colcon_core.package_discovery:discover_packages(prefix_path) check parameters
[1.305s] Level 1:colcon.colcon_core.package_discovery:discover_packages(prefix_path) discover
[1.337s] DEBUG:colcon.colcon_installed_package_information.package_discovery:Found 17 installed packages in /home/mbasharoush/turtlebot3_ws/install
[1.341s] DEBUG:colcon.colcon_installed_package_information.package_discovery:Found 57 installed packages in /home/mbasharoush/bookros2_ws/install
[1.346s] DEBUG:colcon.colcon_installed_package_information.package_discovery:Found 59 installed packages in /home/mbasharoush/install
[1.357s] DEBUG:colcon.colcon_installed_package_information.package_discovery:Found 381 installed packages in /opt/ros/foxy
[1.379s] Level 1:colcon.colcon_core.package_discovery:discover_packages(prefix_path) using defaults
[1.583s] Level 5:colcon.colcon_core.verb:set package 'bump_go_cpp' build argument 'cmake_args' from command line to 'None'
[1.583s] Level 5:colcon.colcon_core.verb:set package 'bump_go_cpp' build argument 'cmake_target' from command line to 'None'
[1.583s] Level 5:colcon.colcon_core.verb:set package 'bump_go_cpp' build argument 'cmake_target_skip_unavailable' from command line to 'False'
[1.583s] Level 5:colcon.colcon_core.verb:set package 'bump_go_cpp' build argument 'cmake_clean_cache' from command line to 'False'
[1.584s] Level 5:colcon.colcon_core.verb:set package 'bump_go_cpp' build argument 'cmake_clean_first' from command line to 'False'
[1.584s] Level 5:colcon.colcon_core.verb:set package 'bump_go_cpp' build argument 'cmake_force_configure' from command line to 'False'
[1.584s] Level 5:colcon.colcon_core.verb:set package 'bump_go_cpp' build argument 'ament_cmake_args' from command line to 'None'
[1.584s] Level 5:colcon.colcon_core.verb:set package 'bump_go_cpp' build argument 'catkin_cmake_args' from command line to 'None'
[1.584s] Level 5:colcon.colcon_core.verb:set package 'bump_go_cpp' build argument 'catkin_skip_building_tests' from command line to 'False'
[1.584s] DEBUG:colcon.colcon_core.verb:Building package 'bump_go_cpp' with the following arguments: {'ament_cmake_args': None, 'build_base': '/home/mbasharoush/turtlebot3_ws/build/bump_go_cpp', 'catkin_cmake_args': None, 'catkin_skip_building_tests': False, 'cmake_args': None, 'cmake_clean_cache': False, 'cmake_clean_first': False, 'cmake_force_configure': False, 'cmake_target': None, 'cmake_target_skip_unavailable': False, 'install_base': '/home/mbasharoush/turtlebot3_ws/install/bump_go_cpp', 'merge_install': False, 'path': '/home/mbasharoush/turtlebot3_ws/src/bump_go_cpp', 'symlink_install': True, 'test_result_base': None}
[1.585s] INFO:colcon.colcon_core.executor:Executing jobs using 'parallel' executor
[1.587s] DEBUG:colcon.colcon_parallel_executor.executor.parallel:run_until_complete
[1.587s] INFO:colcon.colcon_ros.task.ament_cmake.build:Building ROS package in '/home/mbasharoush/turtlebot3_ws/src/bump_go_cpp' with build type 'ament_cmake'
[1.587s] INFO:colcon.colcon_cmake.task.cmake.build:Building CMake package in '/home/mbasharoush/turtlebot3_ws/src/bump_go_cpp'
[1.595s] INFO:colcon.colcon_core.plugin_system:Skipping extension 'colcon_core.shell.bat': Not used on non-Windows systems
[1.595s] INFO:colcon.colcon_core.shell:Skip shell extension 'powershell' for command environment: Not usable outside of PowerShell
[1.595s] DEBUG:colcon.colcon_core.shell:Skip shell extension 'dsv' for command environment
[1.644s] DEBUG:colcon.colcon_core.event_handler.log_command:Invoking command in '/home/mbasharoush/turtlebot3_ws/build/bump_go_cpp': CMAKE_PREFIX_PATH=${CMAKE_PREFIX_PATH}:/home/mbasharoush/turtlebot3_ws/install/turtlebot3_teleop:/home/mbasharoush/turtlebot3_ws/install/turtlebot3_example:/home/mbasharoush/bookros2_ws/install/ros2controlcli:/home/mbasharoush/bookros2_ws/install/launch_pal:/home/mbasharoush/bookros2_ws/install/br2_fsm_bumpgo_py:/home/mbasharoush/install/ros2controlcli:/home/mbasharoush/install/launch_pal:/home/mbasharoush/install/br2_fsm_bumpgo_py:/opt/ros/foxy /usr/bin/cmake --build /home/mbasharoush/turtlebot3_ws/build/bump_go_cpp -- -j4 -l4
[3.932s] DEBUG:colcon.colcon_core.event_handler.log_command:Invoked command in '/home/mbasharoush/turtlebot3_ws/build/bump_go_cpp' returned '0': CMAKE_PREFIX_PATH=${CMAKE_PREFIX_PATH}:/home/mbasharoush/turtlebot3_ws/install/turtlebot3_teleop:/home/mbasharoush/turtlebot3_ws/install/turtlebot3_example:/home/mbasharoush/bookros2_ws/install/ros2controlcli:/home/mbasharoush/bookros2_ws/install/launch_pal:/home/mbasharoush/bookros2_ws/install/br2_fsm_bumpgo_py:/home/mbasharoush/install/ros2controlcli:/home/mbasharoush/install/launch_pal:/home/mbasharoush/install/br2_fsm_bumpgo_py:/opt/ros/foxy /usr/bin/cmake --build /home/mbasharoush/turtlebot3_ws/build/bump_go_cpp -- -j4 -l4
[3.986s] DEBUG:colcon.colcon_core.event_handler.log_command:Invoking command in '/home/mbasharoush/turtlebot3_ws/build/bump_go_cpp': CMAKE_PREFIX_PATH=${CMAKE_PREFIX_PATH}:/home/mbasharoush/turtlebot3_ws/install/turtlebot3_teleop:/home/mbasharoush/turtlebot3_ws/install/turtlebot3_example:/home/mbasharoush/bookros2_ws/install/ros2controlcli:/home/mbasharoush/bookros2_ws/install/launch_pal:/home/mbasharoush/bookros2_ws/install/br2_fsm_bumpgo_py:/home/mbasharoush/install/ros2controlcli:/home/mbasharoush/install/launch_pal:/home/mbasharoush/install/br2_fsm_bumpgo_py:/opt/ros/foxy /usr/bin/cmake --install /home/mbasharoush/turtlebot3_ws/build/bump_go_cpp
[4.235s] Level 1:colcon.colcon_core.environment:create_environment_scripts_only(bump_go_cpp)
[4.242s] DEBUG:colcon.colcon_core.event_handler.log_command:Invoked command in '/home/mbasharoush/turtlebot3_ws/build/bump_go_cpp' returned '0': CMAKE_PREFIX_PATH=${CMAKE_PREFIX_PATH}:/home/mbasharoush/turtlebot3_ws/install/turtlebot3_teleop:/home/mbasharoush/turtlebot3_ws/install/turtlebot3_example:/home/mbasharoush/bookros2_ws/install/ros2controlcli:/home/mbasharoush/bookros2_ws/install/launch_pal:/home/mbasharoush/bookros2_ws/install/br2_fsm_bumpgo_py:/home/mbasharoush/install/ros2controlcli:/home/mbasharoush/install/launch_pal:/home/mbasharoush/install/br2_fsm_bumpgo_py:/opt/ros/foxy /usr/bin/cmake --install /home/mbasharoush/turtlebot3_ws/build/bump_go_cpp
[4.244s] Level 1:colcon.colcon_core.environment:checking '/home/mbasharoush/turtlebot3_ws/install/bump_go_cpp' for CMake module files
[4.245s] Level 1:colcon.colcon_core.environment:checking '/home/mbasharoush/turtlebot3_ws/install/bump_go_cpp' for CMake config files
[4.246s] Level 1:colcon.colcon_core.shell:create_environment_hook('bump_go_cpp', 'cmake_prefix_path')
[4.246s] INFO:colcon.colcon_core.shell:Creating environment hook '/home/mbasharoush/turtlebot3_ws/install/bump_go_cpp/share/bump_go_cpp/hook/cmake_prefix_path.ps1'
[4.248s] INFO:colcon.colcon_core.shell:Creating environment descriptor '/home/mbasharoush/turtlebot3_ws/install/bump_go_cpp/share/bump_go_cpp/hook/cmake_prefix_path.dsv'
[4.250s] INFO:colcon.colcon_core.shell:Creating environment hook '/home/mbasharoush/turtlebot3_ws/install/bump_go_cpp/share/bump_go_cpp/hook/cmake_prefix_path.sh'
[4.252s] Level 1:colcon.colcon_core.environment:checking '/home/mbasharoush/turtlebot3_ws/install/bump_go_cpp/lib'
[4.252s] Level 1:colcon.colcon_core.environment:checking '/home/mbasharoush/turtlebot3_ws/install/bump_go_cpp/bin'
[4.253s] Level 1:colcon.colcon_core.environment:checking '/home/mbasharoush/turtlebot3_ws/install/bump_go_cpp/lib/pkgconfig/bump_go_cpp.pc'
[4.253s] Level 1:colcon.colcon_core.environment:checking '/home/mbasharoush/turtlebot3_ws/install/bump_go_cpp/lib/python3.8/site-packages'
[4.253s] Level 1:colcon.colcon_core.environment:checking '/home/mbasharoush/turtlebot3_ws/install/bump_go_cpp/bin'
[4.254s] INFO:colcon.colcon_core.shell:Creating package script '/home/mbasharoush/turtlebot3_ws/install/bump_go_cpp/share/bump_go_cpp/package.ps1'
[4.256s] INFO:colcon.colcon_core.shell:Creating package descriptor '/home/mbasharoush/turtlebot3_ws/install/bump_go_cpp/share/bump_go_cpp/package.dsv'
[4.257s] INFO:colcon.colcon_core.shell:Creating package script '/home/mbasharoush/turtlebot3_ws/install/bump_go_cpp/share/bump_go_cpp/package.sh'
[4.259s] INFO:colcon.colcon_core.shell:Creating package script '/home/mbasharoush/turtlebot3_ws/install/bump_go_cpp/share/bump_go_cpp/package.bash'
[4.267s] INFO:colcon.colcon_core.shell:Creating package script '/home/mbasharoush/turtlebot3_ws/install/bump_go_cpp/share/bump_go_cpp/package.zsh'
[4.269s] Level 1:colcon.colcon_core.environment:create_file_with_runtime_dependencies(/home/mbasharoush/turtlebot3_ws/install/bump_go_cpp/share/colcon-core/packages/bump_go_cpp)
[4.279s] Level 1:colcon.colcon_core.environment:create_environment_scripts_only(bump_go_cpp)
[4.280s] Level 1:colcon.colcon_core.environment:checking '/home/mbasharoush/turtlebot3_ws/install/bump_go_cpp' for CMake module files
[4.281s] Level 1:colcon.colcon_core.environment:checking '/home/mbasharoush/turtlebot3_ws/install/bump_go_cpp' for CMake config files
[4.282s] Level 1:colcon.colcon_core.shell:create_environment_hook('bump_go_cpp', 'cmake_prefix_path')
[4.282s] INFO:colcon.colcon_core.shell:Creating environment hook '/home/mbasharoush/turtlebot3_ws/install/bump_go_cpp/share/bump_go_cpp/hook/cmake_prefix_path.ps1'
[4.286s] INFO:colcon.colcon_core.shell:Creating environment descriptor '/home/mbasharoush/turtlebot3_ws/install/bump_go_cpp/share/bump_go_cpp/hook/cmake_prefix_path.dsv'
[4.287s] INFO:colcon.colcon_core.shell:Creating environment hook '/home/mbasharoush/turtlebot3_ws/install/bump_go_cpp/share/bump_go_cpp/hook/cmake_prefix_path.sh'
[4.294s] Level 1:colcon.colcon_core.environment:checking '/home/mbasharoush/turtlebot3_ws/install/bump_go_cpp/lib'
[4.294s] Level 1:colcon.colcon_core.environment:checking '/home/mbasharoush/turtlebot3_ws/install/bump_go_cpp/bin'
[4.295s] Level 1:colcon.colcon_core.environment:checking '/home/mbasharoush/turtlebot3_ws/install/bump_go_cpp/lib/pkgconfig/bump_go_cpp.pc'
[4.295s] Level 1:colcon.colcon_core.environment:checking '/home/mbasharoush/turtlebot3_ws/install/bump_go_cpp/lib/python3.8/site-packages'
[4.295s] Level 1:colcon.colcon_core.environment:checking '/home/mbasharoush/turtlebot3_ws/install/bump_go_cpp/bin'
[4.296s] INFO:colcon.colcon_core.shell:Creating package script '/home/mbasharoush/turtlebot3_ws/install/bump_go_cpp/share/bump_go_cpp/package.ps1'
[4.297s] INFO:colcon.colcon_core.shell:Creating package descriptor '/home/mbasharoush/turtlebot3_ws/install/bump_go_cpp/share/bump_go_cpp/package.dsv'
[4.298s] INFO:colcon.colcon_core.shell:Creating package script '/home/mbasharoush/turtlebot3_ws/install/bump_go_cpp/share/bump_go_cpp/package.sh'
[4.300s] INFO:colcon.colcon_core.shell:Creating package script '/home/mbasharoush/turtlebot3_ws/install/bump_go_cpp/share/bump_go_cpp/package.bash'
[4.301s] INFO:colcon.colcon_core.shell:Creating package script '/home/mbasharoush/turtlebot3_ws/install/bump_go_cpp/share/bump_go_cpp/package.zsh'
[4.302s] Level 1:colcon.colcon_core.environment:create_file_with_runtime_dependencies(/home/mbasharoush/turtlebot3_ws/install/bump_go_cpp/share/colcon-core/packages/bump_go_cpp)
[4.309s] DEBUG:colcon.colcon_parallel_executor.executor.parallel:closing loop
[4.311s] DEBUG:colcon.colcon_parallel_executor.executor.parallel:loop closed
[4.311s] DEBUG:colcon.colcon_parallel_executor.executor.parallel:run_until_complete finished with '0'
[4.312s] DEBUG:colcon.colcon_core.event_reactor:joining thread
[4.346s] INFO:colcon.colcon_core.plugin_system:Skipping extension 'colcon_notification.desktop_notification.terminal_notifier': Not used on non-Darwin systems
[4.350s] INFO:colcon.colcon_core.plugin_system:Skipping extension 'colcon_notification.desktop_notification.win32': Not used on non-Windows systems
[4.350s] INFO:colcon.colcon_notification.desktop_notification:Sending desktop notification using 'notify2'
[4.399s] DEBUG:colcon.colcon_core.event_reactor:joined thread
[4.400s] INFO:colcon.colcon_core.shell:Creating prefix script '/home/mbasharoush/turtlebot3_ws/install/local_setup.ps1'
[4.402s] INFO:colcon.colcon_core.shell:Creating prefix util module '/home/mbasharoush/turtlebot3_ws/install/_local_setup_util_ps1.py'
[4.406s] INFO:colcon.colcon_core.shell:Creating prefix chain script '/home/mbasharoush/turtlebot3_ws/install/setup.ps1'
[4.433s] INFO:colcon.colcon_core.shell:Creating prefix script '/home/mbasharoush/turtlebot3_ws/install/local_setup.sh'
[4.435s] INFO:colcon.colcon_core.shell:Creating prefix util module '/home/mbasharoush/turtlebot3_ws/install/_local_setup_util_sh.py'
[4.438s] INFO:colcon.colcon_core.shell:Creating prefix chain script '/home/mbasharoush/turtlebot3_ws/install/setup.sh'
[4.458s] INFO:colcon.colcon_core.shell:Creating prefix script '/home/mbasharoush/turtlebot3_ws/install/local_setup.bash'
[4.460s] INFO:colcon.colcon_core.shell:Creating prefix chain script '/home/mbasharoush/turtlebot3_ws/install/setup.bash'
[4.470s] INFO:colcon.colcon_core.shell:Creating prefix script '/home/mbasharoush/turtlebot3_ws/install/local_setup.zsh'
[4.473s] INFO:colcon.colcon_core.shell:Creating prefix chain script '/home/mbasharoush/turtlebot3_ws/install/setup.zsh'
