-- The C compiler identification is GNU 9.4.0
-- The CXX compiler identification is GNU 9.4.0
-- Check for working C compiler: /usr/bin/cc
-- Check for working C compiler: /usr/bin/cc -- works
-- Detecting C compiler ABI info
-- Detecting C compiler ABI info - done
-- Detecting C compile features
-- Detecting C compile features - done
-- Check for working CXX compiler: /usr/bin/c++
-- Check for working CXX compiler: /usr/bin/c++ -- works
-- Detecting CXX compiler ABI info
-- Detecting CXX compiler ABI info - done
-- Detecting CXX compile features
-- Detecting CXX compile features - done
-- Found ament_cmake: 0.9.12 (/opt/ros/foxy/share/ament_cmake/cmake)
-- Found PythonInterp: /usr/bin/python3 (found suitable version "3.8.10", minimum required is "3") 
-- Using PYTHON_EXECUTABLE: /usr/bin/python3
-- Override CMake install command with custom implementation using symlinks instead of copying resources
-- Configuring done
-- Generating done
-- Build files have been written to: /home/mbasharoush/turtlebot3_ws/build/multi_tb3
-- Install configuration: ""
-- Execute custom install script
-- Symlinking: /home/mbasharoush/turtlebot3_ws/install/multi_tb3/share/multi_tb3/launch/two_turtlebots.launch.py
-- Symlinking: /home/mbasharoush/turtlebot3_ws/install/multi_tb3/share/ament_index/resource_index/package_run_dependencies/multi_tb3
-- Symlinking: /home/mbasharoush/turtlebot3_ws/install/multi_tb3/share/ament_index/resource_index/parent_prefix_path/multi_tb3
-- Symlinking: /home/mbasharoush/turtlebot3_ws/install/multi_tb3/share/multi_tb3/environment/ament_prefix_path.sh
-- Symlinking: /home/mbasharoush/turtlebot3_ws/install/multi_tb3/share/multi_tb3/environment/ament_prefix_path.dsv
-- Symlinking: /home/mbasharoush/turtlebot3_ws/install/multi_tb3/share/multi_tb3/environment/path.sh
-- Symlinking: /home/mbasharoush/turtlebot3_ws/install/multi_tb3/share/multi_tb3/environment/path.dsv
-- Symlinking: /home/mbasharoush/turtlebot3_ws/install/multi_tb3/share/multi_tb3/local_setup.bash
-- Symlinking: /home/mbasharoush/turtlebot3_ws/install/multi_tb3/share/multi_tb3/local_setup.sh
-- Symlinking: /home/mbasharoush/turtlebot3_ws/install/multi_tb3/share/multi_tb3/local_setup.zsh
-- Symlinking: /home/mbasharoush/turtlebot3_ws/install/multi_tb3/share/multi_tb3/local_setup.dsv
-- Symlinking: /home/mbasharoush/turtlebot3_ws/install/multi_tb3/share/multi_tb3/package.dsv
-- Symlinking: /home/mbasharoush/turtlebot3_ws/install/multi_tb3/share/ament_index/resource_index/packages/multi_tb3
-- Symlinking: /home/mbasharoush/turtlebot3_ws/install/multi_tb3/share/multi_tb3/cmake/multi_tb3Config.cmake
-- Symlinking: /home/mbasharoush/turtlebot3_ws/install/multi_tb3/share/multi_tb3/cmake/multi_tb3Config-version.cmake
-- Symlinking: /home/mbasharoush/turtlebot3_ws/install/multi_tb3/share/multi_tb3/package.xml
