[0.197s] Invoking command in '/home/mbasharoush/turtlebot3_ws/build/turtlebot3_description': CMAKE_PREFIX_PATH=${CMAKE_PREFIX_PATH}:/home/mbasharoush/turtlebot3_ws/install/turtlebot3_teleop:/home/mbasharoush/turtlebot3_ws/install/turtlebot3_example:/home/mbasharoush/bookros2_ws/install/ros2controlcli:/home/mbasharoush/bookros2_ws/install/launch_pal:/home/mbasharoush/bookros2_ws/install/br2_fsm_bumpgo_py:/home/mbasharoush/install/ros2controlcli:/home/mbasharoush/install/launch_pal:/home/mbasharoush/install/br2_fsm_bumpgo_py:/opt/ros/foxy /usr/bin/cmake /home/mbasharoush/turtlebot3_ws/src/TurtleBot3/turtlebot3/turtlebot3_description -DCMAKE_INSTALL_PREFIX=/home/mbasharoush/turtlebot3_ws/install/turtlebot3_description
[0.232s] -- Found ament_cmake: 0.9.12 (/opt/ros/foxy/share/ament_cmake/cmake)
[0.284s] -- Using PYTHON_EXECUTABLE: /usr/bin/python3
[0.686s] -- Override CMake install command with custom implementation using symlinks instead of copying resources
[0.703s] -- Found urdf: 2.4.0 (/opt/ros/foxy/share/urdf/cmake)
[1.098s] -- Configuring done
[1.170s] -- Generating done
[1.210s] -- Build files have been written to: /home/mbasharoush/turtlebot3_ws/build/turtlebot3_description
[1.221s] Invoked command in '/home/mbasharoush/turtlebot3_ws/build/turtlebot3_description' returned '0': CMAKE_PREFIX_PATH=${CMAKE_PREFIX_PATH}:/home/mbasharoush/turtlebot3_ws/install/turtlebot3_teleop:/home/mbasharoush/turtlebot3_ws/install/turtlebot3_example:/home/mbasharoush/bookros2_ws/install/ros2controlcli:/home/mbasharoush/bookros2_ws/install/launch_pal:/home/mbasharoush/bookros2_ws/install/br2_fsm_bumpgo_py:/home/mbasharoush/install/ros2controlcli:/home/mbasharoush/install/launch_pal:/home/mbasharoush/install/br2_fsm_bumpgo_py:/opt/ros/foxy /usr/bin/cmake /home/mbasharoush/turtlebot3_ws/src/TurtleBot3/turtlebot3/turtlebot3_description -DCMAKE_INSTALL_PREFIX=/home/mbasharoush/turtlebot3_ws/install/turtlebot3_description
[1.224s] Invoking command in '/home/mbasharoush/turtlebot3_ws/build/turtlebot3_description': CMAKE_PREFIX_PATH=${CMAKE_PREFIX_PATH}:/home/mbasharoush/turtlebot3_ws/install/turtlebot3_teleop:/home/mbasharoush/turtlebot3_ws/install/turtlebot3_example:/home/mbasharoush/bookros2_ws/install/ros2controlcli:/home/mbasharoush/bookros2_ws/install/launch_pal:/home/mbasharoush/bookros2_ws/install/br2_fsm_bumpgo_py:/home/mbasharoush/install/ros2controlcli:/home/mbasharoush/install/launch_pal:/home/mbasharoush/install/br2_fsm_bumpgo_py:/opt/ros/foxy /usr/bin/cmake --build /home/mbasharoush/turtlebot3_ws/build/turtlebot3_description -- -j4 -l4
[1.436s] Invoked command in '/home/mbasharoush/turtlebot3_ws/build/turtlebot3_description' returned '0': CMAKE_PREFIX_PATH=${CMAKE_PREFIX_PATH}:/home/mbasharoush/turtlebot3_ws/install/turtlebot3_teleop:/home/mbasharoush/turtlebot3_ws/install/turtlebot3_example:/home/mbasharoush/bookros2_ws/install/ros2controlcli:/home/mbasharoush/bookros2_ws/install/launch_pal:/home/mbasharoush/bookros2_ws/install/br2_fsm_bumpgo_py:/home/mbasharoush/install/ros2controlcli:/home/mbasharoush/install/launch_pal:/home/mbasharoush/install/br2_fsm_bumpgo_py:/opt/ros/foxy /usr/bin/cmake --build /home/mbasharoush/turtlebot3_ws/build/turtlebot3_description -- -j4 -l4
[1.493s] Invoking command in '/home/mbasharoush/turtlebot3_ws/build/turtlebot3_description': CMAKE_PREFIX_PATH=${CMAKE_PREFIX_PATH}:/home/mbasharoush/turtlebot3_ws/install/turtlebot3_teleop:/home/mbasharoush/turtlebot3_ws/install/turtlebot3_example:/home/mbasharoush/bookros2_ws/install/ros2controlcli:/home/mbasharoush/bookros2_ws/install/launch_pal:/home/mbasharoush/bookros2_ws/install/br2_fsm_bumpgo_py:/home/mbasharoush/install/ros2controlcli:/home/mbasharoush/install/launch_pal:/home/mbasharoush/install/br2_fsm_bumpgo_py:/opt/ros/foxy /usr/bin/cmake --install /home/mbasharoush/turtlebot3_ws/build/turtlebot3_description
[1.544s] -- Install configuration: ""
[1.546s] -- Execute custom install script
[1.549s] -- Up-to-date symlink: /home/mbasharoush/turtlebot3_ws/install/turtlebot3_description/share/turtlebot3_description/meshes/bases/burger_base.stl
[1.554s] -- Up-to-date symlink: /home/mbasharoush/turtlebot3_ws/install/turtlebot3_description/share/turtlebot3_description/meshes/bases/waffle_base.stl
[1.557s] -- Up-to-date symlink: /home/mbasharoush/turtlebot3_ws/install/turtlebot3_description/share/turtlebot3_description/meshes/bases/waffle_pi_base.stl
[1.561s] -- Up-to-date symlink: /home/mbasharoush/turtlebot3_ws/install/turtlebot3_description/share/turtlebot3_description/meshes/sensors/astra.dae
[1.562s] -- Up-to-date symlink: /home/mbasharoush/turtlebot3_ws/install/turtlebot3_description/share/turtlebot3_description/meshes/sensors/astra.jpg
[1.564s] -- Up-to-date symlink: /home/mbasharoush/turtlebot3_ws/install/turtlebot3_description/share/turtlebot3_description/meshes/sensors/lds.stl
[1.566s] -- Up-to-date symlink: /home/mbasharoush/turtlebot3_ws/install/turtlebot3_description/share/turtlebot3_description/meshes/sensors/r200.dae
[1.569s] -- Up-to-date symlink: /home/mbasharoush/turtlebot3_ws/install/turtlebot3_description/share/turtlebot3_description/meshes/sensors/r200.jpg
[1.573s] -- Up-to-date symlink: /home/mbasharoush/turtlebot3_ws/install/turtlebot3_description/share/turtlebot3_description/meshes/wheels/left_tire.stl
[1.573s] -- Up-to-date symlink: /home/mbasharoush/turtlebot3_ws/install/turtlebot3_description/share/turtlebot3_description/meshes/wheels/right_tire.stl
[1.578s] -- Up-to-date symlink: /home/mbasharoush/turtlebot3_ws/install/turtlebot3_description/share/turtlebot3_description/rviz/model.rviz
[1.582s] -- Up-to-date symlink: /home/mbasharoush/turtlebot3_ws/install/turtlebot3_description/share/turtlebot3_description/urdf/common_properties.urdf
[1.585s] -- Up-to-date symlink: /home/mbasharoush/turtlebot3_ws/install/turtlebot3_description/share/turtlebot3_description/urdf/turtlebot3_burger.urdf
[1.586s] -- Up-to-date symlink: /home/mbasharoush/turtlebot3_ws/install/turtlebot3_description/share/turtlebot3_description/urdf/turtlebot3_waffle.urdf
[1.588s] -- Up-to-date symlink: /home/mbasharoush/turtlebot3_ws/install/turtlebot3_description/share/turtlebot3_description/urdf/turtlebot3_waffle_pi.urdf
[1.590s] -- Up-to-date symlink: /home/mbasharoush/turtlebot3_ws/install/turtlebot3_description/share/ament_index/resource_index/package_run_dependencies/turtlebot3_description
[1.591s] -- Up-to-date symlink: /home/mbasharoush/turtlebot3_ws/install/turtlebot3_description/share/ament_index/resource_index/parent_prefix_path/turtlebot3_description
[1.593s] -- Up-to-date symlink: /home/mbasharoush/turtlebot3_ws/install/turtlebot3_description/share/turtlebot3_description/environment/ament_prefix_path.sh
[1.596s] -- Up-to-date symlink: /home/mbasharoush/turtlebot3_ws/install/turtlebot3_description/share/turtlebot3_description/environment/ament_prefix_path.dsv
[1.597s] -- Up-to-date symlink: /home/mbasharoush/turtlebot3_ws/install/turtlebot3_description/share/turtlebot3_description/environment/path.sh
[1.600s] -- Up-to-date symlink: /home/mbasharoush/turtlebot3_ws/install/turtlebot3_description/share/turtlebot3_description/environment/path.dsv
[1.604s] -- Up-to-date symlink: /home/mbasharoush/turtlebot3_ws/install/turtlebot3_description/share/turtlebot3_description/local_setup.bash
[1.607s] -- Up-to-date symlink: /home/mbasharoush/turtlebot3_ws/install/turtlebot3_description/share/turtlebot3_description/local_setup.sh
[1.610s] -- Up-to-date symlink: /home/mbasharoush/turtlebot3_ws/install/turtlebot3_description/share/turtlebot3_description/local_setup.zsh
[1.614s] -- Up-to-date symlink: /home/mbasharoush/turtlebot3_ws/install/turtlebot3_description/share/turtlebot3_description/local_setup.dsv
[1.619s] -- Symlinking: /home/mbasharoush/turtlebot3_ws/install/turtlebot3_description/share/turtlebot3_description/package.dsv
[1.694s] -- Up-to-date symlink: /home/mbasharoush/turtlebot3_ws/install/turtlebot3_description/share/ament_index/resource_index/packages/turtlebot3_description
[1.697s] -- Up-to-date symlink: /home/mbasharoush/turtlebot3_ws/install/turtlebot3_description/share/turtlebot3_description/cmake/turtlebot3_descriptionConfig.cmake
[1.698s] -- Up-to-date symlink: /home/mbasharoush/turtlebot3_ws/install/turtlebot3_description/share/turtlebot3_description/cmake/turtlebot3_descriptionConfig-version.cmake
[1.704s] -- Up-to-date symlink: /home/mbasharoush/turtlebot3_ws/install/turtlebot3_description/share/turtlebot3_description/package.xml
[1.709s] Invoked command in '/home/mbasharoush/turtlebot3_ws/build/turtlebot3_description' returned '0': CMAKE_PREFIX_PATH=${CMAKE_PREFIX_PATH}:/home/mbasharoush/turtlebot3_ws/install/turtlebot3_teleop:/home/mbasharoush/turtlebot3_ws/install/turtlebot3_example:/home/mbasharoush/bookros2_ws/install/ros2controlcli:/home/mbasharoush/bookros2_ws/install/launch_pal:/home/mbasharoush/bookros2_ws/install/br2_fsm_bumpgo_py:/home/mbasharoush/install/ros2controlcli:/home/mbasharoush/install/launch_pal:/home/mbasharoush/install/br2_fsm_bumpgo_py:/opt/ros/foxy /usr/bin/cmake --install /home/mbasharoush/turtlebot3_ws/build/turtlebot3_description
