[0.087s] Invoking command in '/home/mbasharoush/turtlebot3_ws/build/turtlebot3_msgs': CMAKE_PREFIX_PATH=${CMAKE_PREFIX_PATH}:/home/mbasharoush/bookros2_ws/install/ros2controlcli:/home/mbasharoush/bookros2_ws/install/launch_pal:/home/mbasharoush/bookros2_ws/install/br2_fsm_bumpgo_py:/home/mbasharoush/install/ros2controlcli:/home/mbasharoush/install/launch_pal:/home/mbasharoush/install/br2_fsm_bumpgo_py:/opt/ros/foxy /usr/bin/cmake /home/mbasharoush/turtlebot3_ws/src/TurtleBot3/turtlebot3_msgs -DAMENT_CMAKE_SYMLINK_INSTALL=1 -DCMAKE_INSTALL_PREFIX=/home/mbasharoush/turtlebot3_ws/install/turtlebot3_msgs
[0.496s] -- The C compiler identification is GNU 9.4.0
[0.859s] -- The CXX compiler identification is GNU 9.4.0
[0.872s] -- Check for working C compiler: /usr/bin/cc
[0.996s] -- Check for working C compiler: /usr/bin/cc -- works
[0.996s] -- Detecting C compiler ABI info
[1.106s] -- Detecting C compiler ABI info - done
[1.115s] -- Detecting C compile features
[1.116s] -- Detecting C compile features - done
[1.118s] -- Check for working CXX compiler: /usr/bin/c++
[1.259s] -- Check for working CXX compiler: /usr/bin/c++ -- works
[1.259s] -- Detecting CXX compiler ABI info
[1.389s] -- Detecting CXX compiler ABI info - done
[1.404s] -- Detecting CXX compile features
[1.405s] -- Detecting CXX compile features - done
[1.417s] -- Found action_msgs: 1.0.0 (/opt/ros/foxy/share/action_msgs/cmake)
[1.480s] -- Found PythonInterp: /usr/bin/python3 (found suitable version "3.8.10", minimum required is "3") 
[1.480s] -- Using PYTHON_EXECUTABLE: /usr/bin/python3
[1.754s] -- Override CMake install command with custom implementation using symlinks instead of copying resources
[2.173s] -- Using all available rosidl_typesupport_c: rosidl_typesupport_fastrtps_c;rosidl_typesupport_introspection_c
[2.223s] -- Found rosidl_adapter: 1.3.1 (/opt/ros/foxy/share/rosidl_adapter/cmake)
[2.838s] -- Found OpenSSL: /usr/lib/x86_64-linux-gnu/libcrypto.so (found version "1.1.1f")  
[2.930s] -- Found FastRTPS: /opt/ros/foxy/include  
[3.494s] -- Using all available rosidl_typesupport_cpp: rosidl_typesupport_fastrtps_cpp;rosidl_typesupport_introspection_cpp
[3.661s] -- Found rosidl_default_generators: 1.0.1 (/opt/ros/foxy/share/rosidl_default_generators/cmake)
[3.721s] -- Found std_msgs: 2.0.5 (/opt/ros/foxy/share/std_msgs/cmake)
[3.790s] -- Found PythonInterp: /usr/bin/python3 (found version "3.8.10") 
[4.085s] -- Found ament_cmake_cppcheck: 0.9.8 (/opt/ros/foxy/share/ament_cmake_cppcheck/cmake)
[4.097s] -- Found ament_cmake_cpplint: 0.9.8 (/opt/ros/foxy/share/ament_cmake_cpplint/cmake)
[4.111s] -- Found ament_cmake_uncrustify: 0.9.8 (/opt/ros/foxy/share/ament_cmake_uncrustify/cmake)
[4.122s] -- Found ament_cmake_ros: 0.9.2 (/opt/ros/foxy/share/ament_cmake_ros/cmake)
[4.506s] -- Using all available rosidl_typesupport_c: rosidl_typesupport_fastrtps_c;rosidl_typesupport_introspection_c
[4.644s] -- Using all available rosidl_typesupport_cpp: rosidl_typesupport_fastrtps_cpp;rosidl_typesupport_introspection_cpp
[4.703s] -- Found PythonInterp: /usr/bin/python3 (found suitable version "3.8.10", minimum required is "3.5") 
[4.712s] -- Found python_cmake_module: 0.8.1 (/opt/ros/foxy/share/python_cmake_module/cmake)
[4.750s] -- Found PythonLibs: /usr/lib/x86_64-linux-gnu/libpython3.8.so (found suitable version "3.8.10", minimum required is "3.5") 
[4.753s] -- Using PYTHON_EXECUTABLE: /usr/bin/python3
[4.754s] -- Using PYTHON_INCLUDE_DIRS: /usr/include/python3.8
[4.754s] -- Using PYTHON_LIBRARIES: /usr/lib/x86_64-linux-gnu/libpython3.8.so
[4.785s] -- Found PythonExtra: .so  
[5.323s] -- Found ament_cmake_flake8: 0.9.8 (/opt/ros/foxy/share/ament_cmake_flake8/cmake)
[5.350s] -- Found ament_cmake_pep257: 0.9.8 (/opt/ros/foxy/share/ament_cmake_pep257/cmake)
[5.375s] -- Configuring done
[5.553s] -- Generating done
[5.572s] -- Build files have been written to: /home/mbasharoush/turtlebot3_ws/build/turtlebot3_msgs
[5.589s] Invoked command in '/home/mbasharoush/turtlebot3_ws/build/turtlebot3_msgs' returned '0': CMAKE_PREFIX_PATH=${CMAKE_PREFIX_PATH}:/home/mbasharoush/bookros2_ws/install/ros2controlcli:/home/mbasharoush/bookros2_ws/install/launch_pal:/home/mbasharoush/bookros2_ws/install/br2_fsm_bumpgo_py:/home/mbasharoush/install/ros2controlcli:/home/mbasharoush/install/launch_pal:/home/mbasharoush/install/br2_fsm_bumpgo_py:/opt/ros/foxy /usr/bin/cmake /home/mbasharoush/turtlebot3_ws/src/TurtleBot3/turtlebot3_msgs -DAMENT_CMAKE_SYMLINK_INSTALL=1 -DCMAKE_INSTALL_PREFIX=/home/mbasharoush/turtlebot3_ws/install/turtlebot3_msgs
[5.590s] Invoking command in '/home/mbasharoush/turtlebot3_ws/build/turtlebot3_msgs': CMAKE_PREFIX_PATH=${CMAKE_PREFIX_PATH}:/home/mbasharoush/bookros2_ws/install/ros2controlcli:/home/mbasharoush/bookros2_ws/install/launch_pal:/home/mbasharoush/bookros2_ws/install/br2_fsm_bumpgo_py:/home/mbasharoush/install/ros2controlcli:/home/mbasharoush/install/launch_pal:/home/mbasharoush/install/br2_fsm_bumpgo_py:/opt/ros/foxy /usr/bin/cmake --build /home/mbasharoush/turtlebot3_ws/build/turtlebot3_msgs -- -j4 -l4
[5.813s] [  1%] [34m[1mGenerating C code for ROS interfaces[0m
[5.817s] [35m[1mScanning dependencies of target turtlebot3_msgs__cpp[0m
[5.856s] [  2%] [34m[1mGenerating C++ code for ROS interfaces[0m
[7.247s] [  2%] Built target turtlebot3_msgs__cpp
[7.313s] [  4%] [34m[1mGenerating C++ type support for eProsima Fast-RTPS[0m
[7.344s] [  5%] [34m[1mGenerating C++ type support dispatch for ROS interfaces[0m
[7.549s] [35m[1mScanning dependencies of target turtlebot3_msgs__rosidl_generator_c[0m
[7.586s] [  7%] [34m[1mGenerating C++ introspection for ROS interfaces[0m
[7.601s] [  8%] [32mBuilding C object CMakeFiles/turtlebot3_msgs__rosidl_generator_c.dir/rosidl_generator_c/turtlebot3_msgs/msg/detail/sensor_state__functions.c.o[0m
[7.822s] [  9%] [32mBuilding C object CMakeFiles/turtlebot3_msgs__rosidl_generator_c.dir/rosidl_generator_c/turtlebot3_msgs/msg/detail/sound__functions.c.o[0m
[7.982s] [ 11%] [32mBuilding C object CMakeFiles/turtlebot3_msgs__rosidl_generator_c.dir/rosidl_generator_c/turtlebot3_msgs/msg/detail/version_info__functions.c.o[0m
[8.246s] [ 12%] [32mBuilding C object CMakeFiles/turtlebot3_msgs__rosidl_generator_c.dir/rosidl_generator_c/turtlebot3_msgs/srv/detail/sound__functions.c.o[0m
[8.508s] [ 14%] [32mBuilding C object CMakeFiles/turtlebot3_msgs__rosidl_generator_c.dir/rosidl_generator_c/turtlebot3_msgs/srv/detail/dqn__functions.c.o[0m
[8.649s] [35m[1mScanning dependencies of target turtlebot3_msgs__rosidl_typesupport_cpp[0m
[8.698s] [ 15%] [32mBuilding C object CMakeFiles/turtlebot3_msgs__rosidl_generator_c.dir/rosidl_generator_c/turtlebot3_msgs/action/detail/patrol__functions.c.o[0m
[8.843s] [ 16%] [32mBuilding CXX object CMakeFiles/turtlebot3_msgs__rosidl_typesupport_cpp.dir/rosidl_typesupport_cpp/turtlebot3_msgs/msg/sensor_state__type_support.cpp.o[0m
[9.039s] [35m[1mScanning dependencies of target turtlebot3_msgs__rosidl_typesupport_fastrtps_cpp[0m
[9.113s] [ 18%] [32mBuilding CXX object CMakeFiles/turtlebot3_msgs__rosidl_typesupport_fastrtps_cpp.dir/rosidl_typesupport_fastrtps_cpp/turtlebot3_msgs/msg/detail/dds_fastrtps/sensor_state__type_support.cpp.o[0m
[9.127s] [ 19%] [32m[1mLinking C shared library libturtlebot3_msgs__rosidl_generator_c.so[0m
[9.420s] [ 19%] Built target turtlebot3_msgs__rosidl_generator_c
[9.433s] [ 21%] [32mBuilding CXX object CMakeFiles/turtlebot3_msgs__rosidl_typesupport_cpp.dir/rosidl_typesupport_cpp/turtlebot3_msgs/msg/sound__type_support.cpp.o[0m
[9.451s] [35m[1mScanning dependencies of target turtlebot3_msgs__rosidl_typesupport_introspection_cpp[0m
[9.476s] [ 22%] [34m[1mGenerating C type support dispatch for ROS interfaces[0m
[9.497s] [ 23%] [32mBuilding CXX object CMakeFiles/turtlebot3_msgs__rosidl_typesupport_introspection_cpp.dir/rosidl_typesupport_introspection_cpp/turtlebot3_msgs/msg/detail/sensor_state__type_support.cpp.o[0m
[10.058s] [ 25%] [32mBuilding CXX object CMakeFiles/turtlebot3_msgs__rosidl_typesupport_introspection_cpp.dir/rosidl_typesupport_introspection_cpp/turtlebot3_msgs/msg/detail/sound__type_support.cpp.o[0m
[10.085s] [ 26%] [32mBuilding CXX object CMakeFiles/turtlebot3_msgs__rosidl_typesupport_fastrtps_cpp.dir/rosidl_typesupport_fastrtps_cpp/turtlebot3_msgs/msg/detail/dds_fastrtps/sound__type_support.cpp.o[0m
[10.093s] [ 28%] [32mBuilding CXX object CMakeFiles/turtlebot3_msgs__rosidl_typesupport_cpp.dir/rosidl_typesupport_cpp/turtlebot3_msgs/msg/version_info__type_support.cpp.o[0m
[10.425s] [ 29%] [32mBuilding CXX object CMakeFiles/turtlebot3_msgs__rosidl_typesupport_introspection_cpp.dir/rosidl_typesupport_introspection_cpp/turtlebot3_msgs/msg/detail/version_info__type_support.cpp.o[0m
[10.488s] [ 30%] [32mBuilding CXX object CMakeFiles/turtlebot3_msgs__rosidl_typesupport_cpp.dir/rosidl_typesupport_cpp/turtlebot3_msgs/srv/sound__type_support.cpp.o[0m
[10.547s] [ 32%] [32mBuilding CXX object CMakeFiles/turtlebot3_msgs__rosidl_typesupport_fastrtps_cpp.dir/rosidl_typesupport_fastrtps_cpp/turtlebot3_msgs/msg/detail/dds_fastrtps/version_info__type_support.cpp.o[0m
[10.568s] [35m[1mScanning dependencies of target turtlebot3_msgs__rosidl_typesupport_c[0m
[10.617s] [ 33%] [32mBuilding CXX object CMakeFiles/turtlebot3_msgs__rosidl_typesupport_c.dir/rosidl_typesupport_c/turtlebot3_msgs/msg/sensor_state__type_support.cpp.o[0m
[10.703s] [ 35%] [32mBuilding CXX object CMakeFiles/turtlebot3_msgs__rosidl_typesupport_c.dir/rosidl_typesupport_c/turtlebot3_msgs/msg/sound__type_support.cpp.o[0m
[10.764s] [ 36%] [32mBuilding CXX object CMakeFiles/turtlebot3_msgs__rosidl_typesupport_introspection_cpp.dir/rosidl_typesupport_introspection_cpp/turtlebot3_msgs/srv/detail/sound__type_support.cpp.o[0m
[10.811s] [ 38%] [32mBuilding CXX object CMakeFiles/turtlebot3_msgs__rosidl_typesupport_c.dir/rosidl_typesupport_c/turtlebot3_msgs/msg/version_info__type_support.cpp.o[0m
[10.832s] [ 39%] [32mBuilding CXX object CMakeFiles/turtlebot3_msgs__rosidl_typesupport_cpp.dir/rosidl_typesupport_cpp/turtlebot3_msgs/srv/dqn__type_support.cpp.o[0m
[10.968s] [ 40%] [32mBuilding CXX object CMakeFiles/turtlebot3_msgs__rosidl_typesupport_fastrtps_cpp.dir/rosidl_typesupport_fastrtps_cpp/turtlebot3_msgs/srv/detail/dds_fastrtps/sound__type_support.cpp.o[0m
[10.969s] [ 42%] [32mBuilding CXX object CMakeFiles/turtlebot3_msgs__rosidl_typesupport_c.dir/rosidl_typesupport_c/turtlebot3_msgs/srv/sound__type_support.cpp.o[0m
[11.062s] [ 43%] [32mBuilding CXX object CMakeFiles/turtlebot3_msgs__rosidl_typesupport_introspection_cpp.dir/rosidl_typesupport_introspection_cpp/turtlebot3_msgs/srv/detail/dqn__type_support.cpp.o[0m
[11.079s] [ 45%] [32mBuilding CXX object CMakeFiles/turtlebot3_msgs__rosidl_typesupport_c.dir/rosidl_typesupport_c/turtlebot3_msgs/srv/dqn__type_support.cpp.o[0m
[11.198s] [ 46%] [32mBuilding CXX object CMakeFiles/turtlebot3_msgs__rosidl_typesupport_c.dir/rosidl_typesupport_c/turtlebot3_msgs/action/patrol__type_support.cpp.o[0m
[11.215s] [ 47%] [32mBuilding CXX object CMakeFiles/turtlebot3_msgs__rosidl_typesupport_cpp.dir/rosidl_typesupport_cpp/turtlebot3_msgs/action/patrol__type_support.cpp.o[0m
[11.263s] [ 49%] [32m[1mLinking CXX shared library libturtlebot3_msgs__rosidl_typesupport_c.so[0m
[11.414s] [ 49%] Built target turtlebot3_msgs__rosidl_typesupport_c
[11.457s] [ 50%] [34m[1mGenerating C introspection for ROS interfaces[0m
[11.488s] [ 52%] [32mBuilding CXX object CMakeFiles/turtlebot3_msgs__rosidl_typesupport_introspection_cpp.dir/rosidl_typesupport_introspection_cpp/turtlebot3_msgs/action/detail/patrol__type_support.cpp.o[0m
[11.594s] [ 53%] [32mBuilding CXX object CMakeFiles/turtlebot3_msgs__rosidl_typesupport_fastrtps_cpp.dir/rosidl_typesupport_fastrtps_cpp/turtlebot3_msgs/srv/detail/dds_fastrtps/dqn__type_support.cpp.o[0m
[11.703s] [ 54%] [32m[1mLinking CXX shared library libturtlebot3_msgs__rosidl_typesupport_cpp.so[0m
[11.802s] [ 54%] Built target turtlebot3_msgs__rosidl_typesupport_cpp
[11.838s] [ 56%] [32mBuilding CXX object CMakeFiles/turtlebot3_msgs__rosidl_typesupport_fastrtps_cpp.dir/rosidl_typesupport_fastrtps_cpp/turtlebot3_msgs/action/detail/dds_fastrtps/patrol__type_support.cpp.o[0m
[11.857s] [ 57%] [32m[1mLinking CXX shared library libturtlebot3_msgs__rosidl_typesupport_introspection_cpp.so[0m
[12.016s] [ 57%] Built target turtlebot3_msgs__rosidl_typesupport_introspection_cpp
[12.292s] [35m[1mScanning dependencies of target turtlebot3_msgs__rosidl_typesupport_introspection_c[0m
[12.348s] [ 59%] [32mBuilding C object CMakeFiles/turtlebot3_msgs__rosidl_typesupport_introspection_c.dir/rosidl_typesupport_introspection_c/turtlebot3_msgs/msg/detail/sensor_state__type_support.c.o[0m
[12.368s] [ 60%] [32mBuilding C object CMakeFiles/turtlebot3_msgs__rosidl_typesupport_introspection_c.dir/rosidl_typesupport_introspection_c/turtlebot3_msgs/msg/detail/version_info__type_support.c.o[0m
[12.377s] [ 61%] [32mBuilding C object CMakeFiles/turtlebot3_msgs__rosidl_typesupport_introspection_c.dir/rosidl_typesupport_introspection_c/turtlebot3_msgs/msg/detail/sound__type_support.c.o[0m
[12.437s] [ 63%] [32mBuilding C object CMakeFiles/turtlebot3_msgs__rosidl_typesupport_introspection_c.dir/rosidl_typesupport_introspection_c/turtlebot3_msgs/srv/detail/sound__type_support.c.o[0m
[12.447s] [ 64%] [32m[1mLinking CXX shared library libturtlebot3_msgs__rosidl_typesupport_fastrtps_cpp.so[0m
[12.471s] [ 67%] [32mBuilding C object CMakeFiles/turtlebot3_msgs__rosidl_typesupport_introspection_c.dir/rosidl_typesupport_introspection_c/turtlebot3_msgs/action/detail/patrol__type_support.c.o[0m
[12.472s] [ 67%] [32mBuilding C object CMakeFiles/turtlebot3_msgs__rosidl_typesupport_introspection_c.dir/rosidl_typesupport_introspection_c/turtlebot3_msgs/srv/detail/dqn__type_support.c.o[0m
[12.578s] [ 69%] [32m[1mLinking C shared library libturtlebot3_msgs__rosidl_typesupport_introspection_c.so[0m
[12.632s] [ 69%] Built target turtlebot3_msgs__rosidl_typesupport_fastrtps_cpp
[12.655s] [ 70%] [34m[1mGenerating C type support for eProsima Fast-RTPS[0m
[12.677s] [ 70%] Built target turtlebot3_msgs__rosidl_typesupport_introspection_c
[13.376s] [35m[1mScanning dependencies of target turtlebot3_msgs__rosidl_typesupport_fastrtps_c[0m
[13.407s] [ 71%] [32mBuilding CXX object CMakeFiles/turtlebot3_msgs__rosidl_typesupport_fastrtps_c.dir/rosidl_typesupport_fastrtps_c/turtlebot3_msgs/msg/detail/sensor_state__type_support_c.cpp.o[0m
[13.416s] [ 73%] [32mBuilding CXX object CMakeFiles/turtlebot3_msgs__rosidl_typesupport_fastrtps_c.dir/rosidl_typesupport_fastrtps_c/turtlebot3_msgs/msg/detail/version_info__type_support_c.cpp.o[0m
[13.419s] [ 74%] [32mBuilding CXX object CMakeFiles/turtlebot3_msgs__rosidl_typesupport_fastrtps_c.dir/rosidl_typesupport_fastrtps_c/turtlebot3_msgs/srv/detail/sound__type_support_c.cpp.o[0m
[13.422s] [ 76%] [32mBuilding CXX object CMakeFiles/turtlebot3_msgs__rosidl_typesupport_fastrtps_c.dir/rosidl_typesupport_fastrtps_c/turtlebot3_msgs/msg/detail/sound__type_support_c.cpp.o[0m
[13.715s] [ 77%] [32mBuilding CXX object CMakeFiles/turtlebot3_msgs__rosidl_typesupport_fastrtps_c.dir/rosidl_typesupport_fastrtps_c/turtlebot3_msgs/srv/detail/dqn__type_support_c.cpp.o[0m
[13.738s] [ 78%] [32mBuilding CXX object CMakeFiles/turtlebot3_msgs__rosidl_typesupport_fastrtps_c.dir/rosidl_typesupport_fastrtps_c/turtlebot3_msgs/action/detail/patrol__type_support_c.cpp.o[0m
[14.114s] [ 80%] [32m[1mLinking CXX shared library libturtlebot3_msgs__rosidl_typesupport_fastrtps_c.so[0m
[14.216s] [ 80%] Built target turtlebot3_msgs__rosidl_typesupport_fastrtps_c
[14.233s] [35m[1mScanning dependencies of target turtlebot3_msgs[0m
[14.254s] [ 80%] Built target turtlebot3_msgs
[14.272s] [35m[1mScanning dependencies of target turtlebot3_msgs__py[0m
[14.292s] [ 81%] [34m[1mGenerating Python code for ROS interfaces[0m
[15.780s] [ 81%] Built target turtlebot3_msgs__py
[15.801s] [35m[1mScanning dependencies of target turtlebot3_msgs__python[0m
[15.833s] [ 83%] [32mBuilding C object CMakeFiles/turtlebot3_msgs__python.dir/rosidl_generator_py/turtlebot3_msgs/msg/_version_info_s.c.o[0m
[15.847s] [ 84%] [32mBuilding C object CMakeFiles/turtlebot3_msgs__python.dir/rosidl_generator_py/turtlebot3_msgs/msg/_sensor_state_s.c.o[0m
[15.856s] [ 85%] [32mBuilding C object CMakeFiles/turtlebot3_msgs__python.dir/rosidl_generator_py/turtlebot3_msgs/msg/_sound_s.c.o[0m
[15.886s] [ 87%] [32mBuilding C object CMakeFiles/turtlebot3_msgs__python.dir/rosidl_generator_py/turtlebot3_msgs/srv/_sound_s.c.o[0m
[15.963s] [ 88%] [32mBuilding C object CMakeFiles/turtlebot3_msgs__python.dir/rosidl_generator_py/turtlebot3_msgs/srv/_dqn_s.c.o[0m
[15.996s] [ 90%] [32mBuilding C object CMakeFiles/turtlebot3_msgs__python.dir/rosidl_generator_py/turtlebot3_msgs/action/_patrol_s.c.o[0m
[16.133s] [ 91%] [32m[1mLinking C shared library rosidl_generator_py/turtlebot3_msgs/libturtlebot3_msgs__python.so[0m
[16.229s] [ 91%] Built target turtlebot3_msgs__python
[16.244s] [35m[1mScanning dependencies of target turtlebot3_msgs__rosidl_typesupport_fastrtps_c__pyext[0m
[16.262s] [35m[1mScanning dependencies of target turtlebot3_msgs__rosidl_typesupport_c__pyext[0m
[16.269s] [35m[1mScanning dependencies of target turtlebot3_msgs__rosidl_typesupport_introspection_c__pyext[0m
[16.292s] [ 92%] [32mBuilding C object CMakeFiles/turtlebot3_msgs__rosidl_typesupport_fastrtps_c__pyext.dir/rosidl_generator_py/turtlebot3_msgs/_turtlebot3_msgs_s.ep.rosidl_typesupport_fastrtps_c.c.o[0m
[16.304s] [ 94%] [32mBuilding C object CMakeFiles/turtlebot3_msgs__rosidl_typesupport_introspection_c__pyext.dir/rosidl_generator_py/turtlebot3_msgs/_turtlebot3_msgs_s.ep.rosidl_typesupport_introspection_c.c.o[0m
[16.313s] [ 95%] [32mBuilding C object CMakeFiles/turtlebot3_msgs__rosidl_typesupport_c__pyext.dir/rosidl_generator_py/turtlebot3_msgs/_turtlebot3_msgs_s.ep.rosidl_typesupport_c.c.o[0m
[16.447s] [ 97%] [32m[1mLinking C shared library rosidl_generator_py/turtlebot3_msgs/turtlebot3_msgs_s__rosidl_typesupport_c.cpython-38-x86_64-linux-gnu.so[0m
[16.462s] [ 98%] [32m[1mLinking CXX shared library rosidl_generator_py/turtlebot3_msgs/turtlebot3_msgs_s__rosidl_typesupport_fastrtps_c.cpython-38-x86_64-linux-gnu.so[0m
[16.504s] [100%] [32m[1mLinking C shared library rosidl_generator_py/turtlebot3_msgs/turtlebot3_msgs_s__rosidl_typesupport_introspection_c.cpython-38-x86_64-linux-gnu.so[0m
[16.516s] [100%] Built target turtlebot3_msgs__rosidl_typesupport_c__pyext
[16.556s] [100%] Built target turtlebot3_msgs__rosidl_typesupport_fastrtps_c__pyext
[16.584s] [100%] Built target turtlebot3_msgs__rosidl_typesupport_introspection_c__pyext
[16.601s] Invoked command in '/home/mbasharoush/turtlebot3_ws/build/turtlebot3_msgs' returned '0': CMAKE_PREFIX_PATH=${CMAKE_PREFIX_PATH}:/home/mbasharoush/bookros2_ws/install/ros2controlcli:/home/mbasharoush/bookros2_ws/install/launch_pal:/home/mbasharoush/bookros2_ws/install/br2_fsm_bumpgo_py:/home/mbasharoush/install/ros2controlcli:/home/mbasharoush/install/launch_pal:/home/mbasharoush/install/br2_fsm_bumpgo_py:/opt/ros/foxy /usr/bin/cmake --build /home/mbasharoush/turtlebot3_ws/build/turtlebot3_msgs -- -j4 -l4
[16.605s] Invoking command in '/home/mbasharoush/turtlebot3_ws/build/turtlebot3_msgs': CMAKE_PREFIX_PATH=${CMAKE_PREFIX_PATH}:/home/mbasharoush/bookros2_ws/install/ros2controlcli:/home/mbasharoush/bookros2_ws/install/launch_pal:/home/mbasharoush/bookros2_ws/install/br2_fsm_bumpgo_py:/home/mbasharoush/install/ros2controlcli:/home/mbasharoush/install/launch_pal:/home/mbasharoush/install/br2_fsm_bumpgo_py:/opt/ros/foxy /usr/bin/cmake --install /home/mbasharoush/turtlebot3_ws/build/turtlebot3_msgs
[16.623s] -- Install configuration: ""
[16.623s] -- Execute custom install script
[16.623s] -- Symlinking: /home/mbasharoush/turtlebot3_ws/install/turtlebot3_msgs/share/ament_index/resource_index/rosidl_interfaces/turtlebot3_msgs
[16.634s] -- Symlinking: /home/mbasharoush/turtlebot3_ws/install/turtlebot3_msgs/include/turtlebot3_msgs/action/detail/patrol__functions.h
[16.646s] -- Symlinking: /home/mbasharoush/turtlebot3_ws/install/turtlebot3_msgs/include/turtlebot3_msgs/action/detail/patrol__struct.h
[16.662s] -- Symlinking: /home/mbasharoush/turtlebot3_ws/install/turtlebot3_msgs/include/turtlebot3_msgs/action/detail/patrol__type_support.h
[16.680s] -- Symlinking: /home/mbasharoush/turtlebot3_ws/install/turtlebot3_msgs/include/turtlebot3_msgs/action/patrol.h
[16.694s] -- Symlinking: /home/mbasharoush/turtlebot3_ws/install/turtlebot3_msgs/include/turtlebot3_msgs/msg/detail/sensor_state__functions.h
[16.707s] -- Symlinking: /home/mbasharoush/turtlebot3_ws/install/turtlebot3_msgs/include/turtlebot3_msgs/msg/detail/sensor_state__struct.h
[16.722s] -- Symlinking: /home/mbasharoush/turtlebot3_ws/install/turtlebot3_msgs/include/turtlebot3_msgs/msg/detail/sensor_state__type_support.h
[16.733s] -- Symlinking: /home/mbasharoush/turtlebot3_ws/install/turtlebot3_msgs/include/turtlebot3_msgs/msg/detail/sound__functions.h
[16.746s] -- Symlinking: /home/mbasharoush/turtlebot3_ws/install/turtlebot3_msgs/include/turtlebot3_msgs/msg/detail/sound__struct.h
[16.758s] -- Symlinking: /home/mbasharoush/turtlebot3_ws/install/turtlebot3_msgs/include/turtlebot3_msgs/msg/detail/sound__type_support.h
[16.770s] -- Symlinking: /home/mbasharoush/turtlebot3_ws/install/turtlebot3_msgs/include/turtlebot3_msgs/msg/detail/version_info__functions.h
[16.782s] -- Symlinking: /home/mbasharoush/turtlebot3_ws/install/turtlebot3_msgs/include/turtlebot3_msgs/msg/detail/version_info__struct.h
[16.795s] -- Symlinking: /home/mbasharoush/turtlebot3_ws/install/turtlebot3_msgs/include/turtlebot3_msgs/msg/detail/version_info__type_support.h
[16.812s] -- Symlinking: /home/mbasharoush/turtlebot3_ws/install/turtlebot3_msgs/include/turtlebot3_msgs/msg/rosidl_generator_c__visibility_control.h
[16.826s] -- Symlinking: /home/mbasharoush/turtlebot3_ws/install/turtlebot3_msgs/include/turtlebot3_msgs/msg/sensor_state.h
[16.843s] -- Symlinking: /home/mbasharoush/turtlebot3_ws/install/turtlebot3_msgs/include/turtlebot3_msgs/msg/sound.h
[16.856s] -- Symlinking: /home/mbasharoush/turtlebot3_ws/install/turtlebot3_msgs/include/turtlebot3_msgs/msg/version_info.h
[16.870s] -- Symlinking: /home/mbasharoush/turtlebot3_ws/install/turtlebot3_msgs/include/turtlebot3_msgs/srv/detail/dqn__functions.h
[16.888s] -- Symlinking: /home/mbasharoush/turtlebot3_ws/install/turtlebot3_msgs/include/turtlebot3_msgs/srv/detail/dqn__struct.h
[16.901s] -- Symlinking: /home/mbasharoush/turtlebot3_ws/install/turtlebot3_msgs/include/turtlebot3_msgs/srv/detail/dqn__type_support.h
[16.914s] -- Symlinking: /home/mbasharoush/turtlebot3_ws/install/turtlebot3_msgs/include/turtlebot3_msgs/srv/detail/sound__functions.h
[16.927s] -- Symlinking: /home/mbasharoush/turtlebot3_ws/install/turtlebot3_msgs/include/turtlebot3_msgs/srv/detail/sound__struct.h
[16.940s] -- Symlinking: /home/mbasharoush/turtlebot3_ws/install/turtlebot3_msgs/include/turtlebot3_msgs/srv/detail/sound__type_support.h
[16.956s] -- Symlinking: /home/mbasharoush/turtlebot3_ws/install/turtlebot3_msgs/include/turtlebot3_msgs/srv/dqn.h
[16.970s] -- Symlinking: /home/mbasharoush/turtlebot3_ws/install/turtlebot3_msgs/include/turtlebot3_msgs/srv/sound.h
[16.981s] -- Symlinking: /home/mbasharoush/turtlebot3_ws/install/turtlebot3_msgs/share/turtlebot3_msgs/environment/library_path.sh
[16.994s] -- Symlinking: /home/mbasharoush/turtlebot3_ws/install/turtlebot3_msgs/share/turtlebot3_msgs/environment/library_path.dsv
[17.007s] -- Symlinking: /home/mbasharoush/turtlebot3_ws/install/turtlebot3_msgs/include/turtlebot3_msgs/action/detail/patrol__rosidl_typesupport_fastrtps_c.h
[17.020s] -- Symlinking: /home/mbasharoush/turtlebot3_ws/install/turtlebot3_msgs/include/turtlebot3_msgs/msg/detail/sensor_state__rosidl_typesupport_fastrtps_c.h
[17.034s] -- Symlinking: /home/mbasharoush/turtlebot3_ws/install/turtlebot3_msgs/include/turtlebot3_msgs/msg/detail/sound__rosidl_typesupport_fastrtps_c.h
[17.055s] -- Symlinking: /home/mbasharoush/turtlebot3_ws/install/turtlebot3_msgs/include/turtlebot3_msgs/msg/detail/version_info__rosidl_typesupport_fastrtps_c.h
[17.071s] -- Symlinking: /home/mbasharoush/turtlebot3_ws/install/turtlebot3_msgs/include/turtlebot3_msgs/msg/rosidl_typesupport_fastrtps_c__visibility_control.h
[17.084s] -- Symlinking: /home/mbasharoush/turtlebot3_ws/install/turtlebot3_msgs/include/turtlebot3_msgs/srv/detail/dqn__rosidl_typesupport_fastrtps_c.h
[17.099s] -- Symlinking: /home/mbasharoush/turtlebot3_ws/install/turtlebot3_msgs/include/turtlebot3_msgs/srv/detail/sound__rosidl_typesupport_fastrtps_c.h
[17.113s] -- Symlinking: /home/mbasharoush/turtlebot3_ws/install/turtlebot3_msgs/lib/libturtlebot3_msgs__rosidl_typesupport_fastrtps_c.so
[17.128s] -- Symlinking: /home/mbasharoush/turtlebot3_ws/install/turtlebot3_msgs/include/turtlebot3_msgs/action/detail/patrol__rosidl_typesupport_fastrtps_cpp.hpp
[17.142s] -- Symlinking: /home/mbasharoush/turtlebot3_ws/install/turtlebot3_msgs/include/turtlebot3_msgs/msg/detail/sensor_state__rosidl_typesupport_fastrtps_cpp.hpp
[17.157s] -- Symlinking: /home/mbasharoush/turtlebot3_ws/install/turtlebot3_msgs/include/turtlebot3_msgs/msg/detail/sound__rosidl_typesupport_fastrtps_cpp.hpp
[17.211s] -- Symlinking: /home/mbasharoush/turtlebot3_ws/install/turtlebot3_msgs/include/turtlebot3_msgs/msg/detail/version_info__rosidl_typesupport_fastrtps_cpp.hpp
[17.232s] -- Symlinking: /home/mbasharoush/turtlebot3_ws/install/turtlebot3_msgs/include/turtlebot3_msgs/msg/rosidl_typesupport_fastrtps_cpp__visibility_control.h
[17.283s] -- Symlinking: /home/mbasharoush/turtlebot3_ws/install/turtlebot3_msgs/include/turtlebot3_msgs/srv/detail/dqn__rosidl_typesupport_fastrtps_cpp.hpp
[17.309s] -- Symlinking: /home/mbasharoush/turtlebot3_ws/install/turtlebot3_msgs/include/turtlebot3_msgs/srv/detail/sound__rosidl_typesupport_fastrtps_cpp.hpp
[17.370s] -- Symlinking: /home/mbasharoush/turtlebot3_ws/install/turtlebot3_msgs/lib/libturtlebot3_msgs__rosidl_typesupport_fastrtps_cpp.so
[17.390s] -- Symlinking: /home/mbasharoush/turtlebot3_ws/install/turtlebot3_msgs/include/turtlebot3_msgs/action/detail/patrol__rosidl_typesupport_introspection_c.h
[17.442s] -- Symlinking: /home/mbasharoush/turtlebot3_ws/install/turtlebot3_msgs/include/turtlebot3_msgs/msg/detail/sensor_state__rosidl_typesupport_introspection_c.h
[17.484s] -- Symlinking: /home/mbasharoush/turtlebot3_ws/install/turtlebot3_msgs/include/turtlebot3_msgs/msg/detail/sound__rosidl_typesupport_introspection_c.h
[17.521s] -- Symlinking: /home/mbasharoush/turtlebot3_ws/install/turtlebot3_msgs/include/turtlebot3_msgs/msg/detail/version_info__rosidl_typesupport_introspection_c.h
[17.555s] -- Symlinking: /home/mbasharoush/turtlebot3_ws/install/turtlebot3_msgs/include/turtlebot3_msgs/msg/rosidl_typesupport_introspection_c__visibility_control.h
[17.592s] -- Symlinking: /home/mbasharoush/turtlebot3_ws/install/turtlebot3_msgs/include/turtlebot3_msgs/srv/detail/dqn__rosidl_typesupport_introspection_c.h
[17.618s] -- Symlinking: /home/mbasharoush/turtlebot3_ws/install/turtlebot3_msgs/include/turtlebot3_msgs/srv/detail/sound__rosidl_typesupport_introspection_c.h
[17.642s] -- Symlinking: /home/mbasharoush/turtlebot3_ws/install/turtlebot3_msgs/include/turtlebot3_msgs/action/detail/patrol__builder.hpp
[17.655s] -- Symlinking: /home/mbasharoush/turtlebot3_ws/install/turtlebot3_msgs/include/turtlebot3_msgs/action/detail/patrol__struct.hpp
[17.681s] -- Symlinking: /home/mbasharoush/turtlebot3_ws/install/turtlebot3_msgs/include/turtlebot3_msgs/action/detail/patrol__traits.hpp
[17.716s] -- Symlinking: /home/mbasharoush/turtlebot3_ws/install/turtlebot3_msgs/include/turtlebot3_msgs/action/detail/patrol__type_support.hpp
[17.737s] -- Symlinking: /home/mbasharoush/turtlebot3_ws/install/turtlebot3_msgs/include/turtlebot3_msgs/action/patrol.hpp
[17.754s] -- Symlinking: /home/mbasharoush/turtlebot3_ws/install/turtlebot3_msgs/include/turtlebot3_msgs/msg/detail/sensor_state__builder.hpp
[17.798s] -- Symlinking: /home/mbasharoush/turtlebot3_ws/install/turtlebot3_msgs/include/turtlebot3_msgs/msg/detail/sensor_state__struct.hpp
[17.851s] -- Symlinking: /home/mbasharoush/turtlebot3_ws/install/turtlebot3_msgs/include/turtlebot3_msgs/msg/detail/sensor_state__traits.hpp
[17.894s] -- Symlinking: /home/mbasharoush/turtlebot3_ws/install/turtlebot3_msgs/include/turtlebot3_msgs/msg/detail/sensor_state__type_support.hpp
[17.930s] -- Symlinking: /home/mbasharoush/turtlebot3_ws/install/turtlebot3_msgs/include/turtlebot3_msgs/msg/detail/sound__builder.hpp
[17.950s] -- Symlinking: /home/mbasharoush/turtlebot3_ws/install/turtlebot3_msgs/include/turtlebot3_msgs/msg/detail/sound__struct.hpp
[17.973s] -- Symlinking: /home/mbasharoush/turtlebot3_ws/install/turtlebot3_msgs/include/turtlebot3_msgs/msg/detail/sound__traits.hpp
[17.997s] -- Symlinking: /home/mbasharoush/turtlebot3_ws/install/turtlebot3_msgs/include/turtlebot3_msgs/msg/detail/sound__type_support.hpp
[18.016s] -- Symlinking: /home/mbasharoush/turtlebot3_ws/install/turtlebot3_msgs/include/turtlebot3_msgs/msg/detail/version_info__builder.hpp
[18.036s] -- Symlinking: /home/mbasharoush/turtlebot3_ws/install/turtlebot3_msgs/include/turtlebot3_msgs/msg/detail/version_info__struct.hpp
[18.065s] -- Symlinking: /home/mbasharoush/turtlebot3_ws/install/turtlebot3_msgs/include/turtlebot3_msgs/msg/detail/version_info__traits.hpp
[18.090s] -- Symlinking: /home/mbasharoush/turtlebot3_ws/install/turtlebot3_msgs/include/turtlebot3_msgs/msg/detail/version_info__type_support.hpp
[18.102s] -- Symlinking: /home/mbasharoush/turtlebot3_ws/install/turtlebot3_msgs/include/turtlebot3_msgs/msg/rosidl_generator_cpp__visibility_control.hpp
[18.118s] -- Symlinking: /home/mbasharoush/turtlebot3_ws/install/turtlebot3_msgs/include/turtlebot3_msgs/msg/sensor_state.hpp
[18.136s] -- Symlinking: /home/mbasharoush/turtlebot3_ws/install/turtlebot3_msgs/include/turtlebot3_msgs/msg/sound.hpp
[18.152s] -- Symlinking: /home/mbasharoush/turtlebot3_ws/install/turtlebot3_msgs/include/turtlebot3_msgs/msg/version_info.hpp
[18.168s] -- Symlinking: /home/mbasharoush/turtlebot3_ws/install/turtlebot3_msgs/include/turtlebot3_msgs/srv/detail/dqn__builder.hpp
[18.184s] -- Symlinking: /home/mbasharoush/turtlebot3_ws/install/turtlebot3_msgs/include/turtlebot3_msgs/srv/detail/dqn__struct.hpp
[18.203s] -- Symlinking: /home/mbasharoush/turtlebot3_ws/install/turtlebot3_msgs/include/turtlebot3_msgs/srv/detail/dqn__traits.hpp
[18.221s] -- Symlinking: /home/mbasharoush/turtlebot3_ws/install/turtlebot3_msgs/include/turtlebot3_msgs/srv/detail/dqn__type_support.hpp
[18.235s] -- Symlinking: /home/mbasharoush/turtlebot3_ws/install/turtlebot3_msgs/include/turtlebot3_msgs/srv/detail/sound__builder.hpp
[18.249s] -- Symlinking: /home/mbasharoush/turtlebot3_ws/install/turtlebot3_msgs/include/turtlebot3_msgs/srv/detail/sound__struct.hpp
[18.331s] -- Symlinking: /home/mbasharoush/turtlebot3_ws/install/turtlebot3_msgs/include/turtlebot3_msgs/srv/detail/sound__traits.hpp
[18.441s] -- Symlinking: /home/mbasharoush/turtlebot3_ws/install/turtlebot3_msgs/include/turtlebot3_msgs/srv/detail/sound__type_support.hpp
[18.495s] -- Symlinking: /home/mbasharoush/turtlebot3_ws/install/turtlebot3_msgs/include/turtlebot3_msgs/srv/dqn.hpp
[18.520s] -- Symlinking: /home/mbasharoush/turtlebot3_ws/install/turtlebot3_msgs/include/turtlebot3_msgs/srv/sound.hpp
[18.543s] -- Symlinking: /home/mbasharoush/turtlebot3_ws/install/turtlebot3_msgs/include/turtlebot3_msgs/action/detail/patrol__rosidl_typesupport_introspection_cpp.hpp
[18.563s] -- Symlinking: /home/mbasharoush/turtlebot3_ws/install/turtlebot3_msgs/include/turtlebot3_msgs/msg/detail/sensor_state__rosidl_typesupport_introspection_cpp.hpp
[18.591s] -- Symlinking: /home/mbasharoush/turtlebot3_ws/install/turtlebot3_msgs/include/turtlebot3_msgs/msg/detail/sound__rosidl_typesupport_introspection_cpp.hpp
[18.611s] -- Symlinking: /home/mbasharoush/turtlebot3_ws/install/turtlebot3_msgs/include/turtlebot3_msgs/msg/detail/version_info__rosidl_typesupport_introspection_cpp.hpp
[18.628s] -- Symlinking: /home/mbasharoush/turtlebot3_ws/install/turtlebot3_msgs/include/turtlebot3_msgs/srv/detail/dqn__rosidl_typesupport_introspection_cpp.hpp
[18.654s] -- Symlinking: /home/mbasharoush/turtlebot3_ws/install/turtlebot3_msgs/include/turtlebot3_msgs/srv/detail/sound__rosidl_typesupport_introspection_cpp.hpp
[18.691s] -- Symlinking: /home/mbasharoush/turtlebot3_ws/install/turtlebot3_msgs/share/turtlebot3_msgs/environment/pythonpath.sh
[18.767s] -- Symlinking: /home/mbasharoush/turtlebot3_ws/install/turtlebot3_msgs/share/turtlebot3_msgs/environment/pythonpath.dsv
[18.830s] -- Symlinking: /home/mbasharoush/turtlebot3_ws/install/turtlebot3_msgs/lib/python3.8/site-packages/turtlebot3_msgs/__init__.py
[19.045s] -- Symlinking: /home/mbasharoush/turtlebot3_ws/install/turtlebot3_msgs/lib/python3.8/site-packages/turtlebot3_msgs/msg/__init__.py
[19.738s] -- Symlinking: /home/mbasharoush/turtlebot3_ws/install/turtlebot3_msgs/lib/python3.8/site-packages/turtlebot3_msgs/msg/_sensor_state.py
[19.820s] -- Symlinking: /home/mbasharoush/turtlebot3_ws/install/turtlebot3_msgs/lib/python3.8/site-packages/turtlebot3_msgs/msg/_sound.py
[20.083s] -- Symlinking: /home/mbasharoush/turtlebot3_ws/install/turtlebot3_msgs/lib/python3.8/site-packages/turtlebot3_msgs/msg/_version_info.py
[20.225s] -- Symlinking: /home/mbasharoush/turtlebot3_ws/install/turtlebot3_msgs/lib/python3.8/site-packages/turtlebot3_msgs/srv/__init__.py
[20.294s] -- Symlinking: /home/mbasharoush/turtlebot3_ws/install/turtlebot3_msgs/lib/python3.8/site-packages/turtlebot3_msgs/srv/_dqn.py
[20.352s] -- Symlinking: /home/mbasharoush/turtlebot3_ws/install/turtlebot3_msgs/lib/python3.8/site-packages/turtlebot3_msgs/srv/_sound.py
[20.416s] -- Symlinking: /home/mbasharoush/turtlebot3_ws/install/turtlebot3_msgs/lib/python3.8/site-packages/turtlebot3_msgs/action/__init__.py
[20.457s] -- Symlinking: /home/mbasharoush/turtlebot3_ws/install/turtlebot3_msgs/lib/python3.8/site-packages/turtlebot3_msgs/action/_patrol.py
[20.515s] -- Symlinking: /home/mbasharoush/turtlebot3_ws/install/turtlebot3_msgs/lib/python3.8/site-packages/turtlebot3_msgs/turtlebot3_msgs_s__rosidl_typesupport_fastrtps_c.cpython-38-x86_64-linux-gnu.so
[20.576s] -- Symlinking: /home/mbasharoush/turtlebot3_ws/install/turtlebot3_msgs/lib/python3.8/site-packages/turtlebot3_msgs/turtlebot3_msgs_s__rosidl_typesupport_introspection_c.cpython-38-x86_64-linux-gnu.so
[20.598s] -- Symlinking: /home/mbasharoush/turtlebot3_ws/install/turtlebot3_msgs/lib/python3.8/site-packages/turtlebot3_msgs/turtlebot3_msgs_s__rosidl_typesupport_c.cpython-38-x86_64-linux-gnu.so
[20.628s] -- Symlinking: /home/mbasharoush/turtlebot3_ws/install/turtlebot3_msgs/lib/libturtlebot3_msgs__python.so
[20.827s] -- Symlinking: /home/mbasharoush/turtlebot3_ws/install/turtlebot3_msgs/share/turtlebot3_msgs/msg/SensorState.idl
[21.339s] -- Symlinking: /home/mbasharoush/turtlebot3_ws/install/turtlebot3_msgs/share/turtlebot3_msgs/msg/Sound.idl
[21.387s] -- Symlinking: /home/mbasharoush/turtlebot3_ws/install/turtlebot3_msgs/share/turtlebot3_msgs/msg/VersionInfo.idl
[21.424s] -- Symlinking: /home/mbasharoush/turtlebot3_ws/install/turtlebot3_msgs/share/turtlebot3_msgs/srv/Sound.idl
[21.826s] -- Symlinking: /home/mbasharoush/turtlebot3_ws/install/turtlebot3_msgs/share/turtlebot3_msgs/srv/Dqn.idl
[22.854s] -- Symlinking: /home/mbasharoush/turtlebot3_ws/install/turtlebot3_msgs/share/turtlebot3_msgs/action/Patrol.idl
[23.123s] -- Symlinking: /home/mbasharoush/turtlebot3_ws/install/turtlebot3_msgs/share/turtlebot3_msgs/msg/SensorState.msg
[23.187s] -- Symlinking: /home/mbasharoush/turtlebot3_ws/install/turtlebot3_msgs/share/turtlebot3_msgs/msg/Sound.msg
[23.751s] -- Symlinking: /home/mbasharoush/turtlebot3_ws/install/turtlebot3_msgs/share/turtlebot3_msgs/msg/VersionInfo.msg
[23.812s] -- Symlinking: /home/mbasharoush/turtlebot3_ws/install/turtlebot3_msgs/share/turtlebot3_msgs/srv/Sound.srv
[23.872s] -- Symlinking: /home/mbasharoush/turtlebot3_ws/install/turtlebot3_msgs/share/turtlebot3_msgs/srv/Sound_Request.msg
[25.103s] -- Symlinking: /home/mbasharoush/turtlebot3_ws/install/turtlebot3_msgs/share/turtlebot3_msgs/srv/Sound_Response.msg
[25.156s] -- Symlinking: /home/mbasharoush/turtlebot3_ws/install/turtlebot3_msgs/share/turtlebot3_msgs/srv/Dqn.srv
[25.207s] -- Symlinking: /home/mbasharoush/turtlebot3_ws/install/turtlebot3_msgs/share/turtlebot3_msgs/srv/Dqn_Request.msg
[25.231s] -- Symlinking: /home/mbasharoush/turtlebot3_ws/install/turtlebot3_msgs/share/turtlebot3_msgs/srv/Dqn_Response.msg
[25.488s] -- Symlinking: /home/mbasharoush/turtlebot3_ws/install/turtlebot3_msgs/share/turtlebot3_msgs/action/Patrol.action
[25.513s] -- Symlinking: /home/mbasharoush/turtlebot3_ws/install/turtlebot3_msgs/share/ament_index/resource_index/package_run_dependencies/turtlebot3_msgs
[25.533s] -- Symlinking: /home/mbasharoush/turtlebot3_ws/install/turtlebot3_msgs/share/ament_index/resource_index/parent_prefix_path/turtlebot3_msgs
[25.820s] -- Symlinking: /home/mbasharoush/turtlebot3_ws/install/turtlebot3_msgs/share/turtlebot3_msgs/environment/ament_prefix_path.sh
[26.951s] -- Symlinking: /home/mbasharoush/turtlebot3_ws/install/turtlebot3_msgs/share/turtlebot3_msgs/environment/ament_prefix_path.dsv
[26.998s] -- Symlinking: /home/mbasharoush/turtlebot3_ws/install/turtlebot3_msgs/share/turtlebot3_msgs/environment/path.sh
[27.763s] -- Symlinking: /home/mbasharoush/turtlebot3_ws/install/turtlebot3_msgs/share/turtlebot3_msgs/environment/path.dsv
[27.843s] -- Symlinking: /home/mbasharoush/turtlebot3_ws/install/turtlebot3_msgs/share/turtlebot3_msgs/local_setup.bash
[28.291s] -- Symlinking: /home/mbasharoush/turtlebot3_ws/install/turtlebot3_msgs/share/turtlebot3_msgs/local_setup.sh
[28.335s] -- Symlinking: /home/mbasharoush/turtlebot3_ws/install/turtlebot3_msgs/share/turtlebot3_msgs/local_setup.zsh
[28.503s] -- Symlinking: /home/mbasharoush/turtlebot3_ws/install/turtlebot3_msgs/share/turtlebot3_msgs/local_setup.dsv
[28.518s] -- Symlinking: /home/mbasharoush/turtlebot3_ws/install/turtlebot3_msgs/share/turtlebot3_msgs/package.dsv
[28.566s] -- Symlinking: /home/mbasharoush/turtlebot3_ws/install/turtlebot3_msgs/share/ament_index/resource_index/packages/turtlebot3_msgs
[28.605s] -- Symlinking: /home/mbasharoush/turtlebot3_ws/install/turtlebot3_msgs/share/turtlebot3_msgs/cmake/rosidl_cmake-extras.cmake
[28.631s] -- Symlinking: /home/mbasharoush/turtlebot3_ws/install/turtlebot3_msgs/share/turtlebot3_msgs/cmake/ament_cmake_export_dependencies-extras.cmake
[28.658s] -- Symlinking: /home/mbasharoush/turtlebot3_ws/install/turtlebot3_msgs/share/turtlebot3_msgs/cmake/ament_cmake_export_libraries-extras.cmake
[28.690s] -- Symlinking: /home/mbasharoush/turtlebot3_ws/install/turtlebot3_msgs/share/turtlebot3_msgs/cmake/ament_cmake_export_targets-extras.cmake
[28.718s] -- Symlinking: /home/mbasharoush/turtlebot3_ws/install/turtlebot3_msgs/share/turtlebot3_msgs/cmake/ament_cmake_export_include_directories-extras.cmake
[28.746s] -- Symlinking: /home/mbasharoush/turtlebot3_ws/install/turtlebot3_msgs/share/turtlebot3_msgs/cmake/rosidl_cmake_export_typesupport_libraries-extras.cmake
[28.773s] -- Symlinking: /home/mbasharoush/turtlebot3_ws/install/turtlebot3_msgs/share/turtlebot3_msgs/cmake/rosidl_cmake_export_typesupport_targets-extras.cmake
[28.812s] -- Symlinking: /home/mbasharoush/turtlebot3_ws/install/turtlebot3_msgs/share/turtlebot3_msgs/cmake/turtlebot3_msgsConfig.cmake
[28.847s] -- Symlinking: /home/mbasharoush/turtlebot3_ws/install/turtlebot3_msgs/share/turtlebot3_msgs/cmake/turtlebot3_msgsConfig-version.cmake
[28.877s] -- Symlinking: /home/mbasharoush/turtlebot3_ws/install/turtlebot3_msgs/share/turtlebot3_msgs/package.xml
[28.926s] -- Installing: /home/mbasharoush/turtlebot3_ws/install/turtlebot3_msgs/lib/libturtlebot3_msgs__rosidl_generator_c.so
[28.926s] -- Set runtime path of "/home/mbasharoush/turtlebot3_ws/install/turtlebot3_msgs/lib/libturtlebot3_msgs__rosidl_generator_c.so" to ""
[28.928s] -- Installing: /home/mbasharoush/turtlebot3_ws/install/turtlebot3_msgs/lib/libturtlebot3_msgs__rosidl_typesupport_introspection_c.so
[28.929s] -- Set runtime path of "/home/mbasharoush/turtlebot3_ws/install/turtlebot3_msgs/lib/libturtlebot3_msgs__rosidl_typesupport_introspection_c.so" to ""
[28.929s] -- Installing: /home/mbasharoush/turtlebot3_ws/install/turtlebot3_msgs/lib/libturtlebot3_msgs__rosidl_typesupport_c.so
[28.930s] -- Set runtime path of "/home/mbasharoush/turtlebot3_ws/install/turtlebot3_msgs/lib/libturtlebot3_msgs__rosidl_typesupport_c.so" to ""
[28.930s] -- Installing: /home/mbasharoush/turtlebot3_ws/install/turtlebot3_msgs/lib/libturtlebot3_msgs__rosidl_typesupport_introspection_cpp.so
[28.930s] -- Set runtime path of "/home/mbasharoush/turtlebot3_ws/install/turtlebot3_msgs/lib/libturtlebot3_msgs__rosidl_typesupport_introspection_cpp.so" to ""
[28.930s] -- Installing: /home/mbasharoush/turtlebot3_ws/install/turtlebot3_msgs/lib/libturtlebot3_msgs__rosidl_typesupport_cpp.so
[28.931s] -- Set runtime path of "/home/mbasharoush/turtlebot3_ws/install/turtlebot3_msgs/lib/libturtlebot3_msgs__rosidl_typesupport_cpp.so" to ""
[29.022s] Compiling '/home/mbasharoush/turtlebot3_ws/install/turtlebot3_msgs/lib/python3.8/site-packages/turtlebot3_msgs/__init__.py'...
[29.238s] -- Installing: /home/mbasharoush/turtlebot3_ws/install/turtlebot3_msgs/share/turtlebot3_msgs/cmake/turtlebot3_msgs__rosidl_generator_cExport.cmake
[29.238s] -- Installing: /home/mbasharoush/turtlebot3_ws/install/turtlebot3_msgs/share/turtlebot3_msgs/cmake/turtlebot3_msgs__rosidl_generator_cExport-noconfig.cmake
[29.238s] -- Installing: /home/mbasharoush/turtlebot3_ws/install/turtlebot3_msgs/share/turtlebot3_msgs/cmake/turtlebot3_msgs__rosidl_typesupport_introspection_cExport.cmake
[29.238s] -- Installing: /home/mbasharoush/turtlebot3_ws/install/turtlebot3_msgs/share/turtlebot3_msgs/cmake/turtlebot3_msgs__rosidl_typesupport_introspection_cExport-noconfig.cmake
[29.239s] -- Installing: /home/mbasharoush/turtlebot3_ws/install/turtlebot3_msgs/share/turtlebot3_msgs/cmake/turtlebot3_msgs__rosidl_typesupport_cExport.cmake
[29.239s] -- Installing: /home/mbasharoush/turtlebot3_ws/install/turtlebot3_msgs/share/turtlebot3_msgs/cmake/turtlebot3_msgs__rosidl_typesupport_cExport-noconfig.cmake
[29.239s] -- Installing: /home/mbasharoush/turtlebot3_ws/install/turtlebot3_msgs/share/turtlebot3_msgs/cmake/turtlebot3_msgs__rosidl_generator_cppExport.cmake
[29.239s] -- Installing: /home/mbasharoush/turtlebot3_ws/install/turtlebot3_msgs/share/turtlebot3_msgs/cmake/turtlebot3_msgs__rosidl_typesupport_introspection_cppExport.cmake
[29.239s] -- Installing: /home/mbasharoush/turtlebot3_ws/install/turtlebot3_msgs/share/turtlebot3_msgs/cmake/turtlebot3_msgs__rosidl_typesupport_introspection_cppExport-noconfig.cmake
[29.239s] -- Installing: /home/mbasharoush/turtlebot3_ws/install/turtlebot3_msgs/share/turtlebot3_msgs/cmake/turtlebot3_msgs__rosidl_typesupport_cppExport.cmake
[29.240s] -- Installing: /home/mbasharoush/turtlebot3_ws/install/turtlebot3_msgs/share/turtlebot3_msgs/cmake/turtlebot3_msgs__rosidl_typesupport_cppExport-noconfig.cmake
[29.245s] Invoked command in '/home/mbasharoush/turtlebot3_ws/build/turtlebot3_msgs' returned '0': CMAKE_PREFIX_PATH=${CMAKE_PREFIX_PATH}:/home/mbasharoush/bookros2_ws/install/ros2controlcli:/home/mbasharoush/bookros2_ws/install/launch_pal:/home/mbasharoush/bookros2_ws/install/br2_fsm_bumpgo_py:/home/mbasharoush/install/ros2controlcli:/home/mbasharoush/install/launch_pal:/home/mbasharoush/install/br2_fsm_bumpgo_py:/opt/ros/foxy /usr/bin/cmake --install /home/mbasharoush/turtlebot3_ws/build/turtlebot3_msgs
