[0.256s] Invoking command in '/home/mbasharoush/turtlebot3_ws/build/bump_go_cpp': CMAKE_PREFIX_PATH=${CMAKE_PREFIX_PATH}:/home/mbasharoush/turtlebot3_ws/install/turtlebot3_teleop:/home/mbasharoush/turtlebot3_ws/install/turtlebot3_example:/home/mbasharoush/bookros2_ws/install/ros2controlcli:/home/mbasharoush/bookros2_ws/install/launch_pal:/home/mbasharoush/bookros2_ws/install/br2_fsm_bumpgo_py:/home/mbasharoush/install/ros2controlcli:/home/mbasharoush/install/launch_pal:/home/mbasharoush/install/br2_fsm_bumpgo_py:/opt/ros/foxy /usr/bin/cmake /home/mbasharoush/turtlebot3_ws/src/bump_go_cpp -DAMENT_CMAKE_SYMLINK_INSTALL=1 -DCMAKE_INSTALL_PREFIX=/home/mbasharoush/turtlebot3_ws/install/bump_go_cpp
[0.509s] -- The C compiler identification is GNU 9.4.0
[0.722s] -- The CXX compiler identification is GNU 9.4.0
[0.758s] -- Check for working C compiler: /usr/bin/cc
[1.006s] -- Check for working C compiler: /usr/bin/cc -- works
[1.007s] -- Detecting C compiler ABI info
[1.385s] -- Detecting C compiler ABI info - done
[1.406s] -- Detecting C compile features
[1.406s] -- Detecting C compile features - done
[1.419s] -- Check for working CXX compiler: /usr/bin/c++
[1.686s] -- Check for working CXX compiler: /usr/bin/c++ -- works
[1.687s] -- Detecting CXX compiler ABI info
[1.938s] -- Detecting CXX compiler ABI info - done
[1.966s] -- Detecting CXX compile features
[1.968s] -- Detecting CXX compile features - done
[2.001s] -- Found ament_cmake: 0.9.12 (/opt/ros/foxy/share/ament_cmake/cmake)
[2.130s] -- Found PythonInterp: /usr/bin/python3 (found suitable version "3.8.10", minimum required is "3") 
[2.130s] -- Using PYTHON_EXECUTABLE: /usr/bin/python3
[2.593s] -- Override CMake install command with custom implementation using symlinks instead of copying resources
[2.935s] -- Found rclcpp: 2.4.3 (/opt/ros/foxy/share/rclcpp/cmake)
[3.224s] -- Using all available rosidl_typesupport_c: rosidl_typesupport_fastrtps_c;rosidl_typesupport_introspection_c
[3.288s] -- Found rosidl_adapter: 1.3.1 (/opt/ros/foxy/share/rosidl_adapter/cmake)
[3.606s] -- Found OpenSSL: /usr/lib/x86_64-linux-gnu/libcrypto.so (found version "1.1.1f")  
[3.678s] -- Found FastRTPS: /opt/ros/foxy/include  
[3.918s] -- Using all available rosidl_typesupport_cpp: rosidl_typesupport_fastrtps_cpp;rosidl_typesupport_introspection_cpp
[4.114s] -- Found rmw_implementation_cmake: 1.0.4 (/opt/ros/foxy/share/rmw_implementation_cmake/cmake)
[4.130s] -- Using RMW implementation 'rmw_fastrtps_cpp' as default
[4.138s] -- Looking for pthread.h
[4.420s] -- Looking for pthread.h - found
[4.420s] -- Performing Test CMAKE_HAVE_LIBC_PTHREAD
[4.656s] -- Performing Test CMAKE_HAVE_LIBC_PTHREAD - Failed
[4.656s] -- Looking for pthread_create in pthreads
[4.827s] -- Looking for pthread_create in pthreads - not found
[4.827s] -- Looking for pthread_create in pthread
[5.008s] -- Looking for pthread_create in pthread - found
[5.010s] -- Found Threads: TRUE  
[5.305s] -- Found sensor_msgs: 2.0.5 (/opt/ros/foxy/share/sensor_msgs/cmake)
[5.500s] -- Found ament_lint_auto: 0.9.8 (/opt/ros/foxy/share/ament_lint_auto/cmake)
[5.785s] -- Added test 'copyright' to check source files copyright and LICENSE
[5.793s] -- Added test 'cppcheck' to perform static code analysis on C / C++ code
[5.793s] -- Configured cppcheck include dirs: 
[5.793s] -- Configured cppcheck exclude dirs and/or files: 
[5.803s] -- Added test 'cpplint' to check C / C++ code against the Google style
[5.803s] -- Configured cpplint exclude dirs and/or files: 
[5.810s] -- Added test 'flake8' to check Python code syntax and style conventions
[5.810s] -- Added test 'lint_cmake' to check CMake code style
[5.817s] -- Added test 'pep257' to check Python code against some of the style conventions in PEP 257
[5.818s] -- Added test 'uncrustify' to check C / C++ code style
[5.818s] -- Configured uncrustify additional arguments: 
[5.819s] -- Added test 'xmllint' to check XML markup files
[5.839s] -- Configuring done
[5.862s] -- Generating done
[5.863s] -- Build files have been written to: /home/mbasharoush/turtlebot3_ws/build/bump_go_cpp
[5.883s] Invoked command in '/home/mbasharoush/turtlebot3_ws/build/bump_go_cpp' returned '0': CMAKE_PREFIX_PATH=${CMAKE_PREFIX_PATH}:/home/mbasharoush/turtlebot3_ws/install/turtlebot3_teleop:/home/mbasharoush/turtlebot3_ws/install/turtlebot3_example:/home/mbasharoush/bookros2_ws/install/ros2controlcli:/home/mbasharoush/bookros2_ws/install/launch_pal:/home/mbasharoush/bookros2_ws/install/br2_fsm_bumpgo_py:/home/mbasharoush/install/ros2controlcli:/home/mbasharoush/install/launch_pal:/home/mbasharoush/install/br2_fsm_bumpgo_py:/opt/ros/foxy /usr/bin/cmake /home/mbasharoush/turtlebot3_ws/src/bump_go_cpp -DAMENT_CMAKE_SYMLINK_INSTALL=1 -DCMAKE_INSTALL_PREFIX=/home/mbasharoush/turtlebot3_ws/install/bump_go_cpp
[5.888s] Invoking command in '/home/mbasharoush/turtlebot3_ws/build/bump_go_cpp': CMAKE_PREFIX_PATH=${CMAKE_PREFIX_PATH}:/home/mbasharoush/turtlebot3_ws/install/turtlebot3_teleop:/home/mbasharoush/turtlebot3_ws/install/turtlebot3_example:/home/mbasharoush/bookros2_ws/install/ros2controlcli:/home/mbasharoush/bookros2_ws/install/launch_pal:/home/mbasharoush/bookros2_ws/install/br2_fsm_bumpgo_py:/home/mbasharoush/install/ros2controlcli:/home/mbasharoush/install/launch_pal:/home/mbasharoush/install/br2_fsm_bumpgo_py:/opt/ros/foxy /usr/bin/cmake --build /home/mbasharoush/turtlebot3_ws/build/bump_go_cpp -- -j4 -l4
[6.028s] [35m[1mScanning dependencies of target bump_go_node[0m
[6.330s] [ 50%] [32mBuilding CXX object CMakeFiles/bump_go_node.dir/src/bump_go_node.cpp.o[0m
[8.113s] [01m[K/home/mbasharoush/turtlebot3_ws/src/bump_go_cpp/src/bump_go_node.cpp:[m[K In member function ‘[01m[Kvoid BumpGoNode::controlLoop()[m[K’:
[8.113s] [01m[K/home/mbasharoush/turtlebot3_ws/src/bump_go_cpp/src/bump_go_node.cpp:39:24:[m[K [01;35m[Kwarning: [m[Kstructured bindings only available with ‘[01m[K-std=c++17[m[K’ or ‘[01m[K-std=gnu++17[m[K’
[8.113s]    39 |             const auto [01;35m[K[[m[Kleft, right, front_obstacle] = analyzeScan(latest_scan_);
[8.114s]       |                        [01;35m[K^[m[K
[8.125s] [01m[K/home/mbasharoush/turtlebot3_ws/src/bump_go_cpp/src/bump_go_node.cpp:[m[K In member function ‘[01m[Kstd::tuple<float, float, bool> BumpGoNode::analyzeScan(const LaserScan&)[m[K’:
[8.125s] [01m[K/home/mbasharoush/turtlebot3_ws/src/bump_go_cpp/src/bump_go_node.cpp:59:21:[m[K [01;35m[Kwarning: [m[Kunused variable ‘[01m[Kangle_max[m[K’ [[01;35m[K-Wunused-variable[m[K]
[8.126s]    59 |         const float [01;35m[Kangle_max[m[K = scan.angle_max;
[8.126s]       |                     [01;35m[K^~~~~~~~~[m[K
[13.829s] [100%] [32m[1mLinking CXX executable bump_go_node[0m
[14.453s] [100%] Built target bump_go_node
